Project Information                   c:\program files\max2work\19_1_video.rpt

MAX+plus II Compiler Report File
Version 9.01 07/30/98
Compiled: 01/30/21 18:30:03

Copyright (C) 1988-1998 Altera Corporation
Any megafunction design, and related net list (encrypted or decrypted),
support information, device programming or simulation file, and any other
associated documentation or information provided by Altera or a partner
under Altera's Megafunction Partnership Program may be used only to
program PLD devices (but not masked PLD devices) from Altera.  Any other
use of such megafunction design, net list, support information, device
programming or simulation file, or any other related documentation or
information is prohibited for any other purpose, including, but not
limited to modification, reverse engineering, de-compiling, or use with
any other silicon devices, unless such use is explicitly licensed under
a separate agreement with Altera or a megafunction partner.  Title to
the intellectual property, including patents, copyrights, trademarks,
trade secrets, or maskworks, embodied in any such megafunction design,
net list, support information, device programming or simulation file, or
any other related documentation or information provided by Altera or a
megafunction partner, remains with Altera, the megafunction partner, or
their respective licensors.  No other licenses, including any licenses
needed under any third party's intellectual property, are provided herein.



***** Project compilation was successful




** DEVICE SUMMARY **

Chip/                     Input Output Bidir  Memory  Memory  			 LCs
POF       Device          Pins  Pins   Pins   Bits % Utilized  LCs  % Utilized

19_1_video
      EPF10K10LC84-3       18     11     0    0         0  %    85       14 %

User Pins:                 18     11     0  



Project Information                   c:\program files\max2work\19_1_video.rpt

** FILE HIERARCHY **



|lpm_dff:7|
|lpm_dff:8|
|lpm_dff:13|
|lpm_dff:11|
|lpm_dff:12|
|lpm_dff:10|
|lpm_dff:9|
|lpm_dff:14|
|busmux:5|
|busmux:5|lpm_mux:52|
|busmux:5|lpm_mux:52|altshift:external_latency_ffs|
|busmux:5|lpm_mux:52|muxlut:75|
|busmux:5|lpm_mux:52|muxlut:88|
|busmux:5|lpm_mux:52|muxlut:101|
|busmux:5|lpm_mux:52|muxlut:114|
|busmux:5|lpm_mux:52|muxlut:127|
|busmux:5|lpm_mux:52|muxlut:140|
|busmux:5|lpm_mux:52|muxlut:153|
|busmux:5|lpm_mux:52|muxlut:166|
|lpm_compare:17|
|lpm_compare:17|comptree:comparator|
|lpm_compare:17|comptree:comparator|cmpchain:cmp_end|
|lpm_compare:17|comptree:comparator|cmpchain:cmp_end|comptree:comp|
|lpm_compare:17|comptree:comparator|cmpchain:cmp_end|comptree:comp|cmpchain:cmp3|
|lpm_compare:17|comptree:comparator|cmpchain:cmp_end|comptree:comp|cmpchain:cmp2|
|lpm_compare:17|comptree:comparator|cmpchain:cmp_end|comptree:comp|cmpchain:cmp1|
|lpm_compare:17|comptree:comparator|cmpchain:cmp_end|comptree:comp|cmpchain:cmp0|
|lpm_compare:17|comptree:comparator|cmpchain:cmp_end|comptree:comp|comptree:sub_comptree|
|lpm_compare:17|comptree:comparator|cmpchain:cmp_end|comptree:comp|comptree:sub_comptree|cmpchain:cmp_end|
|lpm_compare:17|altshift:aeb_ext_lat_ffs|
|lpm_compare:17|altshift:agb_ext_lat_ffs|
|lpm_counter:18|
|lpm_counter:18|lpm_counter:c2|
|lpm_counter:18|lpm_counter:c2|lpm_add_sub:add_sub|
|lpm_counter:18|lpm_counter:c2|lpm_add_sub:add_sub|addcore:adder|
|lpm_counter:18|lpm_counter:c2|lpm_add_sub:add_sub|altshift:result_ext_latency_ffs|
|lpm_counter:18|lpm_counter:c2|lpm_add_sub:add_sub|altshift:carry_ext_latency_ffs|
|lpm_counter:18|lpm_counter:c2|lpm_add_sub:add_sub|altshift:oflow_ext_latency_ffs|
|lpm_counter:18|lpm_counter:c2|lpm_constant:scdw|
|lpm_counter:18|lpm_counter:c2|lpm_decode:decode|
|lpm_counter:18|lpm_counter:c2|lpm_decode:decode|altshift:external_latency_ffs|
|lpm_counter:18|lpm_counter:c2|lpm_decode:decode|declut:decoder|
|lpm_counter:18|lpm_counter:c2|lpm_decode:decode|declut:decoder|bypassff:data_latency_ffs|
|lpm_counter:18|lpm_counter:c2|lpm_decode:decode|declut:decoder|declut:sub_decoder1|
|lpm_counter:18|lpm_counter:c2|lpm_decode:decode|declut:decoder|declut:sub_decoder0|
|lpm_counter:18|lpm_counter:c2|cmpconst:142|
|rs:19|
|rs:21|


Device-Specific Information:          c:\program files\max2work\19_1_video.rpt
19_1_video

***** Logic for device '19_1_video' compiled without errors.




Device: EPF10K10LC84-3

FLEX 10K Configuration Scheme: Passive Serial

Device Options:
    User-Supplied Start-Up Clock               = OFF
    Auto-Restart Configuration on Frame Error  = OFF
    Release Clears Before Tri-States           = OFF
    Enable Chip_Wide Reset                     = OFF
    Enable Chip-Wide Output Enable             = OFF
    Enable INIT_DONE Output                    = OFF
    JTAG User Code                             = 7f

                                                                         ^     
                                                                         C     
                R     R  R     R        R                 R  R  R  R     O     
                E     E  E  S  E        E                 E  E  E  E     N     
                S     S  S  y  S     V  S              G  S  S  S  S     F     
                E     E  E  n  E     C  E        Q     N  E  E  E  E     _  ^  
                R     R  R  c  R     C  R  K  K  u     D  R  R  R  R  #  D  n  
                V     V  V  h  V     I  V  K  K  e     I  V  V  V  V  T  O  C  
                E  Q  E  E  r  E  Q  N  E  S  S  r  Q  N  E  E  E  E  C  N  E  
                D  3  D  D  o  D  1  T  D  7  4  y  7  T  D  D  D  D  K  E  O  
              -----------------------------------------------------------------_ 
            /  11 10  9  8  7  6  5  4  3  2  1 84 83 82 81 80 79 78 77 76 75   | 
    ^DATA0 | 12                                                              74 | #TDO 
     ^DCLK | 13                                                              73 | KKS3 
      ^nCE | 14                                                              72 | KKS2 
      #TDI | 15                                                              71 | KKS1 
     Data3 | 16                                                              70 | KKS0 
     Data0 | 17                                                              69 | Data7 
     Data1 | 18                                                              68 | GNDINT 
        Q0 | 19                                                              67 | Data2 
    VCCINT | 20                                                              66 | Data5 
  RESERVED | 21                                                              65 | Data4 
        Q4 | 22                        EPF10K10LC84-3                        64 | RESERVED 
        Q5 | 23                                                              63 | VCCINT 
        Q2 | 24                                                              62 | Data6 
  RESERVED | 25                                                              61 | RESERVED 
    GNDINT | 26                                                              60 | RESERVED 
       Get | 27                                                              59 | RESERVED 
  RESERVED | 28                                                              58 | RESERVED 
   number7 | 29                                                              57 | #TMS 
  RESERVED | 30                                                              56 | #nTRST 
    ^MSEL0 | 31                                                              55 | ^nSTATUS 
    ^MSEL1 | 32                                                              54 | RESERVED 
           |_  33 34 35 36 37 38 39 40 41 42 43 44 45 46 47 48 49 50 51 52 53  _| 
             ------------------------------------------------------------------ 
                V  ^  R  R  R  R  R  V  G  K  C  K  V  G  Q  R  R  R  R  R  R  
                C  n  E  E  E  E  E  C  N  K  L  K  C  N  6  E  E  E  E  E  E  
                C  C  S  S  S  S  S  C  D  S  K  S  C  D     S  S  S  S  S  S  
                I  O  E  E  E  E  E  I  I  5     6  I  I     E  E  E  E  E  E  
                N  N  R  R  R  R  R  N  N           N  N     R  R  R  R  R  R  
                T  F  V  V  V  V  V  T  T           T  T     V  V  V  V  V  V  
                   I  E  E  E  E  E                          E  E  E  E  E  E  
                   G  D  D  D  D  D                          D  D  D  D  D  D  
                                                                               
                                                                               


N.C. = Not Connected.
VCCINT = Dedicated power pin, which MUST be connected to VCC (5.0 volts).
VCCIO = Dedicated power pin, which MUST be connected to VCC (5.0 volts).
GNDINT = Dedicated ground pin or unused dedicated input, which MUST be connected to GND.
GNDIO = Dedicated ground pin, which MUST be connected to GND.
RESERVED = Unused I/O pin, which MUST be left unconnected.

^ = Dedicated configuration pin.
+ = Reserved configuration pin, which is tri-stated during user mode.
* = Reserved configuration pin, which drives out in user mode.
PDn = Power Down pin. 
@ = Special-purpose pin. 
# = JTAG Boundary-Scan Testing/In-System Programming or Configuration Pin. The JTAG inputs (TMS, TCK, TDI) should be tied to VCC when not in use.
& = JTAG pin used for I/O. When used as user I/O, JTAG pins must be kept stable before and during configuration.  JTAG pin stability prevents accidental loading of JTAG instructions.


Device-Specific Information:          c:\program files\max2work\19_1_video.rpt
19_1_video

** RESOURCE USAGE **

Logic                Column       Row                                   
Array                Interconnect Interconnect         Clears/     External  
Block   Logic Cells  Driven       Driven       Clocks  Presets   Interconnect
A1       8/ 8(100%)   2/ 8( 25%)   1/ 8( 12%)    1/2    0/2       4/22( 18%)   
A3       7/ 8( 87%)   1/ 8( 12%)   1/ 8( 12%)    1/2    0/2      15/22( 68%)   
A7       8/ 8(100%)   0/ 8(  0%)   1/ 8( 12%)    1/2    0/2       2/22(  9%)   
A14      8/ 8(100%)   1/ 8( 12%)   1/ 8( 12%)    1/2    0/2       2/22(  9%)   
B4       4/ 8( 50%)   1/ 8( 12%)   1/ 8( 12%)    1/2    0/2       1/22(  4%)   
B8       8/ 8(100%)   0/ 8(  0%)   1/ 8( 12%)    1/2    0/2       2/22(  9%)   
B9       8/ 8(100%)   0/ 8(  0%)   1/ 8( 12%)    1/2    0/2       2/22(  9%)   
B10      1/ 8( 12%)   1/ 8( 12%)   0/ 8(  0%)    0/2    0/2       4/22( 18%)   
B11      4/ 8( 50%)   0/ 8(  0%)   1/ 8( 12%)    1/2    0/2       3/22( 13%)   
C2       8/ 8(100%)   1/ 8( 12%)   3/ 8( 37%)    1/2    1/2       4/22( 18%)   
C5       5/ 8( 62%)   1/ 8( 12%)   0/ 8(  0%)    1/2    0/2       1/22(  4%)   
C6       8/ 8(100%)   0/ 8(  0%)   2/ 8( 25%)    1/2    1/2       3/22( 13%)   
C13      8/ 8(100%)   1/ 8( 12%)   0/ 8(  0%)    1/2    0/2       2/22(  9%)   


Embedded             Column       Row                                   
Array     Embedded   Interconnect Interconnect         Read/      External  
Block     Cells      Driven       Driven       Clocks  Write    Interconnect


Total dedicated input pins used:                 6/6      (100%)
Total I/O pins used:                            23/53     ( 43%)
Total logic cells used:                         85/576    ( 14%)
Total embedded cells used:                       0/24     (  0%)
Total EABs used:                                 0/3      (  0%)
Average fan-in:                                 1.70/4    ( 42%)
Total fan-in:                                 145/2304    (  6%)

Total input pins required:                      18
Total input I/O cell registers required:         0
Total output pins required:                     11
Total output I/O cell registers required:        0
Total buried I/O cell registers required:        0
Total bidirectional pins required:               0
Total reserved pins required                     0
Total logic cells required:                     85
Total flipflops required:                       72
Total packed registers required:                 0
Total logic cells in carry chains:               0
Total number of carry chains:                    0
Total logic cells in cascade chains:             0
Total number of cascade chains:                  0
Total single-pin Clock Enables required:         0
Total single-pin Output Enables required:        0

Synthesized logic cells:                         5/ 576   (  0%)

Logic Cell and Embedded Cell Counts

Column:  01  02  03  04  05  06  07  08  09  10  11  12  EA  13  14  15  16  17  18  19  20  21  22  23  24  Total(LC/EC)
 A:      8   0   7   0   0   0   8   0   0   0   0   0   0   0   8   0   0   0   0   0   0   0   0   0   0     31/0  
 B:      0   0   0   4   0   0   0   8   8   1   4   0   0   0   0   0   0   0   0   0   0   0   0   0   0     25/0  
 C:      0   8   0   0   5   8   0   0   0   0   0   0   0   8   0   0   0   0   0   0   0   0   0   0   0     29/0  

Total:   8   8   7   4   5   8   8   8   8   1   4   0   0   8   8   0   0   0   0   0   0   0   0   0   0     85/0  



Device-Specific Information:          c:\program files\max2work\19_1_video.rpt
19_1_video

** INPUTS **

                                                    Fan-In    Fan-Out
 Pin     LC     EC   Row  Col  Primitive    Code      INP  FBK  OUT  FBK  Name
  43      -     -    -    --      INPUT  G             0    0    0    0  CLK
  17      -     -    A    --      INPUT                0    0    0    1  Data0
  18      -     -    A    --      INPUT                0    0    0    1  Data1
  67      -     -    B    --      INPUT                0    0    0    1  Data2
  16      -     -    A    --      INPUT                0    0    0    1  Data3
  65      -     -    B    --      INPUT                0    0    0    1  Data4
  66      -     -    B    --      INPUT                0    0    0    1  Data5
  62      -     -    C    --      INPUT                0    0    0    1  Data6
  69      -     -    A    --      INPUT                0    0    0    1  Data7
  70      -     -    A    --      INPUT                0    0    0    1  KKS0
  71      -     -    A    --      INPUT                0    0    0    1  KKS1
  72      -     -    A    --      INPUT                0    0    0    1  KKS2
  73      -     -    A    --      INPUT                0    0    0    1  KKS3
   1      -     -    -    --      INPUT                0    0    0    1  KKS4
  42      -     -    -    --      INPUT                0    0    0    1  KKS5
  44      -     -    -    --      INPUT                0    0    0    1  KKS6
   2      -     -    -    --      INPUT                0    0    0    1  KKS7
  84      -     -    -    --      INPUT                0    0    0    1  Query


Code:

s = Synthesized pin or logic cell
+ = Synchronous flipflop
/ = Slow slew-rate output
! = NOT gate push-back
r = Fitter-inserted logic cell
@ = Uses single-pin Clock Enable
& = Uses single-pin Output Enable
G = Global Source. Fan-out destinations counted here do not include destinations
that are driven using global routing resources. Refer to the Auto Global Signals,
Clock Signals, Clear Signals, Synchronous Load Signals, and Synchronous Clear Signals
Sections of this Report File for information on which signals' fan-outs are used as
Clock, Clear, Preset, Output Enable, and synchronous Load signals.


Device-Specific Information:          c:\program files\max2work\19_1_video.rpt
19_1_video

** OUTPUTS **

       Fed By Fed By                                Fan-In    Fan-Out
 Pin     LC     EC   Row  Col  Primitive    Code      INP  FBK  OUT  FBK  Name
  27      -     -    C    --     OUTPUT                0    1    0    0  Get
  29      -     -    C    --     OUTPUT                0    1    0    0  number7
  19      -     -    A    --     OUTPUT                0    1    0    0  Q0
   5      -     -    -    05     OUTPUT                0    1    0    0  Q1
  24      -     -    B    --     OUTPUT                0    1    0    0  Q2
  10      -     -    -    01     OUTPUT                0    1    0    0  Q3
  22      -     -    B    --     OUTPUT                0    1    0    0  Q4
  23      -     -    B    --     OUTPUT                0    1    0    0  Q5
  47      -     -    -    14     OUTPUT                0    1    0    0  Q6
  83      -     -    -    13     OUTPUT                0    1    0    0  Q7
   7      -     -    -    03     OUTPUT                0    1    0    0  Synchro


Code:

s = Synthesized pin or logic cell
+ = Synchronous flipflop
/ = Slow slew-rate output
! = NOT gate push-back
r = Fitter-inserted logic cell
@ = Uses single-pin Clock Enable
& = Uses single-pin Output Enable


Device-Specific Information:          c:\program files\max2work\19_1_video.rpt
19_1_video

** BURIED LOGIC **

                                                    Fan-In    Fan-Out
 IOC     LC     EC   Row  Col  Primitive    Code      INP  FBK  OUT  FBK  Name
   -      3     -    A    03        OR2    s           2    2    0    1  |LPM_COMPARE:17|comptree:comparator|cmpchain:cmp_end|comptree:comp|comptree:sub_comptree|cmpchain:cmp_end|~47~1
   -      1     -    B    10        OR2    s           2    2    0    1  |LPM_COMPARE:17|comptree:comparator|cmpchain:cmp_end|comptree:comp|comptree:sub_comptree|cmpchain:cmp_end|~47~2
   -      4     -    A    03        OR2    s           2    2    0    1  |LPM_COMPARE:17|comptree:comparator|cmpchain:cmp_end|comptree:comp|comptree:sub_comptree|cmpchain:cmp_end|~47~3
   -      5     -    A    03        OR2    s           2    2    0    1  |LPM_COMPARE:17|comptree:comparator|cmpchain:cmp_end|comptree:comp|comptree:sub_comptree|cmpchain:cmp_end|~47~4
   -      1     -    A    03        OR2        !       0    4    1    9  |LPM_COMPARE:17|comptree:comparator|cmpchain:cmp_end|comptree:comp|comptree:sub_comptree|cmpchain:cmp_end|:47
   -      3     -    C    06       DFFE   +            0    1    0    5  |LPM_COUNTER:18|lpm_counter:c2|dffs0
   -      4     -    C    06       DFFE   +            0    2    0    4  |LPM_COUNTER:18|lpm_counter:c2|dffs1
   -      6     -    C    06       DFFE   +            0    3    0    3  |LPM_COUNTER:18|lpm_counter:c2|dffs2
   -      2     -    C    06       DFFE   +            0    2    0    2  |LPM_COUNTER:18|lpm_counter:c2|dffs3
   -      5     -    C    02       DFFE   +            0    2    0    3  |LPM_COUNTER:18|lpm_counter:c2|dffs4
   -      8     -    C    02       DFFE   +            0    3    0    2  |LPM_COUNTER:18|lpm_counter:c2|dffs5
   -      3     -    C    02       DFFE   +            0    2    0    2  |LPM_COUNTER:18|lpm_counter:c2|dffs6
   -      7     -    C    02       DFFE   +            0    3    0    1  |LPM_COUNTER:18|lpm_counter:c2|dffs7
   -      8     -    C    06       AND2                0    3    0    1  |LPM_COUNTER:18|lpm_counter:c2|lpm_add_sub:add_sub|addcore:adder|:125
   -      1     -    C    06       AND2                0    4    0    3  |LPM_COUNTER:18|lpm_counter:c2|lpm_add_sub:add_sub|addcore:adder|:129
   -      4     -    C    02       AND2                0    3    0    2  |LPM_COUNTER:18|lpm_counter:c2|lpm_add_sub:add_sub|addcore:adder|:137
   -      2     -    C    02       AND2    s           0    3    0    1  |LPM_COUNTER:18|lpm_counter:c2|lpm_decode:decode|declut:decoder|anode0_1~1
   -      5     -    C    06        OR2        !       0    4    1    2  |LPM_COUNTER:18|lpm_counter:c2|lpm_decode:decode|declut:decoder|declut:sub_decoder0|anode7_3
   -      7     -    C    06      LCELL                0    3    0    1  |LPM_COUNTER:18|lpm_counter:c2|lpm_decode:decode|declut:decoder|dec_out0
   -      4     -    A    07       DFFE   +            1    2    0    1  |LPM_DFF:7|dffs0
   -      6     -    A    01       DFFE   +            1    2    0    1  |LPM_DFF:7|dffs1
   -      3     -    B    11       DFFE   +            1    2    0    1  |LPM_DFF:7|dffs2
   -      7     -    A    03       DFFE   +            1    2    0    1  |LPM_DFF:7|dffs3
   -      6     -    B    09       DFFE   +            1    2    0    1  |LPM_DFF:7|dffs4
   -      6     -    B    08       DFFE   +            1    2    0    1  |LPM_DFF:7|dffs5
   -      5     -    C    13       DFFE   +            1    2    0    1  |LPM_DFF:7|dffs6
   -      5     -    A    14       DFFE   +            1    2    0    1  |LPM_DFF:7|dffs7
   -      3     -    A    07       DFFE   +            0    1    0    1  |LPM_DFF:8|dffs0
   -      5     -    A    01       DFFE   +            0    1    0    1  |LPM_DFF:8|dffs1
   -      2     -    B    11       DFFE   +            0    1    0    1  |LPM_DFF:8|dffs2
   -      6     -    A    03       DFFE   +            0    1    0    1  |LPM_DFF:8|dffs3
   -      5     -    B    09       DFFE   +            0    1    0    1  |LPM_DFF:8|dffs4
   -      5     -    B    08       DFFE   +            0    1    0    1  |LPM_DFF:8|dffs5
   -      4     -    C    13       DFFE   +            0    1    0    1  |LPM_DFF:8|dffs6
   -      6     -    A    14       DFFE   +            0    1    0    1  |LPM_DFF:8|dffs7
   -      5     -    A    07       DFFE   +            0    1    0    1  |LPM_DFF:9|dffs0
   -      1     -    A    01       DFFE   +            0    1    0    1  |LPM_DFF:9|dffs1
   -      4     -    B    11       DFFE   +            0    1    0    1  |LPM_DFF:9|dffs2
   -      2     -    A    03       DFFE   +            0    1    0    1  |LPM_DFF:9|dffs3
   -      8     -    B    09       DFFE   +            0    1    0    1  |LPM_DFF:9|dffs4
   -      8     -    B    08       DFFE   +            0    1    0    1  |LPM_DFF:9|dffs5
   -      8     -    C    13       DFFE   +            0    1    0    1  |LPM_DFF:9|dffs6
   -      8     -    A    14       DFFE   +            0    1    0    1  |LPM_DFF:9|dffs7
   -      8     -    A    07       DFFE   +            0    1    0    1  |LPM_DFF:10|dffs0
   -      5     -    C    05       DFFE   +            0    1    0    1  |LPM_DFF:10|dffs1
   -      1     -    B    11       DFFE   +            0    1    0    1  |LPM_DFF:10|dffs2
   -      8     -    A    01       DFFE   +            0    1    0    1  |LPM_DFF:10|dffs3
   -      7     -    B    09       DFFE   +            0    1    0    1  |LPM_DFF:10|dffs4
   -      7     -    B    08       DFFE   +            0    1    0    1  |LPM_DFF:10|dffs5
   -      6     -    C    13       DFFE   +            0    1    0    1  |LPM_DFF:10|dffs6
   -      7     -    A    14       DFFE   +            0    1    0    1  |LPM_DFF:10|dffs7
   -      6     -    A    07       DFFE   +            0    1    0    1  |LPM_DFF:11|dffs0
   -      4     -    C    05       DFFE   +            0    1    0    1  |LPM_DFF:11|dffs1
   -      3     -    B    04       DFFE   +            0    1    0    1  |LPM_DFF:11|dffs2
   -      7     -    A    01       DFFE   +            0    1    0    1  |LPM_DFF:11|dffs3
   -      4     -    B    09       DFFE   +            0    1    0    1  |LPM_DFF:11|dffs4
   -      3     -    B    08       DFFE   +            0    1    0    1  |LPM_DFF:11|dffs5
   -      3     -    C    13       DFFE   +            0    1    0    1  |LPM_DFF:11|dffs6
   -      3     -    A    14       DFFE   +            0    1    0    1  |LPM_DFF:11|dffs7
   -      2     -    A    07       DFFE   +            0    1    0    1  |LPM_DFF:12|dffs0
   -      3     -    C    05       DFFE   +            0    1    0    1  |LPM_DFF:12|dffs1
   -      2     -    B    04       DFFE   +            0    1    0    1  |LPM_DFF:12|dffs2
   -      4     -    A    01       DFFE   +            0    1    0    1  |LPM_DFF:12|dffs3
   -      3     -    B    09       DFFE   +            0    1    0    1  |LPM_DFF:12|dffs4
   -      2     -    B    08       DFFE   +            0    1    0    1  |LPM_DFF:12|dffs5
   -      2     -    C    13       DFFE   +            0    1    0    1  |LPM_DFF:12|dffs6
   -      2     -    A    14       DFFE   +            0    1    0    1  |LPM_DFF:12|dffs7
   -      1     -    A    07       DFFE   +            0    1    0    1  |LPM_DFF:13|dffs0
   -      1     -    C    05       DFFE   +            0    1    0    1  |LPM_DFF:13|dffs1
   -      1     -    B    04       DFFE   +            0    1    0    1  |LPM_DFF:13|dffs2
   -      3     -    A    01       DFFE   +            0    1    0    1  |LPM_DFF:13|dffs3
   -      1     -    B    09       DFFE   +            0    1    0    1  |LPM_DFF:13|dffs4
   -      1     -    B    08       DFFE   +            0    1    0    1  |LPM_DFF:13|dffs5
   -      1     -    C    13       DFFE   +            0    1    0    1  |LPM_DFF:13|dffs6
   -      4     -    A    14       DFFE   +            0    1    0    1  |LPM_DFF:13|dffs7
   -      7     -    A    07       DFFE   +            0    1    1    2  |LPM_DFF:14|dffs0
   -      2     -    C    05       DFFE   +            0    1    1    2  |LPM_DFF:14|dffs1
   -      6     -    B    04       DFFE   +            0    1    1    2  |LPM_DFF:14|dffs2
   -      2     -    A    01       DFFE   +            0    1    1    2  |LPM_DFF:14|dffs3
   -      2     -    B    09       DFFE   +            0    1    1    2  |LPM_DFF:14|dffs4
   -      4     -    B    08       DFFE   +            0    1    1    2  |LPM_DFF:14|dffs5
   -      7     -    C    13       DFFE   +            0    1    1    2  |LPM_DFF:14|dffs6
   -      1     -    A    14       DFFE   +            0    1    1    2  |LPM_DFF:14|dffs7
   -      6     -    C    02        OR2        !       1    1    0    1  |rs:19|Q (|rs:19|:5)
   -      1     -    C    02        OR2        !       0    3    1    8  |rs:21|Q (|rs:21|:5)


Code:

s = Synthesized pin or logic cell
+ = Synchronous flipflop
/ = Slow slew-rate output
! = NOT gate push-back
r = Fitter-inserted logic cell
p = Packed register


Device-Specific Information:          c:\program files\max2work\19_1_video.rpt
19_1_video

** FASTTRACK INTERCONNECT UTILIZATION **

Row FastTrack Interconnect:

          Global         Left Half-      Right Half-
         FastTrack       FastTrack       FastTrack 
Row     Interconnect    Interconnect    Interconnect    Input Pins     Output Pins     Bidir Pins
A:      11/ 96( 11%)     6/ 48( 12%)     0/ 48(  0%)    8/16( 50%)      1/16(  6%)     0/16(  0%)
B:       3/ 96(  3%)     5/ 48( 10%)     0/ 48(  0%)    3/16( 18%)      3/16( 18%)     0/16(  0%)
C:       2/ 96(  2%)     6/ 48( 12%)     0/ 48(  0%)    1/16(  6%)      2/16( 12%)     0/16(  0%)


Column FastTrack Interconnect:

         FastTrack                                 
Column  Interconnect    Input Pins     Output Pins     Bidir Pins
01:      2/24(  8%)     0/4(  0%)      1/4( 25%)       0/4(  0%)
02:      1/24(  4%)     0/4(  0%)      0/4(  0%)       0/4(  0%)
03:      1/24(  4%)     0/4(  0%)      1/4( 25%)       0/4(  0%)
04:      1/24(  4%)     0/4(  0%)      0/4(  0%)       0/4(  0%)
05:      1/24(  4%)     0/4(  0%)      1/4( 25%)       0/4(  0%)
06:      0/24(  0%)     0/4(  0%)      0/4(  0%)       0/4(  0%)
07:      0/24(  0%)     0/4(  0%)      0/4(  0%)       0/4(  0%)
08:      0/24(  0%)     0/4(  0%)      0/4(  0%)       0/4(  0%)
09:      0/24(  0%)     0/4(  0%)      0/4(  0%)       0/4(  0%)
10:      1/24(  4%)     0/4(  0%)      0/4(  0%)       0/4(  0%)
11:      0/24(  0%)     0/4(  0%)      0/4(  0%)       0/4(  0%)
12:      0/24(  0%)     0/4(  0%)      0/4(  0%)       0/4(  0%)
13:      1/24(  4%)     0/4(  0%)      1/4( 25%)       0/4(  0%)
14:      1/24(  4%)     0/4(  0%)      1/4( 25%)       0/4(  0%)
15:      0/24(  0%)     0/4(  0%)      0/4(  0%)       0/4(  0%)
16:      0/24(  0%)     0/4(  0%)      0/4(  0%)       0/4(  0%)
17:      0/24(  0%)     0/4(  0%)      0/4(  0%)       0/4(  0%)
18:      0/24(  0%)     0/4(  0%)      0/4(  0%)       0/4(  0%)
19:      0/24(  0%)     0/4(  0%)      0/4(  0%)       0/4(  0%)
20:      0/24(  0%)     0/4(  0%)      0/4(  0%)       0/4(  0%)
21:      0/24(  0%)     0/4(  0%)      0/4(  0%)       0/4(  0%)
22:      0/24(  0%)     0/4(  0%)      0/4(  0%)       0/4(  0%)
23:      0/24(  0%)     0/4(  0%)      0/4(  0%)       0/4(  0%)
24:      0/24(  0%)     0/4(  0%)      0/4(  0%)       0/4(  0%)
EA:      0/24(  0%)     0/4(  0%)      0/4(  0%)       0/4(  0%)


Device-Specific Information:          c:\program files\max2work\19_1_video.rpt
19_1_video

** CLOCK SIGNALS **

Type     Fan-out       Name
INPUT       72         CLK


Device-Specific Information:          c:\program files\max2work\19_1_video.rpt
19_1_video

** EQUATIONS **

CLK      : INPUT;
Data0    : INPUT;
Data1    : INPUT;
Data2    : INPUT;
Data3    : INPUT;
Data4    : INPUT;
Data5    : INPUT;
Data6    : INPUT;
Data7    : INPUT;
KKS0     : INPUT;
KKS1     : INPUT;
KKS2     : INPUT;
KKS3     : INPUT;
KKS4     : INPUT;
KKS5     : INPUT;
KKS6     : INPUT;
KKS7     : INPUT;
Query    : INPUT;

-- Node name is 'Get' 
-- Equation name is 'Get', type is output 
Get      =  _LC1_C2;

-- Node name is 'number7' 
-- Equation name is 'number7', type is output 
number7  =  _LC5_C6;

-- Node name is 'Q0' 
-- Equation name is 'Q0', type is output 
Q0       =  _LC7_A7;

-- Node name is 'Q1' 
-- Equation name is 'Q1', type is output 
Q1       =  _LC2_C5;

-- Node name is 'Q2' 
-- Equation name is 'Q2', type is output 
Q2       =  _LC6_B4;

-- Node name is 'Q3' 
-- Equation name is 'Q3', type is output 
Q3       =  _LC2_A1;

-- Node name is 'Q4' 
-- Equation name is 'Q4', type is output 
Q4       =  _LC2_B9;

-- Node name is 'Q5' 
-- Equation name is 'Q5', type is output 
Q5       =  _LC4_B8;

-- Node name is 'Q6' 
-- Equation name is 'Q6', type is output 
Q6       =  _LC7_C13;

-- Node name is 'Q7' 
-- Equation name is 'Q7', type is output 
Q7       =  _LC1_A14;

-- Node name is 'Synchro' 
-- Equation name is 'Synchro', type is output 
Synchro  =  _LC1_A3;

-- Node name is '|LPM_COMPARE:17|comptree:comparator|cmpchain:cmp_end|comptree:comp|comptree:sub_comptree|cmpchain:cmp_end|~47~1' from file "cmpchain.tdf" line 491, column 30
-- Equation name is '_LC3_A3', type is buried 
-- synthesized logic cell 
_LC3_A3  = LCELL( _EQ001);
  _EQ001 = !KKS6 &  _LC7_C13
         #  KKS6 & !_LC7_C13
         # !KKS7 &  _LC1_A14
         #  KKS7 & !_LC1_A14;

-- Node name is '|LPM_COMPARE:17|comptree:comparator|cmpchain:cmp_end|comptree:comp|comptree:sub_comptree|cmpchain:cmp_end|~47~2' from file "cmpchain.tdf" line 491, column 30
-- Equation name is '_LC1_B10', type is buried 
-- synthesized logic cell 
_LC1_B10 = LCELL( _EQ002);
  _EQ002 = !KKS4 &  _LC2_B9
         #  KKS4 & !_LC2_B9
         # !KKS5 &  _LC4_B8
         #  KKS5 & !_LC4_B8;

-- Node name is '|LPM_COMPARE:17|comptree:comparator|cmpchain:cmp_end|comptree:comp|comptree:sub_comptree|cmpchain:cmp_end|~47~3' from file "cmpchain.tdf" line 491, column 30
-- Equation name is '_LC4_A3', type is buried 
-- synthesized logic cell 
_LC4_A3  = LCELL( _EQ003);
  _EQ003 = !KKS2 &  _LC6_B4
         #  KKS2 & !_LC6_B4
         # !KKS3 &  _LC2_A1
         #  KKS3 & !_LC2_A1;

-- Node name is '|LPM_COMPARE:17|comptree:comparator|cmpchain:cmp_end|comptree:comp|comptree:sub_comptree|cmpchain:cmp_end|~47~4' from file "cmpchain.tdf" line 491, column 30
-- Equation name is '_LC5_A3', type is buried 
-- synthesized logic cell 
_LC5_A3  = LCELL( _EQ004);
  _EQ004 = !KKS0 &  _LC7_A7
         #  KKS0 & !_LC7_A7
         # !KKS1 &  _LC2_C5
         #  KKS1 & !_LC2_C5;

-- Node name is '|LPM_COMPARE:17|comptree:comparator|cmpchain:cmp_end|comptree:comp|comptree:sub_comptree|cmpchain:cmp_end|:47' from file "cmpchain.tdf" line 491, column 30
-- Equation name is '_LC1_A3', type is buried 
!_LC1_A3 = _LC1_A3~NOT;
_LC1_A3~NOT = LCELL( _EQ005);
  _EQ005 =  _LC3_A3
         #  _LC1_B10
         #  _LC4_A3
         #  _LC5_A3;

-- Node name is '|LPM_COUNTER:18|lpm_counter:c2|dffs0' from file "lpm_counter.tdf" line 237, column 10
-- Equation name is '_LC3_C6', type is buried 
_LC3_C6  = DFFE(!_LC3_C6, GLOBAL( CLK),  VCC, !_LC1_A3,  VCC);

-- Node name is '|LPM_COUNTER:18|lpm_counter:c2|dffs1' from file "lpm_counter.tdf" line 237, column 10
-- Equation name is '_LC4_C6', type is buried 
_LC4_C6  = DFFE( _EQ006, GLOBAL( CLK),  VCC, !_LC1_A3,  VCC);
  _EQ006 =  _LC3_C6 & !_LC4_C6
         # !_LC3_C6 &  _LC4_C6;

-- Node name is '|LPM_COUNTER:18|lpm_counter:c2|dffs2' from file "lpm_counter.tdf" line 237, column 10
-- Equation name is '_LC6_C6', type is buried 
_LC6_C6  = DFFE( _EQ007, GLOBAL( CLK),  VCC, !_LC1_A3,  VCC);
  _EQ007 = !_LC3_C6 &  _LC6_C6
         # !_LC4_C6 &  _LC6_C6
         #  _LC3_C6 &  _LC4_C6 & !_LC6_C6;

-- Node name is '|LPM_COUNTER:18|lpm_counter:c2|dffs3' from file "lpm_counter.tdf" line 237, column 10
-- Equation name is '_LC2_C6', type is buried 
_LC2_C6  = DFFE( _EQ008, GLOBAL( CLK),  VCC, !_LC1_A3,  VCC);
  _EQ008 =  _LC2_C6 & !_LC8_C6
         # !_LC2_C6 &  _LC8_C6;

-- Node name is '|LPM_COUNTER:18|lpm_counter:c2|dffs4' from file "lpm_counter.tdf" line 237, column 10
-- Equation name is '_LC5_C2', type is buried 
_LC5_C2  = DFFE( _EQ009, GLOBAL( CLK),  VCC, !_LC1_A3,  VCC);
  _EQ009 = !_LC1_C6 &  _LC5_C2
         #  _LC1_C6 & !_LC5_C2;

-- Node name is '|LPM_COUNTER:18|lpm_counter:c2|dffs5' from file "lpm_counter.tdf" line 237, column 10
-- Equation name is '_LC8_C2', type is buried 
_LC8_C2  = DFFE( _EQ010, GLOBAL( CLK),  VCC, !_LC1_A3,  VCC);
  _EQ010 = !_LC5_C2 &  _LC8_C2
         # !_LC1_C6 &  _LC8_C2
         #  _LC1_C6 &  _LC5_C2 & !_LC8_C2;

-- Node name is '|LPM_COUNTER:18|lpm_counter:c2|dffs6' from file "lpm_counter.tdf" line 237, column 10
-- Equation name is '_LC3_C2', type is buried 
_LC3_C2  = DFFE( _EQ011, GLOBAL( CLK),  VCC, !_LC1_A3,  VCC);
  _EQ011 =  _LC3_C2 & !_LC4_C2
         # !_LC3_C2 &  _LC4_C2;

-- Node name is '|LPM_COUNTER:18|lpm_counter:c2|dffs7' from file "lpm_counter.tdf" line 237, column 10
-- Equation name is '_LC7_C2', type is buried 
_LC7_C2  = DFFE( _EQ012, GLOBAL( CLK),  VCC, !_LC1_A3,  VCC);
  _EQ012 = !_LC3_C2 &  _LC7_C2
         # !_LC4_C2 &  _LC7_C2
         #  _LC3_C2 &  _LC4_C2 & !_LC7_C2;

-- Node name is '|LPM_COUNTER:18|lpm_counter:c2|lpm_add_sub:add_sub|addcore:adder|:125' from file "addcore.tdf" line 312, column 64
-- Equation name is '_LC8_C6', type is buried 
_LC8_C6  = LCELL( _EQ013);
  _EQ013 =  _LC3_C6 &  _LC4_C6 &  _LC6_C6;

-- Node name is '|LPM_COUNTER:18|lpm_counter:c2|lpm_add_sub:add_sub|addcore:adder|:129' from file "addcore.tdf" line 312, column 64
-- Equation name is '_LC1_C6', type is buried 
_LC1_C6  = LCELL( _EQ014);
  _EQ014 =  _LC2_C6 &  _LC3_C6 &  _LC4_C6 &  _LC6_C6;

-- Node name is '|LPM_COUNTER:18|lpm_counter:c2|lpm_add_sub:add_sub|addcore:adder|:137' from file "addcore.tdf" line 312, column 64
-- Equation name is '_LC4_C2', type is buried 
_LC4_C2  = LCELL( _EQ015);
  _EQ015 =  _LC1_C6 &  _LC5_C2 &  _LC8_C2;

-- Node name is '|LPM_COUNTER:18|lpm_counter:c2|lpm_decode:decode|declut:decoder|anode0_1~1' from file "declut.tdf" line 92, column 48
-- Equation name is '_LC2_C2', type is buried 
-- synthesized logic cell 
_LC2_C2  = LCELL( _EQ016);
  _EQ016 = !_LC5_C2 & !_LC7_C2 & !_LC8_C2;

-- Node name is '|LPM_COUNTER:18|lpm_counter:c2|lpm_decode:decode|declut:decoder|declut:sub_decoder0|anode7_3' from file "declut.tdf" line 79, column 52
-- Equation name is '_LC5_C6', type is buried 
!_LC5_C6 = _LC5_C6~NOT;
_LC5_C6~NOT = LCELL( _EQ017);
  _EQ017 = !_LC6_C6
         # !_LC3_C6
         # !_LC4_C6
         # !_LC7_C6;

-- Node name is '|LPM_COUNTER:18|lpm_counter:c2|lpm_decode:decode|declut:decoder|dec_out0' from file "declut.tdf" line 62, column 11
-- Equation name is '_LC7_C6', type is buried 
_LC7_C6  = LCELL( _EQ018);
  _EQ018 =  _LC2_C2 & !_LC2_C6 & !_LC3_C2;

-- Node name is '|LPM_DFF:7|dffs0' from file "lpm_dff.tdf" line 64, column 7
-- Equation name is '_LC4_A7', type is buried 
_LC4_A7  = DFFE( _EQ019, GLOBAL( CLK),  VCC,  VCC,  VCC);
  _EQ019 = !_LC1_C2 &  _LC7_A7
         #  Data0 &  _LC1_C2;

-- Node name is '|LPM_DFF:7|dffs1' from file "lpm_dff.tdf" line 64, column 7
-- Equation name is '_LC6_A1', type is buried 
_LC6_A1  = DFFE( _EQ020, GLOBAL( CLK),  VCC,  VCC,  VCC);
  _EQ020 = !_LC1_C2 &  _LC2_C5
         #  Data1 &  _LC1_C2;

-- Node name is '|LPM_DFF:7|dffs2' from file "lpm_dff.tdf" line 64, column 7
-- Equation name is '_LC3_B11', type is buried 
_LC3_B11 = DFFE( _EQ021, GLOBAL( CLK),  VCC,  VCC,  VCC);
  _EQ021 = !_LC1_C2 &  _LC6_B4
         #  Data2 &  _LC1_C2;

-- Node name is '|LPM_DFF:7|dffs3' from file "lpm_dff.tdf" line 64, column 7
-- Equation name is '_LC7_A3', type is buried 
_LC7_A3  = DFFE( _EQ022, GLOBAL( CLK),  VCC,  VCC,  VCC);
  _EQ022 = !_LC1_C2 &  _LC2_A1
         #  Data3 &  _LC1_C2;

-- Node name is '|LPM_DFF:7|dffs4' from file "lpm_dff.tdf" line 64, column 7
-- Equation name is '_LC6_B9', type is buried 
_LC6_B9  = DFFE( _EQ023, GLOBAL( CLK),  VCC,  VCC,  VCC);
  _EQ023 = !_LC1_C2 &  _LC2_B9
         #  Data4 &  _LC1_C2;

-- Node name is '|LPM_DFF:7|dffs5' from file "lpm_dff.tdf" line 64, column 7
-- Equation name is '_LC6_B8', type is buried 
_LC6_B8  = DFFE( _EQ024, GLOBAL( CLK),  VCC,  VCC,  VCC);
  _EQ024 = !_LC1_C2 &  _LC4_B8
         #  Data5 &  _LC1_C2;

-- Node name is '|LPM_DFF:7|dffs6' from file "lpm_dff.tdf" line 64, column 7
-- Equation name is '_LC5_C13', type is buried 
_LC5_C13 = DFFE( _EQ025, GLOBAL( CLK),  VCC,  VCC,  VCC);
  _EQ025 = !_LC1_C2 &  _LC7_C13
         #  Data6 &  _LC1_C2;

-- Node name is '|LPM_DFF:7|dffs7' from file "lpm_dff.tdf" line 64, column 7
-- Equation name is '_LC5_A14', type is buried 
_LC5_A14 = DFFE( _EQ026, GLOBAL( CLK),  VCC,  VCC,  VCC);
  _EQ026 =  _LC1_A14 & !_LC1_C2
         #  Data7 &  _LC1_C2;

-- Node name is '|LPM_DFF:8|dffs0' from file "lpm_dff.tdf" line 64, column 7
-- Equation name is '_LC3_A7', type is buried 
_LC3_A7  = DFFE( _LC4_A7, GLOBAL( CLK),  VCC,  VCC,  VCC);

-- Node name is '|LPM_DFF:8|dffs1' from file "lpm_dff.tdf" line 64, column 7
-- Equation name is '_LC5_A1', type is buried 
_LC5_A1  = DFFE( _LC6_A1, GLOBAL( CLK),  VCC,  VCC,  VCC);

-- Node name is '|LPM_DFF:8|dffs2' from file "lpm_dff.tdf" line 64, column 7
-- Equation name is '_LC2_B11', type is buried 
_LC2_B11 = DFFE( _LC3_B11, GLOBAL( CLK),  VCC,  VCC,  VCC);

-- Node name is '|LPM_DFF:8|dffs3' from file "lpm_dff.tdf" line 64, column 7
-- Equation name is '_LC6_A3', type is buried 
_LC6_A3  = DFFE( _LC7_A3, GLOBAL( CLK),  VCC,  VCC,  VCC);

-- Node name is '|LPM_DFF:8|dffs4' from file "lpm_dff.tdf" line 64, column 7
-- Equation name is '_LC5_B9', type is buried 
_LC5_B9  = DFFE( _LC6_B9, GLOBAL( CLK),  VCC,  VCC,  VCC);

-- Node name is '|LPM_DFF:8|dffs5' from file "lpm_dff.tdf" line 64, column 7
-- Equation name is '_LC5_B8', type is buried 
_LC5_B8  = DFFE( _LC6_B8, GLOBAL( CLK),  VCC,  VCC,  VCC);

-- Node name is '|LPM_DFF:8|dffs6' from file "lpm_dff.tdf" line 64, column 7
-- Equation name is '_LC4_C13', type is buried 
_LC4_C13 = DFFE( _LC5_C13, GLOBAL( CLK),  VCC,  VCC,  VCC);

-- Node name is '|LPM_DFF:8|dffs7' from file "lpm_dff.tdf" line 64, column 7
-- Equation name is '_LC6_A14', type is buried 
_LC6_A14 = DFFE( _LC5_A14, GLOBAL( CLK),  VCC,  VCC,  VCC);

-- Node name is '|LPM_DFF:9|dffs0' from file "lpm_dff.tdf" line 64, column 7
-- Equation name is '_LC5_A7', type is buried 
_LC5_A7  = DFFE( _LC3_A7, GLOBAL( CLK),  VCC,  VCC,  VCC);

-- Node name is '|LPM_DFF:9|dffs1' from file "lpm_dff.tdf" line 64, column 7
-- Equation name is '_LC1_A1', type is buried 
_LC1_A1  = DFFE( _LC5_A1, GLOBAL( CLK),  VCC,  VCC,  VCC);

-- Node name is '|LPM_DFF:9|dffs2' from file "lpm_dff.tdf" line 64, column 7
-- Equation name is '_LC4_B11', type is buried 
_LC4_B11 = DFFE( _LC2_B11, GLOBAL( CLK),  VCC,  VCC,  VCC);

-- Node name is '|LPM_DFF:9|dffs3' from file "lpm_dff.tdf" line 64, column 7
-- Equation name is '_LC2_A3', type is buried 
_LC2_A3  = DFFE( _LC6_A3, GLOBAL( CLK),  VCC,  VCC,  VCC);

-- Node name is '|LPM_DFF:9|dffs4' from file "lpm_dff.tdf" line 64, column 7
-- Equation name is '_LC8_B9', type is buried 
_LC8_B9  = DFFE( _LC5_B9, GLOBAL( CLK),  VCC,  VCC,  VCC);

-- Node name is '|LPM_DFF:9|dffs5' from file "lpm_dff.tdf" line 64, column 7
-- Equation name is '_LC8_B8', type is buried 
_LC8_B8  = DFFE( _LC5_B8, GLOBAL( CLK),  VCC,  VCC,  VCC);

-- Node name is '|LPM_DFF:9|dffs6' from file "lpm_dff.tdf" line 64, column 7
-- Equation name is '_LC8_C13', type is buried 
_LC8_C13 = DFFE( _LC4_C13, GLOBAL( CLK),  VCC,  VCC,  VCC);

-- Node name is '|LPM_DFF:9|dffs7' from file "lpm_dff.tdf" line 64, column 7
-- Equation name is '_LC8_A14', type is buried 
_LC8_A14 = DFFE( _LC6_A14, GLOBAL( CLK),  VCC,  VCC,  VCC);

-- Node name is '|LPM_DFF:10|dffs0' from file "lpm_dff.tdf" line 64, column 7
-- Equation name is '_LC8_A7', type is buried 
_LC8_A7  = DFFE( _LC5_A7, GLOBAL( CLK),  VCC,  VCC,  VCC);

-- Node name is '|LPM_DFF:10|dffs1' from file "lpm_dff.tdf" line 64, column 7
-- Equation name is '_LC5_C5', type is buried 
_LC5_C5  = DFFE( _LC1_A1, GLOBAL( CLK),  VCC,  VCC,  VCC);

-- Node name is '|LPM_DFF:10|dffs2' from file "lpm_dff.tdf" line 64, column 7
-- Equation name is '_LC1_B11', type is buried 
_LC1_B11 = DFFE( _LC4_B11, GLOBAL( CLK),  VCC,  VCC,  VCC);

-- Node name is '|LPM_DFF:10|dffs3' from file "lpm_dff.tdf" line 64, column 7
-- Equation name is '_LC8_A1', type is buried 
_LC8_A1  = DFFE( _LC2_A3, GLOBAL( CLK),  VCC,  VCC,  VCC);

-- Node name is '|LPM_DFF:10|dffs4' from file "lpm_dff.tdf" line 64, column 7
-- Equation name is '_LC7_B9', type is buried 
_LC7_B9  = DFFE( _LC8_B9, GLOBAL( CLK),  VCC,  VCC,  VCC);

-- Node name is '|LPM_DFF:10|dffs5' from file "lpm_dff.tdf" line 64, column 7
-- Equation name is '_LC7_B8', type is buried 
_LC7_B8  = DFFE( _LC8_B8, GLOBAL( CLK),  VCC,  VCC,  VCC);

-- Node name is '|LPM_DFF:10|dffs6' from file "lpm_dff.tdf" line 64, column 7
-- Equation name is '_LC6_C13', type is buried 
_LC6_C13 = DFFE( _LC8_C13, GLOBAL( CLK),  VCC,  VCC,  VCC);

-- Node name is '|LPM_DFF:10|dffs7' from file "lpm_dff.tdf" line 64, column 7
-- Equation name is '_LC7_A14', type is buried 
_LC7_A14 = DFFE( _LC8_A14, GLOBAL( CLK),  VCC,  VCC,  VCC);

-- Node name is '|LPM_DFF:11|dffs0' from file "lpm_dff.tdf" line 64, column 7
-- Equation name is '_LC6_A7', type is buried 
_LC6_A7  = DFFE( _LC8_A7, GLOBAL( CLK),  VCC,  VCC,  VCC);

-- Node name is '|LPM_DFF:11|dffs1' from file "lpm_dff.tdf" line 64, column 7
-- Equation name is '_LC4_C5', type is buried 
_LC4_C5  = DFFE( _LC5_C5, GLOBAL( CLK),  VCC,  VCC,  VCC);

-- Node name is '|LPM_DFF:11|dffs2' from file "lpm_dff.tdf" line 64, column 7
-- Equation name is '_LC3_B4', type is buried 
_LC3_B4  = DFFE( _LC1_B11, GLOBAL( CLK),  VCC,  VCC,  VCC);

-- Node name is '|LPM_DFF:11|dffs3' from file "lpm_dff.tdf" line 64, column 7
-- Equation name is '_LC7_A1', type is buried 
_LC7_A1  = DFFE( _LC8_A1, GLOBAL( CLK),  VCC,  VCC,  VCC);

-- Node name is '|LPM_DFF:11|dffs4' from file "lpm_dff.tdf" line 64, column 7
-- Equation name is '_LC4_B9', type is buried 
_LC4_B9  = DFFE( _LC7_B9, GLOBAL( CLK),  VCC,  VCC,  VCC);

-- Node name is '|LPM_DFF:11|dffs5' from file "lpm_dff.tdf" line 64, column 7
-- Equation name is '_LC3_B8', type is buried 
_LC3_B8  = DFFE( _LC7_B8, GLOBAL( CLK),  VCC,  VCC,  VCC);

-- Node name is '|LPM_DFF:11|dffs6' from file "lpm_dff.tdf" line 64, column 7
-- Equation name is '_LC3_C13', type is buried 
_LC3_C13 = DFFE( _LC6_C13, GLOBAL( CLK),  VCC,  VCC,  VCC);

-- Node name is '|LPM_DFF:11|dffs7' from file "lpm_dff.tdf" line 64, column 7
-- Equation name is '_LC3_A14', type is buried 
_LC3_A14 = DFFE( _LC7_A14, GLOBAL( CLK),  VCC,  VCC,  VCC);

-- Node name is '|LPM_DFF:12|dffs0' from file "lpm_dff.tdf" line 64, column 7
-- Equation name is '_LC2_A7', type is buried 
_LC2_A7  = DFFE( _LC6_A7, GLOBAL( CLK),  VCC,  VCC,  VCC);

-- Node name is '|LPM_DFF:12|dffs1' from file "lpm_dff.tdf" line 64, column 7
-- Equation name is '_LC3_C5', type is buried 
_LC3_C5  = DFFE( _LC4_C5, GLOBAL( CLK),  VCC,  VCC,  VCC);

-- Node name is '|LPM_DFF:12|dffs2' from file "lpm_dff.tdf" line 64, column 7
-- Equation name is '_LC2_B4', type is buried 
_LC2_B4  = DFFE( _LC3_B4, GLOBAL( CLK),  VCC,  VCC,  VCC);

-- Node name is '|LPM_DFF:12|dffs3' from file "lpm_dff.tdf" line 64, column 7
-- Equation name is '_LC4_A1', type is buried 
_LC4_A1  = DFFE( _LC7_A1, GLOBAL( CLK),  VCC,  VCC,  VCC);

-- Node name is '|LPM_DFF:12|dffs4' from file "lpm_dff.tdf" line 64, column 7
-- Equation name is '_LC3_B9', type is buried 
_LC3_B9  = DFFE( _LC4_B9, GLOBAL( CLK),  VCC,  VCC,  VCC);

-- Node name is '|LPM_DFF:12|dffs5' from file "lpm_dff.tdf" line 64, column 7
-- Equation name is '_LC2_B8', type is buried 
_LC2_B8  = DFFE( _LC3_B8, GLOBAL( CLK),  VCC,  VCC,  VCC);

-- Node name is '|LPM_DFF:12|dffs6' from file "lpm_dff.tdf" line 64, column 7
-- Equation name is '_LC2_C13', type is buried 
_LC2_C13 = DFFE( _LC3_C13, GLOBAL( CLK),  VCC,  VCC,  VCC);

-- Node name is '|LPM_DFF:12|dffs7' from file "lpm_dff.tdf" line 64, column 7
-- Equation name is '_LC2_A14', type is buried 
_LC2_A14 = DFFE( _LC3_A14, GLOBAL( CLK),  VCC,  VCC,  VCC);

-- Node name is '|LPM_DFF:13|dffs0' from file "lpm_dff.tdf" line 64, column 7
-- Equation name is '_LC1_A7', type is buried 
_LC1_A7  = DFFE( _LC2_A7, GLOBAL( CLK),  VCC,  VCC,  VCC);

-- Node name is '|LPM_DFF:13|dffs1' from file "lpm_dff.tdf" line 64, column 7
-- Equation name is '_LC1_C5', type is buried 
_LC1_C5  = DFFE( _LC3_C5, GLOBAL( CLK),  VCC,  VCC,  VCC);

-- Node name is '|LPM_DFF:13|dffs2' from file "lpm_dff.tdf" line 64, column 7
-- Equation name is '_LC1_B4', type is buried 
_LC1_B4  = DFFE( _LC2_B4, GLOBAL( CLK),  VCC,  VCC,  VCC);

-- Node name is '|LPM_DFF:13|dffs3' from file "lpm_dff.tdf" line 64, column 7
-- Equation name is '_LC3_A1', type is buried 
_LC3_A1  = DFFE( _LC4_A1, GLOBAL( CLK),  VCC,  VCC,  VCC);

-- Node name is '|LPM_DFF:13|dffs4' from file "lpm_dff.tdf" line 64, column 7
-- Equation name is '_LC1_B9', type is buried 
_LC1_B9  = DFFE( _LC3_B9, GLOBAL( CLK),  VCC,  VCC,  VCC);

-- Node name is '|LPM_DFF:13|dffs5' from file "lpm_dff.tdf" line 64, column 7
-- Equation name is '_LC1_B8', type is buried 
_LC1_B8  = DFFE( _LC2_B8, GLOBAL( CLK),  VCC,  VCC,  VCC);

-- Node name is '|LPM_DFF:13|dffs6' from file "lpm_dff.tdf" line 64, column 7
-- Equation name is '_LC1_C13', type is buried 
_LC1_C13 = DFFE( _LC2_C13, GLOBAL( CLK),  VCC,  VCC,  VCC);

-- Node name is '|LPM_DFF:13|dffs7' from file "lpm_dff.tdf" line 64, column 7
-- Equation name is '_LC4_A14', type is buried 
_LC4_A14 = DFFE( _LC2_A14, GLOBAL( CLK),  VCC,  VCC,  VCC);

-- Node name is '|LPM_DFF:14|dffs0' from file "lpm_dff.tdf" line 64, column 7
-- Equation name is '_LC7_A7', type is buried 
_LC7_A7  = DFFE( _LC1_A7, GLOBAL( CLK),  VCC,  VCC,  VCC);

-- Node name is '|LPM_DFF:14|dffs1' from file "lpm_dff.tdf" line 64, column 7
-- Equation name is '_LC2_C5', type is buried 
_LC2_C5  = DFFE( _LC1_C5, GLOBAL( CLK),  VCC,  VCC,  VCC);

-- Node name is '|LPM_DFF:14|dffs2' from file "lpm_dff.tdf" line 64, column 7
-- Equation name is '_LC6_B4', type is buried 
_LC6_B4  = DFFE( _LC1_B4, GLOBAL( CLK),  VCC,  VCC,  VCC);

-- Node name is '|LPM_DFF:14|dffs3' from file "lpm_dff.tdf" line 64, column 7
-- Equation name is '_LC2_A1', type is buried 
_LC2_A1  = DFFE( _LC3_A1, GLOBAL( CLK),  VCC,  VCC,  VCC);

-- Node name is '|LPM_DFF:14|dffs4' from file "lpm_dff.tdf" line 64, column 7
-- Equation name is '_LC2_B9', type is buried 
_LC2_B9  = DFFE( _LC1_B9, GLOBAL( CLK),  VCC,  VCC,  VCC);

-- Node name is '|LPM_DFF:14|dffs5' from file "lpm_dff.tdf" line 64, column 7
-- Equation name is '_LC4_B8', type is buried 
_LC4_B8  = DFFE( _LC1_B8, GLOBAL( CLK),  VCC,  VCC,  VCC);

-- Node name is '|LPM_DFF:14|dffs6' from file "lpm_dff.tdf" line 64, column 7
-- Equation name is '_LC7_C13', type is buried 
_LC7_C13 = DFFE( _LC1_C13, GLOBAL( CLK),  VCC,  VCC,  VCC);

-- Node name is '|LPM_DFF:14|dffs7' from file "lpm_dff.tdf" line 64, column 7
-- Equation name is '_LC1_A14', type is buried 
_LC1_A14 = DFFE( _LC4_A14, GLOBAL( CLK),  VCC,  VCC,  VCC);

-- Node name is '|rs:19|:5' = '|rs:19|Q' 
-- Equation name is '_LC6_C2', type is buried 
!_LC6_C2 = _LC6_C2~NOT;
_LC6_C2~NOT = LCELL( _EQ027);
  _EQ027 = !_LC6_C2 &  Query
         # !_LC5_C6 &  Query;

-- Node name is '|rs:21|:5' = '|rs:21|Q' 
-- Equation name is '_LC1_C2', type is buried 
!_LC1_C2 = _LC1_C2~NOT;
_LC1_C2~NOT = LCELL( _EQ028);
  _EQ028 =  _LC1_A3 & !_LC1_C2 &  _LC6_C2
         #  _LC1_A3 & !_LC5_C6 &  _LC6_C2;



Project Information                   c:\program files\max2work\19_1_video.rpt

** COMPILATION SETTINGS & TIMES **

Processing Menu Commands
------------------------

Design Doctor                             = off

Logic Synthesis:

   Synthesis Type Used                    = Multi-Level

   Default Synthesis Style                = NORMAL

      Logic option settings in 'NORMAL' style for 'FLEX10K' family

      CARRY_CHAIN                         = ignore
      CARRY_CHAIN_LENGTH                  = 32
      CASCADE_CHAIN                       = ignore
      CASCADE_CHAIN_LENGTH                = 2
      DECOMPOSE_GATES                     = on
      DUPLICATE_LOGIC_EXTRACTION          = on
      MINIMIZATION                        = full
      MULTI_LEVEL_FACTORING               = on
      NOT_GATE_PUSH_BACK                  = on
      REDUCE_LOGIC                        = on
      REFACTORIZATION                     = on
      REGISTER_OPTIMIZATION               = on
      RESYNTHESIZE_NETWORK                = on
      SLOW_SLEW_RATE                      = off
      SUBFACTOR_EXTRACTION                = on
      IGNORE_SOFT_BUFFERS                 = on
      USE_LPM_FOR_AHDL_OPERATORS          = off

   Other logic synthesis settings:

      Automatic Global Clock              = on
      Automatic Global Clear              = on
      Automatic Global Preset             = on
      Automatic Global Output Enable      = on
      Automatic Fast I/O                  = off
      Automatic Register Packing          = off
      Automatic Open-Drain Pins           = on
      Automatic Implement in EAB          = off
      Optimize                            = 5

Default Timing Specifications: None

Cut All Bidir Feedback Timing Paths       = on
Cut All Clear & Preset Timing Paths       = on

Ignore Timing Assignments                 = off

Functional SNF Extractor                  = off

Linked SNF Extractor                      = off
Timing SNF Extractor                      = on
Optimize Timing SNF                       = off
Generate AHDL TDO File                    = off
Fitter Settings                           = NORMAL
Smart Recompile                           = off
Total Recompile                           = off

Interfaces Menu Commands
------------------------

EDIF Netlist Writer                       = off
Verilog Netlist Writer                    = off
VHDL Netlist Writer                       = off

Compilation Times
-----------------

   Compiler Netlist Extractor             00:00:00
   Database Builder                       00:00:00
   Logic Synthesizer                      00:00:00
   Partitioner                            00:00:00
   Fitter                                 00:00:00
   Timing SNF Extractor                   00:00:00
   Assembler                              00:00:00
   --------------------------             --------
   Total Time                             00:00:00


Memory Allocated
-----------------

Peak memory allocated during compilation  = 17,891K
