Project Information                                       z:\lab19\lab19_2.rpt

MAX+plus II Compiler Report File
Version 9.01 07/30/98
Compiled: 02/03/21 06:24:23

Copyright (C) 1988-1998 Altera Corporation
Any megafunction design, and related net list (encrypted or decrypted),
support information, device programming or simulation file, and any other
associated documentation or information provided by Altera or a partner
under Altera's Megafunction Partnership Program may be used only to
program PLD devices (but not masked PLD devices) from Altera.  Any other
use of such megafunction design, net list, support information, device
programming or simulation file, or any other related documentation or
information is prohibited for any other purpose, including, but not
limited to modification, reverse engineering, de-compiling, or use with
any other silicon devices, unless such use is explicitly licensed under
a separate agreement with Altera or a megafunction partner.  Title to
the intellectual property, including patents, copyrights, trademarks,
trade secrets, or maskworks, embodied in any such megafunction design,
net list, support information, device programming or simulation file, or
any other related documentation or information provided by Altera or a
megafunction partner, remains with Altera, the megafunction partner, or
their respective licensors.  No other licenses, including any licenses
needed under any third party's intellectual property, are provided herein.



***** Project compilation was successful


LAB19_2


** DEVICE SUMMARY **

Chip/                     Input Output Bidir  Memory  Memory  			 LCs
POF       Device          Pins  Pins   Pins   Bits % Utilized  LCs  % Utilized

lab19_2   EPF10K30ETC144-1 18     0      10   0         0  %    88       5  %

User Pins:                 18     0      10 



Project Information                                       z:\lab19\lab19_2.rpt

** PROJECT TIMING MESSAGES **

Warning: Timing characteristics of device EPF10K30ETC144-1 are preliminary


Device-Specific Information:                              z:\lab19\lab19_2.rpt
lab19_2

***** Logic for device 'lab19_2' compiled without errors.




Device: EPF10K30ETC144-1

FLEX 10K Configuration Scheme: Passive Serial

Device Options:
    User-Supplied Start-Up Clock               = OFF
    Auto-Restart Configuration on Frame Error  = OFF
    Release Clears Before Tri-States           = OFF
    Enable Chip_Wide Reset                     = OFF
    Enable Chip-Wide Output Enable             = OFF
    Enable INIT_DONE Output                    = OFF
    JTAG User Code                             = 7f
    MultiVolt I/O                              = OFF




           ---------------------------------------------------------
            Report File contains advance information.    
            Specifications for 'EPF10K30ETC144-1' are subject to change.       
            Contact Altera Marketing for availability.    
           ---------------------------------------------------------
                                                                                         
                                                                                         
                R R R R R   R R R R   R R R R   R           R R R R   R R   R R   R      
                E E E E E   E E E E   E E E E   E           E E E E   E E   E E   E S    
                S S S S S   S S S S   S S S S   S         V S S S S   S S   S S   S y    
                E E E E E   E E E E V E E E E   E   Q     C E E E E   E E V E E   E n D  
                R R R R R   R R R R C R R R R   R   u K K C R R R R   R R C R R   R c a  
                V V V V V G V V V V C V V V V G V G e K K I V V V V   V V C V V   V h t  
                E E E E E N E E E E I E E E E N E N r S S N E E E E Q E E I E E Q E r a  
                D D D D D D D D D D O D D D D D D D y 4 7 T D D D D 0 D D O D D 1 D o 0  
              --------------------------------------------------------------------------_ 
             / 144 142 140 138 136 134 132 130 128 126 124 122 120 118 116 114 112 110   |_ 
            /    143 141 139 137 135 133 131 129 127 125 123 121 119 117 115 113 111 109    | 
      #TCK |  1                                                                         108 | ^DATA0 
^CONF_DONE |  2                                                                         107 | ^DCLK 
     ^nCEO |  3                                                                         106 | ^nCE 
      #TDO |  4                                                                         105 | #TDI 
     VCCIO |  5                                                                         104 | GND 
    VCCINT |  6                                                                         103 | GND 
     Data7 |  7                                                                         102 | Get 
     Data6 |  8                                                                         101 | Q6 
  RESERVED |  9                                                                         100 | Q7 
  RESERVED | 10                                                                          99 | RESERVED 
  RESERVED | 11                                                                          98 | RESERVED 
  RESERVED | 12                                                                          97 | RESERVED 
  RESERVED | 13                                                                          96 | RESERVED 
  RESERVED | 14                                                                          95 | RESERVED 
       GND | 15                                                                          94 | VCCIO 
       GND | 16                                                                          93 | VCCINT 
  RESERVED | 17                                                                          92 | RESERVED 
  RESERVED | 18                                                                          91 | RESERVED 
  RESERVED | 19                            EPF10K30ETC144-1                              90 | RESERVED 
  RESERVED | 20                                                                          89 | RESERVED 
  RESERVED | 21                                                                          88 | RESERVED 
  RESERVED | 22                                                                          87 | RESERVED 
  RESERVED | 23                                                                          86 | RESERVED 
     VCCIO | 24                                                                          85 | GND 
    VCCINT | 25                                                                          84 | GND 
  RESERVED | 26                                                                          83 | RESERVED 
  RESERVED | 27                                                                          82 | Data2 
  RESERVED | 28                                                                          81 | Data5 
  RESERVED | 29                                                                          80 | Data4 
      KKS3 | 30                                                                          79 | Data3 
      KKS2 | 31                                                                          78 | Data1 
      KKS1 | 32                                                                          77 | ^MSEL0 
      KKS0 | 33                                                                          76 | ^MSEL1 
      #TMS | 34                                                                          75 | VCCINT 
  ^nSTATUS | 35                                                                          74 | ^nCONFIG 
  RESERVED | 36                                                                          73 | RESERVED 
           |      38  40  42  44  46  48  50  52  54  56  58  60  62  64  66  68  70  72  _| 
            \   37  39  41  43  45  47  49  51  53  55  57  59  61  63  65  67  69  71   | 
             \--------------------------------------------------------------------------- 
                R R R G R R R R V R R R R G R V V K C K G G R R V Q R R Q G Q Q R R V R  
                E E E N E E E E C E E E E N E C C K L K N N E E C 5 E E 2 N 4 3 E E C E  
                S S S D S S S S C S S S S D S C C S K S D D S S C   S S   D     S S C S  
                E E E   E E E E I E E E E   E I I 6   5     E E I   E E         E E I E  
                R R R   R R R R O R R R R   R N N           R R O   R R         R R O R  
                V V V   V V V V   V V V V   V T T           V V     V V         V V   V  
                E E E   E E E E   E E E E   E               E E     E E         E E   E  
                D D D   D D D D   D D D D   D               D D     D D         D D   D  
                                                                                         
                                                                                         


N.C. = Not Connected.
VCCINT = Dedicated power pin, which MUST be connected to VCC (2.5 volts).
VCCIO = Dedicated power pin, which MUST be connected to VCC (2.5 volts).
GND = Dedicated ground pin or unused dedicated input, which MUST be connected to GND.
RESERVED = Unused I/O pin, which MUST be left unconnected.

^ = Dedicated configuration pin.
+ = Reserved configuration pin, which is tri-stated during user mode.
* = Reserved configuration pin, which drives out in user mode.
PDn = Power Down pin. 
@ = Special-purpose pin. 
# = JTAG Boundary-Scan Testing/In-System Programming or Configuration Pin. The JTAG inputs (TMS, TCK, TDI) should be tied to VCC when not in use.
& = JTAG pin used for I/O. When used as user I/O, JTAG pins must be kept stable before and during configuration.  JTAG pin stability prevents accidental loading of JTAG instructions.
$ = Pin has PCI I/O option enabled. Pin is neither '5.0 V'- nor '3.3 V'-tolerant. 


Device-Specific Information:                              z:\lab19\lab19_2.rpt
lab19_2

** RESOURCE USAGE **

Logic                Column       Row                                   
Array                Interconnect Interconnect         Clears/     External  
Block   Logic Cells  Driven       Driven       Clocks  Presets   Interconnect
A1       3/ 8( 37%)   2/ 8( 25%)   2/ 8( 25%)    1/2    0/2       9/22( 40%)   
A3       6/ 8( 75%)   1/ 8( 12%)   0/ 8(  0%)    1/2    0/2       1/22(  4%)   
A4       8/ 8(100%)   0/ 8(  0%)   1/ 8( 12%)    1/2    0/2       2/22(  9%)   
A5       8/ 8(100%)   0/ 8(  0%)   1/ 8( 12%)    1/2    0/2       2/22(  9%)   
A6       1/ 8( 12%)   0/ 8(  0%)   1/ 8( 12%)    1/2    0/2       4/22( 18%)   
A12      8/ 8(100%)   0/ 8(  0%)   3/ 8( 37%)    1/2    0/2       8/22( 36%)   
A13      3/ 8( 37%)   0/ 8(  0%)   2/ 8( 25%)    0/2    0/2       6/22( 27%)   
A14      1/ 8( 12%)   0/ 8(  0%)   1/ 8( 12%)    1/2    0/2       2/22(  9%)   
A15      1/ 8( 12%)   0/ 8(  0%)   1/ 8( 12%)    0/2    0/2       4/22( 18%)   
A16      1/ 8( 12%)   0/ 8(  0%)   1/ 8( 12%)    0/2    0/2       4/22( 18%)   
A17      1/ 8( 12%)   0/ 8(  0%)   1/ 8( 12%)    0/2    0/2       4/22( 18%)   
A18      1/ 8( 12%)   0/ 8(  0%)   1/ 8( 12%)    0/2    0/2       2/22(  9%)   
F2       6/ 8( 75%)   2/ 8( 25%)   0/ 8(  0%)    1/2    0/2      15/22( 68%)   
F7       8/ 8(100%)   1/ 8( 12%)   1/ 8( 12%)    1/2    0/2       2/22(  9%)   
F8       8/ 8(100%)   1/ 8( 12%)   1/ 8( 12%)    1/2    0/2       2/22(  9%)   
F9       8/ 8(100%)   1/ 8( 12%)   1/ 8( 12%)    1/2    0/2       2/22(  9%)   
F10      8/ 8(100%)   1/ 8( 12%)   1/ 8( 12%)    1/2    0/2       2/22(  9%)   
F11      8/ 8(100%)   1/ 8( 12%)   1/ 8( 12%)    1/2    0/2       2/22(  9%)   


Embedded             Column       Row                                   
Array     Embedded   Interconnect Interconnect         Read/      External  
Block     Cells      Driven       Driven       Clocks  Write    Interconnect


Total dedicated input pins used:                 6/6      (100%)
Total I/O pins used:                            22/96     ( 22%)
Total logic cells used:                         88/1728   (  5%)
Total embedded cells used:                       0/96     (  0%)
Total EABs used:                                 0/6      (  0%)
Average fan-in:                                 1.95/4    ( 48%)
Total fan-in:                                 172/6912    (  2%)

Total input pins required:                      18
Total input I/O cell registers required:         0
Total output pins required:                      0
Total output I/O cell registers required:        0
Total buried I/O cell registers required:        0
Total bidirectional pins required:              10
Total reserved pins required                     0
Total logic cells required:                     88
Total flipflops required:                       69
Total packed registers required:                 0
Total logic cells in carry chains:               0
Total number of carry chains:                    0
Total logic cells in cascade chains:             0
Total number of cascade chains:                  0
Total single-pin Clock Enables required:         0
Total single-pin Output Enables required:        0

Synthesized logic cells:                         8/1728   (  0%)

Logic Cell and Embedded Cell Counts

Column:  01  02  03  04  05  06  07  08  09  10  11  12  13  14  15  16  17  18  EA  19  20  21  22  23  24  25  26  27  28  29  30  31  32  33  34  35  36  Total(LC/EC)
 A:      3   0   6   8   8   1   0   0   0   0   0   8   3   1   1   1   1   1   0   0   0   0   0   0   0   0   0   0   0   0   0   0   0   0   0   0   0     42/0  
 B:      0   0   0   0   0   0   0   0   0   0   0   0   0   0   0   0   0   0   0   0   0   0   0   0   0   0   0   0   0   0   0   0   0   0   0   0   0      0/0  
 C:      0   0   0   0   0   0   0   0   0   0   0   0   0   0   0   0   0   0   0   0   0   0   0   0   0   0   0   0   0   0   0   0   0   0   0   0   0      0/0  
 D:      0   0   0   0   0   0   0   0   0   0   0   0   0   0   0   0   0   0   0   0   0   0   0   0   0   0   0   0   0   0   0   0   0   0   0   0   0      0/0  
 E:      0   0   0   0   0   0   0   0   0   0   0   0   0   0   0   0   0   0   0   0   0   0   0   0   0   0   0   0   0   0   0   0   0   0   0   0   0      0/0  
 F:      0   6   0   0   0   0   8   8   8   8   8   0   0   0   0   0   0   0   0   0   0   0   0   0   0   0   0   0   0   0   0   0   0   0   0   0   0     46/0  

Total:   3   6   6   8   8   1   8   8   8   8   8   8   3   1   1   1   1   1   0   0   0   0   0   0   0   0   0   0   0   0   0   0   0   0   0   0   0     88/0  



Device-Specific Information:                              z:\lab19\lab19_2.rpt
lab19_2

** INPUTS **

                                                    Fan-In    Fan-Out
 Pin     LC     EC   Row  Col  Primitive    Code      INP  FBK  OUT  FBK  Name
  55      -     -    -    --      INPUT  G              0    0    0    0  CLK
 109      -     -    -    01      INPUT                 0    0    0    1  Data0
  78      -     -    F    --      INPUT                 0    0    0    1  Data1
  82      -     -    F    --      INPUT                 0    0    0    1  Data2
  79      -     -    F    --      INPUT                 0    0    0    1  Data3
  80      -     -    F    --      INPUT                 0    0    0    1  Data4
  81      -     -    F    --      INPUT                 0    0    0    1  Data5
   8      -     -    A    --      INPUT                 0    0    0    1  Data6
   7      -     -    A    --      INPUT                 0    0    0    1  Data7
 102      -     -    A    --      BIDIR                 0    1    0    0  Get
  33      -     -    F    --      INPUT                 0    0    0    1  KKS0
  32      -     -    F    --      INPUT                 0    0    0    1  KKS1
  31      -     -    F    --      INPUT                 0    0    0    1  KKS2
  30      -     -    F    --      INPUT                 0    0    0    1  KKS3
 125      -     -    -    --      INPUT                 0    0    0    1  KKS4
  56      -     -    -    --      INPUT                 0    0    0    1  KKS5
  54      -     -    -    --      INPUT                 0    0    0    1  KKS6
 124      -     -    -    --      INPUT                 0    0    0    1  KKS7
 126      -     -    -    --      INPUT                 0    0    0    3  Query
 118      -     -    -    09      BIDIR                 0    1    0    0  Q0
 112      -     -    -    04      BIDIR                 0    1    0    0  Q1
  65      -     -    -    09      BIDIR                 0    1    0    0  Q2
  68      -     -    -    07      BIDIR                 0    1    0    0  Q3
  67      -     -    -    08      BIDIR                 0    1    0    0  Q4
  62      -     -    -    12      BIDIR                 0    1    0    0  Q5
 101      -     -    A    --      BIDIR                 0    1    0    0  Q6
 100      -     -    A    --      BIDIR                 0    1    0    0  Q7
 110      -     -    -    02      BIDIR                 0    1    0    0  Synchro


Code:

s = Synthesized pin or logic cell
+ = Synchronous flipflop
/ = Slow slew-rate output
! = NOT gate push-back
r = Fitter-inserted logic cell
* = PCI I/O is enabled
@ = Uses single-pin Clock Enable
& = Uses single-pin Output Enable
G = Global Source. Fan-out destinations counted here do not include destinations
that are driven using global routing resources. Refer to the Auto Global Signals,
Clock Signals, Clear Signals, Synchronous Load Signals, and Synchronous Clear Signals
Sections of this Report File for information on which signals' fan-outs are used as
Clock, Clear, Preset, Output Enable, and synchronous Load signals.


Device-Specific Information:                              z:\lab19\lab19_2.rpt
lab19_2

** OUTPUTS **

       Fed By Fed By                                Fan-In    Fan-Out
 Pin     LC     EC   Row  Col  Primitive    Code      INP  FBK  OUT  FBK  Name
 102      -     -    A    --        TRI                 0    1    0    0  Get
 118      -     -    -    09        TRI                 0    1    0    0  Q0
 112      -     -    -    04        TRI                 0    1    0    0  Q1
  65      -     -    -    09        TRI                 0    1    0    0  Q2
  68      -     -    -    07        TRI                 0    1    0    0  Q3
  67      -     -    -    08        TRI                 0    1    0    0  Q4
  62      -     -    -    12        TRI                 0    1    0    0  Q5
 101      -     -    A    --        TRI                 0    1    0    0  Q6
 100      -     -    A    --        TRI                 0    1    0    0  Q7
 110      -     -    -    02        TRI                 0    1    0    0  Synchro


Code:

s = Synthesized pin or logic cell
+ = Synchronous flipflop
/ = Slow slew-rate output
! = NOT gate push-back
r = Fitter-inserted logic cell
* = PCI I/O is enabled
@ = Uses single-pin Clock Enable
& = Uses single-pin Output Enable


Device-Specific Information:                              z:\lab19\lab19_2.rpt
lab19_2

** BURIED LOGIC **

                                                    Fan-In    Fan-Out
 IOC     LC     EC   Row  Col  Primitive    Code      INP  FBK  OUT  FBK  Name
   -      4     -    A    06       DFFE   +            0    4    1    0  :19
   -      8     -    A    05       DFFE   +            0    1    1    2  s77 (:30)
   -      6     -    A    04       DFFE   +            0    1    1    2  s76 (:31)
   -      7     -    F    11       DFFE   +            0    1    1    2  s75 (:32)
   -      1     -    F    08       DFFE   +            0    1    1    2  s74 (:33)
   -      1     -    F    07       DFFE   +            0    1    1    2  s73 (:34)
   -      2     -    F    09       DFFE   +            0    1    1    2  s72 (:35)
   -      1     -    A    03       DFFE   +            0    1    1    2  s71 (:36)
   -      2     -    F    10       DFFE   +            0    1    1    2  s70 (:37)
   -      4     -    A    05       DFFE   +            1    2    0    1  s07 (:38)
   -      4     -    A    04       DFFE   +            1    2    0    1  s06 (:39)
   -      4     -    F    11       DFFE   +            1    2    0    1  s05 (:40)
   -      5     -    F    08       DFFE   +            1    2    0    1  s04 (:41)
   -      5     -    F    07       DFFE   +            1    2    0    1  s03 (:42)
   -      5     -    F    09       DFFE   +            1    2    0    1  s02 (:43)
   -      6     -    F    02       DFFE   +            1    2    0    1  s01 (:44)
   -      5     -    F    10       DFFE   +            1    2    0    1  s00 (:45)
   -      3     -    A    05       DFFE   +            0    1    0    1  s17 (:46)
   -      5     -    A    04       DFFE   +            0    1    0    1  s16 (:47)
   -      5     -    F    11       DFFE   +            0    1    0    1  s15 (:48)
   -      6     -    F    08       DFFE   +            0    1    0    1  s14 (:49)
   -      7     -    F    07       DFFE   +            0    1    0    1  s13 (:50)
   -      7     -    F    09       DFFE   +            0    1    0    1  s12 (:51)
   -      2     -    F    02       DFFE   +            0    1    0    1  s11 (:52)
   -      8     -    F    10       DFFE   +            0    1    0    1  s10 (:53)
   -      7     -    A    05       DFFE   +            0    1    0    1  s27 (:54)
   -      8     -    A    04       DFFE   +            0    1    0    1  s26 (:55)
   -      8     -    F    11       DFFE   +            0    1    0    1  s25 (:56)
   -      8     -    F    08       DFFE   +            0    1    0    1  s24 (:57)
   -      8     -    F    07       DFFE   +            0    1    0    1  s23 (:58)
   -      8     -    F    09       DFFE   +            0    1    0    1  s22 (:59)
   -      6     -    A    03       DFFE   +            0    1    0    1  s21 (:60)
   -      7     -    F    10       DFFE   +            0    1    0    1  s20 (:61)
   -      5     -    A    05       DFFE   +            0    1    0    1  s37 (:62)
   -      7     -    A    04       DFFE   +            0    1    0    1  s36 (:63)
   -      6     -    F    11       DFFE   +            0    1    0    1  s35 (:64)
   -      7     -    F    08       DFFE   +            0    1    0    1  s34 (:65)
   -      6     -    F    07       DFFE   +            0    1    0    1  s33 (:66)
   -      6     -    F    09       DFFE   +            0    1    0    1  s32 (:67)
   -      5     -    A    03       DFFE   +            0    1    0    1  s31 (:68)
   -      6     -    F    10       DFFE   +            0    1    0    1  s30 (:69)
   -      6     -    A    05       DFFE   +            0    1    0    1  s47 (:70)
   -      3     -    A    04       DFFE   +            0    1    0    1  s46 (:71)
   -      3     -    F    11       DFFE   +            0    1    0    1  s45 (:72)
   -      4     -    F    08       DFFE   +            0    1    0    1  s44 (:73)
   -      3     -    F    07       DFFE   +            0    1    0    1  s43 (:74)
   -      3     -    F    09       DFFE   +            0    1    0    1  s42 (:75)
   -      3     -    A    03       DFFE   +            0    1    0    1  s41 (:76)
   -      3     -    F    10       DFFE   +            0    1    0    1  s40 (:77)
   -      2     -    A    05       DFFE   +            0    1    0    1  s57 (:78)
   -      1     -    A    04       DFFE   +            0    1    0    1  s56 (:79)
   -      1     -    F    11       DFFE   +            0    1    0    1  s55 (:80)
   -      2     -    F    08       DFFE   +            0    1    0    1  s54 (:81)
   -      2     -    F    07       DFFE   +            0    1    0    1  s53 (:82)
   -      1     -    F    09       DFFE   +            0    1    0    1  s52 (:83)
   -      2     -    A    03       DFFE   +            0    1    0    1  s51 (:84)
   -      1     -    F    10       DFFE   +            0    1    0    1  s50 (:85)
   -      1     -    A    05       DFFE   +            0    1    0    1  s67 (:86)
   -      2     -    A    04       DFFE   +            0    1    0    1  s66 (:87)
   -      2     -    F    11       DFFE   +            0    1    0    1  s65 (:88)
   -      3     -    F    08       DFFE   +            0    1    0    1  s64 (:89)
   -      4     -    F    07       DFFE   +            0    1    0    1  s63 (:90)
   -      4     -    F    09       DFFE   +            0    1    0    1  s62 (:91)
   -      4     -    A    03       DFFE   +            0    1    0    1  s61 (:92)
   -      4     -    F    10       DFFE   +            0    1    0    1  s60 (:93)
   -      1     -    A    14       DFFE   +            1    1    0    7  count3 (:111)
   -      4     -    A    01       DFFE   +            0    3    0    7  count2 (:112)
   -      5     -    A    12       DFFE   +            0    4    0    8  count1 (:113)
   -      6     -    A    12       DFFE   +            0    4    0    8  count0 (:114)
   -      5     -    F    02        OR2    s           2    2    0    1  ~662~1
   -      4     -    F    02        OR2    s           2    2    0    1  ~662~2
   -      3     -    F    02        OR2    s           2    2    0    1  ~662~3
   -      1     -    A    01        OR2    s           2    2    0    1  ~662~4
   -      1     -    F    02        OR2        !       0    4    1    3  :662
   -      1     -    A    15        OR2        !       0    4    0    4  :699
   -      2     -    A    16       AND2                0    4    0    4  :705
   -      2     -    A    17        OR2        !       0    4    0    3  :711
   -      2     -    A    12       AND2                0    4    0    3  :717
   -      3     -    A    12        OR2        !       0    4    0    3  :723
   -      4     -    A    12       AND2                0    4    0    3  :729
   -      3     -    A    13        OR2        !       0    4    0    2  :735
   -      1     -    A    13        OR2    s   !       1    2    0    4  ~3037~1
   -      1     -    A    12        OR2    s           0    4    0    3  ~3037~2
   -      3     -    A    01       AND2    s   !       0    4    0    8  ~3229~1
   -      1     -    A    18        OR2    s   !       0    2    0    2  ~4623~1
   -      7     -    A    12        OR2                0    4    0    1  :4633
   -      2     -    A    13        OR2                1    3    0    1  :4656
   -      8     -    A    12        OR2                0    4    0    1  :4660


Code:

s = Synthesized pin or logic cell
+ = Synchronous flipflop
/ = Slow slew-rate output
! = NOT gate push-back
r = Fitter-inserted logic cell
* = PCI I/O is enabled
p = Packed register


Device-Specific Information:                              z:\lab19\lab19_2.rpt
lab19_2

** FASTTRACK INTERCONNECT UTILIZATION **

Row FastTrack Interconnect:

          Global         Left Half-      Right Half-
         FastTrack       FastTrack       FastTrack 
Row     Interconnect    Interconnect    Interconnect    Input Pins     Output Pins     Bidir Pins
A:       2/144(  1%)    17/ 72( 23%)     0/ 72(  0%)    2/16( 12%)      0/16(  0%)     3/16( 18%)
B:       0/144(  0%)     0/ 72(  0%)     0/ 72(  0%)    0/16(  0%)      0/16(  0%)     0/16(  0%)
C:       0/144(  0%)     0/ 72(  0%)     0/ 72(  0%)    0/16(  0%)      0/16(  0%)     0/16(  0%)
D:       0/144(  0%)     0/ 72(  0%)     0/ 72(  0%)    0/16(  0%)      0/16(  0%)     0/16(  0%)
E:       0/144(  0%)     0/ 72(  0%)     0/ 72(  0%)    0/16(  0%)      0/16(  0%)     0/16(  0%)
F:       9/144(  6%)     9/ 72( 12%)     0/ 72(  0%)    9/16( 56%)      0/16(  0%)     0/16(  0%)


Column FastTrack Interconnect:

         FastTrack                                 
Column  Interconnect    Input Pins     Output Pins     Bidir Pins
01:      2/24(  8%)     1/4( 25%)      0/4(  0%)       0/4(  0%)
02:      4/24( 16%)     0/4(  0%)      0/4(  0%)       1/4( 25%)
03:      0/24(  0%)     0/4(  0%)      0/4(  0%)       0/4(  0%)
04:      1/24(  4%)     0/4(  0%)      0/4(  0%)       1/4( 25%)
05:      0/24(  0%)     0/4(  0%)      0/4(  0%)       0/4(  0%)
06:      0/24(  0%)     0/4(  0%)      0/4(  0%)       0/4(  0%)
07:      1/24(  4%)     0/4(  0%)      0/4(  0%)       1/4( 25%)
08:      1/24(  4%)     0/4(  0%)      0/4(  0%)       1/4( 25%)
09:      2/24(  8%)     0/4(  0%)      0/4(  0%)       2/4( 50%)
10:      0/24(  0%)     0/4(  0%)      0/4(  0%)       0/4(  0%)
11:      0/24(  0%)     0/4(  0%)      0/4(  0%)       0/4(  0%)
12:      1/24(  4%)     0/4(  0%)      0/4(  0%)       1/4( 25%)
13:      0/24(  0%)     0/4(  0%)      0/4(  0%)       0/4(  0%)
14:      0/24(  0%)     0/4(  0%)      0/4(  0%)       0/4(  0%)
15:      0/24(  0%)     0/4(  0%)      0/4(  0%)       0/4(  0%)
16:      0/24(  0%)     0/4(  0%)      0/4(  0%)       0/4(  0%)
17:      0/24(  0%)     0/4(  0%)      0/4(  0%)       0/4(  0%)
18:      0/24(  0%)     0/4(  0%)      0/4(  0%)       0/4(  0%)
19:      0/24(  0%)     0/4(  0%)      0/4(  0%)       0/4(  0%)
20:      0/24(  0%)     0/4(  0%)      0/4(  0%)       0/4(  0%)
21:      0/24(  0%)     0/4(  0%)      0/4(  0%)       0/4(  0%)
22:      0/24(  0%)     0/4(  0%)      0/4(  0%)       0/4(  0%)
23:      0/24(  0%)     0/4(  0%)      0/4(  0%)       0/4(  0%)
24:      0/24(  0%)     0/4(  0%)      0/4(  0%)       0/4(  0%)
25:      0/24(  0%)     0/4(  0%)      0/4(  0%)       0/4(  0%)
26:      0/24(  0%)     0/4(  0%)      0/4(  0%)       0/4(  0%)
27:      0/24(  0%)     0/4(  0%)      0/4(  0%)       0/4(  0%)
28:      0/24(  0%)     0/4(  0%)      0/4(  0%)       0/4(  0%)
29:      0/24(  0%)     0/4(  0%)      0/4(  0%)       0/4(  0%)
30:      0/24(  0%)     0/4(  0%)      0/4(  0%)       0/4(  0%)
31:      0/24(  0%)     0/4(  0%)      0/4(  0%)       0/4(  0%)
32:      0/24(  0%)     0/4(  0%)      0/4(  0%)       0/4(  0%)
33:      0/24(  0%)     0/4(  0%)      0/4(  0%)       0/4(  0%)
34:      0/24(  0%)     0/4(  0%)      0/4(  0%)       0/4(  0%)
35:      0/24(  0%)     0/4(  0%)      0/4(  0%)       0/4(  0%)
36:      0/24(  0%)     0/4(  0%)      0/4(  0%)       0/4(  0%)
EA:      0/24(  0%)     0/4(  0%)      0/4(  0%)       0/4(  0%)


Device-Specific Information:                              z:\lab19\lab19_2.rpt
lab19_2

** CLOCK SIGNALS **

Type     Fan-out       Name
INPUT       69         CLK


Device-Specific Information:                              z:\lab19\lab19_2.rpt
lab19_2

** EQUATIONS **

CLK      : INPUT;
Data0    : INPUT;
Data1    : INPUT;
Data2    : INPUT;
Data3    : INPUT;
Data4    : INPUT;
Data5    : INPUT;
Data6    : INPUT;
Data7    : INPUT;
KKS0     : INPUT;
KKS1     : INPUT;
KKS2     : INPUT;
KKS3     : INPUT;
KKS4     : INPUT;
KKS5     : INPUT;
KKS6     : INPUT;
KKS7     : INPUT;
Query    : INPUT;

-- Node name is ':114' = 'count0' 
-- Equation name is 'count0', location is LC6_A12, type is buried.
count0   = DFFE( _EQ001, GLOBAL( CLK),  VCC,  VCC,  VCC);
  _EQ001 = !_LC1_A15 & !_LC2_A17 &  _LC8_A12
         # !_LC1_A15 &  _LC2_A16;

-- Node name is ':113' = 'count1' 
-- Equation name is 'count1', location is LC5_A12, type is buried.
count1   = DFFE( _EQ002, GLOBAL( CLK),  VCC,  VCC,  VCC);
  _EQ002 = !_LC2_A12 & !_LC2_A17 &  _LC7_A12
         # !_LC1_A18;

-- Node name is ':112' = 'count2' 
-- Equation name is 'count2', location is LC4_A1, type is buried.
count2   = DFFE( _EQ003, GLOBAL( CLK),  VCC,  VCC,  VCC);
  _EQ003 =  count2 & !_LC1_A13 &  _LC1_A18
         #  _LC1_A12 &  _LC1_A18;

-- Node name is ':111' = 'count3' 
-- Equation name is 'count3', location is LC1_A14, type is buried.
count3   = DFFE( _EQ004, GLOBAL( CLK),  VCC,  VCC,  VCC);
  _EQ004 =  count3 & !Query
         #  count3 & !_LC1_F2;

-- Node name is 'Get' 
-- Equation name is 'Get', type is bidir 
Get      = TRI(_LC4_A6,  VCC);

-- Node name is 'Q0' 
-- Equation name is 'Q0', type is bidir 
Q0       = TRI(s70,  VCC);

-- Node name is 'Q1' 
-- Equation name is 'Q1', type is bidir 
Q1       = TRI(s71,  VCC);

-- Node name is 'Q2' 
-- Equation name is 'Q2', type is bidir 
Q2       = TRI(s72,  VCC);

-- Node name is 'Q3' 
-- Equation name is 'Q3', type is bidir 
Q3       = TRI(s73,  VCC);

-- Node name is 'Q4' 
-- Equation name is 'Q4', type is bidir 
Q4       = TRI(s74,  VCC);

-- Node name is 'Q5' 
-- Equation name is 'Q5', type is bidir 
Q5       = TRI(s75,  VCC);

-- Node name is 'Q6' 
-- Equation name is 'Q6', type is bidir 
Q6       = TRI(s76,  VCC);

-- Node name is 'Q7' 
-- Equation name is 'Q7', type is bidir 
Q7       = TRI(s77,  VCC);

-- Node name is 'Synchro' 
-- Equation name is 'Synchro', type is bidir 
Synchro  = TRI(_LC1_F2,  VCC);

-- Node name is ':45' = 's00' 
-- Equation name is 's00', location is LC5_F10, type is buried.
s00      = DFFE( _EQ005, GLOBAL( CLK),  VCC,  VCC,  VCC);
  _EQ005 =  Data0 &  _LC3_A1
         # !_LC3_A1 &  s70;

-- Node name is ':44' = 's01' 
-- Equation name is 's01', location is LC6_F2, type is buried.
s01      = DFFE( _EQ006, GLOBAL( CLK),  VCC,  VCC,  VCC);
  _EQ006 =  Data1 &  _LC3_A1
         # !_LC3_A1 &  s71;

-- Node name is ':43' = 's02' 
-- Equation name is 's02', location is LC5_F9, type is buried.
s02      = DFFE( _EQ007, GLOBAL( CLK),  VCC,  VCC,  VCC);
  _EQ007 =  Data2 &  _LC3_A1
         # !_LC3_A1 &  s72;

-- Node name is ':42' = 's03' 
-- Equation name is 's03', location is LC5_F7, type is buried.
s03      = DFFE( _EQ008, GLOBAL( CLK),  VCC,  VCC,  VCC);
  _EQ008 =  Data3 &  _LC3_A1
         # !_LC3_A1 &  s73;

-- Node name is ':41' = 's04' 
-- Equation name is 's04', location is LC5_F8, type is buried.
s04      = DFFE( _EQ009, GLOBAL( CLK),  VCC,  VCC,  VCC);
  _EQ009 =  Data4 &  _LC3_A1
         # !_LC3_A1 &  s74;

-- Node name is ':40' = 's05' 
-- Equation name is 's05', location is LC4_F11, type is buried.
s05      = DFFE( _EQ010, GLOBAL( CLK),  VCC,  VCC,  VCC);
  _EQ010 =  Data5 &  _LC3_A1
         # !_LC3_A1 &  s75;

-- Node name is ':39' = 's06' 
-- Equation name is 's06', location is LC4_A4, type is buried.
s06      = DFFE( _EQ011, GLOBAL( CLK),  VCC,  VCC,  VCC);
  _EQ011 =  Data6 &  _LC3_A1
         # !_LC3_A1 &  s76;

-- Node name is ':38' = 's07' 
-- Equation name is 's07', location is LC4_A5, type is buried.
s07      = DFFE( _EQ012, GLOBAL( CLK),  VCC,  VCC,  VCC);
  _EQ012 =  Data7 &  _LC3_A1
         # !_LC3_A1 &  s77;

-- Node name is ':53' = 's10' 
-- Equation name is 's10', location is LC8_F10, type is buried.
s10      = DFFE( s00, GLOBAL( CLK),  VCC,  VCC,  VCC);

-- Node name is ':52' = 's11' 
-- Equation name is 's11', location is LC2_F2, type is buried.
s11      = DFFE( s01, GLOBAL( CLK),  VCC,  VCC,  VCC);

-- Node name is ':51' = 's12' 
-- Equation name is 's12', location is LC7_F9, type is buried.
s12      = DFFE( s02, GLOBAL( CLK),  VCC,  VCC,  VCC);

-- Node name is ':50' = 's13' 
-- Equation name is 's13', location is LC7_F7, type is buried.
s13      = DFFE( s03, GLOBAL( CLK),  VCC,  VCC,  VCC);

-- Node name is ':49' = 's14' 
-- Equation name is 's14', location is LC6_F8, type is buried.
s14      = DFFE( s04, GLOBAL( CLK),  VCC,  VCC,  VCC);

-- Node name is ':48' = 's15' 
-- Equation name is 's15', location is LC5_F11, type is buried.
s15      = DFFE( s05, GLOBAL( CLK),  VCC,  VCC,  VCC);

-- Node name is ':47' = 's16' 
-- Equation name is 's16', location is LC5_A4, type is buried.
s16      = DFFE( s06, GLOBAL( CLK),  VCC,  VCC,  VCC);

-- Node name is ':46' = 's17' 
-- Equation name is 's17', location is LC3_A5, type is buried.
s17      = DFFE( s07, GLOBAL( CLK),  VCC,  VCC,  VCC);

-- Node name is ':61' = 's20' 
-- Equation name is 's20', location is LC7_F10, type is buried.
s20      = DFFE( s10, GLOBAL( CLK),  VCC,  VCC,  VCC);

-- Node name is ':60' = 's21' 
-- Equation name is 's21', location is LC6_A3, type is buried.
s21      = DFFE( s11, GLOBAL( CLK),  VCC,  VCC,  VCC);

-- Node name is ':59' = 's22' 
-- Equation name is 's22', location is LC8_F9, type is buried.
s22      = DFFE( s12, GLOBAL( CLK),  VCC,  VCC,  VCC);

-- Node name is ':58' = 's23' 
-- Equation name is 's23', location is LC8_F7, type is buried.
s23      = DFFE( s13, GLOBAL( CLK),  VCC,  VCC,  VCC);

-- Node name is ':57' = 's24' 
-- Equation name is 's24', location is LC8_F8, type is buried.
s24      = DFFE( s14, GLOBAL( CLK),  VCC,  VCC,  VCC);

-- Node name is ':56' = 's25' 
-- Equation name is 's25', location is LC8_F11, type is buried.
s25      = DFFE( s15, GLOBAL( CLK),  VCC,  VCC,  VCC);

-- Node name is ':55' = 's26' 
-- Equation name is 's26', location is LC8_A4, type is buried.
s26      = DFFE( s16, GLOBAL( CLK),  VCC,  VCC,  VCC);

-- Node name is ':54' = 's27' 
-- Equation name is 's27', location is LC7_A5, type is buried.
s27      = DFFE( s17, GLOBAL( CLK),  VCC,  VCC,  VCC);

-- Node name is ':69' = 's30' 
-- Equation name is 's30', location is LC6_F10, type is buried.
s30      = DFFE( s20, GLOBAL( CLK),  VCC,  VCC,  VCC);

-- Node name is ':68' = 's31' 
-- Equation name is 's31', location is LC5_A3, type is buried.
s31      = DFFE( s21, GLOBAL( CLK),  VCC,  VCC,  VCC);

-- Node name is ':67' = 's32' 
-- Equation name is 's32', location is LC6_F9, type is buried.
s32      = DFFE( s22, GLOBAL( CLK),  VCC,  VCC,  VCC);

-- Node name is ':66' = 's33' 
-- Equation name is 's33', location is LC6_F7, type is buried.
s33      = DFFE( s23, GLOBAL( CLK),  VCC,  VCC,  VCC);

-- Node name is ':65' = 's34' 
-- Equation name is 's34', location is LC7_F8, type is buried.
s34      = DFFE( s24, GLOBAL( CLK),  VCC,  VCC,  VCC);

-- Node name is ':64' = 's35' 
-- Equation name is 's35', location is LC6_F11, type is buried.
s35      = DFFE( s25, GLOBAL( CLK),  VCC,  VCC,  VCC);

-- Node name is ':63' = 's36' 
-- Equation name is 's36', location is LC7_A4, type is buried.
s36      = DFFE( s26, GLOBAL( CLK),  VCC,  VCC,  VCC);

-- Node name is ':62' = 's37' 
-- Equation name is 's37', location is LC5_A5, type is buried.
s37      = DFFE( s27, GLOBAL( CLK),  VCC,  VCC,  VCC);

-- Node name is ':77' = 's40' 
-- Equation name is 's40', location is LC3_F10, type is buried.
s40      = DFFE( s30, GLOBAL( CLK),  VCC,  VCC,  VCC);

-- Node name is ':76' = 's41' 
-- Equation name is 's41', location is LC3_A3, type is buried.
s41      = DFFE( s31, GLOBAL( CLK),  VCC,  VCC,  VCC);

-- Node name is ':75' = 's42' 
-- Equation name is 's42', location is LC3_F9, type is buried.
s42      = DFFE( s32, GLOBAL( CLK),  VCC,  VCC,  VCC);

-- Node name is ':74' = 's43' 
-- Equation name is 's43', location is LC3_F7, type is buried.
s43      = DFFE( s33, GLOBAL( CLK),  VCC,  VCC,  VCC);

-- Node name is ':73' = 's44' 
-- Equation name is 's44', location is LC4_F8, type is buried.
s44      = DFFE( s34, GLOBAL( CLK),  VCC,  VCC,  VCC);

-- Node name is ':72' = 's45' 
-- Equation name is 's45', location is LC3_F11, type is buried.
s45      = DFFE( s35, GLOBAL( CLK),  VCC,  VCC,  VCC);

-- Node name is ':71' = 's46' 
-- Equation name is 's46', location is LC3_A4, type is buried.
s46      = DFFE( s36, GLOBAL( CLK),  VCC,  VCC,  VCC);

-- Node name is ':70' = 's47' 
-- Equation name is 's47', location is LC6_A5, type is buried.
s47      = DFFE( s37, GLOBAL( CLK),  VCC,  VCC,  VCC);

-- Node name is ':85' = 's50' 
-- Equation name is 's50', location is LC1_F10, type is buried.
s50      = DFFE( s40, GLOBAL( CLK),  VCC,  VCC,  VCC);

-- Node name is ':84' = 's51' 
-- Equation name is 's51', location is LC2_A3, type is buried.
s51      = DFFE( s41, GLOBAL( CLK),  VCC,  VCC,  VCC);

-- Node name is ':83' = 's52' 
-- Equation name is 's52', location is LC1_F9, type is buried.
s52      = DFFE( s42, GLOBAL( CLK),  VCC,  VCC,  VCC);

-- Node name is ':82' = 's53' 
-- Equation name is 's53', location is LC2_F7, type is buried.
s53      = DFFE( s43, GLOBAL( CLK),  VCC,  VCC,  VCC);

-- Node name is ':81' = 's54' 
-- Equation name is 's54', location is LC2_F8, type is buried.
s54      = DFFE( s44, GLOBAL( CLK),  VCC,  VCC,  VCC);

-- Node name is ':80' = 's55' 
-- Equation name is 's55', location is LC1_F11, type is buried.
s55      = DFFE( s45, GLOBAL( CLK),  VCC,  VCC,  VCC);

-- Node name is ':79' = 's56' 
-- Equation name is 's56', location is LC1_A4, type is buried.
s56      = DFFE( s46, GLOBAL( CLK),  VCC,  VCC,  VCC);

-- Node name is ':78' = 's57' 
-- Equation name is 's57', location is LC2_A5, type is buried.
s57      = DFFE( s47, GLOBAL( CLK),  VCC,  VCC,  VCC);

-- Node name is ':93' = 's60' 
-- Equation name is 's60', location is LC4_F10, type is buried.
s60      = DFFE( s50, GLOBAL( CLK),  VCC,  VCC,  VCC);

-- Node name is ':92' = 's61' 
-- Equation name is 's61', location is LC4_A3, type is buried.
s61      = DFFE( s51, GLOBAL( CLK),  VCC,  VCC,  VCC);

-- Node name is ':91' = 's62' 
-- Equation name is 's62', location is LC4_F9, type is buried.
s62      = DFFE( s52, GLOBAL( CLK),  VCC,  VCC,  VCC);

-- Node name is ':90' = 's63' 
-- Equation name is 's63', location is LC4_F7, type is buried.
s63      = DFFE( s53, GLOBAL( CLK),  VCC,  VCC,  VCC);

-- Node name is ':89' = 's64' 
-- Equation name is 's64', location is LC3_F8, type is buried.
s64      = DFFE( s54, GLOBAL( CLK),  VCC,  VCC,  VCC);

-- Node name is ':88' = 's65' 
-- Equation name is 's65', location is LC2_F11, type is buried.
s65      = DFFE( s55, GLOBAL( CLK),  VCC,  VCC,  VCC);

-- Node name is ':87' = 's66' 
-- Equation name is 's66', location is LC2_A4, type is buried.
s66      = DFFE( s56, GLOBAL( CLK),  VCC,  VCC,  VCC);

-- Node name is ':86' = 's67' 
-- Equation name is 's67', location is LC1_A5, type is buried.
s67      = DFFE( s57, GLOBAL( CLK),  VCC,  VCC,  VCC);

-- Node name is ':37' = 's70' 
-- Equation name is 's70', location is LC2_F10, type is buried.
s70      = DFFE( s60, GLOBAL( CLK),  VCC,  VCC,  VCC);

-- Node name is ':36' = 's71' 
-- Equation name is 's71', location is LC1_A3, type is buried.
s71      = DFFE( s61, GLOBAL( CLK),  VCC,  VCC,  VCC);

-- Node name is ':35' = 's72' 
-- Equation name is 's72', location is LC2_F9, type is buried.
s72      = DFFE( s62, GLOBAL( CLK),  VCC,  VCC,  VCC);

-- Node name is ':34' = 's73' 
-- Equation name is 's73', location is LC1_F7, type is buried.
s73      = DFFE( s63, GLOBAL( CLK),  VCC,  VCC,  VCC);

-- Node name is ':33' = 's74' 
-- Equation name is 's74', location is LC1_F8, type is buried.
s74      = DFFE( s64, GLOBAL( CLK),  VCC,  VCC,  VCC);

-- Node name is ':32' = 's75' 
-- Equation name is 's75', location is LC7_F11, type is buried.
s75      = DFFE( s65, GLOBAL( CLK),  VCC,  VCC,  VCC);

-- Node name is ':31' = 's76' 
-- Equation name is 's76', location is LC6_A4, type is buried.
s76      = DFFE( s66, GLOBAL( CLK),  VCC,  VCC,  VCC);

-- Node name is ':30' = 's77' 
-- Equation name is 's77', location is LC8_A5, type is buried.
s77      = DFFE( s67, GLOBAL( CLK),  VCC,  VCC,  VCC);

-- Node name is ':19' 
-- Equation name is '_LC4_A6', type is buried 
_LC4_A6  = DFFE( _EQ013, GLOBAL( CLK),  VCC,  VCC,  VCC);
  _EQ013 =  _LC2_A16
         #  _LC1_A15
         #  _LC1_A12
         #  _LC1_A13;

-- Node name is '~662~1' 
-- Equation name is '~662~1', location is LC5_F2, type is buried.
-- synthesized logic cell 
_LC5_F2  = LCELL( _EQ014);
  _EQ014 = !KKS1 &  s71
         #  KKS1 & !s71
         # !KKS0 &  s70
         #  KKS0 & !s70;

-- Node name is '~662~2' 
-- Equation name is '~662~2', location is LC4_F2, type is buried.
-- synthesized logic cell 
_LC4_F2  = LCELL( _EQ015);
  _EQ015 = !KKS3 &  s73
         #  KKS3 & !s73
         # !KKS2 &  s72
         #  KKS2 & !s72;

-- Node name is '~662~3' 
-- Equation name is '~662~3', location is LC3_F2, type is buried.
-- synthesized logic cell 
_LC3_F2  = LCELL( _EQ016);
  _EQ016 = !KKS5 &  s75
         #  KKS5 & !s75
         # !KKS4 &  s74
         #  KKS4 & !s74;

-- Node name is '~662~4' 
-- Equation name is '~662~4', location is LC1_A1, type is buried.
-- synthesized logic cell 
_LC1_A1  = LCELL( _EQ017);
  _EQ017 = !KKS7 &  s77
         #  KKS7 & !s77
         # !KKS6 &  s76
         #  KKS6 & !s76;

-- Node name is ':662' 
-- Equation name is '_LC1_F2', type is buried 
!_LC1_F2 = _LC1_F2~NOT;
_LC1_F2~NOT = LCELL( _EQ018);
  _EQ018 =  _LC5_F2
         #  _LC4_F2
         #  _LC3_F2
         #  _LC1_A1;

-- Node name is ':699' 
-- Equation name is '_LC1_A15', type is buried 
!_LC1_A15 = _LC1_A15~NOT;
_LC1_A15~NOT = LCELL( _EQ019);
  _EQ019 =  count2
         #  count1
         #  count3
         # !count0;

-- Node name is ':705' 
-- Equation name is '_LC2_A16', type is buried 
_LC2_A16 = LCELL( _EQ020);
  _EQ020 = !count0 &  count1 & !count2 & !count3;

-- Node name is ':711' 
-- Equation name is '_LC2_A17', type is buried 
!_LC2_A17 = _LC2_A17~NOT;
_LC2_A17~NOT = LCELL( _EQ021);
  _EQ021 =  count2
         # !count1
         #  count3
         # !count0;

-- Node name is ':717' 
-- Equation name is '_LC2_A12', type is buried 
_LC2_A12 = LCELL( _EQ022);
  _EQ022 = !count0 & !count1 &  count2 & !count3;

-- Node name is ':723' 
-- Equation name is '_LC3_A12', type is buried 
!_LC3_A12 = _LC3_A12~NOT;
_LC3_A12~NOT = LCELL( _EQ023);
  _EQ023 = !count2
         #  count1
         #  count3
         # !count0;

-- Node name is ':729' 
-- Equation name is '_LC4_A12', type is buried 
_LC4_A12 = LCELL( _EQ024);
  _EQ024 = !count0 &  count1 &  count2 & !count3;

-- Node name is ':735' 
-- Equation name is '_LC3_A13', type is buried 
!_LC3_A13 = _LC3_A13~NOT;
_LC3_A13~NOT = LCELL( _EQ025);
  _EQ025 = !count2
         # !count1
         #  count3
         # !count0;

-- Node name is '~3037~1' 
-- Equation name is '~3037~1', location is LC1_A13, type is buried.
-- synthesized logic cell 
!_LC1_A13 = _LC1_A13~NOT;
_LC1_A13~NOT = LCELL( _EQ026);
  _EQ026 = !_LC3_A13 & !Query
         # !_LC1_F2 & !_LC3_A13;

-- Node name is '~3037~2' 
-- Equation name is '~3037~2', location is LC1_A12, type is buried.
-- synthesized logic cell 
_LC1_A12 = LCELL( _EQ027);
  _EQ027 =  _LC4_A12
         #  _LC3_A12
         #  _LC2_A12
         #  _LC2_A17;

-- Node name is '~3229~1' 
-- Equation name is '~3229~1', location is LC3_A1, type is buried.
-- synthesized logic cell 
!_LC3_A1 = _LC3_A1~NOT;
_LC3_A1~NOT = LCELL( _EQ028);
  _EQ028 = !_LC1_A12 & !_LC1_A13 & !_LC1_A15 & !_LC2_A16;

-- Node name is '~4623~1' 
-- Equation name is '~4623~1', location is LC1_A18, type is buried.
-- synthesized logic cell 
!_LC1_A18 = _LC1_A18~NOT;
_LC1_A18~NOT = LCELL( _EQ029);
  _EQ029 =  _LC2_A16
         #  _LC1_A15;

-- Node name is ':4633' 
-- Equation name is '_LC7_A12', type is buried 
_LC7_A12 = LCELL( _EQ030);
  _EQ030 =  count1 & !_LC1_A13
         #  _LC4_A12
         #  _LC3_A12;

-- Node name is ':4656' 
-- Equation name is '_LC2_A13', type is buried 
_LC2_A13 = LCELL( _EQ031);
  _EQ031 =  count0 & !_LC3_A13
         #  _LC1_F2 & !_LC3_A13 &  Query;

-- Node name is ':4660' 
-- Equation name is '_LC8_A12', type is buried 
_LC8_A12 = LCELL( _EQ032);
  _EQ032 =  _LC2_A13 & !_LC3_A12
         # !_LC3_A12 &  _LC4_A12
         #  _LC2_A12;



Project Information                                       z:\lab19\lab19_2.rpt

** COMPILATION SETTINGS & TIMES **

Processing Menu Commands
------------------------

Design Doctor                             = off

Logic Synthesis:

   Synthesis Type Used                    = Multi-Level

   Default Synthesis Style                = NORMAL

      Logic option settings in 'NORMAL' style for 'FLEX10KE' family

      CARRY_CHAIN                         = ignore
      CARRY_CHAIN_LENGTH                  = 32
      CASCADE_CHAIN                       = ignore
      CASCADE_CHAIN_LENGTH                = 2
      DECOMPOSE_GATES                     = on
      DUPLICATE_LOGIC_EXTRACTION          = on
      MINIMIZATION                        = full
      MULTI_LEVEL_FACTORING               = on
      NOT_GATE_PUSH_BACK                  = on
      REDUCE_LOGIC                        = on
      REFACTORIZATION                     = on
      REGISTER_OPTIMIZATION               = on
      RESYNTHESIZE_NETWORK                = on
      SLOW_SLEW_RATE                      = off
      SUBFACTOR_EXTRACTION                = on
      IGNORE_SOFT_BUFFERS                 = on
      USE_LPM_FOR_AHDL_OPERATORS          = off

   Other logic synthesis settings:

      Automatic Global Clock              = on
      Automatic Global Clear              = on
      Automatic Global Preset             = on
      Automatic Global Output Enable      = on
      Automatic Fast I/O                  = off
      Automatic Register Packing          = off
      Automatic Open-Drain Pins           = on
      Automatic Implement in EAB          = off
      Optimize                            = 5

Default Timing Specifications: None

Cut All Bidir Feedback Timing Paths       = on
Cut All Clear & Preset Timing Paths       = on

Ignore Timing Assignments                 = off

Functional SNF Extractor                  = off

Linked SNF Extractor                      = off
Timing SNF Extractor                      = on
Optimize Timing SNF                       = off
Generate AHDL TDO File                    = off
Fitter Settings                           = NORMAL
Smart Recompile                           = off
Total Recompile                           = off

Interfaces Menu Commands
------------------------

EDIF Netlist Writer                       = off
Verilog Netlist Writer                    = off
VHDL Netlist Writer                       = off

Compilation Times
-----------------

   Compiler Netlist Extractor             00:00:00
   Database Builder                       00:00:01
   Logic Synthesizer                      00:00:00
   Partitioner                            00:00:00
   Fitter                                 00:00:01
   Timing SNF Extractor                   00:00:00
   --------------------------             --------
   Total Time                             00:00:02


Memory Allocated
-----------------

Peak memory allocated during compilation  = 23,639K
