Project Information                                      z:\lab19\videoram.rpt

MAX+plus II Compiler Report File
Version 9.01 07/30/98
Compiled: 02/03/21 05:59:01

Copyright (C) 1988-1998 Altera Corporation
Any megafunction design, and related net list (encrypted or decrypted),
support information, device programming or simulation file, and any other
associated documentation or information provided by Altera or a partner
under Altera's Megafunction Partnership Program may be used only to
program PLD devices (but not masked PLD devices) from Altera.  Any other
use of such megafunction design, net list, support information, device
programming or simulation file, or any other related documentation or
information is prohibited for any other purpose, including, but not
limited to modification, reverse engineering, de-compiling, or use with
any other silicon devices, unless such use is explicitly licensed under
a separate agreement with Altera or a megafunction partner.  Title to
the intellectual property, including patents, copyrights, trademarks,
trade secrets, or maskworks, embodied in any such megafunction design,
net list, support information, device programming or simulation file, or
any other related documentation or information provided by Altera or a
megafunction partner, remains with Altera, the megafunction partner, or
their respective licensors.  No other licenses, including any licenses
needed under any third party's intellectual property, are provided herein.



***** Project compilation was successful


VIDEORAM


** DEVICE SUMMARY **

Chip/                     Input Output Bidir  Memory  Memory  			 LCs
POF       Device          Pins  Pins   Pins   Bits % Utilized  LCs  % Utilized

videoram  EPF10K10LC84-3   18     10     0    0         0  %    133      23 %

User Pins:                 18     10     0  



Project Information                                      z:\lab19\videoram.rpt

** FILE HIERARCHY **



|lpm_add_sub:1388|
|lpm_add_sub:1388|addcore:adder|
|lpm_add_sub:1388|altshift:result_ext_latency_ffs|
|lpm_add_sub:1388|altshift:carry_ext_latency_ffs|
|lpm_add_sub:1388|altshift:oflow_ext_latency_ffs|


Device-Specific Information:                             z:\lab19\videoram.rpt
videoram

***** Logic for device 'videoram' compiled without errors.




Device: EPF10K10LC84-3

FLEX 10K Configuration Scheme: Passive Serial

Device Options:
    User-Supplied Start-Up Clock               = OFF
    Auto-Restart Configuration on Frame Error  = OFF
    Release Clears Before Tri-States           = OFF
    Enable Chip_Wide Reset                     = OFF
    Enable Chip-Wide Output Enable             = OFF
    Enable INIT_DONE Output                    = OFF
    JTAG User Code                             = 7f

                                                                         ^     
                                                                         C     
                R        R  R  R  R     R                 R  R  R  R     O     
                E  S     E  E  E  E     E                 E  E  E  E     N     
                S  y     S  S  S  S  V  S              G  S  S  S  S     F     
                E  n     E  E  E  E  C  E              N  E  E  E  E     _  ^  
                R  c     R  R  R  R  C  R  K  K  K     D  R  R  R  R  #  D  n  
                V  h     V  V  V  V  I  V  K  K  K  G  I  V  V  V  V  T  O  C  
                E  r  Q  E  E  E  E  N  E  S  S  S  e  N  E  E  E  E  C  N  E  
                D  o  0  D  D  D  D  T  D  6  3  7  t  T  D  D  D  D  K  E  O  
              -----------------------------------------------------------------_ 
            /  11 10  9  8  7  6  5  4  3  2  1 84 83 82 81 80 79 78 77 76 75   | 
    ^DATA0 | 12                                                              74 | #TDO 
     ^DCLK | 13                                                              73 | KKS1 
      ^nCE | 14                                                              72 | KKS0 
      #TDI | 15                                                              71 | DATA5 
     DATA0 | 16                                                              70 | DATA4 
        Q4 | 17                                                              69 | DATA1 
        Q1 | 18                                                              68 | GNDINT 
        Q5 | 19                                                              67 | KKS2 
    VCCINT | 20                                                              66 | Query 
     DATA3 | 21                                                              65 | DATA7 
     DATA2 | 22                        EPF10K10LC84-3                        64 | DATA6 
        Q2 | 23                                                              63 | VCCINT 
        Q6 | 24                                                              62 | RESERVED 
        Q3 | 25                                                              61 | RESERVED 
    GNDINT | 26                                                              60 | RESERVED 
  RESERVED | 27                                                              59 | RESERVED 
  RESERVED | 28                                                              58 | RESERVED 
  RESERVED | 29                                                              57 | #TMS 
  RESERVED | 30                                                              56 | #nTRST 
    ^MSEL0 | 31                                                              55 | ^nSTATUS 
    ^MSEL1 | 32                                                              54 | RESERVED 
           |_  33 34 35 36 37 38 39 40 41 42 43 44 45 46 47 48 49 50 51 52 53  _| 
             ------------------------------------------------------------------ 
                V  ^  R  R  R  R  R  V  G  K  C  K  V  G  R  R  R  Q  R  R  R  
                C  n  E  E  E  E  E  C  N  K  L  K  C  N  E  E  E  7  E  E  E  
                C  C  S  S  S  S  S  C  D  S  K  S  C  D  S  S  S     S  S  S  
                I  O  E  E  E  E  E  I  I  4     5  I  I  E  E  E     E  E  E  
                N  N  R  R  R  R  R  N  N           N  N  R  R  R     R  R  R  
                T  F  V  V  V  V  V  T  T           T  T  V  V  V     V  V  V  
                   I  E  E  E  E  E                       E  E  E     E  E  E  
                   G  D  D  D  D  D                       D  D  D     D  D  D  
                                                                               
                                                                               


N.C. = Not Connected.
VCCINT = Dedicated power pin, which MUST be connected to VCC (5.0 volts).
VCCIO = Dedicated power pin, which MUST be connected to VCC (5.0 volts).
GNDINT = Dedicated ground pin or unused dedicated input, which MUST be connected to GND.
GNDIO = Dedicated ground pin, which MUST be connected to GND.
RESERVED = Unused I/O pin, which MUST be left unconnected.

^ = Dedicated configuration pin.
+ = Reserved configuration pin, which is tri-stated during user mode.
* = Reserved configuration pin, which drives out in user mode.
PDn = Power Down pin. 
@ = Special-purpose pin. 
# = JTAG Boundary-Scan Testing/In-System Programming or Configuration Pin. The JTAG inputs (TMS, TCK, TDI) should be tied to VCC when not in use.
& = JTAG pin used for I/O. When used as user I/O, JTAG pins must be kept stable before and during configuration.  JTAG pin stability prevents accidental loading of JTAG instructions.


Device-Specific Information:                             z:\lab19\videoram.rpt
videoram

** RESOURCE USAGE **

Logic                Column       Row                                   
Array                Interconnect Interconnect         Clears/     External  
Block   Logic Cells  Driven       Driven       Clocks  Presets   Interconnect
A1       8/ 8(100%)   3/ 8( 37%)   1/ 8( 12%)    1/2    0/2      12/22( 54%)   
A3       8/ 8(100%)   0/ 8(  0%)   1/ 8( 12%)    1/2    0/2       2/22(  9%)   
A4       8/ 8(100%)   0/ 8(  0%)   1/ 8( 12%)    1/2    0/2       2/22(  9%)   
A14      7/ 8( 87%)   2/ 8( 25%)   1/ 8( 12%)    1/2    0/2       3/22( 13%)   
A17      8/ 8(100%)   0/ 8(  0%)   1/ 8( 12%)    1/2    0/2       2/22(  9%)   
A19      7/ 8( 87%)   1/ 8( 12%)   0/ 8(  0%)    1/2    0/2       3/22( 13%)   
A22      1/ 8( 12%)   0/ 8(  0%)   1/ 8( 12%)    1/2    0/2       2/22(  9%)   
B5       8/ 8(100%)   0/ 8(  0%)   1/ 8( 12%)    1/2    0/2       2/22(  9%)   
B6       8/ 8(100%)   0/ 8(  0%)   1/ 8( 12%)    1/2    0/2       2/22(  9%)   
B7       8/ 8(100%)   0/ 8(  0%)   1/ 8( 12%)    1/2    0/2       2/22(  9%)   
B8       1/ 8( 12%)   1/ 8( 12%)   0/ 8(  0%)    0/2    0/2       4/22( 18%)   
B9       1/ 8( 12%)   1/ 8( 12%)   0/ 8(  0%)    0/2    0/2       4/22( 18%)   
B13      6/ 8( 75%)   3/ 8( 37%)   1/ 8( 12%)    1/2    0/2       4/22( 18%)   
B18      8/ 8(100%)   1/ 8( 12%)   1/ 8( 12%)    1/2    0/2       2/22(  9%)   
C2       4/ 8( 50%)   1/ 8( 12%)   0/ 8(  0%)    1/2    0/2       1/22(  4%)   
C10      6/ 8( 75%)   0/ 8(  0%)   2/ 8( 25%)    1/2    0/2       3/22( 13%)   
C11      6/ 8( 75%)   0/ 8(  0%)   2/ 8( 25%)    1/2    0/2       2/22(  9%)   
C12      1/ 8( 12%)   0/ 8(  0%)   1/ 8( 12%)    1/2    0/2       2/22(  9%)   
C15      8/ 8(100%)   2/ 8( 25%)   1/ 8( 12%)    1/2    0/2      10/22( 45%)   
C16      4/ 8( 50%)   1/ 8( 12%)   2/ 8( 25%)    1/2    0/2       4/22( 18%)   
C20      8/ 8(100%)   0/ 8(  0%)   2/ 8( 25%)    1/2    0/2       6/22( 27%)   
C21      7/ 8( 87%)   0/ 8(  0%)   2/ 8( 25%)    1/2    0/2       4/22( 18%)   
C23      1/ 8( 12%)   0/ 8(  0%)   1/ 8( 12%)    1/2    0/2       2/22(  9%)   
C24      1/ 8( 12%)   0/ 8(  0%)   1/ 8( 12%)    1/2    0/2       3/22( 13%)   


Embedded             Column       Row                                   
Array     Embedded   Interconnect Interconnect         Read/      External  
Block     Cells      Driven       Driven       Clocks  Write    Interconnect


Total dedicated input pins used:                 6/6      (100%)
Total I/O pins used:                            22/53     ( 41%)
Total logic cells used:                        133/576    ( 23%)
Total embedded cells used:                       0/24     (  0%)
Total EABs used:                                 0/3      (  0%)
Average fan-in:                                 2.36/4    ( 59%)
Total fan-in:                                 314/2304    ( 13%)

Total input pins required:                      18
Total input I/O cell registers required:         0
Total output pins required:                     10
Total output I/O cell registers required:        0
Total buried I/O cell registers required:        0
Total bidirectional pins required:               0
Total reserved pins required                     0
Total logic cells required:                    133
Total flipflops required:                       98
Total packed registers required:                 0
Total logic cells in carry chains:               0
Total number of carry chains:                    0
Total logic cells in cascade chains:             0
Total number of cascade chains:                  0
Total single-pin Clock Enables required:         0
Total single-pin Output Enables required:        0

Synthesized logic cells:                        14/ 576   (  2%)

Logic Cell and Embedded Cell Counts

Column:  01  02  03  04  05  06  07  08  09  10  11  12  EA  13  14  15  16  17  18  19  20  21  22  23  24  Total(LC/EC)
 A:      8   0   8   8   0   0   0   0   0   0   0   0   0   0   7   0   0   8   0   7   0   0   1   0   0     47/0  
 B:      0   0   0   0   8   8   8   1   1   0   0   0   0   6   0   0   0   0   8   0   0   0   0   0   0     40/0  
 C:      0   4   0   0   0   0   0   0   0   6   6   1   0   0   0   8   4   0   0   0   8   7   0   1   1     46/0  

Total:   8   4   8   8   8   8   8   1   1   6   6   1   0   6   7   8   4   8   8   7   8   7   1   1   1    133/0  



Device-Specific Information:                             z:\lab19\videoram.rpt
videoram

** INPUTS **

                                                    Fan-In    Fan-Out
 Pin     LC     EC   Row  Col  Primitive    Code      INP  FBK  OUT  FBK  Name
  43      -     -    -    --      INPUT  G             0    0    0    0  CLK
  16      -     -    A    --      INPUT                0    0    0    1  DATA0
  69      -     -    A    --      INPUT                0    0    0    1  DATA1
  22      -     -    B    --      INPUT                0    0    0    1  DATA2
  21      -     -    B    --      INPUT                0    0    0    1  DATA3
  70      -     -    A    --      INPUT                0    0    0    1  DATA4
  71      -     -    A    --      INPUT                0    0    0    1  DATA5
  64      -     -    B    --      INPUT                0    0    0    1  DATA6
  65      -     -    B    --      INPUT                0    0    0    1  DATA7
  72      -     -    A    --      INPUT                0    0    0    1  KKS0
  73      -     -    A    --      INPUT                0    0    0    1  KKS1
  67      -     -    B    --      INPUT                0    0    0    1  KKS2
   1      -     -    -    --      INPUT                0    0    0    1  KKS3
  42      -     -    -    --      INPUT                0    0    0    1  KKS4
  44      -     -    -    --      INPUT                0    0    0    1  KKS5
   2      -     -    -    --      INPUT                0    0    0    1  KKS6
  84      -     -    -    --      INPUT                0    0    0    1  KKS7
  66      -     -    B    --      INPUT                0    0    0    1  Query


Code:

s = Synthesized pin or logic cell
+ = Synchronous flipflop
/ = Slow slew-rate output
! = NOT gate push-back
r = Fitter-inserted logic cell
@ = Uses single-pin Clock Enable
& = Uses single-pin Output Enable
G = Global Source. Fan-out destinations counted here do not include destinations
that are driven using global routing resources. Refer to the Auto Global Signals,
Clock Signals, Clear Signals, Synchronous Load Signals, and Synchronous Clear Signals
Sections of this Report File for information on which signals' fan-outs are used as
Clock, Clear, Preset, Output Enable, and synchronous Load signals.


Device-Specific Information:                             z:\lab19\videoram.rpt
videoram

** OUTPUTS **

       Fed By Fed By                                Fan-In    Fan-Out
 Pin     LC     EC   Row  Col  Primitive    Code      INP  FBK  OUT  FBK  Name
  83      -     -    -    13     OUTPUT                0    1    0    0  Get
   9      -     -    -    02     OUTPUT                0    1    0    0  Q0
  18      -     -    A    --     OUTPUT                0    1    0    0  Q1
  23      -     -    B    --     OUTPUT                0    1    0    0  Q2
  25      -     -    B    --     OUTPUT                0    1    0    0  Q3
  17      -     -    A    --     OUTPUT                0    1    0    0  Q4
  19      -     -    A    --     OUTPUT                0    1    0    0  Q5
  24      -     -    B    --     OUTPUT                0    1    0    0  Q6
  50      -     -    -    17     OUTPUT                0    1    0    0  Q7
  10      -     -    -    01     OUTPUT                0    1    0    0  Synchro


Code:

s = Synthesized pin or logic cell
+ = Synchronous flipflop
/ = Slow slew-rate output
! = NOT gate push-back
r = Fitter-inserted logic cell
@ = Uses single-pin Clock Enable
& = Uses single-pin Output Enable


Device-Specific Information:                             z:\lab19\videoram.rpt
videoram

** BURIED LOGIC **

                                                    Fan-In    Fan-Out
 IOC     LC     EC   Row  Col  Primitive    Code      INP  FBK  OUT  FBK  Name
   -      1     -    B    13       AND2                0    3    0    5  |LPM_ADD_SUB:1388|addcore:adder|:171
   -      3     -    C    16       AND2                0    2    0    1  |LPM_ADD_SUB:1388|addcore:adder|:175
   -      8     -    C    20       AND2                0    4    0    2  |LPM_ADD_SUB:1388|addcore:adder|:183
   -      7     -    C    20       AND2                0    2    0    3  |LPM_ADD_SUB:1388|addcore:adder|:187
   -      1     -    C    20       AND2                0    3    0    4  |LPM_ADD_SUB:1388|addcore:adder|:195
   -      6     -    C    11       AND2                0    2    0    1  |LPM_ADD_SUB:1388|addcore:adder|:199
   -      1     -    C    11       AND2                0    4    0    4  |LPM_ADD_SUB:1388|addcore:adder|:207
   -      6     -    C    10       AND2                0    2    0    1  |LPM_ADD_SUB:1388|addcore:adder|:211
   -      1     -    C    10       AND2                0    4    0    4  |LPM_ADD_SUB:1388|addcore:adder|:219
   -      7     -    C    21       AND2                0    2    0    1  |LPM_ADD_SUB:1388|addcore:adder|:223
   -      3     -    C    21       AND2                0    4    0    2  |LPM_ADD_SUB:1388|addcore:adder|:231
   -      1     -    C    21       AND2                0    2    0    3  |LPM_ADD_SUB:1388|addcore:adder|:235
   -      8     -    C    15       AND2                0    3    0    3  |LPM_ADD_SUB:1388|addcore:adder|:243
   -      1     -    C    15       AND2                0    3    0    3  |LPM_ADD_SUB:1388|addcore:adder|:251
   -      7     -    A    14       AND2                0    3    0    3  |LPM_ADD_SUB:1388|addcore:adder|:259
   -      1     -    A    14       AND2                0    3    0    3  |LPM_ADD_SUB:1388|addcore:adder|:267
   -      6     -    A    19       AND2                0    3    0    3  |LPM_ADD_SUB:1388|addcore:adder|:275
   -      7     -    A    19       AND2                0    2    0    1  |LPM_ADD_SUB:1388|addcore:adder|:279
   -      1     -    A    01       DFFE   +            0    4    1    0  :28
   -      2     -    B    13       DFFE   +            0    2    1    1  getf (:30)
   -      1     -    B    18       DFFE   +            0    1    1    2  memory7_7 (:31)
   -      6     -    B    06       DFFE   +            0    1    1    2  memory7_6 (:32)
   -      7     -    A    03       DFFE   +            0    1    1    2  memory7_5 (:33)
   -      2     -    A    04       DFFE   +            0    1    1    2  memory7_4 (:34)
   -      8     -    B    05       DFFE   +            0    1    1    2  memory7_3 (:35)
   -      4     -    B    07       DFFE   +            0    1    1    2  memory7_2 (:36)
   -      5     -    A    17       DFFE   +            0    1    1    2  memory7_1 (:37)
   -      2     -    C    02       DFFE   +            0    1    1    2  memory7_0 (:38)
   -      3     -    B    18       DFFE   +            0    1    0    1  memory6_7 (:39)
   -      2     -    B    06       DFFE   +            0    1    0    1  memory6_6 (:40)
   -      3     -    A    03       DFFE   +            0    1    0    1  memory6_5 (:41)
   -      4     -    A    04       DFFE   +            0    1    0    1  memory6_4 (:42)
   -      3     -    B    05       DFFE   +            0    1    0    1  memory6_3 (:43)
   -      3     -    B    07       DFFE   +            0    1    0    1  memory6_2 (:44)
   -      3     -    A    17       DFFE   +            0    1    0    1  memory6_1 (:45)
   -      1     -    C    02       DFFE   +            0    1    0    1  memory6_0 (:46)
   -      4     -    B    18       DFFE   +            0    1    0    1  memory5_7 (:47)
   -      3     -    B    06       DFFE   +            0    1    0    1  memory5_6 (:48)
   -      4     -    A    03       DFFE   +            0    1    0    1  memory5_5 (:49)
   -      5     -    A    04       DFFE   +            0    1    0    1  memory5_4 (:50)
   -      6     -    B    05       DFFE   +            0    1    0    1  memory5_3 (:51)
   -      7     -    B    07       DFFE   +            0    1    0    1  memory5_2 (:52)
   -      7     -    A    17       DFFE   +            0    1    0    1  memory5_1 (:53)
   -      3     -    C    02       DFFE   +            0    1    0    1  memory5_0 (:54)
   -      7     -    B    18       DFFE   +            0    1    0    1  memory4_7 (:55)
   -      7     -    B    06       DFFE   +            0    1    0    1  memory4_6 (:56)
   -      8     -    A    03       DFFE   +            0    1    0    1  memory4_5 (:57)
   -      8     -    A    04       DFFE   +            0    1    0    1  memory4_4 (:58)
   -      7     -    B    05       DFFE   +            0    1    0    1  memory4_3 (:59)
   -      8     -    B    07       DFFE   +            0    1    0    1  memory4_2 (:60)
   -      8     -    A    17       DFFE   +            0    1    0    1  memory4_1 (:61)
   -      4     -    C    02       DFFE   +            0    1    0    1  memory4_0 (:62)
   -      8     -    B    18       DFFE   +            0    1    0    1  memory3_7 (:63)
   -      8     -    B    06       DFFE   +            0    1    0    1  memory3_6 (:64)
   -      6     -    A    03       DFFE   +            0    1    0    1  memory3_5 (:65)
   -      7     -    A    04       DFFE   +            0    1    0    1  memory3_4 (:66)
   -      4     -    B    05       DFFE   +            0    1    0    1  memory3_3 (:67)
   -      5     -    B    07       DFFE   +            0    1    0    1  memory3_2 (:68)
   -      4     -    A    17       DFFE   +            0    1    0    1  memory3_1 (:69)
   -      2     -    A    01       DFFE   +            0    1    0    1  memory3_0 (:70)
   -      5     -    B    18       DFFE   +            0    1    0    1  memory2_7 (:71)
   -      4     -    B    06       DFFE   +            0    1    0    1  memory2_6 (:72)
   -      5     -    A    03       DFFE   +            0    1    0    1  memory2_5 (:73)
   -      6     -    A    04       DFFE   +            0    1    0    1  memory2_4 (:74)
   -      5     -    B    05       DFFE   +            0    1    0    1  memory2_3 (:75)
   -      6     -    B    07       DFFE   +            0    1    0    1  memory2_2 (:76)
   -      6     -    A    17       DFFE   +            0    1    0    1  memory2_1 (:77)
   -      8     -    A    01       DFFE   +            0    1    0    1  memory2_0 (:78)
   -      6     -    B    18       DFFE   +            0    1    0    1  memory1_7 (:79)
   -      5     -    B    06       DFFE   +            0    1    0    1  memory1_6 (:80)
   -      2     -    A    03       DFFE   +            0    1    0    1  memory1_5 (:81)
   -      3     -    A    04       DFFE   +            0    1    0    1  memory1_4 (:82)
   -      2     -    B    05       DFFE   +            0    1    0    1  memory1_3 (:83)
   -      1     -    B    07       DFFE   +            0    1    0    1  memory1_2 (:84)
   -      1     -    A    17       DFFE   +            0    1    0    1  memory1_1 (:85)
   -      4     -    A    01       DFFE   +            0    1    0    1  memory1_0 (:86)
   -      2     -    B    18       DFFE   +            1    2    0    1  memory0_7 (:87)
   -      1     -    B    06       DFFE   +            1    2    0    1  memory0_6 (:88)
   -      1     -    A    03       DFFE   +            1    2    0    1  memory0_5 (:89)
   -      1     -    A    04       DFFE   +            1    2    0    1  memory0_4 (:90)
   -      1     -    B    05       DFFE   +            1    2    0    1  memory0_3 (:91)
   -      2     -    B    07       DFFE   +            1    2    0    1  memory0_2 (:92)
   -      2     -    A    17       DFFE   +            1    2    0    1  memory0_1 (:93)
   -      5     -    A    01       DFFE   +            1    2    0    1  memory0_0 (:94)
   -      5     -    A    19       DFFE   +            0    3    0    1  count31~267 (:241)
   -      4     -    A    19       DFFE   +            0    3    0    2  count30~267 (:242)
   -      3     -    A    19       DFFE   +            0    2    0    3  count29~267 (:243)
   -      1     -    A    19       DFFE   +            0    3    0    2  count28~267 (:244)
   -      1     -    A    22       DFFE   +            0    2    0    3  count27~267 (:245)
   -      2     -    A    14       DFFE   +            0    3    0    2  count26~267 (:246)
   -      6     -    A    14       DFFE   +            0    2    0    3  count25~267 (:247)
   -      5     -    A    14       DFFE   +            0    3    0    2  count24~267 (:248)
   -      4     -    A    14       DFFE   +            0    2    0    3  count23~267 (:249)
   -      2     -    C    15       DFFE   +            0    3    0    2  count22~267 (:250)
   -      4     -    C    15       DFFE   +            0    2    0    3  count21~267 (:251)
   -      7     -    C    15       DFFE   +            0    3    0    2  count20~267 (:252)
   -      1     -    C    23       DFFE   +            0    2    0    3  count19~267 (:253)
   -      4     -    C    21       DFFE   +            0    2    0    2  count18~267 (:254)
   -      5     -    C    21       DFFE   +            0    3    0    2  count17~267 (:255)
   -      6     -    C    21       DFFE   +            0    3    0    3  count16~267 (:256)
   -      3     -    C    12       DFFE   +            0    2    0    4  count15~267 (:257)
   -      3     -    C    10       DFFE   +            0    3    0    2  count14~267 (:258)
   -      4     -    C    10       DFFE   +            0    3    0    3  count13~267 (:259)
   -      5     -    C    10       DFFE   +            0    2    0    4  count12~267 (:260)
   -      2     -    C    11       DFFE   +            0    3    0    2  count11~267 (:261)
   -      3     -    C    11       DFFE   +            0    3    0    3  count10~267 (:262)
   -      5     -    C    11       DFFE   +            0    2    0    4  count9~267 (:263)
   -      6     -    C    20       DFFE   +            0    3    0    2  count8~267 (:264)
   -      5     -    C    20       DFFE   +            0    2    0    3  count7~267 (:265)
   -      3     -    C    20       DFFE   +            0    2    0    2  count6~267 (:266)
   -      2     -    C    16       DFFE   +            0    3    0    2  count5~267 (:267)
   -      1     -    C    24       DFFE   +            0    3    0    3  count4~267 (:268)
   -      1     -    C    16       DFFE   +            0    2    0    4  count3~267 (:269)
   -      3     -    B    13       DFFE   +            0    3    0    1  count2~267 (:270)
   -      4     -    B    13       DFFE   +            0    2    0    2  count1~267 (:271)
   -      5     -    B    13       DFFE   +            0    1    0    3  count0~267 (:272)
   -      2     -    C    10        OR2    s           0    4    0    1  ~1389~1
   -      4     -    C    11        OR2    s           0    3    0    1  ~1389~2
   -      4     -    C    20        OR2    s           0    4    0    1  ~1389~3
   -      2     -    C    20        OR2    s           0    4    0    1  ~1389~4
   -      2     -    A    19        OR2    s           0    4    0    1  ~1389~5
   -      3     -    A    14        OR2    s           0    4    0    1  ~1389~6
   -      5     -    C    15        OR2    s           0    4    0    1  ~1389~7
   -      2     -    C    21        OR2    s           0    4    0    1  ~1389~8
   -      6     -    C    15        OR2    s           0    4    0    1  ~1389~9
   -      3     -    C    15        OR2        !       0    4    0    2  :1389
   -      6     -    A    01        OR2    s           2    2    0    2  ~1712~1
   -      1     -    B    08        OR2    s           2    2    0    2  ~1712~2
   -      7     -    A    01        OR2    s           2    2    0    2  ~1712~3
   -      1     -    B    09        OR2    s           2    2    0    2  ~1712~4
   -      3     -    A    01        OR2        !       0    4    0   31  :1712
   -      8     -    C    16       AND2    s           0    2    0    3  ~1911~1
   -      6     -    B    13        OR2                1    2    0    9  :2023


Code:

s = Synthesized pin or logic cell
+ = Synchronous flipflop
/ = Slow slew-rate output
! = NOT gate push-back
r = Fitter-inserted logic cell
p = Packed register


Device-Specific Information:                             z:\lab19\videoram.rpt
videoram

** FASTTRACK INTERCONNECT UTILIZATION **

Row FastTrack Interconnect:

          Global         Left Half-      Right Half-
         FastTrack       FastTrack       FastTrack 
Row     Interconnect    Interconnect    Interconnect    Input Pins     Output Pins     Bidir Pins
A:       9/ 96(  9%)     5/ 48( 10%)     3/ 48(  6%)    6/16( 37%)      3/16( 18%)     0/16(  0%)
B:       9/ 96(  9%)     3/ 48(  6%)     2/ 48(  4%)    6/16( 37%)      3/16( 18%)     0/16(  0%)
C:       6/ 96(  6%)     2/ 48(  4%)    12/ 48( 25%)    0/16(  0%)      0/16(  0%)     0/16(  0%)


Column FastTrack Interconnect:

         FastTrack                                 
Column  Interconnect    Input Pins     Output Pins     Bidir Pins
01:      3/24( 12%)     0/4(  0%)      1/4( 25%)       0/4(  0%)
02:      1/24(  4%)     0/4(  0%)      1/4( 25%)       0/4(  0%)
03:      0/24(  0%)     0/4(  0%)      0/4(  0%)       0/4(  0%)
04:      0/24(  0%)     0/4(  0%)      0/4(  0%)       0/4(  0%)
05:      0/24(  0%)     0/4(  0%)      0/4(  0%)       0/4(  0%)
06:      0/24(  0%)     0/4(  0%)      0/4(  0%)       0/4(  0%)
07:      1/24(  4%)     0/4(  0%)      0/4(  0%)       0/4(  0%)
08:      0/24(  0%)     0/4(  0%)      0/4(  0%)       0/4(  0%)
09:      0/24(  0%)     0/4(  0%)      0/4(  0%)       0/4(  0%)
10:      1/24(  4%)     0/4(  0%)      0/4(  0%)       0/4(  0%)
11:      0/24(  0%)     0/4(  0%)      0/4(  0%)       0/4(  0%)
12:      0/24(  0%)     0/4(  0%)      0/4(  0%)       0/4(  0%)
13:      2/24(  8%)     0/4(  0%)      1/4( 25%)       0/4(  0%)
14:      3/24( 12%)     0/4(  0%)      0/4(  0%)       0/4(  0%)
15:      2/24(  8%)     0/4(  0%)      0/4(  0%)       0/4(  0%)
16:      1/24(  4%)     0/4(  0%)      0/4(  0%)       0/4(  0%)
17:      1/24(  4%)     0/4(  0%)      1/4( 25%)       0/4(  0%)
18:      0/24(  0%)     0/4(  0%)      0/4(  0%)       0/4(  0%)
19:      0/24(  0%)     0/4(  0%)      0/4(  0%)       0/4(  0%)
20:      1/24(  4%)     0/4(  0%)      0/4(  0%)       0/4(  0%)
21:      0/24(  0%)     0/4(  0%)      0/4(  0%)       0/4(  0%)
22:      0/24(  0%)     0/4(  0%)      0/4(  0%)       0/4(  0%)
23:      0/24(  0%)     0/4(  0%)      0/4(  0%)       0/4(  0%)
24:      0/24(  0%)     0/4(  0%)      0/4(  0%)       0/4(  0%)
EA:      0/24(  0%)     0/4(  0%)      0/4(  0%)       0/4(  0%)


Device-Specific Information:                             z:\lab19\videoram.rpt
videoram

** CLOCK SIGNALS **

Type     Fan-out       Name
INPUT       98         CLK


Device-Specific Information:                             z:\lab19\videoram.rpt
videoram

** EQUATIONS **

CLK      : INPUT;
DATA0    : INPUT;
DATA1    : INPUT;
DATA2    : INPUT;
DATA3    : INPUT;
DATA4    : INPUT;
DATA5    : INPUT;
DATA6    : INPUT;
DATA7    : INPUT;
KKS0     : INPUT;
KKS1     : INPUT;
KKS2     : INPUT;
KKS3     : INPUT;
KKS4     : INPUT;
KKS5     : INPUT;
KKS6     : INPUT;
KKS7     : INPUT;
Query    : INPUT;

-- Node name is ':272' = 'count0~267' 
-- Equation name is 'count0~267', location is LC5_B13, type is buried.
count0~267 = DFFE( _EQ001, GLOBAL( CLK),  VCC,  VCC,  VCC);
  _EQ001 = !count0~267 & !_LC3_A1;

-- Node name is ':271' = 'count1~267' 
-- Equation name is 'count1~267', location is LC4_B13, type is buried.
count1~267 = DFFE( _EQ002, GLOBAL( CLK),  VCC,  VCC,  VCC);
  _EQ002 =  count0~267 & !count1~267 &  _LC8_C16
         # !count0~267 &  count1~267 &  _LC8_C16;

-- Node name is ':270' = 'count2~267' 
-- Equation name is 'count2~267', location is LC3_B13, type is buried.
count2~267 = DFFE( _EQ003, GLOBAL( CLK),  VCC,  VCC,  VCC);
  _EQ003 = !count0~267 &  count2~267 &  _LC8_C16
         # !count1~267 &  count2~267 &  _LC8_C16
         #  count0~267 &  count1~267 & !count2~267 &  _LC8_C16;

-- Node name is ':269' = 'count3~267' 
-- Equation name is 'count3~267', location is LC1_C16, type is buried.
count3~267 = DFFE( _EQ004, GLOBAL( CLK),  VCC,  VCC,  VCC);
  _EQ004 =  count3~267 & !_LC1_B13 &  _LC8_C16
         # !count3~267 &  _LC1_B13 &  _LC8_C16;

-- Node name is ':268' = 'count4~267' 
-- Equation name is 'count4~267', location is LC1_C24, type is buried.
count4~267 = DFFE( _EQ005, GLOBAL( CLK),  VCC,  VCC,  VCC);
  _EQ005 = !count3~267 &  count4~267 & !_LC3_A1
         #  count4~267 & !_LC1_B13 & !_LC3_A1
         #  count3~267 & !count4~267 &  _LC1_B13 & !_LC3_A1;

-- Node name is ':267' = 'count5~267' 
-- Equation name is 'count5~267', location is LC2_C16, type is buried.
count5~267 = DFFE( _EQ006, GLOBAL( CLK),  VCC,  VCC,  VCC);
  _EQ006 = !count4~267 &  count5~267 & !_LC3_A1
         #  count5~267 & !_LC3_A1 & !_LC3_C16
         #  count4~267 & !count5~267 & !_LC3_A1 &  _LC3_C16;

-- Node name is ':266' = 'count6~267' 
-- Equation name is 'count6~267', location is LC3_C20, type is buried.
count6~267 = DFFE( _EQ007, GLOBAL( CLK),  VCC,  VCC,  VCC);
  _EQ007 =  count6~267 & !_LC3_A1 & !_LC8_C20
         # !count6~267 & !_LC3_A1 &  _LC8_C20;

-- Node name is ':265' = 'count7~267' 
-- Equation name is 'count7~267', location is LC5_C20, type is buried.
count7~267 = DFFE( _EQ008, GLOBAL( CLK),  VCC,  VCC,  VCC);
  _EQ008 =  count7~267 & !_LC3_A1 & !_LC7_C20
         # !count7~267 & !_LC3_A1 &  _LC7_C20;

-- Node name is ':264' = 'count8~267' 
-- Equation name is 'count8~267', location is LC6_C20, type is buried.
count8~267 = DFFE( _EQ009, GLOBAL( CLK),  VCC,  VCC,  VCC);
  _EQ009 = !count7~267 &  count8~267 & !_LC3_A1
         #  count8~267 & !_LC3_A1 & !_LC7_C20
         #  count7~267 & !count8~267 & !_LC3_A1 &  _LC7_C20;

-- Node name is ':263' = 'count9~267' 
-- Equation name is 'count9~267', location is LC5_C11, type is buried.
count9~267 = DFFE( _EQ010, GLOBAL( CLK),  VCC,  VCC,  VCC);
  _EQ010 =  count9~267 & !_LC1_C20 & !_LC3_A1
         # !count9~267 &  _LC1_C20 & !_LC3_A1;

-- Node name is ':262' = 'count10~267' 
-- Equation name is 'count10~267', location is LC3_C11, type is buried.
count10~267 = DFFE( _EQ011, GLOBAL( CLK),  VCC,  VCC,  VCC);
  _EQ011 = !count9~267 &  count10~267 & !_LC3_A1
         #  count10~267 & !_LC1_C20 & !_LC3_A1
         #  count9~267 & !count10~267 &  _LC1_C20 & !_LC3_A1;

-- Node name is ':261' = 'count11~267' 
-- Equation name is 'count11~267', location is LC2_C11, type is buried.
count11~267 = DFFE( _EQ012, GLOBAL( CLK),  VCC,  VCC,  VCC);
  _EQ012 = !count10~267 &  count11~267 & !_LC3_A1
         #  count11~267 & !_LC3_A1 & !_LC6_C11
         #  count10~267 & !count11~267 & !_LC3_A1 &  _LC6_C11;

-- Node name is ':260' = 'count12~267' 
-- Equation name is 'count12~267', location is LC5_C10, type is buried.
count12~267 = DFFE( _EQ013, GLOBAL( CLK),  VCC,  VCC,  VCC);
  _EQ013 =  count12~267 & !_LC1_C11 & !_LC3_A1
         # !count12~267 &  _LC1_C11 & !_LC3_A1;

-- Node name is ':259' = 'count13~267' 
-- Equation name is 'count13~267', location is LC4_C10, type is buried.
count13~267 = DFFE( _EQ014, GLOBAL( CLK),  VCC,  VCC,  VCC);
  _EQ014 = !count12~267 &  count13~267 & !_LC3_A1
         #  count13~267 & !_LC1_C11 & !_LC3_A1
         #  count12~267 & !count13~267 &  _LC1_C11 & !_LC3_A1;

-- Node name is ':258' = 'count14~267' 
-- Equation name is 'count14~267', location is LC3_C10, type is buried.
count14~267 = DFFE( _EQ015, GLOBAL( CLK),  VCC,  VCC,  VCC);
  _EQ015 = !count13~267 &  count14~267 & !_LC3_A1
         #  count14~267 & !_LC3_A1 & !_LC6_C10
         #  count13~267 & !count14~267 & !_LC3_A1 &  _LC6_C10;

-- Node name is ':257' = 'count15~267' 
-- Equation name is 'count15~267', location is LC3_C12, type is buried.
count15~267 = DFFE( _EQ016, GLOBAL( CLK),  VCC,  VCC,  VCC);
  _EQ016 =  count15~267 & !_LC1_C10 & !_LC3_A1
         # !count15~267 &  _LC1_C10 & !_LC3_A1;

-- Node name is ':256' = 'count16~267' 
-- Equation name is 'count16~267', location is LC6_C21, type is buried.
count16~267 = DFFE( _EQ017, GLOBAL( CLK),  VCC,  VCC,  VCC);
  _EQ017 = !count15~267 &  count16~267 & !_LC3_A1
         #  count16~267 & !_LC1_C10 & !_LC3_A1
         #  count15~267 & !count16~267 &  _LC1_C10 & !_LC3_A1;

-- Node name is ':255' = 'count17~267' 
-- Equation name is 'count17~267', location is LC5_C21, type is buried.
count17~267 = DFFE( _EQ018, GLOBAL( CLK),  VCC,  VCC,  VCC);
  _EQ018 = !count16~267 &  count17~267 & !_LC3_A1
         #  count17~267 & !_LC3_A1 & !_LC7_C21
         #  count16~267 & !count17~267 & !_LC3_A1 &  _LC7_C21;

-- Node name is ':254' = 'count18~267' 
-- Equation name is 'count18~267', location is LC4_C21, type is buried.
count18~267 = DFFE( _EQ019, GLOBAL( CLK),  VCC,  VCC,  VCC);
  _EQ019 =  count18~267 & !_LC3_A1 & !_LC3_C21
         # !count18~267 & !_LC3_A1 &  _LC3_C21;

-- Node name is ':253' = 'count19~267' 
-- Equation name is 'count19~267', location is LC1_C23, type is buried.
count19~267 = DFFE( _EQ020, GLOBAL( CLK),  VCC,  VCC,  VCC);
  _EQ020 =  count19~267 & !_LC1_C21 & !_LC3_A1
         # !count19~267 &  _LC1_C21 & !_LC3_A1;

-- Node name is ':252' = 'count20~267' 
-- Equation name is 'count20~267', location is LC7_C15, type is buried.
count20~267 = DFFE( _EQ021, GLOBAL( CLK),  VCC,  VCC,  VCC);
  _EQ021 = !count19~267 &  count20~267 & !_LC3_A1
         #  count20~267 & !_LC1_C21 & !_LC3_A1
         #  count19~267 & !count20~267 &  _LC1_C21 & !_LC3_A1;

-- Node name is ':251' = 'count21~267' 
-- Equation name is 'count21~267', location is LC4_C15, type is buried.
count21~267 = DFFE( _EQ022, GLOBAL( CLK),  VCC,  VCC,  VCC);
  _EQ022 =  count21~267 & !_LC3_A1 & !_LC8_C15
         # !count21~267 & !_LC3_A1 &  _LC8_C15;

-- Node name is ':250' = 'count22~267' 
-- Equation name is 'count22~267', location is LC2_C15, type is buried.
count22~267 = DFFE( _EQ023, GLOBAL( CLK),  VCC,  VCC,  VCC);
  _EQ023 = !count21~267 &  count22~267 & !_LC3_A1
         #  count22~267 & !_LC3_A1 & !_LC8_C15
         #  count21~267 & !count22~267 & !_LC3_A1 &  _LC8_C15;

-- Node name is ':249' = 'count23~267' 
-- Equation name is 'count23~267', location is LC4_A14, type is buried.
count23~267 = DFFE( _EQ024, GLOBAL( CLK),  VCC,  VCC,  VCC);
  _EQ024 =  count23~267 & !_LC1_C15 & !_LC3_A1
         # !count23~267 &  _LC1_C15 & !_LC3_A1;

-- Node name is ':248' = 'count24~267' 
-- Equation name is 'count24~267', location is LC5_A14, type is buried.
count24~267 = DFFE( _EQ025, GLOBAL( CLK),  VCC,  VCC,  VCC);
  _EQ025 = !count23~267 &  count24~267 & !_LC3_A1
         #  count24~267 & !_LC1_C15 & !_LC3_A1
         #  count23~267 & !count24~267 &  _LC1_C15 & !_LC3_A1;

-- Node name is ':247' = 'count25~267' 
-- Equation name is 'count25~267', location is LC6_A14, type is buried.
count25~267 = DFFE( _EQ026, GLOBAL( CLK),  VCC,  VCC,  VCC);
  _EQ026 =  count25~267 & !_LC3_A1 & !_LC7_A14
         # !count25~267 & !_LC3_A1 &  _LC7_A14;

-- Node name is ':246' = 'count26~267' 
-- Equation name is 'count26~267', location is LC2_A14, type is buried.
count26~267 = DFFE( _EQ027, GLOBAL( CLK),  VCC,  VCC,  VCC);
  _EQ027 = !count25~267 &  count26~267 & !_LC3_A1
         #  count26~267 & !_LC3_A1 & !_LC7_A14
         #  count25~267 & !count26~267 & !_LC3_A1 &  _LC7_A14;

-- Node name is ':245' = 'count27~267' 
-- Equation name is 'count27~267', location is LC1_A22, type is buried.
count27~267 = DFFE( _EQ028, GLOBAL( CLK),  VCC,  VCC,  VCC);
  _EQ028 =  count27~267 & !_LC1_A14 & !_LC3_A1
         # !count27~267 &  _LC1_A14 & !_LC3_A1;

-- Node name is ':244' = 'count28~267' 
-- Equation name is 'count28~267', location is LC1_A19, type is buried.
count28~267 = DFFE( _EQ029, GLOBAL( CLK),  VCC,  VCC,  VCC);
  _EQ029 = !count27~267 &  count28~267 & !_LC3_A1
         #  count28~267 & !_LC1_A14 & !_LC3_A1
         #  count27~267 & !count28~267 &  _LC1_A14 & !_LC3_A1;

-- Node name is ':243' = 'count29~267' 
-- Equation name is 'count29~267', location is LC3_A19, type is buried.
count29~267 = DFFE( _EQ030, GLOBAL( CLK),  VCC,  VCC,  VCC);
  _EQ030 =  count29~267 & !_LC3_A1 & !_LC6_A19
         # !count29~267 & !_LC3_A1 &  _LC6_A19;

-- Node name is ':242' = 'count30~267' 
-- Equation name is 'count30~267', location is LC4_A19, type is buried.
count30~267 = DFFE( _EQ031, GLOBAL( CLK),  VCC,  VCC,  VCC);
  _EQ031 = !count29~267 &  count30~267 & !_LC3_A1
         #  count30~267 & !_LC3_A1 & !_LC6_A19
         #  count29~267 & !count30~267 & !_LC3_A1 &  _LC6_A19;

-- Node name is ':241' = 'count31~267' 
-- Equation name is 'count31~267', location is LC5_A19, type is buried.
count31~267 = DFFE( _EQ032, GLOBAL( CLK),  VCC,  VCC,  VCC);
  _EQ032 = !count30~267 &  count31~267 & !_LC3_A1
         #  count31~267 & !_LC3_A1 & !_LC7_A19
         #  count30~267 & !count31~267 & !_LC3_A1 &  _LC7_A19;

-- Node name is 'Get' 
-- Equation name is 'Get', type is output 
Get      =  getf;

-- Node name is ':30' = 'getf' 
-- Equation name is 'getf', location is LC2_B13, type is buried.
getf     = DFFE( _EQ033, GLOBAL( CLK),  VCC,  VCC,  VCC);
  _EQ033 = !getf &  _LC6_B13
         # !_LC3_C15 &  _LC6_B13;

-- Node name is ':94' = 'memory0_0' 
-- Equation name is 'memory0_0', location is LC5_A1, type is buried.
memory0_0 = DFFE( _EQ034, GLOBAL( CLK),  VCC,  VCC,  VCC);
  _EQ034 = !_LC6_B13 &  memory7_0
         #  DATA0 &  _LC6_B13;

-- Node name is ':93' = 'memory0_1' 
-- Equation name is 'memory0_1', location is LC2_A17, type is buried.
memory0_1 = DFFE( _EQ035, GLOBAL( CLK),  VCC,  VCC,  VCC);
  _EQ035 = !_LC6_B13 &  memory7_1
         #  DATA1 &  _LC6_B13;

-- Node name is ':92' = 'memory0_2' 
-- Equation name is 'memory0_2', location is LC2_B7, type is buried.
memory0_2 = DFFE( _EQ036, GLOBAL( CLK),  VCC,  VCC,  VCC);
  _EQ036 = !_LC6_B13 &  memory7_2
         #  DATA2 &  _LC6_B13;

-- Node name is ':91' = 'memory0_3' 
-- Equation name is 'memory0_3', location is LC1_B5, type is buried.
memory0_3 = DFFE( _EQ037, GLOBAL( CLK),  VCC,  VCC,  VCC);
  _EQ037 = !_LC6_B13 &  memory7_3
         #  DATA3 &  _LC6_B13;

-- Node name is ':90' = 'memory0_4' 
-- Equation name is 'memory0_4', location is LC1_A4, type is buried.
memory0_4 = DFFE( _EQ038, GLOBAL( CLK),  VCC,  VCC,  VCC);
  _EQ038 = !_LC6_B13 &  memory7_4
         #  DATA4 &  _LC6_B13;

-- Node name is ':89' = 'memory0_5' 
-- Equation name is 'memory0_5', location is LC1_A3, type is buried.
memory0_5 = DFFE( _EQ039, GLOBAL( CLK),  VCC,  VCC,  VCC);
  _EQ039 = !_LC6_B13 &  memory7_5
         #  DATA5 &  _LC6_B13;

-- Node name is ':88' = 'memory0_6' 
-- Equation name is 'memory0_6', location is LC1_B6, type is buried.
memory0_6 = DFFE( _EQ040, GLOBAL( CLK),  VCC,  VCC,  VCC);
  _EQ040 = !_LC6_B13 &  memory7_6
         #  DATA6 &  _LC6_B13;

-- Node name is ':87' = 'memory0_7' 
-- Equation name is 'memory0_7', location is LC2_B18, type is buried.
memory0_7 = DFFE( _EQ041, GLOBAL( CLK),  VCC,  VCC,  VCC);
  _EQ041 = !_LC6_B13 &  memory7_7
         #  DATA7 &  _LC6_B13;

-- Node name is ':86' = 'memory1_0' 
-- Equation name is 'memory1_0', location is LC4_A1, type is buried.
memory1_0 = DFFE( memory0_0, GLOBAL( CLK),  VCC,  VCC,  VCC);

-- Node name is ':85' = 'memory1_1' 
-- Equation name is 'memory1_1', location is LC1_A17, type is buried.
memory1_1 = DFFE( memory0_1, GLOBAL( CLK),  VCC,  VCC,  VCC);

-- Node name is ':84' = 'memory1_2' 
-- Equation name is 'memory1_2', location is LC1_B7, type is buried.
memory1_2 = DFFE( memory0_2, GLOBAL( CLK),  VCC,  VCC,  VCC);

-- Node name is ':83' = 'memory1_3' 
-- Equation name is 'memory1_3', location is LC2_B5, type is buried.
memory1_3 = DFFE( memory0_3, GLOBAL( CLK),  VCC,  VCC,  VCC);

-- Node name is ':82' = 'memory1_4' 
-- Equation name is 'memory1_4', location is LC3_A4, type is buried.
memory1_4 = DFFE( memory0_4, GLOBAL( CLK),  VCC,  VCC,  VCC);

-- Node name is ':81' = 'memory1_5' 
-- Equation name is 'memory1_5', location is LC2_A3, type is buried.
memory1_5 = DFFE( memory0_5, GLOBAL( CLK),  VCC,  VCC,  VCC);

-- Node name is ':80' = 'memory1_6' 
-- Equation name is 'memory1_6', location is LC5_B6, type is buried.
memory1_6 = DFFE( memory0_6, GLOBAL( CLK),  VCC,  VCC,  VCC);

-- Node name is ':79' = 'memory1_7' 
-- Equation name is 'memory1_7', location is LC6_B18, type is buried.
memory1_7 = DFFE( memory0_7, GLOBAL( CLK),  VCC,  VCC,  VCC);

-- Node name is ':78' = 'memory2_0' 
-- Equation name is 'memory2_0', location is LC8_A1, type is buried.
memory2_0 = DFFE( memory1_0, GLOBAL( CLK),  VCC,  VCC,  VCC);

-- Node name is ':77' = 'memory2_1' 
-- Equation name is 'memory2_1', location is LC6_A17, type is buried.
memory2_1 = DFFE( memory1_1, GLOBAL( CLK),  VCC,  VCC,  VCC);

-- Node name is ':76' = 'memory2_2' 
-- Equation name is 'memory2_2', location is LC6_B7, type is buried.
memory2_2 = DFFE( memory1_2, GLOBAL( CLK),  VCC,  VCC,  VCC);

-- Node name is ':75' = 'memory2_3' 
-- Equation name is 'memory2_3', location is LC5_B5, type is buried.
memory2_3 = DFFE( memory1_3, GLOBAL( CLK),  VCC,  VCC,  VCC);

-- Node name is ':74' = 'memory2_4' 
-- Equation name is 'memory2_4', location is LC6_A4, type is buried.
memory2_4 = DFFE( memory1_4, GLOBAL( CLK),  VCC,  VCC,  VCC);

-- Node name is ':73' = 'memory2_5' 
-- Equation name is 'memory2_5', location is LC5_A3, type is buried.
memory2_5 = DFFE( memory1_5, GLOBAL( CLK),  VCC,  VCC,  VCC);

-- Node name is ':72' = 'memory2_6' 
-- Equation name is 'memory2_6', location is LC4_B6, type is buried.
memory2_6 = DFFE( memory1_6, GLOBAL( CLK),  VCC,  VCC,  VCC);

-- Node name is ':71' = 'memory2_7' 
-- Equation name is 'memory2_7', location is LC5_B18, type is buried.
memory2_7 = DFFE( memory1_7, GLOBAL( CLK),  VCC,  VCC,  VCC);

-- Node name is ':70' = 'memory3_0' 
-- Equation name is 'memory3_0', location is LC2_A1, type is buried.
memory3_0 = DFFE( memory2_0, GLOBAL( CLK),  VCC,  VCC,  VCC);

-- Node name is ':69' = 'memory3_1' 
-- Equation name is 'memory3_1', location is LC4_A17, type is buried.
memory3_1 = DFFE( memory2_1, GLOBAL( CLK),  VCC,  VCC,  VCC);

-- Node name is ':68' = 'memory3_2' 
-- Equation name is 'memory3_2', location is LC5_B7, type is buried.
memory3_2 = DFFE( memory2_2, GLOBAL( CLK),  VCC,  VCC,  VCC);

-- Node name is ':67' = 'memory3_3' 
-- Equation name is 'memory3_3', location is LC4_B5, type is buried.
memory3_3 = DFFE( memory2_3, GLOBAL( CLK),  VCC,  VCC,  VCC);

-- Node name is ':66' = 'memory3_4' 
-- Equation name is 'memory3_4', location is LC7_A4, type is buried.
memory3_4 = DFFE( memory2_4, GLOBAL( CLK),  VCC,  VCC,  VCC);

-- Node name is ':65' = 'memory3_5' 
-- Equation name is 'memory3_5', location is LC6_A3, type is buried.
memory3_5 = DFFE( memory2_5, GLOBAL( CLK),  VCC,  VCC,  VCC);

-- Node name is ':64' = 'memory3_6' 
-- Equation name is 'memory3_6', location is LC8_B6, type is buried.
memory3_6 = DFFE( memory2_6, GLOBAL( CLK),  VCC,  VCC,  VCC);

-- Node name is ':63' = 'memory3_7' 
-- Equation name is 'memory3_7', location is LC8_B18, type is buried.
memory3_7 = DFFE( memory2_7, GLOBAL( CLK),  VCC,  VCC,  VCC);

-- Node name is ':62' = 'memory4_0' 
-- Equation name is 'memory4_0', location is LC4_C2, type is buried.
memory4_0 = DFFE( memory3_0, GLOBAL( CLK),  VCC,  VCC,  VCC);

-- Node name is ':61' = 'memory4_1' 
-- Equation name is 'memory4_1', location is LC8_A17, type is buried.
memory4_1 = DFFE( memory3_1, GLOBAL( CLK),  VCC,  VCC,  VCC);

-- Node name is ':60' = 'memory4_2' 
-- Equation name is 'memory4_2', location is LC8_B7, type is buried.
memory4_2 = DFFE( memory3_2, GLOBAL( CLK),  VCC,  VCC,  VCC);

-- Node name is ':59' = 'memory4_3' 
-- Equation name is 'memory4_3', location is LC7_B5, type is buried.
memory4_3 = DFFE( memory3_3, GLOBAL( CLK),  VCC,  VCC,  VCC);

-- Node name is ':58' = 'memory4_4' 
-- Equation name is 'memory4_4', location is LC8_A4, type is buried.
memory4_4 = DFFE( memory3_4, GLOBAL( CLK),  VCC,  VCC,  VCC);

-- Node name is ':57' = 'memory4_5' 
-- Equation name is 'memory4_5', location is LC8_A3, type is buried.
memory4_5 = DFFE( memory3_5, GLOBAL( CLK),  VCC,  VCC,  VCC);

-- Node name is ':56' = 'memory4_6' 
-- Equation name is 'memory4_6', location is LC7_B6, type is buried.
memory4_6 = DFFE( memory3_6, GLOBAL( CLK),  VCC,  VCC,  VCC);

-- Node name is ':55' = 'memory4_7' 
-- Equation name is 'memory4_7', location is LC7_B18, type is buried.
memory4_7 = DFFE( memory3_7, GLOBAL( CLK),  VCC,  VCC,  VCC);

-- Node name is ':54' = 'memory5_0' 
-- Equation name is 'memory5_0', location is LC3_C2, type is buried.
memory5_0 = DFFE( memory4_0, GLOBAL( CLK),  VCC,  VCC,  VCC);

-- Node name is ':53' = 'memory5_1' 
-- Equation name is 'memory5_1', location is LC7_A17, type is buried.
memory5_1 = DFFE( memory4_1, GLOBAL( CLK),  VCC,  VCC,  VCC);

-- Node name is ':52' = 'memory5_2' 
-- Equation name is 'memory5_2', location is LC7_B7, type is buried.
memory5_2 = DFFE( memory4_2, GLOBAL( CLK),  VCC,  VCC,  VCC);

-- Node name is ':51' = 'memory5_3' 
-- Equation name is 'memory5_3', location is LC6_B5, type is buried.
memory5_3 = DFFE( memory4_3, GLOBAL( CLK),  VCC,  VCC,  VCC);

-- Node name is ':50' = 'memory5_4' 
-- Equation name is 'memory5_4', location is LC5_A4, type is buried.
memory5_4 = DFFE( memory4_4, GLOBAL( CLK),  VCC,  VCC,  VCC);

-- Node name is ':49' = 'memory5_5' 
-- Equation name is 'memory5_5', location is LC4_A3, type is buried.
memory5_5 = DFFE( memory4_5, GLOBAL( CLK),  VCC,  VCC,  VCC);

-- Node name is ':48' = 'memory5_6' 
-- Equation name is 'memory5_6', location is LC3_B6, type is buried.
memory5_6 = DFFE( memory4_6, GLOBAL( CLK),  VCC,  VCC,  VCC);

-- Node name is ':47' = 'memory5_7' 
-- Equation name is 'memory5_7', location is LC4_B18, type is buried.
memory5_7 = DFFE( memory4_7, GLOBAL( CLK),  VCC,  VCC,  VCC);

-- Node name is ':46' = 'memory6_0' 
-- Equation name is 'memory6_0', location is LC1_C2, type is buried.
memory6_0 = DFFE( memory5_0, GLOBAL( CLK),  VCC,  VCC,  VCC);

-- Node name is ':45' = 'memory6_1' 
-- Equation name is 'memory6_1', location is LC3_A17, type is buried.
memory6_1 = DFFE( memory5_1, GLOBAL( CLK),  VCC,  VCC,  VCC);

-- Node name is ':44' = 'memory6_2' 
-- Equation name is 'memory6_2', location is LC3_B7, type is buried.
memory6_2 = DFFE( memory5_2, GLOBAL( CLK),  VCC,  VCC,  VCC);

-- Node name is ':43' = 'memory6_3' 
-- Equation name is 'memory6_3', location is LC3_B5, type is buried.
memory6_3 = DFFE( memory5_3, GLOBAL( CLK),  VCC,  VCC,  VCC);

-- Node name is ':42' = 'memory6_4' 
-- Equation name is 'memory6_4', location is LC4_A4, type is buried.
memory6_4 = DFFE( memory5_4, GLOBAL( CLK),  VCC,  VCC,  VCC);

-- Node name is ':41' = 'memory6_5' 
-- Equation name is 'memory6_5', location is LC3_A3, type is buried.
memory6_5 = DFFE( memory5_5, GLOBAL( CLK),  VCC,  VCC,  VCC);

-- Node name is ':40' = 'memory6_6' 
-- Equation name is 'memory6_6', location is LC2_B6, type is buried.
memory6_6 = DFFE( memory5_6, GLOBAL( CLK),  VCC,  VCC,  VCC);

-- Node name is ':39' = 'memory6_7' 
-- Equation name is 'memory6_7', location is LC3_B18, type is buried.
memory6_7 = DFFE( memory5_7, GLOBAL( CLK),  VCC,  VCC,  VCC);

-- Node name is ':38' = 'memory7_0' 
-- Equation name is 'memory7_0', location is LC2_C2, type is buried.
memory7_0 = DFFE( memory6_0, GLOBAL( CLK),  VCC,  VCC,  VCC);

-- Node name is ':37' = 'memory7_1' 
-- Equation name is 'memory7_1', location is LC5_A17, type is buried.
memory7_1 = DFFE( memory6_1, GLOBAL( CLK),  VCC,  VCC,  VCC);

-- Node name is ':36' = 'memory7_2' 
-- Equation name is 'memory7_2', location is LC4_B7, type is buried.
memory7_2 = DFFE( memory6_2, GLOBAL( CLK),  VCC,  VCC,  VCC);

-- Node name is ':35' = 'memory7_3' 
-- Equation name is 'memory7_3', location is LC8_B5, type is buried.
memory7_3 = DFFE( memory6_3, GLOBAL( CLK),  VCC,  VCC,  VCC);

-- Node name is ':34' = 'memory7_4' 
-- Equation name is 'memory7_4', location is LC2_A4, type is buried.
memory7_4 = DFFE( memory6_4, GLOBAL( CLK),  VCC,  VCC,  VCC);

-- Node name is ':33' = 'memory7_5' 
-- Equation name is 'memory7_5', location is LC7_A3, type is buried.
memory7_5 = DFFE( memory6_5, GLOBAL( CLK),  VCC,  VCC,  VCC);

-- Node name is ':32' = 'memory7_6' 
-- Equation name is 'memory7_6', location is LC6_B6, type is buried.
memory7_6 = DFFE( memory6_6, GLOBAL( CLK),  VCC,  VCC,  VCC);

-- Node name is ':31' = 'memory7_7' 
-- Equation name is 'memory7_7', location is LC1_B18, type is buried.
memory7_7 = DFFE( memory6_7, GLOBAL( CLK),  VCC,  VCC,  VCC);

-- Node name is 'Q0' 
-- Equation name is 'Q0', type is output 
Q0       =  memory7_0;

-- Node name is 'Q1' 
-- Equation name is 'Q1', type is output 
Q1       =  memory7_1;

-- Node name is 'Q2' 
-- Equation name is 'Q2', type is output 
Q2       =  memory7_2;

-- Node name is 'Q3' 
-- Equation name is 'Q3', type is output 
Q3       =  memory7_3;

-- Node name is 'Q4' 
-- Equation name is 'Q4', type is output 
Q4       =  memory7_4;

-- Node name is 'Q5' 
-- Equation name is 'Q5', type is output 
Q5       =  memory7_5;

-- Node name is 'Q6' 
-- Equation name is 'Q6', type is output 
Q6       =  memory7_6;

-- Node name is 'Q7' 
-- Equation name is 'Q7', type is output 
Q7       =  memory7_7;

-- Node name is 'Synchro' 
-- Equation name is 'Synchro', type is output 
Synchro  =  _LC1_A1;

-- Node name is '|LPM_ADD_SUB:1388|addcore:adder|:171' from file "addcore.tdf" line 312, column 64
-- Equation name is '_LC1_B13', type is buried 
_LC1_B13 = LCELL( _EQ042);
  _EQ042 =  count0~267 &  count1~267 &  count2~267;

-- Node name is '|LPM_ADD_SUB:1388|addcore:adder|:175' from file "addcore.tdf" line 312, column 64
-- Equation name is '_LC3_C16', type is buried 
_LC3_C16 = LCELL( _EQ043);
  _EQ043 =  count3~267 &  _LC1_B13;

-- Node name is '|LPM_ADD_SUB:1388|addcore:adder|:183' from file "addcore.tdf" line 312, column 64
-- Equation name is '_LC8_C20', type is buried 
_LC8_C20 = LCELL( _EQ044);
  _EQ044 =  count3~267 &  count4~267 &  count5~267 &  _LC1_B13;

-- Node name is '|LPM_ADD_SUB:1388|addcore:adder|:187' from file "addcore.tdf" line 312, column 64
-- Equation name is '_LC7_C20', type is buried 
_LC7_C20 = LCELL( _EQ045);
  _EQ045 =  count6~267 &  _LC8_C20;

-- Node name is '|LPM_ADD_SUB:1388|addcore:adder|:195' from file "addcore.tdf" line 312, column 64
-- Equation name is '_LC1_C20', type is buried 
_LC1_C20 = LCELL( _EQ046);
  _EQ046 =  count7~267 &  count8~267 &  _LC7_C20;

-- Node name is '|LPM_ADD_SUB:1388|addcore:adder|:199' from file "addcore.tdf" line 312, column 64
-- Equation name is '_LC6_C11', type is buried 
_LC6_C11 = LCELL( _EQ047);
  _EQ047 =  count9~267 &  _LC1_C20;

-- Node name is '|LPM_ADD_SUB:1388|addcore:adder|:207' from file "addcore.tdf" line 312, column 64
-- Equation name is '_LC1_C11', type is buried 
_LC1_C11 = LCELL( _EQ048);
  _EQ048 =  count9~267 &  count10~267 &  count11~267 &  _LC1_C20;

-- Node name is '|LPM_ADD_SUB:1388|addcore:adder|:211' from file "addcore.tdf" line 312, column 64
-- Equation name is '_LC6_C10', type is buried 
_LC6_C10 = LCELL( _EQ049);
  _EQ049 =  count12~267 &  _LC1_C11;

-- Node name is '|LPM_ADD_SUB:1388|addcore:adder|:219' from file "addcore.tdf" line 312, column 64
-- Equation name is '_LC1_C10', type is buried 
_LC1_C10 = LCELL( _EQ050);
  _EQ050 =  count12~267 &  count13~267 &  count14~267 &  _LC1_C11;

-- Node name is '|LPM_ADD_SUB:1388|addcore:adder|:223' from file "addcore.tdf" line 312, column 64
-- Equation name is '_LC7_C21', type is buried 
_LC7_C21 = LCELL( _EQ051);
  _EQ051 =  count15~267 &  _LC1_C10;

-- Node name is '|LPM_ADD_SUB:1388|addcore:adder|:231' from file "addcore.tdf" line 312, column 64
-- Equation name is '_LC3_C21', type is buried 
_LC3_C21 = LCELL( _EQ052);
  _EQ052 =  count15~267 &  count16~267 &  count17~267 &  _LC1_C10;

-- Node name is '|LPM_ADD_SUB:1388|addcore:adder|:235' from file "addcore.tdf" line 312, column 64
-- Equation name is '_LC1_C21', type is buried 
_LC1_C21 = LCELL( _EQ053);
  _EQ053 =  count18~267 &  _LC3_C21;

-- Node name is '|LPM_ADD_SUB:1388|addcore:adder|:243' from file "addcore.tdf" line 312, column 64
-- Equation name is '_LC8_C15', type is buried 
_LC8_C15 = LCELL( _EQ054);
  _EQ054 =  count19~267 &  count20~267 &  _LC1_C21;

-- Node name is '|LPM_ADD_SUB:1388|addcore:adder|:251' from file "addcore.tdf" line 312, column 64
-- Equation name is '_LC1_C15', type is buried 
_LC1_C15 = LCELL( _EQ055);
  _EQ055 =  count21~267 &  count22~267 &  _LC8_C15;

-- Node name is '|LPM_ADD_SUB:1388|addcore:adder|:259' from file "addcore.tdf" line 312, column 64
-- Equation name is '_LC7_A14', type is buried 
_LC7_A14 = LCELL( _EQ056);
  _EQ056 =  count23~267 &  count24~267 &  _LC1_C15;

-- Node name is '|LPM_ADD_SUB:1388|addcore:adder|:267' from file "addcore.tdf" line 312, column 64
-- Equation name is '_LC1_A14', type is buried 
_LC1_A14 = LCELL( _EQ057);
  _EQ057 =  count25~267 &  count26~267 &  _LC7_A14;

-- Node name is '|LPM_ADD_SUB:1388|addcore:adder|:275' from file "addcore.tdf" line 312, column 64
-- Equation name is '_LC6_A19', type is buried 
_LC6_A19 = LCELL( _EQ058);
  _EQ058 =  count27~267 &  count28~267 &  _LC1_A14;

-- Node name is '|LPM_ADD_SUB:1388|addcore:adder|:279' from file "addcore.tdf" line 312, column 64
-- Equation name is '_LC7_A19', type is buried 
_LC7_A19 = LCELL( _EQ059);
  _EQ059 =  count29~267 &  _LC6_A19;

-- Node name is ':28' 
-- Equation name is '_LC1_A1', type is buried 
_LC1_A1  = DFFE( _EQ060, GLOBAL( CLK),  VCC,  VCC,  VCC);
  _EQ060 = !_LC1_B8 & !_LC1_B9 & !_LC6_A1 & !_LC7_A1;

-- Node name is '~1389~1' 
-- Equation name is '~1389~1', location is LC2_C10, type is buried.
-- synthesized logic cell 
_LC2_C10 = LCELL( _EQ061);
  _EQ061 =  count12~267
         #  count13~267
         #  count14~267
         #  count15~267;

-- Node name is '~1389~2' 
-- Equation name is '~1389~2', location is LC4_C11, type is buried.
-- synthesized logic cell 
_LC4_C11 = LCELL( _EQ062);
  _EQ062 =  count10~267
         #  count11~267
         #  count9~267;

-- Node name is '~1389~3' 
-- Equation name is '~1389~3', location is LC4_C20, type is buried.
-- synthesized logic cell 
_LC4_C20 = LCELL( _EQ063);
  _EQ063 =  count6~267
         #  count7~267
         #  count5~267
         #  count4~267;

-- Node name is '~1389~4' 
-- Equation name is '~1389~4', location is LC2_C20, type is buried.
-- synthesized logic cell 
_LC2_C20 = LCELL( _EQ064);
  _EQ064 =  count8~267
         #  _LC4_C11
         #  count3~267
         #  _LC4_C20;

-- Node name is '~1389~5' 
-- Equation name is '~1389~5', location is LC2_A19, type is buried.
-- synthesized logic cell 
_LC2_A19 = LCELL( _EQ065);
  _EQ065 =  count30~267
         #  count31~267
         #  count29~267
         #  count28~267;

-- Node name is '~1389~6' 
-- Equation name is '~1389~6', location is LC3_A14, type is buried.
-- synthesized logic cell 
_LC3_A14 = LCELL( _EQ066);
  _EQ066 =  count26~267
         #  count27~267
         #  count25~267
         #  count24~267;

-- Node name is '~1389~7' 
-- Equation name is '~1389~7', location is LC5_C15, type is buried.
-- synthesized logic cell 
_LC5_C15 = LCELL( _EQ067);
  _EQ067 =  count22~267
         #  count23~267
         #  count21~267
         #  count20~267;

-- Node name is '~1389~8' 
-- Equation name is '~1389~8', location is LC2_C21, type is buried.
-- synthesized logic cell 
_LC2_C21 = LCELL( _EQ068);
  _EQ068 =  count18~267
         #  count19~267
         #  count17~267
         #  count16~267;

-- Node name is '~1389~9' 
-- Equation name is '~1389~9', location is LC6_C15, type is buried.
-- synthesized logic cell 
_LC6_C15 = LCELL( _EQ069);
  _EQ069 =  _LC2_A19
         #  _LC3_A14
         #  _LC5_C15
         #  _LC2_C21;

-- Node name is ':1389' 
-- Equation name is '_LC3_C15', type is buried 
!_LC3_C15 = _LC3_C15~NOT;
_LC3_C15~NOT = LCELL( _EQ070);
  _EQ070 =  _LC2_C10
         #  _LC2_C20
         #  _LC6_C15
         # !_LC1_B13;

-- Node name is '~1712~1' 
-- Equation name is '~1712~1', location is LC6_A1, type is buried.
-- synthesized logic cell 
_LC6_A1  = LCELL( _EQ071);
  _EQ071 = !KKS1 &  memory7_1
         #  KKS1 & !memory7_1
         # !KKS0 &  memory7_0
         #  KKS0 & !memory7_0;

-- Node name is '~1712~2' 
-- Equation name is '~1712~2', location is LC1_B8, type is buried.
-- synthesized logic cell 
_LC1_B8  = LCELL( _EQ072);
  _EQ072 = !KKS3 &  memory7_3
         #  KKS3 & !memory7_3
         # !KKS2 &  memory7_2
         #  KKS2 & !memory7_2;

-- Node name is '~1712~3' 
-- Equation name is '~1712~3', location is LC7_A1, type is buried.
-- synthesized logic cell 
_LC7_A1  = LCELL( _EQ073);
  _EQ073 = !KKS5 &  memory7_5
         #  KKS5 & !memory7_5
         # !KKS4 &  memory7_4
         #  KKS4 & !memory7_4;

-- Node name is '~1712~4' 
-- Equation name is '~1712~4', location is LC1_B9, type is buried.
-- synthesized logic cell 
_LC1_B9  = LCELL( _EQ074);
  _EQ074 = !KKS7 &  memory7_7
         #  KKS7 & !memory7_7
         # !KKS6 &  memory7_6
         #  KKS6 & !memory7_6;

-- Node name is ':1712' 
-- Equation name is '_LC3_A1', type is buried 
!_LC3_A1 = _LC3_A1~NOT;
_LC3_A1~NOT = LCELL( _EQ075);
  _EQ075 =  _LC6_A1
         #  _LC1_B8
         #  _LC7_A1
         #  _LC1_B9;

-- Node name is '~1911~1' 
-- Equation name is '~1911~1', location is LC8_C16, type is buried.
-- synthesized logic cell 
_LC8_C16 = LCELL( _EQ076);
  _EQ076 = !_LC3_A1 & !_LC3_C15;

-- Node name is ':2023' 
-- Equation name is '_LC6_B13', type is buried 
_LC6_B13 = LCELL( _EQ077);
  _EQ077 =  getf
         #  _LC3_A1 &  Query;



Project Information                                      z:\lab19\videoram.rpt

** COMPILATION SETTINGS & TIMES **

Processing Menu Commands
------------------------

Design Doctor                             = off

Logic Synthesis:

   Synthesis Type Used                    = Multi-Level

   Default Synthesis Style                = NORMAL

      Logic option settings in 'NORMAL' style for 'FLEX10K' family

      CARRY_CHAIN                         = ignore
      CARRY_CHAIN_LENGTH                  = 32
      CASCADE_CHAIN                       = ignore
      CASCADE_CHAIN_LENGTH                = 2
      DECOMPOSE_GATES                     = on
      DUPLICATE_LOGIC_EXTRACTION          = on
      MINIMIZATION                        = full
      MULTI_LEVEL_FACTORING               = on
      NOT_GATE_PUSH_BACK                  = on
      REDUCE_LOGIC                        = on
      REFACTORIZATION                     = on
      REGISTER_OPTIMIZATION               = on
      RESYNTHESIZE_NETWORK                = on
      SLOW_SLEW_RATE                      = off
      SUBFACTOR_EXTRACTION                = on
      IGNORE_SOFT_BUFFERS                 = on
      USE_LPM_FOR_AHDL_OPERATORS          = off

   Other logic synthesis settings:

      Automatic Global Clock              = on
      Automatic Global Clear              = on
      Automatic Global Preset             = on
      Automatic Global Output Enable      = on
      Automatic Fast I/O                  = off
      Automatic Register Packing          = off
      Automatic Open-Drain Pins           = on
      Automatic Implement in EAB          = off
      Optimize                            = 5

Default Timing Specifications: None

Cut All Bidir Feedback Timing Paths       = on
Cut All Clear & Preset Timing Paths       = on

Ignore Timing Assignments                 = off

Functional SNF Extractor                  = off

Linked SNF Extractor                      = off
Timing SNF Extractor                      = on
Optimize Timing SNF                       = off
Generate AHDL TDO File                    = off
Fitter Settings                           = NORMAL
Smart Recompile                           = off
Total Recompile                           = off

Interfaces Menu Commands
------------------------

EDIF Netlist Writer                       = off
Verilog Netlist Writer                    = off
VHDL Netlist Writer                       = off

Compilation Times
-----------------

   Compiler Netlist Extractor             00:00:00
   Database Builder                       00:00:00
   Logic Synthesizer                      00:00:00
   Partitioner                            00:00:00
   Fitter                                 00:00:01
   Timing SNF Extractor                   00:00:00
   Assembler                              00:00:00
   --------------------------             --------
   Total Time                             00:00:01


Memory Allocated
-----------------

Peak memory allocated during compilation  = 14,876K
