Project Information                k:\polytekh\max+plusii\lab20\aa5_buffer.rpt

MAX+plus II Compiler Report File
Version 9.01 07/30/98
Compiled: 09/28/13 23:05:24

Copyright (C) 1988-1998 Altera Corporation
Any megafunction design, and related net list (encrypted or decrypted),
support information, device programming or simulation file, and any other
associated documentation or information provided by Altera or a partner
under Altera's Megafunction Partnership Program may be used only to
program PLD devices (but not masked PLD devices) from Altera.  Any other
use of such megafunction design, net list, support information, device
programming or simulation file, or any other related documentation or
information is prohibited for any other purpose, including, but not
limited to modification, reverse engineering, de-compiling, or use with
any other silicon devices, unless such use is explicitly licensed under
a separate agreement with Altera or a megafunction partner.  Title to
the intellectual property, including patents, copyrights, trademarks,
trade secrets, or maskworks, embodied in any such megafunction design,
net list, support information, device programming or simulation file, or
any other related documentation or information provided by Altera or a
megafunction partner, remains with Altera, the megafunction partner, or
their respective licensors.  No other licenses, including any licenses
needed under any third party's intellectual property, are provided herein.



***** Project compilation was successful




** DEVICE SUMMARY **

Chip/                     Input Output Bidir  Memory  Memory  			 LCs
POF       Device          Pins  Pins   Pins   Bits % Utilized  LCs  % Utilized

aa5_buffer
      EPF10K10LC84-3       16     8      0    0         0  %    133      23 %

User Pins:                 16     8      0  



Project Information                k:\polytekh\max+plusii\lab20\aa5_buffer.rpt

** FILE HIERARCHY **



|dff8:18|
|dff8:25|
|dff8:19|
|dff8:20|
|dff8:21|
|dff8:17|
|dff8:16|
|dff8:15|
|dff8:14|
|demux8:28|
|mux8x8:31|
|mux8x8:31|aa5tri8:5|
|mux8x8:31|aa5tri8:6|
|mux8x8:31|aa5tri8:7|
|mux8x8:31|aa5tri8:8|
|mux8x8:31|aa5tri8:4|
|mux8x8:31|aa5tri8:3|
|mux8x8:31|aa5tri8:2|
|mux8x8:31|aa5tri8:1|
|mux8x8:31|deshifr8:35|


Device-Specific Information:       k:\polytekh\max+plusii\lab20\aa5_buffer.rpt
aa5_buffer

***** Logic for device 'aa5_buffer' compiled without errors.




Device: EPF10K10LC84-3

FLEX 10K Configuration Scheme: Passive Serial

Device Options:
    User-Supplied Start-Up Clock               = OFF
    Auto-Restart Configuration on Frame Error  = OFF
    Release Clears Before Tri-States           = OFF
    Enable Chip_Wide Reset                     = OFF
    Enable Chip-Wide Output Enable             = OFF
    Enable INIT_DONE Output                    = OFF
    JTAG User Code                             = 7f

                                                                         ^     
                                                                         C     
                                  R     R           R     R  R  R  R     O     
                                  E     E           E     E  E  E  E     N     
                                  S  V  S           S  G  S  S  S  S     F     
                      D  D  D  D  E  C  E           E  N  E  E  E  E     _  ^  
                A  A  A  A  A  A  R  C  R  A  A  A  R  D  R  R  R  R  #  D  n  
                W  W  T  T  T  T  V  I  V  R  W  R  V  I  V  V  V  V  T  O  C  
                R  R  A  A  A  A  E  N  E  D  R  D  E  N  E  E  E  E  C  N  E  
                0  1  7  5  6  0  D  T  D  1  2  0  D  T  D  D  D  D  K  E  O  
              -----------------------------------------------------------------_ 
            /  11 10  9  8  7  6  5  4  3  2  1 84 83 82 81 80 79 78 77 76 75   | 
    ^DATA0 | 12                                                              74 | #TDO 
     ^DCLK | 13                                                              73 | Q5 
      ^nCE | 14                                                              72 | RESERVED 
      #TDI | 15                                                              71 | RESERVED 
  RESERVED | 16                                                              70 | Q7 
  RESERVED | 17                                                              69 | Q6 
  RESERVED | 18                                                              68 | GNDINT 
  RESERVED | 19                                                              67 | RESERVED 
    VCCINT | 20                                                              66 | RESERVED 
  RESERVED | 21                                                              65 | RESERVED 
  RESERVED | 22                        EPF10K10LC84-3                        64 | RESERVED 
  RESERVED | 23                                                              63 | VCCINT 
  RESERVED | 24                                                              62 | Q0 
  RESERVED | 25                                                              61 | Q4 
    GNDINT | 26                                                              60 | Q3 
  RESERVED | 27                                                              59 | Q2 
  RESERVED | 28                                                              58 | Q1 
  RESERVED | 29                                                              57 | #TMS 
  RESERVED | 30                                                              56 | #nTRST 
    ^MSEL0 | 31                                                              55 | ^nSTATUS 
    ^MSEL1 | 32                                                              54 | RESERVED 
           |_  33 34 35 36 37 38 39 40 41 42 43 44 45 46 47 48 49 50 51 52 53  _| 
             ------------------------------------------------------------------ 
                V  ^  R  R  R  D  R  V  G  W  R  A  V  G  R  D  D  D  R  R  R  
                C  n  E  E  E  A  E  C  N  R  D  R  C  N  E  A  A  A  E  E  E  
                C  C  S  S  S  T  S  C  D        D  C  D  S  T  T  T  S  S  S  
                I  O  E  E  E  A  E  I  I        2  I  I  E  A  A  A  E  E  E  
                N  N  R  R  R  4  R  N  N           N  N  R  2  1  3  R  R  R  
                T  F  V  V  V     V  T  T           T  T  V           V  V  V  
                   I  E  E  E     E                       E           E  E  E  
                   G  D  D  D     D                       D           D  D  D  
                                                                               
                                                                               


N.C. = Not Connected.
VCCINT = Dedicated power pin, which MUST be connected to VCC (5.0 volts).
VCCIO = Dedicated power pin, which MUST be connected to VCC (5.0 volts).
GNDINT = Dedicated ground pin or unused dedicated input, which MUST be connected to GND.
GNDIO = Dedicated ground pin, which MUST be connected to GND.
RESERVED = Unused I/O pin, which MUST be left unconnected.

^ = Dedicated configuration pin.
+ = Reserved configuration pin, which is tri-stated during user mode.
* = Reserved configuration pin, which drives out in user mode.
PDn = Power Down pin. 
@ = Special-purpose pin. 
# = JTAG Boundary-Scan Testing/In-System Programming or Configuration Pin. The JTAG inputs (TMS, TCK, TDI) should be tied to VCC when not in use.
& = JTAG pin used for I/O. When used as user I/O, JTAG pins must be kept stable before and during configuration.  JTAG pin stability prevents accidental loading of JTAG instructions.


Device-Specific Information:       k:\polytekh\max+plusii\lab20\aa5_buffer.rpt
aa5_buffer

** RESOURCE USAGE **

Logic                Column       Row                                   
Array                Interconnect Interconnect         Clears/     External  
Block   Logic Cells  Driven       Driven       Clocks  Presets   Interconnect
A1       1/ 8( 12%)   1/ 8( 12%)   1/ 8( 12%)    0/2    0/2       4/22( 18%)   
A2       1/ 8( 12%)   1/ 8( 12%)   1/ 8( 12%)    0/2    0/2       3/22( 13%)   
A3       1/ 8( 12%)   1/ 8( 12%)   1/ 8( 12%)    0/2    0/2       4/22( 18%)   
A4       1/ 8( 12%)   1/ 8( 12%)   1/ 8( 12%)    0/2    0/2       4/22( 18%)   
A5       1/ 8( 12%)   0/ 8(  0%)   1/ 8( 12%)    1/2    0/2       2/22(  9%)   
A9       7/ 8( 87%)   0/ 8(  0%)   2/ 8( 25%)    2/2    0/2       9/22( 40%)   
A10      5/ 8( 62%)   0/ 8(  0%)   1/ 8( 12%)    2/2    0/2       8/22( 36%)   
A11      1/ 8( 12%)   0/ 8(  0%)   1/ 8( 12%)    1/2    0/2       2/22(  9%)   
A12      4/ 8( 50%)   0/ 8(  0%)   1/ 8( 12%)    2/2    0/2       8/22( 36%)   
A14      7/ 8( 87%)   0/ 8(  0%)   2/ 8( 25%)    2/2    0/2      16/22( 72%)   
A16      1/ 8( 12%)   0/ 8(  0%)   1/ 8( 12%)    1/2    0/2       2/22(  9%)   
A17      1/ 8( 12%)   0/ 8(  0%)   1/ 8( 12%)    1/2    0/2       2/22(  9%)   
A18      1/ 8( 12%)   0/ 8(  0%)   1/ 8( 12%)    1/2    0/2       2/22(  9%)   
A19      1/ 8( 12%)   0/ 8(  0%)   1/ 8( 12%)    1/2    0/2       2/22(  9%)   
A20      4/ 8( 50%)   1/ 8( 12%)   3/ 8( 37%)    1/2    0/2       7/22( 31%)   
A21      1/ 8( 12%)   1/ 8( 12%)   1/ 8( 12%)    0/2    0/2       4/22( 18%)   
A22      1/ 8( 12%)   1/ 8( 12%)   1/ 8( 12%)    0/2    0/2       4/22( 18%)   
A23      1/ 8( 12%)   1/ 8( 12%)   1/ 8( 12%)    0/2    0/2       3/22( 13%)   
A24      4/ 8( 50%)   0/ 8(  0%)   1/ 8( 12%)    2/2    0/2      11/22( 50%)   
B5       3/ 8( 37%)   0/ 8(  0%)   3/ 8( 37%)    1/2    0/2       4/22( 18%)   
B6       6/ 8( 75%)   0/ 8(  0%)   3/ 8( 37%)    1/2    0/2       7/22( 31%)   
B7       1/ 8( 12%)   0/ 8(  0%)   1/ 8( 12%)    1/2    0/2       2/22(  9%)   
B8       1/ 8( 12%)   0/ 8(  0%)   1/ 8( 12%)    1/2    0/2       2/22(  9%)   
B9       1/ 8( 12%)   0/ 8(  0%)   1/ 8( 12%)    0/2    0/2       4/22( 18%)   
B10      1/ 8( 12%)   0/ 8(  0%)   1/ 8( 12%)    1/2    0/2       2/22(  9%)   
B11      1/ 8( 12%)   0/ 8(  0%)   1/ 8( 12%)    1/2    0/2       2/22(  9%)   
B12      1/ 8( 12%)   0/ 8(  0%)   1/ 8( 12%)    1/2    0/2       2/22(  9%)   
B16      4/ 8( 50%)   2/ 8( 25%)   0/ 8(  0%)    1/2    0/2       7/22( 31%)   
B17      7/ 8( 87%)   2/ 8( 25%)   0/ 8(  0%)    2/2    0/2      13/22( 59%)   
B18      6/ 8( 75%)   2/ 8( 25%)   0/ 8(  0%)    2/2    0/2      10/22( 45%)   
B19      8/ 8(100%)   2/ 8( 25%)   0/ 8(  0%)    2/2    0/2      11/22( 50%)   
B20      1/ 8( 12%)   0/ 8(  0%)   1/ 8( 12%)    0/2    0/2       4/22( 18%)   
B21      1/ 8( 12%)   0/ 8(  0%)   1/ 8( 12%)    1/2    0/2       2/22(  9%)   
B22      1/ 8( 12%)   0/ 8(  0%)   1/ 8( 12%)    0/2    0/2       3/22( 13%)   
B24      1/ 8( 12%)   0/ 8(  0%)   1/ 8( 12%)    0/2    0/2       3/22( 13%)   
C7       6/ 8( 75%)   0/ 8(  0%)   3/ 8( 37%)    1/2    0/2       7/22( 31%)   
C8       8/ 8(100%)   0/ 8(  0%)   3/ 8( 37%)    2/2    0/2      10/22( 45%)   
C10      8/ 8(100%)   0/ 8(  0%)   2/ 8( 25%)    2/2    0/2      10/22( 45%)   
C11      8/ 8(100%)   0/ 8(  0%)   2/ 8( 25%)    2/2    0/2      10/22( 45%)   
C13      6/ 8( 75%)   0/ 8(  0%)   3/ 8( 37%)    2/2    0/2      11/22( 50%)   
C15      4/ 8( 50%)   0/ 8(  0%)   2/ 8( 25%)    2/2    0/2       8/22( 36%)   
C23      5/ 8( 62%)   1/ 8( 12%)   1/ 8( 12%)    2/2    0/2       7/22( 31%)   


Embedded             Column       Row                                   
Array     Embedded   Interconnect Interconnect         Read/      External  
Block     Cells      Driven       Driven       Clocks  Write    Interconnect


Total dedicated input pins used:                 6/6      (100%)
Total I/O pins used:                            18/53     ( 33%)
Total logic cells used:                        133/576    ( 23%)
Total embedded cells used:                       0/24     (  0%)
Total EABs used:                                 0/3      (  0%)
Average fan-in:                                 2.51/4    ( 62%)
Total fan-in:                                 335/2304    ( 14%)

Total input pins required:                      16
Total input I/O cell registers required:         0
Total output pins required:                      8
Total output I/O cell registers required:        0
Total buried I/O cell registers required:        0
Total bidirectional pins required:               0
Total reserved pins required                     0
Total logic cells required:                    133
Total flipflops required:                       72
Total packed registers required:                 0
Total logic cells in carry chains:               0
Total number of carry chains:                    0
Total logic cells in cascade chains:             0
Total number of cascade chains:                  0
Total single-pin Clock Enables required:         0
Total single-pin Output Enables required:        0

Synthesized logic cells:                        24/ 576   (  4%)

Logic Cell and Embedded Cell Counts

Column:  01  02  03  04  05  06  07  08  09  10  11  12  EA  13  14  15  16  17  18  19  20  21  22  23  24  Total(LC/EC)
 A:      1   1   1   1   1   0   0   0   7   5   1   4   0   0   7   0   1   1   1   1   4   1   1   1   4     44/0  
 B:      0   0   0   0   3   6   1   1   1   1   1   1   0   0   0   0   4   7   6   8   1   1   1   0   1     44/0  
 C:      0   0   0   0   0   0   6   8   0   8   8   0   0   6   0   4   0   0   0   0   0   0   0   5   0     45/0  

Total:   1   1   1   1   4   6   7   9   8  14  10   5   0   6   7   4   5   8   7   9   5   2   2   6   5    133/0  



Device-Specific Information:       k:\polytekh\max+plusii\lab20\aa5_buffer.rpt
aa5_buffer

** INPUTS **

                                                    Fan-In    Fan-Out
 Pin     LC     EC   Row  Col  Primitive    Code      INP  FBK  OUT  FBK  Name
  84      -     -    -    --      INPUT                0    0    0   29  ARD0
   2      -     -    -    --      INPUT                0    0    0   29  ARD1
  44      -     -    -    --      INPUT                0    0    0   29  ARD2
  11      -     -    -    01      INPUT                0    0    0    8  AWR0
  10      -     -    -    01      INPUT                0    0    0    8  AWR1
   1      -     -    -    --      INPUT                0    0    0    8  AWR2
   6      -     -    -    04      INPUT                0    0    0    8  DATA0
  49      -     -    -    16      INPUT                0    0    0    8  DATA1
  48      -     -    -    15      INPUT                0    0    0    8  DATA2
  50      -     -    -    17      INPUT                0    0    0    8  DATA3
  38      -     -    -    10      INPUT                0    0    0    8  DATA4
   8      -     -    -    03      INPUT                0    0    0    8  DATA5
   7      -     -    -    03      INPUT                0    0    0    8  DATA6
   9      -     -    -    02      INPUT                0    0    0    8  DATA7
  43      -     -    -    --      INPUT  G             0    0    0    0  RD
  42      -     -    -    --      INPUT                0    0    0    8  WR


Code:

s = Synthesized pin or logic cell
+ = Synchronous flipflop
/ = Slow slew-rate output
! = NOT gate push-back
r = Fitter-inserted logic cell
@ = Uses single-pin Clock Enable
& = Uses single-pin Output Enable
G = Global Source. Fan-out destinations counted here do not include destinations
that are driven using global routing resources. Refer to the Auto Global Signals,
Clock Signals, Clear Signals, Synchronous Load Signals, and Synchronous Clear Signals
Sections of this Report File for information on which signals' fan-outs are used as
Clock, Clear, Preset, Output Enable, and synchronous Load signals.


Device-Specific Information:       k:\polytekh\max+plusii\lab20\aa5_buffer.rpt
aa5_buffer

** OUTPUTS **

       Fed By Fed By                                Fan-In    Fan-Out
 Pin     LC     EC   Row  Col  Primitive    Code      INP  FBK  OUT  FBK  Name
  62      -     -    C    --     OUTPUT                0    1    0    0  Q0
  58      -     -    C    --     OUTPUT                0    1    0    0  Q1
  59      -     -    C    --     OUTPUT                0    1    0    0  Q2
  60      -     -    C    --     OUTPUT                0    1    0    0  Q3
  61      -     -    C    --     OUTPUT                0    1    0    0  Q4
  73      -     -    A    --     OUTPUT                0    1    0    0  Q5
  69      -     -    A    --     OUTPUT                0    1    0    0  Q6
  70      -     -    A    --     OUTPUT                0    1    0    0  Q7


Code:

s = Synthesized pin or logic cell
+ = Synchronous flipflop
/ = Slow slew-rate output
! = NOT gate push-back
r = Fitter-inserted logic cell
@ = Uses single-pin Clock Enable
& = Uses single-pin Output Enable


Device-Specific Information:       k:\polytekh\max+plusii\lab20\aa5_buffer.rpt
aa5_buffer

** BURIED LOGIC **

                                                    Fan-In    Fan-Out
 IOC     LC     EC   Row  Col  Primitive    Code      INP  FBK  OUT  FBK  Name
   -      4     -    B    09       AND2                4    0    0    8  |demux8:28|F0 (|demux8:28|:14)
   -      1     -    B    20       AND2                4    0    0    8  |demux8:28|F1 (|demux8:28|:15)
   -      1     -    A    21       AND2                4    0    0    8  |demux8:28|F2 (|demux8:28|:16)
   -      6     -    A    22       AND2                4    0    0    8  |demux8:28|F3 (|demux8:28|:17)
   -      1     -    A    20       AND2                4    0    0    8  |demux8:28|F7 (|demux8:28|:18)
   -      1     -    A    01       AND2                4    0    0    8  |demux8:28|F6 (|demux8:28|:19)
   -      1     -    A    03       AND2                4    0    0    8  |demux8:28|F5 (|demux8:28|:20)
   -      2     -    A    04       AND2                4    0    0    8  |demux8:28|F4 (|demux8:28|:21)
   -      1     -    B    12       DFFE                1    1    0    1  |dff8:14|Q0 (|dff8:14|:1)
   -      2     -    B    05       DFFE                1    1    0    1  |dff8:14|Q1 (|dff8:14|:2)
   -      1     -    B    05       DFFE                1    1    0    1  |dff8:14|Q2 (|dff8:14|:3)
   -      4     -    B    05       DFFE                1    1    0    1  |dff8:14|Q3 (|dff8:14|:4)
   -      1     -    B    07       DFFE                1    1    0    1  |dff8:14|Q4 (|dff8:14|:5)
   -      3     -    B    11       DFFE                1    1    0    1  |dff8:14|Q5 (|dff8:14|:6)
   -      1     -    B    10       DFFE                1    1    0    1  |dff8:14|Q6 (|dff8:14|:7)
   -      1     -    B    08       DFFE                1    1    0    1  |dff8:14|Q7 (|dff8:14|:8)
   -      5     -    B    18       DFFE                1    1    0    1  |dff8:15|Q0 (|dff8:15|:1)
   -      7     -    B    19       DFFE                1    1    0    1  |dff8:15|Q1 (|dff8:15|:2)
   -      3     -    B    17       DFFE                1    1    0    1  |dff8:15|Q2 (|dff8:15|:3)
   -      2     -    B    16       DFFE                1    1    0    1  |dff8:15|Q3 (|dff8:15|:4)
   -      8     -    B    19       DFFE                1    1    0    1  |dff8:15|Q4 (|dff8:15|:5)
   -      6     -    B    18       DFFE                1    1    0    1  |dff8:15|Q5 (|dff8:15|:6)
   -      4     -    B    17       DFFE                1    1    0    1  |dff8:15|Q6 (|dff8:15|:7)
   -      3     -    B    16       DFFE                1    1    0    1  |dff8:15|Q7 (|dff8:15|:8)
   -      5     -    B    06       DFFE                1    1    0    1  |dff8:16|Q0 (|dff8:16|:1)
   -      6     -    B    06       DFFE                1    1    0    1  |dff8:16|Q1 (|dff8:16|:2)
   -      6     -    B    17       DFFE                1    1    0    1  |dff8:16|Q2 (|dff8:16|:3)
   -      2     -    C    23       DFFE                1    1    0    1  |dff8:16|Q3 (|dff8:16|:4)
   -      4     -    B    06       DFFE                1    1    0    1  |dff8:16|Q4 (|dff8:16|:5)
   -      1     -    A    17       DFFE                1    1    0    1  |dff8:16|Q5 (|dff8:16|:6)
   -      1     -    A    19       DFFE                1    1    0    1  |dff8:16|Q6 (|dff8:16|:7)
   -      2     -    A    24       DFFE                1    1    0    1  |dff8:16|Q7 (|dff8:16|:8)
   -      3     -    B    18       DFFE                1    1    0    1  |dff8:17|Q0 (|dff8:17|:1)
   -      5     -    B    19       DFFE                1    1    0    1  |dff8:17|Q1 (|dff8:17|:2)
   -      1     -    B    21       DFFE                1    1    0    1  |dff8:17|Q2 (|dff8:17|:3)
   -      1     -    C    23       DFFE                1    1    0    1  |dff8:17|Q3 (|dff8:17|:4)
   -      6     -    B    19       DFFE                1    1    0    1  |dff8:17|Q4 (|dff8:17|:5)
   -      4     -    A    14       DFFE                1    1    0    1  |dff8:17|Q5 (|dff8:17|:6)
   -      1     -    A    16       DFFE                1    1    0    1  |dff8:17|Q6 (|dff8:17|:7)
   -      2     -    A    18       DFFE                1    1    0    1  |dff8:17|Q7 (|dff8:17|:8)
   -      2     -    C    13       DFFE                1    1    0    1  |dff8:18|Q0 (|dff8:18|:1)
   -      4     -    C    13       DFFE                1    1    0    1  |dff8:18|Q1 (|dff8:18|:2)
   -      1     -    C    15       DFFE                1    1    0    1  |dff8:18|Q2 (|dff8:18|:3)
   -      2     -    C    15       DFFE                1    1    0    1  |dff8:18|Q3 (|dff8:18|:4)
   -      5     -    C    13       DFFE                1    1    0    1  |dff8:18|Q4 (|dff8:18|:5)
   -      2     -    A    20       DFFE                1    1    0    1  |dff8:18|Q5 (|dff8:18|:6)
   -      3     -    A    20       DFFE                1    1    0    1  |dff8:18|Q6 (|dff8:18|:7)
   -      7     -    A    20       DFFE                1    1    0    1  |dff8:18|Q7 (|dff8:18|:8)
   -      5     -    C    10       DFFE                1    1    0    1  |dff8:19|Q0 (|dff8:19|:1)
   -      5     -    C    11       DFFE                1    1    0    1  |dff8:19|Q1 (|dff8:19|:2)
   -      7     -    C    10       DFFE                1    1    0    1  |dff8:19|Q2 (|dff8:19|:3)
   -      6     -    C    11       DFFE                1    1    0    1  |dff8:19|Q3 (|dff8:19|:4)
   -      8     -    C    08       DFFE                1    1    0    1  |dff8:19|Q4 (|dff8:19|:5)
   -      3     -    A    12       DFFE                1    1    0    1  |dff8:19|Q5 (|dff8:19|:6)
   -      1     -    A    11       DFFE                1    1    0    1  |dff8:19|Q6 (|dff8:19|:7)
   -      5     -    A    10       DFFE                1    1    0    1  |dff8:19|Q7 (|dff8:19|:8)
   -      1     -    C    07       DFFE                1    1    0    1  |dff8:20|Q0 (|dff8:20|:1)
   -      7     -    C    11       DFFE                1    1    0    1  |dff8:20|Q1 (|dff8:20|:2)
   -      2     -    C    07       DFFE                1    1    0    1  |dff8:20|Q2 (|dff8:20|:3)
   -      8     -    C    11       DFFE                1    1    0    1  |dff8:20|Q3 (|dff8:20|:4)
   -      6     -    C    07       DFFE                1    1    0    1  |dff8:20|Q4 (|dff8:20|:5)
   -      4     -    A    12       DFFE                1    1    0    1  |dff8:20|Q5 (|dff8:20|:6)
   -      6     -    A    09       DFFE                1    1    0    1  |dff8:20|Q6 (|dff8:20|:7)
   -      3     -    A    05       DFFE                1    1    0    1  |dff8:20|Q7 (|dff8:20|:8)
   -      8     -    C    10       DFFE                1    1    0    1  |dff8:21|Q0 (|dff8:21|:1)
   -      7     -    C    08       DFFE                1    1    0    1  |dff8:21|Q1 (|dff8:21|:2)
   -      6     -    C    10       DFFE                1    1    0    1  |dff8:21|Q2 (|dff8:21|:3)
   -      4     -    C    08       DFFE                1    1    0    1  |dff8:21|Q3 (|dff8:21|:4)
   -      6     -    C    08       DFFE                1    1    0    1  |dff8:21|Q4 (|dff8:21|:5)
   -      4     -    A    09       DFFE                1    1    0    1  |dff8:21|Q5 (|dff8:21|:6)
   -      5     -    A    09       DFFE                1    1    0    1  |dff8:21|Q6 (|dff8:21|:7)
   -      4     -    A    10       DFFE                1    1    0    1  |dff8:21|Q7 (|dff8:21|:8)
   -      1     -    C    13       DFFE   +            0    4    1    0  |dff8:25|Q0 (|dff8:25|:1)
   -      7     -    C    13       DFFE   +            0    4    1    0  |dff8:25|Q1 (|dff8:25|:2)
   -      5     -    C    15       DFFE   +            0    4    1    0  |dff8:25|Q2 (|dff8:25|:3)
   -      4     -    C    15       DFFE   +            0    4    1    0  |dff8:25|Q3 (|dff8:25|:4)
   -      3     -    C    13       DFFE   +            0    4    1    0  |dff8:25|Q4 (|dff8:25|:5)
   -      1     -    A    14       DFFE   +            0    4    1    0  |dff8:25|Q5 (|dff8:25|:6)
   -      7     -    A    14       DFFE   +            0    4    1    0  |dff8:25|Q6 (|dff8:25|:7)
   -      5     -    A    24       DFFE   +            0    4    1    0  |dff8:25|Q7 (|dff8:25|:8)
   -      3     -    B    06       AND2                3    1    0    1  |mux8x8:31|aa5tri8:3|Q0 (|mux8x8:31|aa5tri8:3|:5)
   -      2     -    B    06       AND2                3    1    0    1  |mux8x8:31|aa5tri8:3|Q1 (|mux8x8:31|aa5tri8:3|:6)
   -      7     -    B    17       AND2                3    1    0    1  |mux8x8:31|aa5tri8:3|Q2 (|mux8x8:31|aa5tri8:3|:7)
   -      4     -    C    23       AND2                3    1    0    1  |mux8x8:31|aa5tri8:3|Q3 (|mux8x8:31|aa5tri8:3|:8)
   -      3     -    A    24       AND2                3    1    0    1  |mux8x8:31|aa5tri8:3|Q7 (|mux8x8:31|aa5tri8:3|:9)
   -      5     -    A    14       AND2                3    1    0    1  |mux8x8:31|aa5tri8:3|Q6 (|mux8x8:31|aa5tri8:3|:10)
   -      6     -    A    14       AND2                3    1    0    1  |mux8x8:31|aa5tri8:3|Q5 (|mux8x8:31|aa5tri8:3|:11)
   -      1     -    B    06       AND2                3    1    0    1  |mux8x8:31|aa5tri8:3|Q4 (|mux8x8:31|aa5tri8:3|:12)
   -      3     -    C    07       AND2                3    1    0    1  |mux8x8:31|aa5tri8:7|Q0 (|mux8x8:31|aa5tri8:7|:5)
   -      4     -    C    11       AND2                3    1    0    1  |mux8x8:31|aa5tri8:7|Q1 (|mux8x8:31|aa5tri8:7|:6)
   -      4     -    C    07       AND2                3    1    0    1  |mux8x8:31|aa5tri8:7|Q2 (|mux8x8:31|aa5tri8:7|:7)
   -      3     -    C    11       AND2                3    1    0    1  |mux8x8:31|aa5tri8:7|Q3 (|mux8x8:31|aa5tri8:7|:8)
   -      2     -    A    10       AND2                3    1    0    1  |mux8x8:31|aa5tri8:7|Q7 (|mux8x8:31|aa5tri8:7|:9)
   -      1     -    A    09       AND2                3    1    0    1  |mux8x8:31|aa5tri8:7|Q6 (|mux8x8:31|aa5tri8:7|:10)
   -      2     -    A    12       AND2                3    1    0    1  |mux8x8:31|aa5tri8:7|Q5 (|mux8x8:31|aa5tri8:7|:11)
   -      5     -    C    07       AND2                3    1    0    1  |mux8x8:31|aa5tri8:7|Q4 (|mux8x8:31|aa5tri8:7|:12)
   -      2     -    C    10       AND2                3    1    0    1  |mux8x8:31|aa5tri8:8|Q0 (|mux8x8:31|aa5tri8:8|:5)
   -      5     -    C    08       AND2                3    1    0    1  |mux8x8:31|aa5tri8:8|Q1 (|mux8x8:31|aa5tri8:8|:6)
   -      4     -    C    10       AND2                3    1    0    1  |mux8x8:31|aa5tri8:8|Q2 (|mux8x8:31|aa5tri8:8|:7)
   -      1     -    C    08       AND2                3    1    0    1  |mux8x8:31|aa5tri8:8|Q3 (|mux8x8:31|aa5tri8:8|:8)
   -      3     -    A    10       AND2                3    1    0    1  |mux8x8:31|aa5tri8:8|Q7 (|mux8x8:31|aa5tri8:8|:9)
   -      2     -    A    09       AND2                3    1    0    1  |mux8x8:31|aa5tri8:8|Q6 (|mux8x8:31|aa5tri8:8|:10)
   -      3     -    A    09       AND2                3    1    0    1  |mux8x8:31|aa5tri8:8|Q5 (|mux8x8:31|aa5tri8:8|:11)
   -      2     -    C    08       AND2                3    1    0    1  |mux8x8:31|aa5tri8:8|Q4 (|mux8x8:31|aa5tri8:8|:12)
   -      1     -    B    22       AND2                3    0    0    8  |mux8x8:31|deshifr8:35|F0 (|mux8x8:31|deshifr8:35|:25)
   -      1     -    B    24       AND2                3    0    0    8  |mux8x8:31|deshifr8:35|F1 (|mux8x8:31|deshifr8:35|:26)
   -      3     -    C    23       AND2                3    0    0    8  |mux8x8:31|deshifr8:35|F3 (|mux8x8:31|deshifr8:35|:28)
   -      2     -    A    02       AND2                3    0    0    8  |mux8x8:31|deshifr8:35|F6 (|mux8x8:31|deshifr8:35|:31)
   -      6     -    A    23       AND2                3    0    0    8  |mux8x8:31|deshifr8:35|F7 (|mux8x8:31|deshifr8:35|:32)
   -      1     -    C    11        OR2    s           0    4    0    1  |mux8x8:31|QOUT1~1 (|mux8x8:31|~22~1)
   -      3     -    B    19        OR2    s           0    4    0    1  |mux8x8:31|QOUT1~2 (|mux8x8:31|~22~2)
   -      1     -    B    19        OR2    s           0    4    0    1  |mux8x8:31|QOUT1~3 (|mux8x8:31|~22~3)
   -      1     -    C    10        OR2    s           0    4    0    1  |mux8x8:31|QOUT0~1 (|mux8x8:31|~23~1)
   -      2     -    B    18        OR2    s           0    4    0    1  |mux8x8:31|QOUT0~2 (|mux8x8:31|~23~2)
   -      4     -    B    18        OR2    s           0    4    0    1  |mux8x8:31|QOUT0~3 (|mux8x8:31|~23~3)
   -      2     -    C    11        OR2    s           0    4    0    1  |mux8x8:31|QOUT3~1 (|mux8x8:31|~24~1)
   -      5     -    B    16        OR2    s           0    4    0    1  |mux8x8:31|QOUT3~2 (|mux8x8:31|~24~2)
   -      5     -    C    23        OR2    s           0    4    0    1  |mux8x8:31|QOUT3~3 (|mux8x8:31|~24~3)
   -      3     -    C    10        OR2    s           0    4    0    1  |mux8x8:31|QOUT2~1 (|mux8x8:31|~25~1)
   -      1     -    B    17        OR2    s           0    4    0    1  |mux8x8:31|QOUT2~2 (|mux8x8:31|~25~2)
   -      5     -    B    17        OR2    s           0    4    0    1  |mux8x8:31|QOUT2~3 (|mux8x8:31|~25~3)
   -      1     -    A    10        OR2    s           0    4    0    1  |mux8x8:31|QOUT7~1 (|mux8x8:31|~26~1)
   -      1     -    B    16        OR2    s           0    4    0    1  |mux8x8:31|QOUT7~2 (|mux8x8:31|~26~2)
   -      1     -    A    24        OR2    s           0    4    0    1  |mux8x8:31|QOUT7~3 (|mux8x8:31|~26~3)
   -      8     -    A    09        OR2    s           0    4    0    1  |mux8x8:31|QOUT6~1 (|mux8x8:31|~27~1)
   -      2     -    B    17        OR2    s           0    4    0    1  |mux8x8:31|QOUT6~2 (|mux8x8:31|~27~2)
   -      2     -    A    14        OR2    s           0    4    0    1  |mux8x8:31|QOUT6~3 (|mux8x8:31|~27~3)
   -      1     -    A    12        OR2    s           0    4    0    1  |mux8x8:31|QOUT5~1 (|mux8x8:31|~28~1)
   -      1     -    B    18        OR2    s           0    4    0    1  |mux8x8:31|QOUT5~2 (|mux8x8:31|~28~2)
   -      3     -    A    14        OR2    s           0    4    0    1  |mux8x8:31|QOUT5~3 (|mux8x8:31|~28~3)
   -      3     -    C    08        OR2    s           0    4    0    1  |mux8x8:31|QOUT4~1 (|mux8x8:31|~29~1)
   -      4     -    B    19        OR2    s           0    4    0    1  |mux8x8:31|QOUT4~2 (|mux8x8:31|~29~2)
   -      2     -    B    19        OR2    s           0    4    0    1  |mux8x8:31|QOUT4~3 (|mux8x8:31|~29~3)


Code:

s = Synthesized pin or logic cell
+ = Synchronous flipflop
/ = Slow slew-rate output
! = NOT gate push-back
r = Fitter-inserted logic cell
p = Packed register


Device-Specific Information:       k:\polytekh\max+plusii\lab20\aa5_buffer.rpt
aa5_buffer

** FASTTRACK INTERCONNECT UTILIZATION **

Row FastTrack Interconnect:

          Global         Left Half-      Right Half-
         FastTrack       FastTrack       FastTrack 
Row     Interconnect    Interconnect    Interconnect    Input Pins     Output Pins     Bidir Pins
A:       8/ 96(  8%)     7/ 48( 14%)    17/ 48( 35%)    0/16(  0%)      3/16( 18%)     0/16(  0%)
B:      22/ 96( 22%)     1/ 48(  2%)     6/ 48( 12%)    0/16(  0%)      0/16(  0%)     0/16(  0%)
C:      10/ 96( 10%)     9/ 48( 18%)    15/ 48( 31%)    0/16(  0%)      5/16( 31%)     0/16(  0%)


Column FastTrack Interconnect:

         FastTrack                                 
Column  Interconnect    Input Pins     Output Pins     Bidir Pins
01:      3/24( 12%)     2/4( 50%)      0/4(  0%)       0/4(  0%)
02:      2/24(  8%)     1/4( 25%)      0/4(  0%)       0/4(  0%)
03:      3/24( 12%)     2/4( 50%)      0/4(  0%)       0/4(  0%)
04:      2/24(  8%)     1/4( 25%)      0/4(  0%)       0/4(  0%)
05:      0/24(  0%)     0/4(  0%)      0/4(  0%)       0/4(  0%)
06:      0/24(  0%)     0/4(  0%)      0/4(  0%)       0/4(  0%)
07:      0/24(  0%)     0/4(  0%)      0/4(  0%)       0/4(  0%)
08:      0/24(  0%)     0/4(  0%)      0/4(  0%)       0/4(  0%)
09:      0/24(  0%)     0/4(  0%)      0/4(  0%)       0/4(  0%)
10:      1/24(  4%)     1/4( 25%)      0/4(  0%)       0/4(  0%)
11:      0/24(  0%)     0/4(  0%)      0/4(  0%)       0/4(  0%)
12:      0/24(  0%)     0/4(  0%)      0/4(  0%)       0/4(  0%)
13:      0/24(  0%)     0/4(  0%)      0/4(  0%)       0/4(  0%)
14:      0/24(  0%)     0/4(  0%)      0/4(  0%)       0/4(  0%)
15:      2/24(  8%)     1/4( 25%)      0/4(  0%)       0/4(  0%)
16:      2/24(  8%)     1/4( 25%)      0/4(  0%)       0/4(  0%)
17:      3/24( 12%)     1/4( 25%)      0/4(  0%)       0/4(  0%)
18:      2/24(  8%)     0/4(  0%)      0/4(  0%)       0/4(  0%)
19:      2/24(  8%)     0/4(  0%)      0/4(  0%)       0/4(  0%)
20:      1/24(  4%)     0/4(  0%)      0/4(  0%)       0/4(  0%)
21:      1/24(  4%)     0/4(  0%)      0/4(  0%)       0/4(  0%)
22:      1/24(  4%)     0/4(  0%)      0/4(  0%)       0/4(  0%)
23:      2/24(  8%)     0/4(  0%)      0/4(  0%)       0/4(  0%)
24:      0/24(  0%)     0/4(  0%)      0/4(  0%)       0/4(  0%)
EA:      0/24(  0%)     0/4(  0%)      0/4(  0%)       0/4(  0%)


Device-Specific Information:       k:\polytekh\max+plusii\lab20\aa5_buffer.rpt
aa5_buffer

** CLOCK SIGNALS **

Type     Fan-out       Name
LCELL        8         |demux8:28|F0
LCELL        8         |demux8:28|F1
LCELL        8         |demux8:28|F2
LCELL        8         |demux8:28|F3
LCELL        8         |demux8:28|F7
LCELL        8         |demux8:28|F6
LCELL        8         |demux8:28|F5
LCELL        8         |demux8:28|F4
INPUT        8         RD


Device-Specific Information:       k:\polytekh\max+plusii\lab20\aa5_buffer.rpt
aa5_buffer

** EQUATIONS **

ARD0     : INPUT;
ARD1     : INPUT;
ARD2     : INPUT;
AWR0     : INPUT;
AWR1     : INPUT;
AWR2     : INPUT;
DATA0    : INPUT;
DATA1    : INPUT;
DATA2    : INPUT;
DATA3    : INPUT;
DATA4    : INPUT;
DATA5    : INPUT;
DATA6    : INPUT;
DATA7    : INPUT;
RD       : INPUT;
WR       : INPUT;

-- Node name is 'Q0' 
-- Equation name is 'Q0', type is output 
Q0       =  _LC1_C13;

-- Node name is 'Q1' 
-- Equation name is 'Q1', type is output 
Q1       =  _LC7_C13;

-- Node name is 'Q2' 
-- Equation name is 'Q2', type is output 
Q2       =  _LC5_C15;

-- Node name is 'Q3' 
-- Equation name is 'Q3', type is output 
Q3       =  _LC4_C15;

-- Node name is 'Q4' 
-- Equation name is 'Q4', type is output 
Q4       =  _LC3_C13;

-- Node name is 'Q5' 
-- Equation name is 'Q5', type is output 
Q5       =  _LC1_A14;

-- Node name is 'Q6' 
-- Equation name is 'Q6', type is output 
Q6       =  _LC7_A14;

-- Node name is 'Q7' 
-- Equation name is 'Q7', type is output 
Q7       =  _LC5_A24;

-- Node name is '|demux8:28|:14' = '|demux8:28|F0' 
-- Equation name is '_LC4_B9', type is buried 
_LC4_B9  = LCELL( _EQ001);
  _EQ001 = !AWR0 & !AWR1 & !AWR2 &  WR;

-- Node name is '|demux8:28|:15' = '|demux8:28|F1' 
-- Equation name is '_LC1_B20', type is buried 
_LC1_B20 = LCELL( _EQ002);
  _EQ002 =  AWR0 & !AWR1 & !AWR2 &  WR;

-- Node name is '|demux8:28|:16' = '|demux8:28|F2' 
-- Equation name is '_LC1_A21', type is buried 
_LC1_A21 = LCELL( _EQ003);
  _EQ003 = !AWR0 &  AWR1 & !AWR2 &  WR;

-- Node name is '|demux8:28|:17' = '|demux8:28|F3' 
-- Equation name is '_LC6_A22', type is buried 
_LC6_A22 = LCELL( _EQ004);
  _EQ004 =  AWR0 &  AWR1 & !AWR2 &  WR;

-- Node name is '|demux8:28|:21' = '|demux8:28|F4' 
-- Equation name is '_LC2_A4', type is buried 
_LC2_A4  = LCELL( _EQ005);
  _EQ005 = !AWR0 & !AWR1 &  AWR2 &  WR;

-- Node name is '|demux8:28|:20' = '|demux8:28|F5' 
-- Equation name is '_LC1_A3', type is buried 
_LC1_A3  = LCELL( _EQ006);
  _EQ006 =  AWR0 & !AWR1 &  AWR2 &  WR;

-- Node name is '|demux8:28|:19' = '|demux8:28|F6' 
-- Equation name is '_LC1_A1', type is buried 
_LC1_A1  = LCELL( _EQ007);
  _EQ007 = !AWR0 &  AWR1 &  AWR2 &  WR;

-- Node name is '|demux8:28|:18' = '|demux8:28|F7' 
-- Equation name is '_LC1_A20', type is buried 
_LC1_A20 = LCELL( _EQ008);
  _EQ008 =  AWR0 &  AWR1 &  AWR2 &  WR;

-- Node name is '|dff8:14|:1' = '|dff8:14|Q0' 
-- Equation name is '_LC1_B12', type is buried 
_LC1_B12 = DFFE( DATA0,  _LC4_B9,  VCC,  VCC,  VCC);

-- Node name is '|dff8:14|:2' = '|dff8:14|Q1' 
-- Equation name is '_LC2_B5', type is buried 
_LC2_B5  = DFFE( DATA1,  _LC4_B9,  VCC,  VCC,  VCC);

-- Node name is '|dff8:14|:3' = '|dff8:14|Q2' 
-- Equation name is '_LC1_B5', type is buried 
_LC1_B5  = DFFE( DATA2,  _LC4_B9,  VCC,  VCC,  VCC);

-- Node name is '|dff8:14|:4' = '|dff8:14|Q3' 
-- Equation name is '_LC4_B5', type is buried 
_LC4_B5  = DFFE( DATA3,  _LC4_B9,  VCC,  VCC,  VCC);

-- Node name is '|dff8:14|:5' = '|dff8:14|Q4' 
-- Equation name is '_LC1_B7', type is buried 
_LC1_B7  = DFFE( DATA4,  _LC4_B9,  VCC,  VCC,  VCC);

-- Node name is '|dff8:14|:6' = '|dff8:14|Q5' 
-- Equation name is '_LC3_B11', type is buried 
_LC3_B11 = DFFE( DATA5,  _LC4_B9,  VCC,  VCC,  VCC);

-- Node name is '|dff8:14|:7' = '|dff8:14|Q6' 
-- Equation name is '_LC1_B10', type is buried 
_LC1_B10 = DFFE( DATA6,  _LC4_B9,  VCC,  VCC,  VCC);

-- Node name is '|dff8:14|:8' = '|dff8:14|Q7' 
-- Equation name is '_LC1_B8', type is buried 
_LC1_B8  = DFFE( DATA7,  _LC4_B9,  VCC,  VCC,  VCC);

-- Node name is '|dff8:15|:1' = '|dff8:15|Q0' 
-- Equation name is '_LC5_B18', type is buried 
_LC5_B18 = DFFE( DATA0,  _LC1_B20,  VCC,  VCC,  VCC);

-- Node name is '|dff8:15|:2' = '|dff8:15|Q1' 
-- Equation name is '_LC7_B19', type is buried 
_LC7_B19 = DFFE( DATA1,  _LC1_B20,  VCC,  VCC,  VCC);

-- Node name is '|dff8:15|:3' = '|dff8:15|Q2' 
-- Equation name is '_LC3_B17', type is buried 
_LC3_B17 = DFFE( DATA2,  _LC1_B20,  VCC,  VCC,  VCC);

-- Node name is '|dff8:15|:4' = '|dff8:15|Q3' 
-- Equation name is '_LC2_B16', type is buried 
_LC2_B16 = DFFE( DATA3,  _LC1_B20,  VCC,  VCC,  VCC);

-- Node name is '|dff8:15|:5' = '|dff8:15|Q4' 
-- Equation name is '_LC8_B19', type is buried 
_LC8_B19 = DFFE( DATA4,  _LC1_B20,  VCC,  VCC,  VCC);

-- Node name is '|dff8:15|:6' = '|dff8:15|Q5' 
-- Equation name is '_LC6_B18', type is buried 
_LC6_B18 = DFFE( DATA5,  _LC1_B20,  VCC,  VCC,  VCC);

-- Node name is '|dff8:15|:7' = '|dff8:15|Q6' 
-- Equation name is '_LC4_B17', type is buried 
_LC4_B17 = DFFE( DATA6,  _LC1_B20,  VCC,  VCC,  VCC);

-- Node name is '|dff8:15|:8' = '|dff8:15|Q7' 
-- Equation name is '_LC3_B16', type is buried 
_LC3_B16 = DFFE( DATA7,  _LC1_B20,  VCC,  VCC,  VCC);

-- Node name is '|dff8:16|:1' = '|dff8:16|Q0' 
-- Equation name is '_LC5_B6', type is buried 
_LC5_B6  = DFFE( DATA0,  _LC1_A21,  VCC,  VCC,  VCC);

-- Node name is '|dff8:16|:2' = '|dff8:16|Q1' 
-- Equation name is '_LC6_B6', type is buried 
_LC6_B6  = DFFE( DATA1,  _LC1_A21,  VCC,  VCC,  VCC);

-- Node name is '|dff8:16|:3' = '|dff8:16|Q2' 
-- Equation name is '_LC6_B17', type is buried 
_LC6_B17 = DFFE( DATA2,  _LC1_A21,  VCC,  VCC,  VCC);

-- Node name is '|dff8:16|:4' = '|dff8:16|Q3' 
-- Equation name is '_LC2_C23', type is buried 
_LC2_C23 = DFFE( DATA3,  _LC1_A21,  VCC,  VCC,  VCC);

-- Node name is '|dff8:16|:5' = '|dff8:16|Q4' 
-- Equation name is '_LC4_B6', type is buried 
_LC4_B6  = DFFE( DATA4,  _LC1_A21,  VCC,  VCC,  VCC);

-- Node name is '|dff8:16|:6' = '|dff8:16|Q5' 
-- Equation name is '_LC1_A17', type is buried 
_LC1_A17 = DFFE( DATA5,  _LC1_A21,  VCC,  VCC,  VCC);

-- Node name is '|dff8:16|:7' = '|dff8:16|Q6' 
-- Equation name is '_LC1_A19', type is buried 
_LC1_A19 = DFFE( DATA6,  _LC1_A21,  VCC,  VCC,  VCC);

-- Node name is '|dff8:16|:8' = '|dff8:16|Q7' 
-- Equation name is '_LC2_A24', type is buried 
_LC2_A24 = DFFE( DATA7,  _LC1_A21,  VCC,  VCC,  VCC);

-- Node name is '|dff8:17|:1' = '|dff8:17|Q0' 
-- Equation name is '_LC3_B18', type is buried 
_LC3_B18 = DFFE( DATA0,  _LC6_A22,  VCC,  VCC,  VCC);

-- Node name is '|dff8:17|:2' = '|dff8:17|Q1' 
-- Equation name is '_LC5_B19', type is buried 
_LC5_B19 = DFFE( DATA1,  _LC6_A22,  VCC,  VCC,  VCC);

-- Node name is '|dff8:17|:3' = '|dff8:17|Q2' 
-- Equation name is '_LC1_B21', type is buried 
_LC1_B21 = DFFE( DATA2,  _LC6_A22,  VCC,  VCC,  VCC);

-- Node name is '|dff8:17|:4' = '|dff8:17|Q3' 
-- Equation name is '_LC1_C23', type is buried 
_LC1_C23 = DFFE( DATA3,  _LC6_A22,  VCC,  VCC,  VCC);

-- Node name is '|dff8:17|:5' = '|dff8:17|Q4' 
-- Equation name is '_LC6_B19', type is buried 
_LC6_B19 = DFFE( DATA4,  _LC6_A22,  VCC,  VCC,  VCC);

-- Node name is '|dff8:17|:6' = '|dff8:17|Q5' 
-- Equation name is '_LC4_A14', type is buried 
_LC4_A14 = DFFE( DATA5,  _LC6_A22,  VCC,  VCC,  VCC);

-- Node name is '|dff8:17|:7' = '|dff8:17|Q6' 
-- Equation name is '_LC1_A16', type is buried 
_LC1_A16 = DFFE( DATA6,  _LC6_A22,  VCC,  VCC,  VCC);

-- Node name is '|dff8:17|:8' = '|dff8:17|Q7' 
-- Equation name is '_LC2_A18', type is buried 
_LC2_A18 = DFFE( DATA7,  _LC6_A22,  VCC,  VCC,  VCC);

-- Node name is '|dff8:18|:1' = '|dff8:18|Q0' 
-- Equation name is '_LC2_C13', type is buried 
_LC2_C13 = DFFE( DATA0,  _LC1_A20,  VCC,  VCC,  VCC);

-- Node name is '|dff8:18|:2' = '|dff8:18|Q1' 
-- Equation name is '_LC4_C13', type is buried 
_LC4_C13 = DFFE( DATA1,  _LC1_A20,  VCC,  VCC,  VCC);

-- Node name is '|dff8:18|:3' = '|dff8:18|Q2' 
-- Equation name is '_LC1_C15', type is buried 
_LC1_C15 = DFFE( DATA2,  _LC1_A20,  VCC,  VCC,  VCC);

-- Node name is '|dff8:18|:4' = '|dff8:18|Q3' 
-- Equation name is '_LC2_C15', type is buried 
_LC2_C15 = DFFE( DATA3,  _LC1_A20,  VCC,  VCC,  VCC);

-- Node name is '|dff8:18|:5' = '|dff8:18|Q4' 
-- Equation name is '_LC5_C13', type is buried 
_LC5_C13 = DFFE( DATA4,  _LC1_A20,  VCC,  VCC,  VCC);

-- Node name is '|dff8:18|:6' = '|dff8:18|Q5' 
-- Equation name is '_LC2_A20', type is buried 
_LC2_A20 = DFFE( DATA5,  _LC1_A20,  VCC,  VCC,  VCC);

-- Node name is '|dff8:18|:7' = '|dff8:18|Q6' 
-- Equation name is '_LC3_A20', type is buried 
_LC3_A20 = DFFE( DATA6,  _LC1_A20,  VCC,  VCC,  VCC);

-- Node name is '|dff8:18|:8' = '|dff8:18|Q7' 
-- Equation name is '_LC7_A20', type is buried 
_LC7_A20 = DFFE( DATA7,  _LC1_A20,  VCC,  VCC,  VCC);

-- Node name is '|dff8:19|:1' = '|dff8:19|Q0' 
-- Equation name is '_LC5_C10', type is buried 
_LC5_C10 = DFFE( DATA0,  _LC1_A1,  VCC,  VCC,  VCC);

-- Node name is '|dff8:19|:2' = '|dff8:19|Q1' 
-- Equation name is '_LC5_C11', type is buried 
_LC5_C11 = DFFE( DATA1,  _LC1_A1,  VCC,  VCC,  VCC);

-- Node name is '|dff8:19|:3' = '|dff8:19|Q2' 
-- Equation name is '_LC7_C10', type is buried 
_LC7_C10 = DFFE( DATA2,  _LC1_A1,  VCC,  VCC,  VCC);

-- Node name is '|dff8:19|:4' = '|dff8:19|Q3' 
-- Equation name is '_LC6_C11', type is buried 
_LC6_C11 = DFFE( DATA3,  _LC1_A1,  VCC,  VCC,  VCC);

-- Node name is '|dff8:19|:5' = '|dff8:19|Q4' 
-- Equation name is '_LC8_C8', type is buried 
_LC8_C8  = DFFE( DATA4,  _LC1_A1,  VCC,  VCC,  VCC);

-- Node name is '|dff8:19|:6' = '|dff8:19|Q5' 
-- Equation name is '_LC3_A12', type is buried 
_LC3_A12 = DFFE( DATA5,  _LC1_A1,  VCC,  VCC,  VCC);

-- Node name is '|dff8:19|:7' = '|dff8:19|Q6' 
-- Equation name is '_LC1_A11', type is buried 
_LC1_A11 = DFFE( DATA6,  _LC1_A1,  VCC,  VCC,  VCC);

-- Node name is '|dff8:19|:8' = '|dff8:19|Q7' 
-- Equation name is '_LC5_A10', type is buried 
_LC5_A10 = DFFE( DATA7,  _LC1_A1,  VCC,  VCC,  VCC);

-- Node name is '|dff8:20|:1' = '|dff8:20|Q0' 
-- Equation name is '_LC1_C7', type is buried 
_LC1_C7  = DFFE( DATA0,  _LC1_A3,  VCC,  VCC,  VCC);

-- Node name is '|dff8:20|:2' = '|dff8:20|Q1' 
-- Equation name is '_LC7_C11', type is buried 
_LC7_C11 = DFFE( DATA1,  _LC1_A3,  VCC,  VCC,  VCC);

-- Node name is '|dff8:20|:3' = '|dff8:20|Q2' 
-- Equation name is '_LC2_C7', type is buried 
_LC2_C7  = DFFE( DATA2,  _LC1_A3,  VCC,  VCC,  VCC);

-- Node name is '|dff8:20|:4' = '|dff8:20|Q3' 
-- Equation name is '_LC8_C11', type is buried 
_LC8_C11 = DFFE( DATA3,  _LC1_A3,  VCC,  VCC,  VCC);

-- Node name is '|dff8:20|:5' = '|dff8:20|Q4' 
-- Equation name is '_LC6_C7', type is buried 
_LC6_C7  = DFFE( DATA4,  _LC1_A3,  VCC,  VCC,  VCC);

-- Node name is '|dff8:20|:6' = '|dff8:20|Q5' 
-- Equation name is '_LC4_A12', type is buried 
_LC4_A12 = DFFE( DATA5,  _LC1_A3,  VCC,  VCC,  VCC);

-- Node name is '|dff8:20|:7' = '|dff8:20|Q6' 
-- Equation name is '_LC6_A9', type is buried 
_LC6_A9  = DFFE( DATA6,  _LC1_A3,  VCC,  VCC,  VCC);

-- Node name is '|dff8:20|:8' = '|dff8:20|Q7' 
-- Equation name is '_LC3_A5', type is buried 
_LC3_A5  = DFFE( DATA7,  _LC1_A3,  VCC,  VCC,  VCC);

-- Node name is '|dff8:21|:1' = '|dff8:21|Q0' 
-- Equation name is '_LC8_C10', type is buried 
_LC8_C10 = DFFE( DATA0,  _LC2_A4,  VCC,  VCC,  VCC);

-- Node name is '|dff8:21|:2' = '|dff8:21|Q1' 
-- Equation name is '_LC7_C8', type is buried 
_LC7_C8  = DFFE( DATA1,  _LC2_A4,  VCC,  VCC,  VCC);

-- Node name is '|dff8:21|:3' = '|dff8:21|Q2' 
-- Equation name is '_LC6_C10', type is buried 
_LC6_C10 = DFFE( DATA2,  _LC2_A4,  VCC,  VCC,  VCC);

-- Node name is '|dff8:21|:4' = '|dff8:21|Q3' 
-- Equation name is '_LC4_C8', type is buried 
_LC4_C8  = DFFE( DATA3,  _LC2_A4,  VCC,  VCC,  VCC);

-- Node name is '|dff8:21|:5' = '|dff8:21|Q4' 
-- Equation name is '_LC6_C8', type is buried 
_LC6_C8  = DFFE( DATA4,  _LC2_A4,  VCC,  VCC,  VCC);

-- Node name is '|dff8:21|:6' = '|dff8:21|Q5' 
-- Equation name is '_LC4_A9', type is buried 
_LC4_A9  = DFFE( DATA5,  _LC2_A4,  VCC,  VCC,  VCC);

-- Node name is '|dff8:21|:7' = '|dff8:21|Q6' 
-- Equation name is '_LC5_A9', type is buried 
_LC5_A9  = DFFE( DATA6,  _LC2_A4,  VCC,  VCC,  VCC);

-- Node name is '|dff8:21|:8' = '|dff8:21|Q7' 
-- Equation name is '_LC4_A10', type is buried 
_LC4_A10 = DFFE( DATA7,  _LC2_A4,  VCC,  VCC,  VCC);

-- Node name is '|dff8:25|:1' = '|dff8:25|Q0' 
-- Equation name is '_LC1_C13', type is buried 
_LC1_C13 = DFFE( _EQ009, GLOBAL( RD),  VCC,  VCC,  VCC);
  _EQ009 =  _LC2_C13 &  _LC6_A23
         #  _LC1_C10
         #  _LC4_B18;

-- Node name is '|dff8:25|:2' = '|dff8:25|Q1' 
-- Equation name is '_LC7_C13', type is buried 
_LC7_C13 = DFFE( _EQ010, GLOBAL( RD),  VCC,  VCC,  VCC);
  _EQ010 =  _LC4_C13 &  _LC6_A23
         #  _LC1_C11
         #  _LC1_B19;

-- Node name is '|dff8:25|:3' = '|dff8:25|Q2' 
-- Equation name is '_LC5_C15', type is buried 
_LC5_C15 = DFFE( _EQ011, GLOBAL( RD),  VCC,  VCC,  VCC);
  _EQ011 =  _LC1_C15 &  _LC6_A23
         #  _LC3_C10
         #  _LC5_B17;

-- Node name is '|dff8:25|:4' = '|dff8:25|Q3' 
-- Equation name is '_LC4_C15', type is buried 
_LC4_C15 = DFFE( _EQ012, GLOBAL( RD),  VCC,  VCC,  VCC);
  _EQ012 =  _LC2_C15 &  _LC6_A23
         #  _LC2_C11
         #  _LC5_C23;

-- Node name is '|dff8:25|:5' = '|dff8:25|Q4' 
-- Equation name is '_LC3_C13', type is buried 
_LC3_C13 = DFFE( _EQ013, GLOBAL( RD),  VCC,  VCC,  VCC);
  _EQ013 =  _LC5_C13 &  _LC6_A23
         #  _LC3_C8
         #  _LC2_B19;

-- Node name is '|dff8:25|:6' = '|dff8:25|Q5' 
-- Equation name is '_LC1_A14', type is buried 
_LC1_A14 = DFFE( _EQ014, GLOBAL( RD),  VCC,  VCC,  VCC);
  _EQ014 =  _LC2_A20 &  _LC6_A23
         #  _LC1_A12
         #  _LC3_A14;

-- Node name is '|dff8:25|:7' = '|dff8:25|Q6' 
-- Equation name is '_LC7_A14', type is buried 
_LC7_A14 = DFFE( _EQ015, GLOBAL( RD),  VCC,  VCC,  VCC);
  _EQ015 =  _LC3_A20 &  _LC6_A23
         #  _LC8_A9
         #  _LC2_A14;

-- Node name is '|dff8:25|:8' = '|dff8:25|Q7' 
-- Equation name is '_LC5_A24', type is buried 
_LC5_A24 = DFFE( _EQ016, GLOBAL( RD),  VCC,  VCC,  VCC);
  _EQ016 =  _LC6_A23 &  _LC7_A20
         #  _LC1_A10
         #  _LC1_A24;

-- Node name is '|mux8x8:31|aa5tri8:3|:5' = '|mux8x8:31|aa5tri8:3|Q0' 
-- Equation name is '_LC3_B6', type is buried 
_LC3_B6  = LCELL( _EQ017);
  _EQ017 = !ARD0 &  ARD1 & !ARD2 &  _LC5_B6;

-- Node name is '|mux8x8:31|aa5tri8:3|:6' = '|mux8x8:31|aa5tri8:3|Q1' 
-- Equation name is '_LC2_B6', type is buried 
_LC2_B6  = LCELL( _EQ018);
  _EQ018 = !ARD0 &  ARD1 & !ARD2 &  _LC6_B6;

-- Node name is '|mux8x8:31|aa5tri8:3|:7' = '|mux8x8:31|aa5tri8:3|Q2' 
-- Equation name is '_LC7_B17', type is buried 
_LC7_B17 = LCELL( _EQ019);
  _EQ019 = !ARD0 &  ARD1 & !ARD2 &  _LC6_B17;

-- Node name is '|mux8x8:31|aa5tri8:3|:8' = '|mux8x8:31|aa5tri8:3|Q3' 
-- Equation name is '_LC4_C23', type is buried 
_LC4_C23 = LCELL( _EQ020);
  _EQ020 = !ARD0 &  ARD1 & !ARD2 &  _LC2_C23;

-- Node name is '|mux8x8:31|aa5tri8:3|:12' = '|mux8x8:31|aa5tri8:3|Q4' 
-- Equation name is '_LC1_B6', type is buried 
_LC1_B6  = LCELL( _EQ021);
  _EQ021 = !ARD0 &  ARD1 & !ARD2 &  _LC4_B6;

-- Node name is '|mux8x8:31|aa5tri8:3|:11' = '|mux8x8:31|aa5tri8:3|Q5' 
-- Equation name is '_LC6_A14', type is buried 
_LC6_A14 = LCELL( _EQ022);
  _EQ022 = !ARD0 &  ARD1 & !ARD2 &  _LC1_A17;

-- Node name is '|mux8x8:31|aa5tri8:3|:10' = '|mux8x8:31|aa5tri8:3|Q6' 
-- Equation name is '_LC5_A14', type is buried 
_LC5_A14 = LCELL( _EQ023);
  _EQ023 = !ARD0 &  ARD1 & !ARD2 &  _LC1_A19;

-- Node name is '|mux8x8:31|aa5tri8:3|:9' = '|mux8x8:31|aa5tri8:3|Q7' 
-- Equation name is '_LC3_A24', type is buried 
_LC3_A24 = LCELL( _EQ024);
  _EQ024 = !ARD0 &  ARD1 & !ARD2 &  _LC2_A24;

-- Node name is '|mux8x8:31|aa5tri8:7|:5' = '|mux8x8:31|aa5tri8:7|Q0' 
-- Equation name is '_LC3_C7', type is buried 
_LC3_C7  = LCELL( _EQ025);
  _EQ025 =  ARD0 & !ARD1 &  ARD2 &  _LC1_C7;

-- Node name is '|mux8x8:31|aa5tri8:7|:6' = '|mux8x8:31|aa5tri8:7|Q1' 
-- Equation name is '_LC4_C11', type is buried 
_LC4_C11 = LCELL( _EQ026);
  _EQ026 =  ARD0 & !ARD1 &  ARD2 &  _LC7_C11;

-- Node name is '|mux8x8:31|aa5tri8:7|:7' = '|mux8x8:31|aa5tri8:7|Q2' 
-- Equation name is '_LC4_C7', type is buried 
_LC4_C7  = LCELL( _EQ027);
  _EQ027 =  ARD0 & !ARD1 &  ARD2 &  _LC2_C7;

-- Node name is '|mux8x8:31|aa5tri8:7|:8' = '|mux8x8:31|aa5tri8:7|Q3' 
-- Equation name is '_LC3_C11', type is buried 
_LC3_C11 = LCELL( _EQ028);
  _EQ028 =  ARD0 & !ARD1 &  ARD2 &  _LC8_C11;

-- Node name is '|mux8x8:31|aa5tri8:7|:12' = '|mux8x8:31|aa5tri8:7|Q4' 
-- Equation name is '_LC5_C7', type is buried 
_LC5_C7  = LCELL( _EQ029);
  _EQ029 =  ARD0 & !ARD1 &  ARD2 &  _LC6_C7;

-- Node name is '|mux8x8:31|aa5tri8:7|:11' = '|mux8x8:31|aa5tri8:7|Q5' 
-- Equation name is '_LC2_A12', type is buried 
_LC2_A12 = LCELL( _EQ030);
  _EQ030 =  ARD0 & !ARD1 &  ARD2 &  _LC4_A12;

-- Node name is '|mux8x8:31|aa5tri8:7|:10' = '|mux8x8:31|aa5tri8:7|Q6' 
-- Equation name is '_LC1_A9', type is buried 
_LC1_A9  = LCELL( _EQ031);
  _EQ031 =  ARD0 & !ARD1 &  ARD2 &  _LC6_A9;

-- Node name is '|mux8x8:31|aa5tri8:7|:9' = '|mux8x8:31|aa5tri8:7|Q7' 
-- Equation name is '_LC2_A10', type is buried 
_LC2_A10 = LCELL( _EQ032);
  _EQ032 =  ARD0 & !ARD1 &  ARD2 &  _LC3_A5;

-- Node name is '|mux8x8:31|aa5tri8:8|:5' = '|mux8x8:31|aa5tri8:8|Q0' 
-- Equation name is '_LC2_C10', type is buried 
_LC2_C10 = LCELL( _EQ033);
  _EQ033 = !ARD0 & !ARD1 &  ARD2 &  _LC8_C10;

-- Node name is '|mux8x8:31|aa5tri8:8|:6' = '|mux8x8:31|aa5tri8:8|Q1' 
-- Equation name is '_LC5_C8', type is buried 
_LC5_C8  = LCELL( _EQ034);
  _EQ034 = !ARD0 & !ARD1 &  ARD2 &  _LC7_C8;

-- Node name is '|mux8x8:31|aa5tri8:8|:7' = '|mux8x8:31|aa5tri8:8|Q2' 
-- Equation name is '_LC4_C10', type is buried 
_LC4_C10 = LCELL( _EQ035);
  _EQ035 = !ARD0 & !ARD1 &  ARD2 &  _LC6_C10;

-- Node name is '|mux8x8:31|aa5tri8:8|:8' = '|mux8x8:31|aa5tri8:8|Q3' 
-- Equation name is '_LC1_C8', type is buried 
_LC1_C8  = LCELL( _EQ036);
  _EQ036 = !ARD0 & !ARD1 &  ARD2 &  _LC4_C8;

-- Node name is '|mux8x8:31|aa5tri8:8|:12' = '|mux8x8:31|aa5tri8:8|Q4' 
-- Equation name is '_LC2_C8', type is buried 
_LC2_C8  = LCELL( _EQ037);
  _EQ037 = !ARD0 & !ARD1 &  ARD2 &  _LC6_C8;

-- Node name is '|mux8x8:31|aa5tri8:8|:11' = '|mux8x8:31|aa5tri8:8|Q5' 
-- Equation name is '_LC3_A9', type is buried 
_LC3_A9  = LCELL( _EQ038);
  _EQ038 = !ARD0 & !ARD1 &  ARD2 &  _LC4_A9;

-- Node name is '|mux8x8:31|aa5tri8:8|:10' = '|mux8x8:31|aa5tri8:8|Q6' 
-- Equation name is '_LC2_A9', type is buried 
_LC2_A9  = LCELL( _EQ039);
  _EQ039 = !ARD0 & !ARD1 &  ARD2 &  _LC5_A9;

-- Node name is '|mux8x8:31|aa5tri8:8|:9' = '|mux8x8:31|aa5tri8:8|Q7' 
-- Equation name is '_LC3_A10', type is buried 
_LC3_A10 = LCELL( _EQ040);
  _EQ040 = !ARD0 & !ARD1 &  ARD2 &  _LC4_A10;

-- Node name is '|mux8x8:31|deshifr8:35|:25' = '|mux8x8:31|deshifr8:35|F0' 
-- Equation name is '_LC1_B22', type is buried 
_LC1_B22 = LCELL( _EQ041);
  _EQ041 = !ARD0 & !ARD1 & !ARD2;

-- Node name is '|mux8x8:31|deshifr8:35|:26' = '|mux8x8:31|deshifr8:35|F1' 
-- Equation name is '_LC1_B24', type is buried 
_LC1_B24 = LCELL( _EQ042);
  _EQ042 =  ARD0 & !ARD1 & !ARD2;

-- Node name is '|mux8x8:31|deshifr8:35|:28' = '|mux8x8:31|deshifr8:35|F3' 
-- Equation name is '_LC3_C23', type is buried 
_LC3_C23 = LCELL( _EQ043);
  _EQ043 =  ARD0 &  ARD1 & !ARD2;

-- Node name is '|mux8x8:31|deshifr8:35|:31' = '|mux8x8:31|deshifr8:35|F6' 
-- Equation name is '_LC2_A2', type is buried 
_LC2_A2  = LCELL( _EQ044);
  _EQ044 = !ARD0 &  ARD1 &  ARD2;

-- Node name is '|mux8x8:31|deshifr8:35|:32' = '|mux8x8:31|deshifr8:35|F7' 
-- Equation name is '_LC6_A23', type is buried 
_LC6_A23 = LCELL( _EQ045);
  _EQ045 =  ARD0 &  ARD1 &  ARD2;

-- Node name is '|mux8x8:31|~23~1' = '|mux8x8:31|QOUT0~1' 
-- Equation name is '_LC1_C10', type is buried 
-- synthesized logic cell 
_LC1_C10 = LCELL( _EQ046);
  _EQ046 =  _LC2_A2 &  _LC5_C10
         #  _LC3_C7
         #  _LC2_C10;

-- Node name is '|mux8x8:31|~23~2' = '|mux8x8:31|QOUT0~2' 
-- Equation name is '_LC2_B18', type is buried 
-- synthesized logic cell 
_LC2_B18 = LCELL( _EQ047);
  _EQ047 =  _LC1_B24 &  _LC5_B18
         #  _LC1_B12 &  _LC1_B22;

-- Node name is '|mux8x8:31|~23~3' = '|mux8x8:31|QOUT0~3' 
-- Equation name is '_LC4_B18', type is buried 
-- synthesized logic cell 
_LC4_B18 = LCELL( _EQ048);
  _EQ048 =  _LC3_B18 &  _LC3_C23
         #  _LC3_B6
         #  _LC2_B18;

-- Node name is '|mux8x8:31|~22~1' = '|mux8x8:31|QOUT1~1' 
-- Equation name is '_LC1_C11', type is buried 
-- synthesized logic cell 
_LC1_C11 = LCELL( _EQ049);
  _EQ049 =  _LC2_A2 &  _LC5_C11
         #  _LC4_C11
         #  _LC5_C8;

-- Node name is '|mux8x8:31|~22~2' = '|mux8x8:31|QOUT1~2' 
-- Equation name is '_LC3_B19', type is buried 
-- synthesized logic cell 
_LC3_B19 = LCELL( _EQ050);
  _EQ050 =  _LC1_B24 &  _LC7_B19
         #  _LC1_B22 &  _LC2_B5;

-- Node name is '|mux8x8:31|~22~3' = '|mux8x8:31|QOUT1~3' 
-- Equation name is '_LC1_B19', type is buried 
-- synthesized logic cell 
_LC1_B19 = LCELL( _EQ051);
  _EQ051 =  _LC3_C23 &  _LC5_B19
         #  _LC2_B6
         #  _LC3_B19;

-- Node name is '|mux8x8:31|~25~1' = '|mux8x8:31|QOUT2~1' 
-- Equation name is '_LC3_C10', type is buried 
-- synthesized logic cell 
_LC3_C10 = LCELL( _EQ052);
  _EQ052 =  _LC2_A2 &  _LC7_C10
         #  _LC4_C7
         #  _LC4_C10;

-- Node name is '|mux8x8:31|~25~2' = '|mux8x8:31|QOUT2~2' 
-- Equation name is '_LC1_B17', type is buried 
-- synthesized logic cell 
_LC1_B17 = LCELL( _EQ053);
  _EQ053 =  _LC1_B24 &  _LC3_B17
         #  _LC1_B5 &  _LC1_B22;

-- Node name is '|mux8x8:31|~25~3' = '|mux8x8:31|QOUT2~3' 
-- Equation name is '_LC5_B17', type is buried 
-- synthesized logic cell 
_LC5_B17 = LCELL( _EQ054);
  _EQ054 =  _LC1_B21 &  _LC3_C23
         #  _LC7_B17
         #  _LC1_B17;

-- Node name is '|mux8x8:31|~24~1' = '|mux8x8:31|QOUT3~1' 
-- Equation name is '_LC2_C11', type is buried 
-- synthesized logic cell 
_LC2_C11 = LCELL( _EQ055);
  _EQ055 =  _LC2_A2 &  _LC6_C11
         #  _LC3_C11
         #  _LC1_C8;

-- Node name is '|mux8x8:31|~24~2' = '|mux8x8:31|QOUT3~2' 
-- Equation name is '_LC5_B16', type is buried 
-- synthesized logic cell 
_LC5_B16 = LCELL( _EQ056);
  _EQ056 =  _LC1_B24 &  _LC2_B16
         #  _LC1_B22 &  _LC4_B5;

-- Node name is '|mux8x8:31|~24~3' = '|mux8x8:31|QOUT3~3' 
-- Equation name is '_LC5_C23', type is buried 
-- synthesized logic cell 
_LC5_C23 = LCELL( _EQ057);
  _EQ057 =  _LC1_C23 &  _LC3_C23
         #  _LC4_C23
         #  _LC5_B16;

-- Node name is '|mux8x8:31|~29~1' = '|mux8x8:31|QOUT4~1' 
-- Equation name is '_LC3_C8', type is buried 
-- synthesized logic cell 
_LC3_C8  = LCELL( _EQ058);
  _EQ058 =  _LC2_A2 &  _LC8_C8
         #  _LC5_C7
         #  _LC2_C8;

-- Node name is '|mux8x8:31|~29~2' = '|mux8x8:31|QOUT4~2' 
-- Equation name is '_LC4_B19', type is buried 
-- synthesized logic cell 
_LC4_B19 = LCELL( _EQ059);
  _EQ059 =  _LC1_B24 &  _LC8_B19
         #  _LC1_B7 &  _LC1_B22;

-- Node name is '|mux8x8:31|~29~3' = '|mux8x8:31|QOUT4~3' 
-- Equation name is '_LC2_B19', type is buried 
-- synthesized logic cell 
_LC2_B19 = LCELL( _EQ060);
  _EQ060 =  _LC3_C23 &  _LC6_B19
         #  _LC1_B6
         #  _LC4_B19;

-- Node name is '|mux8x8:31|~28~1' = '|mux8x8:31|QOUT5~1' 
-- Equation name is '_LC1_A12', type is buried 
-- synthesized logic cell 
_LC1_A12 = LCELL( _EQ061);
  _EQ061 =  _LC2_A2 &  _LC3_A12
         #  _LC2_A12
         #  _LC3_A9;

-- Node name is '|mux8x8:31|~28~2' = '|mux8x8:31|QOUT5~2' 
-- Equation name is '_LC1_B18', type is buried 
-- synthesized logic cell 
_LC1_B18 = LCELL( _EQ062);
  _EQ062 =  _LC1_B24 &  _LC6_B18
         #  _LC1_B22 &  _LC3_B11;

-- Node name is '|mux8x8:31|~28~3' = '|mux8x8:31|QOUT5~3' 
-- Equation name is '_LC3_A14', type is buried 
-- synthesized logic cell 
_LC3_A14 = LCELL( _EQ063);
  _EQ063 =  _LC3_C23 &  _LC4_A14
         #  _LC6_A14
         #  _LC1_B18;

-- Node name is '|mux8x8:31|~27~1' = '|mux8x8:31|QOUT6~1' 
-- Equation name is '_LC8_A9', type is buried 
-- synthesized logic cell 
_LC8_A9  = LCELL( _EQ064);
  _EQ064 =  _LC1_A11 &  _LC2_A2
         #  _LC1_A9
         #  _LC2_A9;

-- Node name is '|mux8x8:31|~27~2' = '|mux8x8:31|QOUT6~2' 
-- Equation name is '_LC2_B17', type is buried 
-- synthesized logic cell 
_LC2_B17 = LCELL( _EQ065);
  _EQ065 =  _LC1_B24 &  _LC4_B17
         #  _LC1_B10 &  _LC1_B22;

-- Node name is '|mux8x8:31|~27~3' = '|mux8x8:31|QOUT6~3' 
-- Equation name is '_LC2_A14', type is buried 
-- synthesized logic cell 
_LC2_A14 = LCELL( _EQ066);
  _EQ066 =  _LC1_A16 &  _LC3_C23
         #  _LC5_A14
         #  _LC2_B17;

-- Node name is '|mux8x8:31|~26~1' = '|mux8x8:31|QOUT7~1' 
-- Equation name is '_LC1_A10', type is buried 
-- synthesized logic cell 
_LC1_A10 = LCELL( _EQ067);
  _EQ067 =  _LC2_A2 &  _LC5_A10
         #  _LC2_A10
         #  _LC3_A10;

-- Node name is '|mux8x8:31|~26~2' = '|mux8x8:31|QOUT7~2' 
-- Equation name is '_LC1_B16', type is buried 
-- synthesized logic cell 
_LC1_B16 = LCELL( _EQ068);
  _EQ068 =  _LC1_B24 &  _LC3_B16
         #  _LC1_B8 &  _LC1_B22;

-- Node name is '|mux8x8:31|~26~3' = '|mux8x8:31|QOUT7~3' 
-- Equation name is '_LC1_A24', type is buried 
-- synthesized logic cell 
_LC1_A24 = LCELL( _EQ069);
  _EQ069 =  _LC2_A18 &  _LC3_C23
         #  _LC3_A24
         #  _LC1_B16;



Project Information                k:\polytekh\max+plusii\lab20\aa5_buffer.rpt

** COMPILATION SETTINGS & TIMES **

Processing Menu Commands
------------------------

Design Doctor                             = off

Logic Synthesis:

   Synthesis Type Used                    = Multi-Level

   Default Synthesis Style                = NORMAL

      Logic option settings in 'NORMAL' style for 'FLEX10K' family

      CARRY_CHAIN                         = ignore
      CARRY_CHAIN_LENGTH                  = 32
      CASCADE_CHAIN                       = ignore
      CASCADE_CHAIN_LENGTH                = 2
      DECOMPOSE_GATES                     = on
      DUPLICATE_LOGIC_EXTRACTION          = on
      MINIMIZATION                        = full
      MULTI_LEVEL_FACTORING               = on
      NOT_GATE_PUSH_BACK                  = on
      REDUCE_LOGIC                        = on
      REFACTORIZATION                     = on
      REGISTER_OPTIMIZATION               = on
      RESYNTHESIZE_NETWORK                = on
      SLOW_SLEW_RATE                      = off
      SUBFACTOR_EXTRACTION                = on
      IGNORE_SOFT_BUFFERS                 = on
      USE_LPM_FOR_AHDL_OPERATORS          = off

   Other logic synthesis settings:

      Automatic Global Clock              = on
      Automatic Global Clear              = on
      Automatic Global Preset             = on
      Automatic Global Output Enable      = on
      Automatic Fast I/O                  = off
      Automatic Register Packing          = off
      Automatic Open-Drain Pins           = on
      Automatic Implement in EAB          = off
      Optimize                            = 5

Default Timing Specifications: None

Cut All Bidir Feedback Timing Paths       = on
Cut All Clear & Preset Timing Paths       = on

Ignore Timing Assignments                 = off

Functional SNF Extractor                  = off

Linked SNF Extractor                      = off
Timing SNF Extractor                      = on
Optimize Timing SNF                       = off
Generate AHDL TDO File                    = off
Fitter Settings                           = NORMAL
Smart Recompile                           = off
Total Recompile                           = off

Interfaces Menu Commands
------------------------

EDIF Netlist Writer                       = off
Verilog Netlist Writer                    = off
VHDL Netlist Writer                       = off

Compilation Times
-----------------

   Compiler Netlist Extractor             00:00:00
   Database Builder                       00:00:00
   Logic Synthesizer                      00:00:01
   Partitioner                            00:00:02
   Fitter                                 00:00:01
   Timing SNF Extractor                   00:00:00
   Assembler                              00:00:01
   --------------------------             --------
   Total Time                             00:00:05


Memory Allocated
-----------------

Peak memory allocated during compilation  = 14,183K
