Project Information               k:\polytekh\max+plusii\lab20\aa5_lbuffer.rpt

MAX+plus II Compiler Report File
Version 9.01 07/30/98
Compiled: 09/29/13 12:09:38

Copyright (C) 1988-1998 Altera Corporation
Any megafunction design, and related net list (encrypted or decrypted),
support information, device programming or simulation file, and any other
associated documentation or information provided by Altera or a partner
under Altera's Megafunction Partnership Program may be used only to
program PLD devices (but not masked PLD devices) from Altera.  Any other
use of such megafunction design, net list, support information, device
programming or simulation file, or any other related documentation or
information is prohibited for any other purpose, including, but not
limited to modification, reverse engineering, de-compiling, or use with
any other silicon devices, unless such use is explicitly licensed under
a separate agreement with Altera or a megafunction partner.  Title to
the intellectual property, including patents, copyrights, trademarks,
trade secrets, or maskworks, embodied in any such megafunction design,
net list, support information, device programming or simulation file, or
any other related documentation or information provided by Altera or a
megafunction partner, remains with Altera, the megafunction partner, or
their respective licensors.  No other licenses, including any licenses
needed under any third party's intellectual property, are provided herein.



***** Project compilation was successful




** DEVICE SUMMARY **

Chip/                     Input Output Bidir  Memory  Memory  			 LCs
POF       Device          Pins  Pins   Pins   Bits % Utilized  LCs  % Utilized

aa5_lbuffer
      EPF10K10LC84-3       10     8      0    0         0  %    160      27 %

User Pins:                 10     8      0  



Project Information               k:\polytekh\max+plusii\lab20\aa5_lbuffer.rpt

** PROJECT COMPILATION MESSAGES **

Warning: Ignored unnecessary INPUT pin 'AWR2'
Warning: Ignored unnecessary INPUT pin 'AWR1'
Warning: Ignored unnecessary INPUT pin 'AWR0'
Warning: Ignored unnecessary INPUT pin 'ARD2'
Warning: Ignored unnecessary INPUT pin 'ARD1'
Warning: Ignored unnecessary INPUT pin 'ARD0'


Project Information               k:\polytekh\max+plusii\lab20\aa5_lbuffer.rpt

** FILE HIERARCHY **



|dff8:25|
|dff8ds:36|
|dff8ds:36|rs:17|
|dff8ds:36|mux8x2:18|
|dff8ds:33|
|dff8ds:33|rs:17|
|dff8ds:33|mux8x2:18|
|dff8ds:37|
|dff8ds:37|rs:17|
|dff8ds:37|mux8x2:18|
|dff8ds:34|
|dff8ds:34|rs:17|
|dff8ds:34|mux8x2:18|
|dff8ds:38|
|dff8ds:38|rs:17|
|dff8ds:38|mux8x2:18|
|dff8ds:39|
|dff8ds:39|rs:17|
|dff8ds:39|mux8x2:18|
|dff8ds:35|
|dff8ds:35|rs:17|
|dff8ds:35|mux8x2:18|
|dff8ds:32|
|dff8ds:32|rs:17|
|dff8ds:32|mux8x2:18|


Device-Specific Information:      k:\polytekh\max+plusii\lab20\aa5_lbuffer.rpt
aa5_lbuffer

***** Logic for device 'aa5_lbuffer' compiled without errors.




Device: EPF10K10LC84-3

FLEX 10K Configuration Scheme: Passive Serial

Device Options:
    User-Supplied Start-Up Clock               = OFF
    Auto-Restart Configuration on Frame Error  = OFF
    Release Clears Before Tri-States           = OFF
    Enable Chip_Wide Reset                     = OFF
    Enable Chip-Wide Output Enable             = OFF
    Enable INIT_DONE Output                    = OFF
    JTAG User Code                             = 7f

                                                                         ^     
                                                                         C     
                R  R     R  R  R  R     R           R     R  R  R  R     O     
                E  E     E  E  E  E     E           E     E  E  E  E     N     
                S  S     S  S  S  S  V  S           S  G  S  S  S  S     F     
                E  E     E  E  E  E  C  E  D  D     E  N  E  E  E  E     _  ^  
                R  R     R  R  R  R  C  R  A  A     R  D  R  R  R  R  #  D  n  
                V  V     V  V  V  V  I  V  T  T     V  I  V  V  V  V  T  O  C  
                E  E  Q  E  E  E  E  N  E  A  A  W  E  N  E  E  E  E  C  N  E  
                D  D  4  D  D  D  D  T  D  0  5  R  D  T  D  D  D  D  K  E  O  
              -----------------------------------------------------------------_ 
            /  11 10  9  8  7  6  5  4  3  2  1 84 83 82 81 80 79 78 77 76 75   | 
    ^DATA0 | 12                                                              74 | #TDO 
     ^DCLK | 13                                                              73 | RESERVED 
      ^nCE | 14                                                              72 | RESERVED 
      #TDI | 15                                                              71 | RESERVED 
  RESERVED | 16                                                              70 | Q5 
  RESERVED | 17                                                              69 | RESERVED 
  RESERVED | 18                                                              68 | GNDINT 
  RESERVED | 19                                                              67 | DATA4 
    VCCINT | 20                                                              66 | DATA3 
        Q1 | 21                                                              65 | DATA1 
        Q6 | 22                        EPF10K10LC84-3                        64 | DATA2 
        Q3 | 23                                                              63 | VCCINT 
        Q7 | 24                                                              62 | RESERVED 
        Q2 | 25                                                              61 | RESERVED 
    GNDINT | 26                                                              60 | RESERVED 
  RESERVED | 27                                                              59 | RESERVED 
  RESERVED | 28                                                              58 | RESERVED 
  RESERVED | 29                                                              57 | #TMS 
  RESERVED | 30                                                              56 | #nTRST 
    ^MSEL0 | 31                                                              55 | ^nSTATUS 
    ^MSEL1 | 32                                                              54 | RESERVED 
           |_  33 34 35 36 37 38 39 40 41 42 43 44 45 46 47 48 49 50 51 52 53  _| 
             ------------------------------------------------------------------ 
                V  ^  R  R  R  R  R  V  G  D  R  D  V  G  R  R  R  R  Q  R  R  
                C  n  E  E  E  E  E  C  N  A  D  A  C  N  E  E  E  E  0  E  E  
                C  C  S  S  S  S  S  C  D  T     T  C  D  S  S  S  S     S  S  
                I  O  E  E  E  E  E  I  I  A     A  I  I  E  E  E  E     E  E  
                N  N  R  R  R  R  R  N  N  6     7  N  N  R  R  R  R     R  R  
                T  F  V  V  V  V  V  T  T           T  T  V  V  V  V     V  V  
                   I  E  E  E  E  E                       E  E  E  E     E  E  
                   G  D  D  D  D  D                       D  D  D  D     D  D  
                                                                               
                                                                               


N.C. = Not Connected.
VCCINT = Dedicated power pin, which MUST be connected to VCC (5.0 volts).
VCCIO = Dedicated power pin, which MUST be connected to VCC (5.0 volts).
GNDINT = Dedicated ground pin or unused dedicated input, which MUST be connected to GND.
GNDIO = Dedicated ground pin, which MUST be connected to GND.
RESERVED = Unused I/O pin, which MUST be left unconnected.

^ = Dedicated configuration pin.
+ = Reserved configuration pin, which is tri-stated during user mode.
* = Reserved configuration pin, which drives out in user mode.
PDn = Power Down pin. 
@ = Special-purpose pin. 
# = JTAG Boundary-Scan Testing/In-System Programming or Configuration Pin. The JTAG inputs (TMS, TCK, TDI) should be tied to VCC when not in use.
& = JTAG pin used for I/O. When used as user I/O, JTAG pins must be kept stable before and during configuration.  JTAG pin stability prevents accidental loading of JTAG instructions.


Device-Specific Information:      k:\polytekh\max+plusii\lab20\aa5_lbuffer.rpt
aa5_lbuffer

** RESOURCE USAGE **

Logic                Column       Row                                   
Array                Interconnect Interconnect         Clears/     External  
Block   Logic Cells  Driven       Driven       Clocks  Presets   Interconnect
A3       1/ 8( 12%)   0/ 8(  0%)   1/ 8( 12%)    1/2    0/2       4/22( 18%)   
A4       1/ 8( 12%)   0/ 8(  0%)   1/ 8( 12%)    1/2    0/2       4/22( 18%)   
A5       1/ 8( 12%)   0/ 8(  0%)   1/ 8( 12%)    1/2    0/2       4/22( 18%)   
A7       1/ 8( 12%)   0/ 8(  0%)   1/ 8( 12%)    1/2    0/2       4/22( 18%)   
A8       5/ 8( 62%)   1/ 8( 12%)   1/ 8( 12%)    2/2    0/2       6/22( 27%)   
A9       3/ 8( 37%)   1/ 8( 12%)   1/ 8( 12%)    1/2    0/2       4/22( 18%)   
A10      5/ 8( 62%)   1/ 8( 12%)   1/ 8( 12%)    2/2    0/2       6/22( 27%)   
A11      1/ 8( 12%)   1/ 8( 12%)   0/ 8(  0%)    0/2    0/2       1/22(  4%)   
A12      6/ 8( 75%)   0/ 8(  0%)   3/ 8( 37%)    2/2    0/2       8/22( 36%)   
A16      1/ 8( 12%)   0/ 8(  0%)   1/ 8( 12%)    0/2    0/2       1/22(  4%)   
A17      2/ 8( 25%)   0/ 8(  0%)   1/ 8( 12%)    1/2    0/2       1/22(  4%)   
A18      5/ 8( 62%)   0/ 8(  0%)   2/ 8( 25%)    2/2    0/2       6/22( 27%)   
A19      1/ 8( 12%)   0/ 8(  0%)   1/ 8( 12%)    1/2    0/2       4/22( 18%)   
A20      1/ 8( 12%)   0/ 8(  0%)   1/ 8( 12%)    1/2    0/2       4/22( 18%)   
A21      1/ 8( 12%)   0/ 8(  0%)   1/ 8( 12%)    0/2    0/2       1/22(  4%)   
A22      2/ 8( 25%)   0/ 8(  0%)   2/ 8( 25%)    1/2    0/2       4/22( 18%)   
A23      5/ 8( 62%)   0/ 8(  0%)   2/ 8( 25%)    2/2    0/2       6/22( 27%)   
A24      8/ 8(100%)   0/ 8(  0%)   2/ 8( 25%)    2/2    0/2       6/22( 27%)   
B1       7/ 8( 87%)   6/ 8( 75%)   4/ 8( 50%)    1/2    0/2      10/22( 45%)   
B2       8/ 8(100%)   1/ 8( 12%)   3/ 8( 37%)    1/2    0/2       4/22( 18%)   
B3       6/ 8( 75%)   2/ 8( 25%)   2/ 8( 25%)    2/2    0/2       8/22( 36%)   
B7       7/ 8( 87%)   1/ 8( 12%)   3/ 8( 37%)    2/2    0/2       8/22( 36%)   
B8       6/ 8( 75%)   0/ 8(  0%)   3/ 8( 37%)    2/2    0/2       7/22( 31%)   
B13      4/ 8( 50%)   0/ 8(  0%)   2/ 8( 25%)    1/2    0/2       2/22(  9%)   
B16      8/ 8(100%)   1/ 8( 12%)   4/ 8( 50%)    2/2    0/2      10/22( 45%)   
B18      2/ 8( 25%)   1/ 8( 12%)   0/ 8(  0%)    1/2    0/2       1/22(  4%)   
B19      1/ 8( 12%)   1/ 8( 12%)   1/ 8( 12%)    1/2    0/2       4/22( 18%)   
B22      1/ 8( 12%)   0/ 8(  0%)   1/ 8( 12%)    0/2    0/2       2/22(  9%)   
B23      4/ 8( 50%)   0/ 8(  0%)   2/ 8( 25%)    1/2    0/2       5/22( 22%)   
B24      1/ 8( 12%)   0/ 8(  0%)   1/ 8( 12%)    0/2    0/2       2/22(  9%)   
C4       4/ 8( 50%)   2/ 8( 25%)   2/ 8( 25%)    0/2    0/2       2/22(  9%)   
C5       8/ 8(100%)   2/ 8( 25%)   2/ 8( 25%)    2/2    0/2       8/22( 36%)   
C6       8/ 8(100%)   2/ 8( 25%)   2/ 8( 25%)    2/2    0/2       8/22( 36%)   
C11      1/ 8( 12%)   1/ 8( 12%)   1/ 8( 12%)    0/2    0/2       2/22(  9%)   
C12      1/ 8( 12%)   1/ 8( 12%)   1/ 8( 12%)    0/2    0/2       2/22(  9%)   
C14      3/ 8( 37%)   2/ 8( 25%)   2/ 8( 25%)    0/2    0/2       2/22(  9%)   
C15      4/ 8( 50%)   2/ 8( 25%)   2/ 8( 25%)    0/2    0/2       2/22(  9%)   
C17      5/ 8( 62%)   0/ 8(  0%)   2/ 8( 25%)    2/2    0/2       6/22( 27%)   
C18      1/ 8( 12%)   0/ 8(  0%)   1/ 8( 12%)    1/2    0/2       3/22( 13%)   
C19      5/ 8( 62%)   0/ 8(  0%)   2/ 8( 25%)    2/2    0/2       6/22( 27%)   
C20      1/ 8( 12%)   1/ 8( 12%)   1/ 8( 12%)    0/2    0/2       2/22(  9%)   
C21      1/ 8( 12%)   1/ 8( 12%)   1/ 8( 12%)    0/2    0/2       2/22(  9%)   
C22      3/ 8( 37%)   0/ 8(  0%)   3/ 8( 37%)    1/2    0/2       5/22( 22%)   
C23      5/ 8( 62%)   0/ 8(  0%)   2/ 8( 25%)    2/2    0/2       6/22( 27%)   
C24      5/ 8( 62%)   0/ 8(  0%)   2/ 8( 25%)    2/2    0/2       6/22( 27%)   


Embedded             Column       Row                                   
Array     Embedded   Interconnect Interconnect         Read/      External  
Block     Cells      Driven       Driven       Clocks  Write    Interconnect


Total dedicated input pins used:                 6/6      (100%)
Total I/O pins used:                            12/53     ( 22%)
Total logic cells used:                        160/576    ( 27%)
Total embedded cells used:                       0/24     (  0%)
Total EABs used:                                 0/3      (  0%)
Average fan-in:                                 1.95/4    ( 48%)
Total fan-in:                                 312/2304    ( 13%)

Total input pins required:                      10
Total input I/O cell registers required:         0
Total output pins required:                      8
Total output I/O cell registers required:        0
Total buried I/O cell registers required:        0
Total bidirectional pins required:               0
Total reserved pins required                     0
Total logic cells required:                    160
Total flipflops required:                       72
Total packed registers required:                 0
Total logic cells in carry chains:               0
Total number of carry chains:                    0
Total logic cells in cascade chains:             0
Total number of cascade chains:                  0
Total single-pin Clock Enables required:         0
Total single-pin Output Enables required:        0

Synthesized logic cells:                         0/ 576   (  0%)

Logic Cell and Embedded Cell Counts

Column:  01  02  03  04  05  06  07  08  09  10  11  12  EA  13  14  15  16  17  18  19  20  21  22  23  24  Total(LC/EC)
 A:      0   0   1   1   1   0   1   5   3   5   1   6   0   0   0   0   1   2   5   1   1   1   2   5   8     50/0  
 B:      7   8   6   0   0   0   7   6   0   0   0   0   0   4   0   0   8   0   2   1   0   0   1   4   1     55/0  
 C:      0   0   0   4   8   8   0   0   0   0   1   1   0   0   3   4   0   5   1   5   1   1   3   5   5     55/0  

Total:   7   8   7   5   9   8   8  11   3   5   2   7   0   4   3   4   9   7   8   7   2   2   6  14  14    160/0  



Device-Specific Information:      k:\polytekh\max+plusii\lab20\aa5_lbuffer.rpt
aa5_lbuffer

** INPUTS **

                                                    Fan-In    Fan-Out
 Pin     LC     EC   Row  Col  Primitive    Code      INP  FBK  OUT  FBK  Name
   2      -     -    -    --      INPUT                0    0    0    1  DATA0
  65      -     -    B    --      INPUT                0    0    0    1  DATA1
  64      -     -    B    --      INPUT                0    0    0    1  DATA2
  66      -     -    B    --      INPUT                0    0    0    1  DATA3
  67      -     -    B    --      INPUT                0    0    0    1  DATA4
   1      -     -    -    --      INPUT                0    0    0    1  DATA5
  42      -     -    -    --      INPUT                0    0    0    1  DATA6
  44      -     -    -    --      INPUT                0    0    0    1  DATA7
  43      -     -    -    --      INPUT  G             0    0    0   16  RD
  84      -     -    -    --      INPUT                0    0    0   16  WR


Code:

s = Synthesized pin or logic cell
+ = Synchronous flipflop
/ = Slow slew-rate output
! = NOT gate push-back
r = Fitter-inserted logic cell
@ = Uses single-pin Clock Enable
& = Uses single-pin Output Enable
G = Global Source. Fan-out destinations counted here do not include destinations
that are driven using global routing resources. Refer to the Auto Global Signals,
Clock Signals, Clear Signals, Synchronous Load Signals, and Synchronous Clear Signals
Sections of this Report File for information on which signals' fan-outs are used as
Clock, Clear, Preset, Output Enable, and synchronous Load signals.


Device-Specific Information:      k:\polytekh\max+plusii\lab20\aa5_lbuffer.rpt
aa5_lbuffer

** OUTPUTS **

       Fed By Fed By                                Fan-In    Fan-Out
 Pin     LC     EC   Row  Col  Primitive    Code      INP  FBK  OUT  FBK  Name
  51      -     -    -    18     OUTPUT                0    1    0    0  Q0
  21      -     -    B    --     OUTPUT                0    1    0    0  Q1
  25      -     -    B    --     OUTPUT                0    1    0    0  Q2
  23      -     -    B    --     OUTPUT                0    1    0    0  Q3
   9      -     -    -    02     OUTPUT                0    1    0    0  Q4
  70      -     -    A    --     OUTPUT                0    1    0    0  Q5
  22      -     -    B    --     OUTPUT                0    1    0    0  Q6
  24      -     -    B    --     OUTPUT                0    1    0    0  Q7


Code:

s = Synthesized pin or logic cell
+ = Synchronous flipflop
/ = Slow slew-rate output
! = NOT gate push-back
r = Fitter-inserted logic cell
@ = Uses single-pin Clock Enable
& = Uses single-pin Output Enable


Device-Specific Information:      k:\polytekh\max+plusii\lab20\aa5_lbuffer.rpt
aa5_lbuffer

** BURIED LOGIC **

                                                    Fan-In    Fan-Out
 IOC     LC     EC   Row  Col  Primitive    Code      INP  FBK  OUT  FBK  Name
   -      1     -    B    18       DFFE   +            0    1    1    0  |dff8:25|Q0 (|dff8:25|:1)
   -      1     -    B    13       DFFE   +            0    1    1    0  |dff8:25|Q1 (|dff8:25|:2)
   -      7     -    B    02       DFFE   +            0    1    1    0  |dff8:25|Q2 (|dff8:25|:3)
   -      4     -    B    02       DFFE   +            0    1    1    0  |dff8:25|Q3 (|dff8:25|:4)
   -      1     -    B    02       DFFE   +            0    1    1    0  |dff8:25|Q4 (|dff8:25|:5)
   -      5     -    A    17       DFFE   +            0    1    1    0  |dff8:25|Q5 (|dff8:25|:6)
   -      2     -    B    02       DFFE   +            0    1    1    0  |dff8:25|Q6 (|dff8:25|:7)
   -      6     -    B    13       DFFE   +            0    1    1    0  |dff8:25|Q7 (|dff8:25|:8)
   -      1     -    B    24        OR2        !       2    0    0    8  |dff8ds:32|rs:17|T (|dff8ds:32|rs:17|:7)
   -      2     -    B    08       DFFE                1    3    0    2  |dff8ds:32|QF0 (|dff8ds:32|:1)
   -      1     -    B    16       DFFE                1    3    0    2  |dff8ds:32|QF1 (|dff8ds:32|:2)
   -      2     -    B    03       DFFE                1    3    0    2  |dff8ds:32|QF2 (|dff8ds:32|:3)
   -      1     -    B    03       DFFE                1    3    0    2  |dff8ds:32|QF3 (|dff8ds:32|:4)
   -      7     -    B    07       DFFE                1    3    0    2  |dff8ds:32|QF4 (|dff8ds:32|:5)
   -      3     -    B    16       DFFE                1    3    0    2  |dff8ds:32|QF5 (|dff8ds:32|:6)
   -      3     -    B    07       DFFE                1    3    0    2  |dff8ds:32|QF6 (|dff8ds:32|:7)
   -      2     -    B    16       DFFE                1    3    0    2  |dff8ds:32|QF7 (|dff8ds:32|:8)
   -      2     -    B    18      LCELL                0    1    0    1  |dff8ds:32|QB0 (|dff8ds:32|:26)
   -      3     -    B    13      LCELL                0    1    0    1  |dff8ds:32|QB1 (|dff8ds:32|:35)
   -      6     -    B    02      LCELL                0    1    0    1  |dff8ds:32|QB2 (|dff8ds:32|:36)
   -      5     -    B    02      LCELL                0    1    0    1  |dff8ds:32|QB3 (|dff8ds:32|:37)
   -      2     -    B    13      LCELL                0    1    0    1  |dff8ds:32|QB7 (|dff8ds:32|:38)
   -      3     -    B    02      LCELL                0    1    0    1  |dff8ds:32|QB6 (|dff8ds:32|:39)
   -      1     -    A    17      LCELL                0    1    0    1  |dff8ds:32|QB5 (|dff8ds:32|:40)
   -      8     -    B    02      LCELL                0    1    0    1  |dff8ds:32|QB4 (|dff8ds:32|:41)
   -      3     -    B    08      LCELL                2    0    0    1  |dff8ds:32|:42
   -      1     -    B    08      LCELL                0    1    0    8  |dff8ds:32|:43
   -      1     -    B    22        OR2        !       2    0    0    8  |dff8ds:33|rs:17|T (|dff8ds:33|rs:17|:7)
   -      5     -    B    08       DFFE                0    4    0    2  |dff8ds:33|QF0 (|dff8ds:33|:1)
   -      2     -    B    23       DFFE                0    4    0    2  |dff8ds:33|QF1 (|dff8ds:33|:2)
   -      3     -    B    03       DFFE                0    4    0    2  |dff8ds:33|QF2 (|dff8ds:33|:3)
   -      4     -    B    03       DFFE                0    4    0    2  |dff8ds:33|QF3 (|dff8ds:33|:4)
   -      6     -    B    07       DFFE                0    4    0    2  |dff8ds:33|QF4 (|dff8ds:33|:5)
   -      1     -    B    19       DFFE                0    4    0    2  |dff8ds:33|QF5 (|dff8ds:33|:6)
   -      2     -    B    07       DFFE                0    4    0    2  |dff8ds:33|QF6 (|dff8ds:33|:7)
   -      4     -    B    16       DFFE                0    4    0    2  |dff8ds:33|QF7 (|dff8ds:33|:8)
   -      4     -    B    08      LCELL                0    1    0    1  |dff8ds:33|QB0 (|dff8ds:33|:26)
   -      8     -    B    16      LCELL                0    1    0    1  |dff8ds:33|QB1 (|dff8ds:33|:35)
   -      6     -    B    03      LCELL                0    1    0    1  |dff8ds:33|QB2 (|dff8ds:33|:36)
   -      5     -    B    03      LCELL                0    1    0    1  |dff8ds:33|QB3 (|dff8ds:33|:37)
   -      5     -    B    16      LCELL                0    1    0    1  |dff8ds:33|QB7 (|dff8ds:33|:38)
   -      4     -    B    07      LCELL                0    1    0    1  |dff8ds:33|QB6 (|dff8ds:33|:39)
   -      7     -    B    16      LCELL                0    1    0    1  |dff8ds:33|QB5 (|dff8ds:33|:40)
   -      5     -    B    07      LCELL                0    1    0    1  |dff8ds:33|QB4 (|dff8ds:33|:41)
   -      3     -    B    23      LCELL                2    0    0    1  |dff8ds:33|:42
   -      1     -    B    23      LCELL                0    1    0    8  |dff8ds:33|:43
   -      4     -    B    01        OR2        !       2    0    0    8  |dff8ds:34|rs:17|T (|dff8ds:34|rs:17|:7)
   -      1     -    B    01       DFFE                0    4    0    2  |dff8ds:34|QF0 (|dff8ds:34|:1)
   -      2     -    B    01       DFFE                0    4    0    2  |dff8ds:34|QF1 (|dff8ds:34|:2)
   -      1     -    A    04       DFFE                0    4    0    2  |dff8ds:34|QF2 (|dff8ds:34|:3)
   -      1     -    A    09       DFFE                0    4    0    2  |dff8ds:34|QF3 (|dff8ds:34|:4)
   -      4     -    A    08       DFFE                0    4    0    2  |dff8ds:34|QF4 (|dff8ds:34|:5)
   -      3     -    A    10       DFFE                0    4    0    2  |dff8ds:34|QF5 (|dff8ds:34|:6)
   -      5     -    B    01       DFFE                0    4    0    2  |dff8ds:34|QF6 (|dff8ds:34|:7)
   -      3     -    B    01       DFFE                0    4    0    2  |dff8ds:34|QF7 (|dff8ds:34|:8)
   -      6     -    B    08      LCELL                0    1    0    1  |dff8ds:34|QB0 (|dff8ds:34|:26)
   -      4     -    B    23      LCELL                0    1    0    1  |dff8ds:34|QB1 (|dff8ds:34|:35)
   -      3     -    A    11      LCELL                0    1    0    1  |dff8ds:34|QB2 (|dff8ds:34|:36)
   -      2     -    A    09      LCELL                0    1    0    1  |dff8ds:34|QB3 (|dff8ds:34|:37)
   -      6     -    B    16      LCELL                0    1    0    1  |dff8ds:34|QB7 (|dff8ds:34|:38)
   -      1     -    B    07      LCELL                0    1    0    1  |dff8ds:34|QB6 (|dff8ds:34|:39)
   -      2     -    A    10      LCELL                0    1    0    1  |dff8ds:34|QB5 (|dff8ds:34|:40)
   -      2     -    A    08      LCELL                0    1    0    1  |dff8ds:34|QB4 (|dff8ds:34|:41)
   -      7     -    B    01      LCELL                2    0    0    1  |dff8ds:34|:42
   -      6     -    B    01      LCELL                0    1    0    8  |dff8ds:34|:43
   -      1     -    C    11        OR2        !       2    0    0    8  |dff8ds:35|rs:17|T (|dff8ds:35|rs:17|:7)
   -      7     -    C    05       DFFE                0    4    0    2  |dff8ds:35|QF0 (|dff8ds:35|:1)
   -      7     -    C    06       DFFE                0    4    0    2  |dff8ds:35|QF1 (|dff8ds:35|:2)
   -      6     -    A    12       DFFE                0    4    0    2  |dff8ds:35|QF2 (|dff8ds:35|:3)
   -      1     -    A    12       DFFE                0    4    0    2  |dff8ds:35|QF3 (|dff8ds:35|:4)
   -      1     -    A    08       DFFE                0    4    0    2  |dff8ds:35|QF4 (|dff8ds:35|:5)
   -      5     -    A    10       DFFE                0    4    0    2  |dff8ds:35|QF5 (|dff8ds:35|:6)
   -      8     -    C    05       DFFE                0    4    0    2  |dff8ds:35|QF6 (|dff8ds:35|:7)
   -      8     -    C    06       DFFE                0    4    0    2  |dff8ds:35|QF7 (|dff8ds:35|:8)
   -      4     -    C    05      LCELL                0    1    0    1  |dff8ds:35|QB0 (|dff8ds:35|:26)
   -      2     -    C    06      LCELL                0    1    0    1  |dff8ds:35|QB1 (|dff8ds:35|:35)
   -      3     -    A    12      LCELL                0    1    0    1  |dff8ds:35|QB2 (|dff8ds:35|:36)
   -      3     -    A    09      LCELL                0    1    0    1  |dff8ds:35|QB3 (|dff8ds:35|:37)
   -      1     -    C    06      LCELL                0    1    0    1  |dff8ds:35|QB7 (|dff8ds:35|:38)
   -      1     -    C    05      LCELL                0    1    0    1  |dff8ds:35|QB6 (|dff8ds:35|:39)
   -      4     -    A    10      LCELL                0    1    0    1  |dff8ds:35|QB5 (|dff8ds:35|:40)
   -      5     -    A    08      LCELL                0    1    0    1  |dff8ds:35|QB4 (|dff8ds:35|:41)
   -      4     -    C    04      LCELL                2    0    0    1  |dff8ds:35|:42
   -      2     -    C    04      LCELL                0    1    0    8  |dff8ds:35|:43
   -      1     -    C    20        OR2        !       2    0    0    8  |dff8ds:36|rs:17|T (|dff8ds:36|rs:17|:7)
   -      1     -    C    18       DFFE                0    3    0    1  |dff8ds:36|QF0 (|dff8ds:36|:1)
   -      2     -    C    22       DFFE                0    3    0    1  |dff8ds:36|QF1 (|dff8ds:36|:2)
   -      5     -    A    24       DFFE                0    3    0    1  |dff8ds:36|QF2 (|dff8ds:36|:3)
   -      8     -    A    22       DFFE                0    3    0    1  |dff8ds:36|QF3 (|dff8ds:36|:4)
   -      2     -    A    22       DFFE                0    3    0    1  |dff8ds:36|QF4 (|dff8ds:36|:5)
   -      6     -    A    24       DFFE                0    3    0    1  |dff8ds:36|QF5 (|dff8ds:36|:6)
   -      6     -    C    22       DFFE                0    3    0    1  |dff8ds:36|QF6 (|dff8ds:36|:7)
   -      4     -    C    22       DFFE                0    3    0    1  |dff8ds:36|QF7 (|dff8ds:36|:8)
   -      4     -    C    23      LCELL                0    1    0    1  |dff8ds:36|QB0 (|dff8ds:36|:26)
   -      5     -    C    19      LCELL                0    1    0    1  |dff8ds:36|QB1 (|dff8ds:36|:35)
   -      7     -    A    24      LCELL                0    1    0    1  |dff8ds:36|QB2 (|dff8ds:36|:36)
   -      5     -    A    18      LCELL                0    1    0    1  |dff8ds:36|QB3 (|dff8ds:36|:37)
   -      4     -    C    24      LCELL                0    1    0    1  |dff8ds:36|QB7 (|dff8ds:36|:38)
   -      5     -    C    17      LCELL                0    1    0    1  |dff8ds:36|QB6 (|dff8ds:36|:39)
   -      8     -    A    24      LCELL                0    1    0    1  |dff8ds:36|QB5 (|dff8ds:36|:40)
   -      5     -    A    23      LCELL                0    1    0    1  |dff8ds:36|QB4 (|dff8ds:36|:41)
   -      4     -    C    15      LCELL                2    0    0    1  |dff8ds:36|:42
   -      2     -    C    15      LCELL                0    1    0    8  |dff8ds:36|:43
   -      1     -    C    21        OR2        !       2    0    0    8  |dff8ds:37|rs:17|T (|dff8ds:37|rs:17|:7)
   -      1     -    C    23       DFFE                0    4    0    2  |dff8ds:37|QF0 (|dff8ds:37|:1)
   -      4     -    C    19       DFFE                0    4    0    2  |dff8ds:37|QF1 (|dff8ds:37|:2)
   -      4     -    A    24       DFFE                0    4    0    2  |dff8ds:37|QF2 (|dff8ds:37|:3)
   -      2     -    A    18       DFFE                0    4    0    2  |dff8ds:37|QF3 (|dff8ds:37|:4)
   -      2     -    A    23       DFFE                0    4    0    2  |dff8ds:37|QF4 (|dff8ds:37|:5)
   -      3     -    A    24       DFFE                0    4    0    2  |dff8ds:37|QF5 (|dff8ds:37|:6)
   -      2     -    C    17       DFFE                0    4    0    2  |dff8ds:37|QF6 (|dff8ds:37|:7)
   -      1     -    C    24       DFFE                0    4    0    2  |dff8ds:37|QF7 (|dff8ds:37|:8)
   -      3     -    C    23      LCELL                0    1    0    1  |dff8ds:37|QB0 (|dff8ds:37|:26)
   -      3     -    C    19      LCELL                0    1    0    1  |dff8ds:37|QB1 (|dff8ds:37|:35)
   -      2     -    A    24      LCELL                0    1    0    1  |dff8ds:37|QB2 (|dff8ds:37|:36)
   -      4     -    A    18      LCELL                0    1    0    1  |dff8ds:37|QB3 (|dff8ds:37|:37)
   -      3     -    C    24      LCELL                0    1    0    1  |dff8ds:37|QB7 (|dff8ds:37|:38)
   -      4     -    C    17      LCELL                0    1    0    1  |dff8ds:37|QB6 (|dff8ds:37|:39)
   -      1     -    A    24      LCELL                0    1    0    1  |dff8ds:37|QB5 (|dff8ds:37|:40)
   -      4     -    A    23      LCELL                0    1    0    1  |dff8ds:37|QB4 (|dff8ds:37|:41)
   -      3     -    C    14      LCELL                2    0    0    1  |dff8ds:37|:42
   -      2     -    C    14      LCELL                0    1    0    8  |dff8ds:37|:43
   -      1     -    C    14        OR2        !       2    0    0    8  |dff8ds:38|rs:17|T (|dff8ds:38|rs:17|:7)
   -      2     -    C    23       DFFE                0    4    0    2  |dff8ds:38|QF0 (|dff8ds:38|:1)
   -      2     -    C    19       DFFE                0    4    0    2  |dff8ds:38|QF1 (|dff8ds:38|:2)
   -      3     -    A    20       DFFE                0    4    0    2  |dff8ds:38|QF2 (|dff8ds:38|:3)
   -      3     -    A    18       DFFE                0    4    0    2  |dff8ds:38|QF3 (|dff8ds:38|:4)
   -      3     -    A    23       DFFE                0    4    0    2  |dff8ds:38|QF4 (|dff8ds:38|:5)
   -      4     -    A    19       DFFE                0    4    0    2  |dff8ds:38|QF5 (|dff8ds:38|:6)
   -      1     -    C    17       DFFE                0    4    0    2  |dff8ds:38|QF6 (|dff8ds:38|:7)
   -      2     -    C    24       DFFE                0    4    0    2  |dff8ds:38|QF7 (|dff8ds:38|:8)
   -      6     -    C    23      LCELL                0    1    0    1  |dff8ds:38|QB0 (|dff8ds:38|:26)
   -      1     -    C    19      LCELL                0    1    0    1  |dff8ds:38|QB1 (|dff8ds:38|:35)
   -      1     -    A    16      LCELL                0    1    0    1  |dff8ds:38|QB2 (|dff8ds:38|:36)
   -      1     -    A    18      LCELL                0    1    0    1  |dff8ds:38|QB3 (|dff8ds:38|:37)
   -      5     -    C    24      LCELL                0    1    0    1  |dff8ds:38|QB7 (|dff8ds:38|:38)
   -      3     -    C    17      LCELL                0    1    0    1  |dff8ds:38|QB6 (|dff8ds:38|:39)
   -      1     -    A    21      LCELL                0    1    0    1  |dff8ds:38|QB5 (|dff8ds:38|:40)
   -      1     -    A    23      LCELL                0    1    0    1  |dff8ds:38|QB4 (|dff8ds:38|:41)
   -      3     -    C    15      LCELL                2    0    0    1  |dff8ds:38|:42
   -      1     -    C    15      LCELL                0    1    0    8  |dff8ds:38|:43
   -      1     -    C    12        OR2        !       2    0    0    8  |dff8ds:39|rs:17|T (|dff8ds:39|rs:17|:7)
   -      5     -    C    05       DFFE                0    4    0    2  |dff8ds:39|QF0 (|dff8ds:39|:1)
   -      5     -    C    06       DFFE                0    4    0    2  |dff8ds:39|QF1 (|dff8ds:39|:2)
   -      4     -    A    12       DFFE                0    4    0    2  |dff8ds:39|QF2 (|dff8ds:39|:3)
   -      1     -    A    07       DFFE                0    4    0    2  |dff8ds:39|QF3 (|dff8ds:39|:4)
   -      1     -    A    03       DFFE                0    4    0    2  |dff8ds:39|QF4 (|dff8ds:39|:5)
   -      2     -    A    05       DFFE                0    4    0    2  |dff8ds:39|QF5 (|dff8ds:39|:6)
   -      3     -    C    05       DFFE                0    4    0    2  |dff8ds:39|QF6 (|dff8ds:39|:7)
   -      4     -    C    06       DFFE                0    4    0    2  |dff8ds:39|QF7 (|dff8ds:39|:8)
   -      2     -    C    05      LCELL                0    1    0    1  |dff8ds:39|QB0 (|dff8ds:39|:26)
   -      3     -    C    06      LCELL                0    1    0    1  |dff8ds:39|QB1 (|dff8ds:39|:35)
   -      2     -    A    12      LCELL                0    1    0    1  |dff8ds:39|QB2 (|dff8ds:39|:36)
   -      5     -    A    12      LCELL                0    1    0    1  |dff8ds:39|QB3 (|dff8ds:39|:37)
   -      6     -    C    06      LCELL                0    1    0    1  |dff8ds:39|QB7 (|dff8ds:39|:38)
   -      6     -    C    05      LCELL                0    1    0    1  |dff8ds:39|QB6 (|dff8ds:39|:39)
   -      1     -    A    10      LCELL                0    1    0    1  |dff8ds:39|QB5 (|dff8ds:39|:40)
   -      3     -    A    08      LCELL                0    1    0    1  |dff8ds:39|QB4 (|dff8ds:39|:41)
   -      3     -    C    04      LCELL                2    0    0    1  |dff8ds:39|:42
   -      1     -    C    04      LCELL                0    1    0    8  |dff8ds:39|:43


Code:

s = Synthesized pin or logic cell
+ = Synchronous flipflop
/ = Slow slew-rate output
! = NOT gate push-back
r = Fitter-inserted logic cell
p = Packed register


Device-Specific Information:      k:\polytekh\max+plusii\lab20\aa5_lbuffer.rpt
aa5_lbuffer

** FASTTRACK INTERCONNECT UTILIZATION **

Row FastTrack Interconnect:

          Global         Left Half-      Right Half-
         FastTrack       FastTrack       FastTrack 
Row     Interconnect    Interconnect    Interconnect    Input Pins     Output Pins     Bidir Pins
A:       9/ 96(  9%)    15/ 48( 31%)    16/ 48( 33%)    0/16(  0%)      1/16(  6%)     0/16(  0%)
B:      16/ 96( 16%)    18/ 48( 37%)     4/ 48(  8%)    4/16( 25%)      5/16( 31%)     0/16(  0%)
C:       8/ 96(  8%)     8/ 48( 16%)    14/ 48( 29%)    0/16(  0%)      0/16(  0%)     0/16(  0%)


Column FastTrack Interconnect:

         FastTrack                                 
Column  Interconnect    Input Pins     Output Pins     Bidir Pins
01:      6/24( 25%)     0/4(  0%)      0/4(  0%)       0/4(  0%)
02:      1/24(  4%)     0/4(  0%)      1/4( 25%)       0/4(  0%)
03:      2/24(  8%)     0/4(  0%)      0/4(  0%)       0/4(  0%)
04:      2/24(  8%)     0/4(  0%)      0/4(  0%)       0/4(  0%)
05:      2/24(  8%)     0/4(  0%)      0/4(  0%)       0/4(  0%)
06:      2/24(  8%)     0/4(  0%)      0/4(  0%)       0/4(  0%)
07:      1/24(  4%)     0/4(  0%)      0/4(  0%)       0/4(  0%)
08:      1/24(  4%)     0/4(  0%)      0/4(  0%)       0/4(  0%)
09:      1/24(  4%)     0/4(  0%)      0/4(  0%)       0/4(  0%)
10:      1/24(  4%)     0/4(  0%)      0/4(  0%)       0/4(  0%)
11:      2/24(  8%)     0/4(  0%)      0/4(  0%)       0/4(  0%)
12:      1/24(  4%)     0/4(  0%)      0/4(  0%)       0/4(  0%)
13:      0/24(  0%)     0/4(  0%)      0/4(  0%)       0/4(  0%)
14:      2/24(  8%)     0/4(  0%)      0/4(  0%)       0/4(  0%)
15:      3/24( 12%)     0/4(  0%)      0/4(  0%)       0/4(  0%)
16:      0/24(  0%)     0/4(  0%)      0/4(  0%)       0/4(  0%)
17:      0/24(  0%)     0/4(  0%)      0/4(  0%)       0/4(  0%)
18:      1/24(  4%)     0/4(  0%)      1/4( 25%)       0/4(  0%)
19:      2/24(  8%)     0/4(  0%)      0/4(  0%)       0/4(  0%)
20:      0/24(  0%)     0/4(  0%)      0/4(  0%)       0/4(  0%)
21:      0/24(  0%)     0/4(  0%)      0/4(  0%)       0/4(  0%)
22:      1/24(  4%)     0/4(  0%)      0/4(  0%)       0/4(  0%)
23:      0/24(  0%)     0/4(  0%)      0/4(  0%)       0/4(  0%)
24:      0/24(  0%)     0/4(  0%)      0/4(  0%)       0/4(  0%)
EA:      0/24(  0%)     0/4(  0%)      0/4(  0%)       0/4(  0%)


Device-Specific Information:      k:\polytekh\max+plusii\lab20\aa5_lbuffer.rpt
aa5_lbuffer

** CLOCK SIGNALS **

Type     Fan-out       Name
INPUT       24         RD
LCELL        8         |dff8ds:32|:43
LCELL        8         |dff8ds:33|:43
LCELL        8         |dff8ds:34|:43
LCELL        8         |dff8ds:35|:43
LCELL        8         |dff8ds:36|:43
LCELL        8         |dff8ds:37|:43
LCELL        8         |dff8ds:38|:43
LCELL        8         |dff8ds:39|:43


Device-Specific Information:      k:\polytekh\max+plusii\lab20\aa5_lbuffer.rpt
aa5_lbuffer

** EQUATIONS **

DATA0    : INPUT;
DATA1    : INPUT;
DATA2    : INPUT;
DATA3    : INPUT;
DATA4    : INPUT;
DATA5    : INPUT;
DATA6    : INPUT;
DATA7    : INPUT;
RD       : INPUT;
WR       : INPUT;

-- Node name is 'Q0' 
-- Equation name is 'Q0', type is output 
Q0       =  _LC1_B18;

-- Node name is 'Q1' 
-- Equation name is 'Q1', type is output 
Q1       =  _LC1_B13;

-- Node name is 'Q2' 
-- Equation name is 'Q2', type is output 
Q2       =  _LC7_B2;

-- Node name is 'Q3' 
-- Equation name is 'Q3', type is output 
Q3       =  _LC4_B2;

-- Node name is 'Q4' 
-- Equation name is 'Q4', type is output 
Q4       =  _LC1_B2;

-- Node name is 'Q5' 
-- Equation name is 'Q5', type is output 
Q5       =  _LC5_A17;

-- Node name is 'Q6' 
-- Equation name is 'Q6', type is output 
Q6       =  _LC2_B2;

-- Node name is 'Q7' 
-- Equation name is 'Q7', type is output 
Q7       =  _LC6_B13;

-- Node name is '|dff8:25|:1' = '|dff8:25|Q0' 
-- Equation name is '_LC1_B18', type is buried 
_LC1_B18 = DFFE( _LC2_B18, GLOBAL( RD),  VCC,  VCC,  VCC);

-- Node name is '|dff8:25|:2' = '|dff8:25|Q1' 
-- Equation name is '_LC1_B13', type is buried 
_LC1_B13 = DFFE( _LC3_B13, GLOBAL( RD),  VCC,  VCC,  VCC);

-- Node name is '|dff8:25|:3' = '|dff8:25|Q2' 
-- Equation name is '_LC7_B2', type is buried 
_LC7_B2  = DFFE( _LC6_B2, GLOBAL( RD),  VCC,  VCC,  VCC);

-- Node name is '|dff8:25|:4' = '|dff8:25|Q3' 
-- Equation name is '_LC4_B2', type is buried 
_LC4_B2  = DFFE( _LC5_B2, GLOBAL( RD),  VCC,  VCC,  VCC);

-- Node name is '|dff8:25|:5' = '|dff8:25|Q4' 
-- Equation name is '_LC1_B2', type is buried 
_LC1_B2  = DFFE( _LC8_B2, GLOBAL( RD),  VCC,  VCC,  VCC);

-- Node name is '|dff8:25|:6' = '|dff8:25|Q5' 
-- Equation name is '_LC5_A17', type is buried 
_LC5_A17 = DFFE( _LC1_A17, GLOBAL( RD),  VCC,  VCC,  VCC);

-- Node name is '|dff8:25|:7' = '|dff8:25|Q6' 
-- Equation name is '_LC2_B2', type is buried 
_LC2_B2  = DFFE( _LC3_B2, GLOBAL( RD),  VCC,  VCC,  VCC);

-- Node name is '|dff8:25|:8' = '|dff8:25|Q7' 
-- Equation name is '_LC6_B13', type is buried 
_LC6_B13 = DFFE( _LC2_B13, GLOBAL( RD),  VCC,  VCC,  VCC);

-- Node name is '|dff8ds:32|:26' = '|dff8ds:32|QB0' 
-- Equation name is '_LC2_B18', type is buried 
_LC2_B18 = LCELL( _LC2_B8);

-- Node name is '|dff8ds:32|:35' = '|dff8ds:32|QB1' 
-- Equation name is '_LC3_B13', type is buried 
_LC3_B13 = LCELL( _LC1_B16);

-- Node name is '|dff8ds:32|:36' = '|dff8ds:32|QB2' 
-- Equation name is '_LC6_B2', type is buried 
_LC6_B2  = LCELL( _LC2_B3);

-- Node name is '|dff8ds:32|:37' = '|dff8ds:32|QB3' 
-- Equation name is '_LC5_B2', type is buried 
_LC5_B2  = LCELL( _LC1_B3);

-- Node name is '|dff8ds:32|:41' = '|dff8ds:32|QB4' 
-- Equation name is '_LC8_B2', type is buried 
_LC8_B2  = LCELL( _LC7_B7);

-- Node name is '|dff8ds:32|:40' = '|dff8ds:32|QB5' 
-- Equation name is '_LC1_A17', type is buried 
_LC1_A17 = LCELL( _LC3_B16);

-- Node name is '|dff8ds:32|:39' = '|dff8ds:32|QB6' 
-- Equation name is '_LC3_B2', type is buried 
_LC3_B2  = LCELL( _LC3_B7);

-- Node name is '|dff8ds:32|:38' = '|dff8ds:32|QB7' 
-- Equation name is '_LC2_B13', type is buried 
_LC2_B13 = LCELL( _LC2_B16);

-- Node name is '|dff8ds:32|:1' = '|dff8ds:32|QF0' 
-- Equation name is '_LC2_B8', type is buried 
_LC2_B8  = DFFE( _EQ001,  _LC1_B8,  VCC,  VCC,  VCC);
  _EQ001 =  DATA0 & !_LC1_B24
         #  _LC1_B24 &  _LC4_B8;

-- Node name is '|dff8ds:32|:2' = '|dff8ds:32|QF1' 
-- Equation name is '_LC1_B16', type is buried 
_LC1_B16 = DFFE( _EQ002,  _LC1_B8,  VCC,  VCC,  VCC);
  _EQ002 =  DATA1 & !_LC1_B24
         #  _LC1_B24 &  _LC8_B16;

-- Node name is '|dff8ds:32|:3' = '|dff8ds:32|QF2' 
-- Equation name is '_LC2_B3', type is buried 
_LC2_B3  = DFFE( _EQ003,  _LC1_B8,  VCC,  VCC,  VCC);
  _EQ003 =  DATA2 & !_LC1_B24
         #  _LC1_B24 &  _LC6_B3;

-- Node name is '|dff8ds:32|:4' = '|dff8ds:32|QF3' 
-- Equation name is '_LC1_B3', type is buried 
_LC1_B3  = DFFE( _EQ004,  _LC1_B8,  VCC,  VCC,  VCC);
  _EQ004 =  DATA3 & !_LC1_B24
         #  _LC1_B24 &  _LC5_B3;

-- Node name is '|dff8ds:32|:5' = '|dff8ds:32|QF4' 
-- Equation name is '_LC7_B7', type is buried 
_LC7_B7  = DFFE( _EQ005,  _LC1_B8,  VCC,  VCC,  VCC);
  _EQ005 =  DATA4 & !_LC1_B24
         #  _LC1_B24 &  _LC5_B7;

-- Node name is '|dff8ds:32|:6' = '|dff8ds:32|QF5' 
-- Equation name is '_LC3_B16', type is buried 
_LC3_B16 = DFFE( _EQ006,  _LC1_B8,  VCC,  VCC,  VCC);
  _EQ006 =  DATA5 & !_LC1_B24
         #  _LC1_B24 &  _LC7_B16;

-- Node name is '|dff8ds:32|:7' = '|dff8ds:32|QF6' 
-- Equation name is '_LC3_B7', type is buried 
_LC3_B7  = DFFE( _EQ007,  _LC1_B8,  VCC,  VCC,  VCC);
  _EQ007 =  DATA6 & !_LC1_B24
         #  _LC1_B24 &  _LC4_B7;

-- Node name is '|dff8ds:32|:8' = '|dff8ds:32|QF7' 
-- Equation name is '_LC2_B16', type is buried 
_LC2_B16 = DFFE( _EQ008,  _LC1_B8,  VCC,  VCC,  VCC);
  _EQ008 =  DATA7 & !_LC1_B24
         #  _LC1_B24 &  _LC5_B16;

-- Node name is '|dff8ds:32|rs:17|:7' = '|dff8ds:32|rs:17|T' 
-- Equation name is '_LC1_B24', type is buried 
!_LC1_B24 = _LC1_B24~NOT;
_LC1_B24~NOT = LCELL( _EQ009);
  _EQ009 = !_LC1_B24 & !RD
         # !RD &  WR;

-- Node name is '|dff8ds:32|:42' 
-- Equation name is '_LC3_B8', type is buried 
_LC3_B8  = LCELL( _EQ010);
  _EQ010 =  RD
         #  WR;

-- Node name is '|dff8ds:32|:43' 
-- Equation name is '_LC1_B8', type is buried 
_LC1_B8  = LCELL( _LC3_B8);

-- Node name is '|dff8ds:33|:26' = '|dff8ds:33|QB0' 
-- Equation name is '_LC4_B8', type is buried 
_LC4_B8  = LCELL( _LC5_B8);

-- Node name is '|dff8ds:33|:35' = '|dff8ds:33|QB1' 
-- Equation name is '_LC8_B16', type is buried 
_LC8_B16 = LCELL( _LC2_B23);

-- Node name is '|dff8ds:33|:36' = '|dff8ds:33|QB2' 
-- Equation name is '_LC6_B3', type is buried 
_LC6_B3  = LCELL( _LC3_B3);

-- Node name is '|dff8ds:33|:37' = '|dff8ds:33|QB3' 
-- Equation name is '_LC5_B3', type is buried 
_LC5_B3  = LCELL( _LC4_B3);

-- Node name is '|dff8ds:33|:41' = '|dff8ds:33|QB4' 
-- Equation name is '_LC5_B7', type is buried 
_LC5_B7  = LCELL( _LC6_B7);

-- Node name is '|dff8ds:33|:40' = '|dff8ds:33|QB5' 
-- Equation name is '_LC7_B16', type is buried 
_LC7_B16 = LCELL( _LC1_B19);

-- Node name is '|dff8ds:33|:39' = '|dff8ds:33|QB6' 
-- Equation name is '_LC4_B7', type is buried 
_LC4_B7  = LCELL( _LC2_B7);

-- Node name is '|dff8ds:33|:38' = '|dff8ds:33|QB7' 
-- Equation name is '_LC5_B16', type is buried 
_LC5_B16 = LCELL( _LC4_B16);

-- Node name is '|dff8ds:33|:1' = '|dff8ds:33|QF0' 
-- Equation name is '_LC5_B8', type is buried 
_LC5_B8  = DFFE( _EQ011,  _LC1_B23,  VCC,  VCC,  VCC);
  _EQ011 = !_LC1_B22 &  _LC2_B8
         #  _LC1_B22 &  _LC6_B8;

-- Node name is '|dff8ds:33|:2' = '|dff8ds:33|QF1' 
-- Equation name is '_LC2_B23', type is buried 
_LC2_B23 = DFFE( _EQ012,  _LC1_B23,  VCC,  VCC,  VCC);
  _EQ012 =  _LC1_B16 & !_LC1_B22
         #  _LC1_B22 &  _LC4_B23;

-- Node name is '|dff8ds:33|:3' = '|dff8ds:33|QF2' 
-- Equation name is '_LC3_B3', type is buried 
_LC3_B3  = DFFE( _EQ013,  _LC1_B23,  VCC,  VCC,  VCC);
  _EQ013 = !_LC1_B22 &  _LC2_B3
         #  _LC1_B22 &  _LC3_A11;

-- Node name is '|dff8ds:33|:4' = '|dff8ds:33|QF3' 
-- Equation name is '_LC4_B3', type is buried 
_LC4_B3  = DFFE( _EQ014,  _LC1_B23,  VCC,  VCC,  VCC);
  _EQ014 =  _LC1_B3 & !_LC1_B22
         #  _LC1_B22 &  _LC2_A9;

-- Node name is '|dff8ds:33|:5' = '|dff8ds:33|QF4' 
-- Equation name is '_LC6_B7', type is buried 
_LC6_B7  = DFFE( _EQ015,  _LC1_B23,  VCC,  VCC,  VCC);
  _EQ015 = !_LC1_B22 &  _LC7_B7
         #  _LC1_B22 &  _LC2_A8;

-- Node name is '|dff8ds:33|:6' = '|dff8ds:33|QF5' 
-- Equation name is '_LC1_B19', type is buried 
_LC1_B19 = DFFE( _EQ016,  _LC1_B23,  VCC,  VCC,  VCC);
  _EQ016 = !_LC1_B22 &  _LC3_B16
         #  _LC1_B22 &  _LC2_A10;

-- Node name is '|dff8ds:33|:7' = '|dff8ds:33|QF6' 
-- Equation name is '_LC2_B7', type is buried 
_LC2_B7  = DFFE( _EQ017,  _LC1_B23,  VCC,  VCC,  VCC);
  _EQ017 = !_LC1_B22 &  _LC3_B7
         #  _LC1_B7 &  _LC1_B22;

-- Node name is '|dff8ds:33|:8' = '|dff8ds:33|QF7' 
-- Equation name is '_LC4_B16', type is buried 
_LC4_B16 = DFFE( _EQ018,  _LC1_B23,  VCC,  VCC,  VCC);
  _EQ018 = !_LC1_B22 &  _LC2_B16
         #  _LC1_B22 &  _LC6_B16;

-- Node name is '|dff8ds:33|rs:17|:7' = '|dff8ds:33|rs:17|T' 
-- Equation name is '_LC1_B22', type is buried 
!_LC1_B22 = _LC1_B22~NOT;
_LC1_B22~NOT = LCELL( _EQ019);
  _EQ019 = !RD &  WR
         # !_LC1_B22 & !RD;

-- Node name is '|dff8ds:33|:42' 
-- Equation name is '_LC3_B23', type is buried 
_LC3_B23 = LCELL( _EQ020);
  _EQ020 =  RD
         #  WR;

-- Node name is '|dff8ds:33|:43' 
-- Equation name is '_LC1_B23', type is buried 
_LC1_B23 = LCELL( _LC3_B23);

-- Node name is '|dff8ds:34|:26' = '|dff8ds:34|QB0' 
-- Equation name is '_LC6_B8', type is buried 
_LC6_B8  = LCELL( _LC1_B1);

-- Node name is '|dff8ds:34|:35' = '|dff8ds:34|QB1' 
-- Equation name is '_LC4_B23', type is buried 
_LC4_B23 = LCELL( _LC2_B1);

-- Node name is '|dff8ds:34|:36' = '|dff8ds:34|QB2' 
-- Equation name is '_LC3_A11', type is buried 
_LC3_A11 = LCELL( _LC1_A4);

-- Node name is '|dff8ds:34|:37' = '|dff8ds:34|QB3' 
-- Equation name is '_LC2_A9', type is buried 
_LC2_A9  = LCELL( _LC1_A9);

-- Node name is '|dff8ds:34|:41' = '|dff8ds:34|QB4' 
-- Equation name is '_LC2_A8', type is buried 
_LC2_A8  = LCELL( _LC4_A8);

-- Node name is '|dff8ds:34|:40' = '|dff8ds:34|QB5' 
-- Equation name is '_LC2_A10', type is buried 
_LC2_A10 = LCELL( _LC3_A10);

-- Node name is '|dff8ds:34|:39' = '|dff8ds:34|QB6' 
-- Equation name is '_LC1_B7', type is buried 
_LC1_B7  = LCELL( _LC5_B1);

-- Node name is '|dff8ds:34|:38' = '|dff8ds:34|QB7' 
-- Equation name is '_LC6_B16', type is buried 
_LC6_B16 = LCELL( _LC3_B1);

-- Node name is '|dff8ds:34|:1' = '|dff8ds:34|QF0' 
-- Equation name is '_LC1_B1', type is buried 
_LC1_B1  = DFFE( _EQ021,  _LC6_B1,  VCC,  VCC,  VCC);
  _EQ021 = !_LC4_B1 &  _LC5_B8
         #  _LC4_B1 &  _LC4_C5;

-- Node name is '|dff8ds:34|:2' = '|dff8ds:34|QF1' 
-- Equation name is '_LC2_B1', type is buried 
_LC2_B1  = DFFE( _EQ022,  _LC6_B1,  VCC,  VCC,  VCC);
  _EQ022 =  _LC2_B23 & !_LC4_B1
         #  _LC2_C6 &  _LC4_B1;

-- Node name is '|dff8ds:34|:3' = '|dff8ds:34|QF2' 
-- Equation name is '_LC1_A4', type is buried 
_LC1_A4  = DFFE( _EQ023,  _LC6_B1,  VCC,  VCC,  VCC);
  _EQ023 =  _LC3_B3 & !_LC4_B1
         #  _LC3_A12 &  _LC4_B1;

-- Node name is '|dff8ds:34|:4' = '|dff8ds:34|QF3' 
-- Equation name is '_LC1_A9', type is buried 
_LC1_A9  = DFFE( _EQ024,  _LC6_B1,  VCC,  VCC,  VCC);
  _EQ024 = !_LC4_B1 &  _LC4_B3
         #  _LC3_A9 &  _LC4_B1;

-- Node name is '|dff8ds:34|:5' = '|dff8ds:34|QF4' 
-- Equation name is '_LC4_A8', type is buried 
_LC4_A8  = DFFE( _EQ025,  _LC6_B1,  VCC,  VCC,  VCC);
  _EQ025 = !_LC4_B1 &  _LC6_B7
         #  _LC4_B1 &  _LC5_A8;

-- Node name is '|dff8ds:34|:6' = '|dff8ds:34|QF5' 
-- Equation name is '_LC3_A10', type is buried 
_LC3_A10 = DFFE( _EQ026,  _LC6_B1,  VCC,  VCC,  VCC);
  _EQ026 =  _LC1_B19 & !_LC4_B1
         #  _LC4_A10 &  _LC4_B1;

-- Node name is '|dff8ds:34|:7' = '|dff8ds:34|QF6' 
-- Equation name is '_LC5_B1', type is buried 
_LC5_B1  = DFFE( _EQ027,  _LC6_B1,  VCC,  VCC,  VCC);
  _EQ027 =  _LC2_B7 & !_LC4_B1
         #  _LC1_C5 &  _LC4_B1;

-- Node name is '|dff8ds:34|:8' = '|dff8ds:34|QF7' 
-- Equation name is '_LC3_B1', type is buried 
_LC3_B1  = DFFE( _EQ028,  _LC6_B1,  VCC,  VCC,  VCC);
  _EQ028 = !_LC4_B1 &  _LC4_B16
         #  _LC1_C6 &  _LC4_B1;

-- Node name is '|dff8ds:34|rs:17|:7' = '|dff8ds:34|rs:17|T' 
-- Equation name is '_LC4_B1', type is buried 
!_LC4_B1 = _LC4_B1~NOT;
_LC4_B1~NOT = LCELL( _EQ029);
  _EQ029 = !RD &  WR
         # !_LC4_B1 & !RD;

-- Node name is '|dff8ds:34|:42' 
-- Equation name is '_LC7_B1', type is buried 
_LC7_B1  = LCELL( _EQ030);
  _EQ030 =  RD
         #  WR;

-- Node name is '|dff8ds:34|:43' 
-- Equation name is '_LC6_B1', type is buried 
_LC6_B1  = LCELL( _LC7_B1);

-- Node name is '|dff8ds:35|:26' = '|dff8ds:35|QB0' 
-- Equation name is '_LC4_C5', type is buried 
_LC4_C5  = LCELL( _LC7_C5);

-- Node name is '|dff8ds:35|:35' = '|dff8ds:35|QB1' 
-- Equation name is '_LC2_C6', type is buried 
_LC2_C6  = LCELL( _LC7_C6);

-- Node name is '|dff8ds:35|:36' = '|dff8ds:35|QB2' 
-- Equation name is '_LC3_A12', type is buried 
_LC3_A12 = LCELL( _LC6_A12);

-- Node name is '|dff8ds:35|:37' = '|dff8ds:35|QB3' 
-- Equation name is '_LC3_A9', type is buried 
_LC3_A9  = LCELL( _LC1_A12);

-- Node name is '|dff8ds:35|:41' = '|dff8ds:35|QB4' 
-- Equation name is '_LC5_A8', type is buried 
_LC5_A8  = LCELL( _LC1_A8);

-- Node name is '|dff8ds:35|:40' = '|dff8ds:35|QB5' 
-- Equation name is '_LC4_A10', type is buried 
_LC4_A10 = LCELL( _LC5_A10);

-- Node name is '|dff8ds:35|:39' = '|dff8ds:35|QB6' 
-- Equation name is '_LC1_C5', type is buried 
_LC1_C5  = LCELL( _LC8_C5);

-- Node name is '|dff8ds:35|:38' = '|dff8ds:35|QB7' 
-- Equation name is '_LC1_C6', type is buried 
_LC1_C6  = LCELL( _LC8_C6);

-- Node name is '|dff8ds:35|:1' = '|dff8ds:35|QF0' 
-- Equation name is '_LC7_C5', type is buried 
_LC7_C5  = DFFE( _EQ031,  _LC2_C4,  VCC,  VCC,  VCC);
  _EQ031 =  _LC1_B1 & !_LC1_C11
         #  _LC1_C11 &  _LC2_C5;

-- Node name is '|dff8ds:35|:2' = '|dff8ds:35|QF1' 
-- Equation name is '_LC7_C6', type is buried 
_LC7_C6  = DFFE( _EQ032,  _LC2_C4,  VCC,  VCC,  VCC);
  _EQ032 = !_LC1_C11 &  _LC2_B1
         #  _LC1_C11 &  _LC3_C6;

-- Node name is '|dff8ds:35|:3' = '|dff8ds:35|QF2' 
-- Equation name is '_LC6_A12', type is buried 
_LC6_A12 = DFFE( _EQ033,  _LC2_C4,  VCC,  VCC,  VCC);
  _EQ033 =  _LC1_A4 & !_LC1_C11
         #  _LC1_C11 &  _LC2_A12;

-- Node name is '|dff8ds:35|:4' = '|dff8ds:35|QF3' 
-- Equation name is '_LC1_A12', type is buried 
_LC1_A12 = DFFE( _EQ034,  _LC2_C4,  VCC,  VCC,  VCC);
  _EQ034 =  _LC1_A9 & !_LC1_C11
         #  _LC1_C11 &  _LC5_A12;

-- Node name is '|dff8ds:35|:5' = '|dff8ds:35|QF4' 
-- Equation name is '_LC1_A8', type is buried 
_LC1_A8  = DFFE( _EQ035,  _LC2_C4,  VCC,  VCC,  VCC);
  _EQ035 = !_LC1_C11 &  _LC4_A8
         #  _LC1_C11 &  _LC3_A8;

-- Node name is '|dff8ds:35|:6' = '|dff8ds:35|QF5' 
-- Equation name is '_LC5_A10', type is buried 
_LC5_A10 = DFFE( _EQ036,  _LC2_C4,  VCC,  VCC,  VCC);
  _EQ036 = !_LC1_C11 &  _LC3_A10
         #  _LC1_A10 &  _LC1_C11;

-- Node name is '|dff8ds:35|:7' = '|dff8ds:35|QF6' 
-- Equation name is '_LC8_C5', type is buried 
_LC8_C5  = DFFE( _EQ037,  _LC2_C4,  VCC,  VCC,  VCC);
  _EQ037 = !_LC1_C11 &  _LC5_B1
         #  _LC1_C11 &  _LC6_C5;

-- Node name is '|dff8ds:35|:8' = '|dff8ds:35|QF7' 
-- Equation name is '_LC8_C6', type is buried 
_LC8_C6  = DFFE( _EQ038,  _LC2_C4,  VCC,  VCC,  VCC);
  _EQ038 = !_LC1_C11 &  _LC3_B1
         #  _LC1_C11 &  _LC6_C6;

-- Node name is '|dff8ds:35|rs:17|:7' = '|dff8ds:35|rs:17|T' 
-- Equation name is '_LC1_C11', type is buried 
!_LC1_C11 = _LC1_C11~NOT;
_LC1_C11~NOT = LCELL( _EQ039);
  _EQ039 = !RD &  WR
         # !_LC1_C11 & !RD;

-- Node name is '|dff8ds:35|:42' 
-- Equation name is '_LC4_C4', type is buried 
_LC4_C4  = LCELL( _EQ040);
  _EQ040 =  RD
         #  WR;

-- Node name is '|dff8ds:35|:43' 
-- Equation name is '_LC2_C4', type is buried 
_LC2_C4  = LCELL( _LC4_C4);

-- Node name is '|dff8ds:36|:26' = '|dff8ds:36|QB0' 
-- Equation name is '_LC4_C23', type is buried 
_LC4_C23 = LCELL( _LC1_C18);

-- Node name is '|dff8ds:36|:35' = '|dff8ds:36|QB1' 
-- Equation name is '_LC5_C19', type is buried 
_LC5_C19 = LCELL( _LC2_C22);

-- Node name is '|dff8ds:36|:36' = '|dff8ds:36|QB2' 
-- Equation name is '_LC7_A24', type is buried 
_LC7_A24 = LCELL( _LC5_A24);

-- Node name is '|dff8ds:36|:37' = '|dff8ds:36|QB3' 
-- Equation name is '_LC5_A18', type is buried 
_LC5_A18 = LCELL( _LC8_A22);

-- Node name is '|dff8ds:36|:41' = '|dff8ds:36|QB4' 
-- Equation name is '_LC5_A23', type is buried 
_LC5_A23 = LCELL( _LC2_A22);

-- Node name is '|dff8ds:36|:40' = '|dff8ds:36|QB5' 
-- Equation name is '_LC8_A24', type is buried 
_LC8_A24 = LCELL( _LC6_A24);

-- Node name is '|dff8ds:36|:39' = '|dff8ds:36|QB6' 
-- Equation name is '_LC5_C17', type is buried 
_LC5_C17 = LCELL( _LC6_C22);

-- Node name is '|dff8ds:36|:38' = '|dff8ds:36|QB7' 
-- Equation name is '_LC4_C24', type is buried 
_LC4_C24 = LCELL( _LC4_C22);

-- Node name is '|dff8ds:36|:1' = '|dff8ds:36|QF0' 
-- Equation name is '_LC1_C18', type is buried 
_LC1_C18 = DFFE( _EQ041,  _LC2_C15,  VCC,  VCC,  VCC);
  _EQ041 = !_LC1_C20 &  _LC1_C23
         #  _LC1_C18 &  _LC1_C20;

-- Node name is '|dff8ds:36|:2' = '|dff8ds:36|QF1' 
-- Equation name is '_LC2_C22', type is buried 
_LC2_C22 = DFFE( _EQ042,  _LC2_C15,  VCC,  VCC,  VCC);
  _EQ042 = !_LC1_C20 &  _LC4_C19
         #  _LC1_C20 &  _LC2_C22;

-- Node name is '|dff8ds:36|:3' = '|dff8ds:36|QF2' 
-- Equation name is '_LC5_A24', type is buried 
_LC5_A24 = DFFE( _EQ043,  _LC2_C15,  VCC,  VCC,  VCC);
  _EQ043 = !_LC1_C20 &  _LC4_A24
         #  _LC1_C20 &  _LC5_A24;

-- Node name is '|dff8ds:36|:4' = '|dff8ds:36|QF3' 
-- Equation name is '_LC8_A22', type is buried 
_LC8_A22 = DFFE( _EQ044,  _LC2_C15,  VCC,  VCC,  VCC);
  _EQ044 = !_LC1_C20 &  _LC2_A18
         #  _LC1_C20 &  _LC8_A22;

-- Node name is '|dff8ds:36|:5' = '|dff8ds:36|QF4' 
-- Equation name is '_LC2_A22', type is buried 
_LC2_A22 = DFFE( _EQ045,  _LC2_C15,  VCC,  VCC,  VCC);
  _EQ045 = !_LC1_C20 &  _LC2_A23
         #  _LC1_C20 &  _LC2_A22;

-- Node name is '|dff8ds:36|:6' = '|dff8ds:36|QF5' 
-- Equation name is '_LC6_A24', type is buried 
_LC6_A24 = DFFE( _EQ046,  _LC2_C15,  VCC,  VCC,  VCC);
  _EQ046 = !_LC1_C20 &  _LC3_A24
         #  _LC1_C20 &  _LC6_A24;

-- Node name is '|dff8ds:36|:7' = '|dff8ds:36|QF6' 
-- Equation name is '_LC6_C22', type is buried 
_LC6_C22 = DFFE( _EQ047,  _LC2_C15,  VCC,  VCC,  VCC);
  _EQ047 = !_LC1_C20 &  _LC2_C17
         #  _LC1_C20 &  _LC6_C22;

-- Node name is '|dff8ds:36|:8' = '|dff8ds:36|QF7' 
-- Equation name is '_LC4_C22', type is buried 
_LC4_C22 = DFFE( _EQ048,  _LC2_C15,  VCC,  VCC,  VCC);
  _EQ048 = !_LC1_C20 &  _LC1_C24
         #  _LC1_C20 &  _LC4_C22;

-- Node name is '|dff8ds:36|rs:17|:7' = '|dff8ds:36|rs:17|T' 
-- Equation name is '_LC1_C20', type is buried 
!_LC1_C20 = _LC1_C20~NOT;
_LC1_C20~NOT = LCELL( _EQ049);
  _EQ049 = !RD &  WR
         # !_LC1_C20 & !RD;

-- Node name is '|dff8ds:36|:42' 
-- Equation name is '_LC4_C15', type is buried 
_LC4_C15 = LCELL( _EQ050);
  _EQ050 =  RD
         #  WR;

-- Node name is '|dff8ds:36|:43' 
-- Equation name is '_LC2_C15', type is buried 
_LC2_C15 = LCELL( _LC4_C15);

-- Node name is '|dff8ds:37|:26' = '|dff8ds:37|QB0' 
-- Equation name is '_LC3_C23', type is buried 
_LC3_C23 = LCELL( _LC1_C23);

-- Node name is '|dff8ds:37|:35' = '|dff8ds:37|QB1' 
-- Equation name is '_LC3_C19', type is buried 
_LC3_C19 = LCELL( _LC4_C19);

-- Node name is '|dff8ds:37|:36' = '|dff8ds:37|QB2' 
-- Equation name is '_LC2_A24', type is buried 
_LC2_A24 = LCELL( _LC4_A24);

-- Node name is '|dff8ds:37|:37' = '|dff8ds:37|QB3' 
-- Equation name is '_LC4_A18', type is buried 
_LC4_A18 = LCELL( _LC2_A18);

-- Node name is '|dff8ds:37|:41' = '|dff8ds:37|QB4' 
-- Equation name is '_LC4_A23', type is buried 
_LC4_A23 = LCELL( _LC2_A23);

-- Node name is '|dff8ds:37|:40' = '|dff8ds:37|QB5' 
-- Equation name is '_LC1_A24', type is buried 
_LC1_A24 = LCELL( _LC3_A24);

-- Node name is '|dff8ds:37|:39' = '|dff8ds:37|QB6' 
-- Equation name is '_LC4_C17', type is buried 
_LC4_C17 = LCELL( _LC2_C17);

-- Node name is '|dff8ds:37|:38' = '|dff8ds:37|QB7' 
-- Equation name is '_LC3_C24', type is buried 
_LC3_C24 = LCELL( _LC1_C24);

-- Node name is '|dff8ds:37|:1' = '|dff8ds:37|QF0' 
-- Equation name is '_LC1_C23', type is buried 
_LC1_C23 = DFFE( _EQ051,  _LC2_C14,  VCC,  VCC,  VCC);
  _EQ051 = !_LC1_C21 &  _LC2_C23
         #  _LC1_C21 &  _LC4_C23;

-- Node name is '|dff8ds:37|:2' = '|dff8ds:37|QF1' 
-- Equation name is '_LC4_C19', type is buried 
_LC4_C19 = DFFE( _EQ052,  _LC2_C14,  VCC,  VCC,  VCC);
  _EQ052 = !_LC1_C21 &  _LC2_C19
         #  _LC1_C21 &  _LC5_C19;

-- Node name is '|dff8ds:37|:3' = '|dff8ds:37|QF2' 
-- Equation name is '_LC4_A24', type is buried 
_LC4_A24 = DFFE( _EQ053,  _LC2_C14,  VCC,  VCC,  VCC);
  _EQ053 = !_LC1_C21 &  _LC3_A20
         #  _LC1_C21 &  _LC7_A24;

-- Node name is '|dff8ds:37|:4' = '|dff8ds:37|QF3' 
-- Equation name is '_LC2_A18', type is buried 
_LC2_A18 = DFFE( _EQ054,  _LC2_C14,  VCC,  VCC,  VCC);
  _EQ054 = !_LC1_C21 &  _LC3_A18
         #  _LC1_C21 &  _LC5_A18;

-- Node name is '|dff8ds:37|:5' = '|dff8ds:37|QF4' 
-- Equation name is '_LC2_A23', type is buried 
_LC2_A23 = DFFE( _EQ055,  _LC2_C14,  VCC,  VCC,  VCC);
  _EQ055 = !_LC1_C21 &  _LC3_A23
         #  _LC1_C21 &  _LC5_A23;

-- Node name is '|dff8ds:37|:6' = '|dff8ds:37|QF5' 
-- Equation name is '_LC3_A24', type is buried 
_LC3_A24 = DFFE( _EQ056,  _LC2_C14,  VCC,  VCC,  VCC);
  _EQ056 = !_LC1_C21 &  _LC4_A19
         #  _LC1_C21 &  _LC8_A24;

-- Node name is '|dff8ds:37|:7' = '|dff8ds:37|QF6' 
-- Equation name is '_LC2_C17', type is buried 
_LC2_C17 = DFFE( _EQ057,  _LC2_C14,  VCC,  VCC,  VCC);
  _EQ057 =  _LC1_C17 & !_LC1_C21
         #  _LC1_C21 &  _LC5_C17;

-- Node name is '|dff8ds:37|:8' = '|dff8ds:37|QF7' 
-- Equation name is '_LC1_C24', type is buried 
_LC1_C24 = DFFE( _EQ058,  _LC2_C14,  VCC,  VCC,  VCC);
  _EQ058 = !_LC1_C21 &  _LC2_C24
         #  _LC1_C21 &  _LC4_C24;

-- Node name is '|dff8ds:37|rs:17|:7' = '|dff8ds:37|rs:17|T' 
-- Equation name is '_LC1_C21', type is buried 
!_LC1_C21 = _LC1_C21~NOT;
_LC1_C21~NOT = LCELL( _EQ059);
  _EQ059 = !RD &  WR
         # !_LC1_C21 & !RD;

-- Node name is '|dff8ds:37|:42' 
-- Equation name is '_LC3_C14', type is buried 
_LC3_C14 = LCELL( _EQ060);
  _EQ060 =  RD
         #  WR;

-- Node name is '|dff8ds:37|:43' 
-- Equation name is '_LC2_C14', type is buried 
_LC2_C14 = LCELL( _LC3_C14);

-- Node name is '|dff8ds:38|:26' = '|dff8ds:38|QB0' 
-- Equation name is '_LC6_C23', type is buried 
_LC6_C23 = LCELL( _LC2_C23);

-- Node name is '|dff8ds:38|:35' = '|dff8ds:38|QB1' 
-- Equation name is '_LC1_C19', type is buried 
_LC1_C19 = LCELL( _LC2_C19);

-- Node name is '|dff8ds:38|:36' = '|dff8ds:38|QB2' 
-- Equation name is '_LC1_A16', type is buried 
_LC1_A16 = LCELL( _LC3_A20);

-- Node name is '|dff8ds:38|:37' = '|dff8ds:38|QB3' 
-- Equation name is '_LC1_A18', type is buried 
_LC1_A18 = LCELL( _LC3_A18);

-- Node name is '|dff8ds:38|:41' = '|dff8ds:38|QB4' 
-- Equation name is '_LC1_A23', type is buried 
_LC1_A23 = LCELL( _LC3_A23);

-- Node name is '|dff8ds:38|:40' = '|dff8ds:38|QB5' 
-- Equation name is '_LC1_A21', type is buried 
_LC1_A21 = LCELL( _LC4_A19);

-- Node name is '|dff8ds:38|:39' = '|dff8ds:38|QB6' 
-- Equation name is '_LC3_C17', type is buried 
_LC3_C17 = LCELL( _LC1_C17);

-- Node name is '|dff8ds:38|:38' = '|dff8ds:38|QB7' 
-- Equation name is '_LC5_C24', type is buried 
_LC5_C24 = LCELL( _LC2_C24);

-- Node name is '|dff8ds:38|:1' = '|dff8ds:38|QF0' 
-- Equation name is '_LC2_C23', type is buried 
_LC2_C23 = DFFE( _EQ061,  _LC1_C15,  VCC,  VCC,  VCC);
  _EQ061 = !_LC1_C14 &  _LC5_C5
         #  _LC1_C14 &  _LC3_C23;

-- Node name is '|dff8ds:38|:2' = '|dff8ds:38|QF1' 
-- Equation name is '_LC2_C19', type is buried 
_LC2_C19 = DFFE( _EQ062,  _LC1_C15,  VCC,  VCC,  VCC);
  _EQ062 = !_LC1_C14 &  _LC5_C6
         #  _LC1_C14 &  _LC3_C19;

-- Node name is '|dff8ds:38|:3' = '|dff8ds:38|QF2' 
-- Equation name is '_LC3_A20', type is buried 
_LC3_A20 = DFFE( _EQ063,  _LC1_C15,  VCC,  VCC,  VCC);
  _EQ063 = !_LC1_C14 &  _LC4_A12
         #  _LC1_C14 &  _LC2_A24;

-- Node name is '|dff8ds:38|:4' = '|dff8ds:38|QF3' 
-- Equation name is '_LC3_A18', type is buried 
_LC3_A18 = DFFE( _EQ064,  _LC1_C15,  VCC,  VCC,  VCC);
  _EQ064 =  _LC1_A7 & !_LC1_C14
         #  _LC1_C14 &  _LC4_A18;

-- Node name is '|dff8ds:38|:5' = '|dff8ds:38|QF4' 
-- Equation name is '_LC3_A23', type is buried 
_LC3_A23 = DFFE( _EQ065,  _LC1_C15,  VCC,  VCC,  VCC);
  _EQ065 =  _LC1_A3 & !_LC1_C14
         #  _LC1_C14 &  _LC4_A23;

-- Node name is '|dff8ds:38|:6' = '|dff8ds:38|QF5' 
-- Equation name is '_LC4_A19', type is buried 
_LC4_A19 = DFFE( _EQ066,  _LC1_C15,  VCC,  VCC,  VCC);
  _EQ066 = !_LC1_C14 &  _LC2_A5
         #  _LC1_A24 &  _LC1_C14;

-- Node name is '|dff8ds:38|:7' = '|dff8ds:38|QF6' 
-- Equation name is '_LC1_C17', type is buried 
_LC1_C17 = DFFE( _EQ067,  _LC1_C15,  VCC,  VCC,  VCC);
  _EQ067 = !_LC1_C14 &  _LC3_C5
         #  _LC1_C14 &  _LC4_C17;

-- Node name is '|dff8ds:38|:8' = '|dff8ds:38|QF7' 
-- Equation name is '_LC2_C24', type is buried 
_LC2_C24 = DFFE( _EQ068,  _LC1_C15,  VCC,  VCC,  VCC);
  _EQ068 = !_LC1_C14 &  _LC4_C6
         #  _LC1_C14 &  _LC3_C24;

-- Node name is '|dff8ds:38|rs:17|:7' = '|dff8ds:38|rs:17|T' 
-- Equation name is '_LC1_C14', type is buried 
!_LC1_C14 = _LC1_C14~NOT;
_LC1_C14~NOT = LCELL( _EQ069);
  _EQ069 = !RD &  WR
         # !_LC1_C14 & !RD;

-- Node name is '|dff8ds:38|:42' 
-- Equation name is '_LC3_C15', type is buried 
_LC3_C15 = LCELL( _EQ070);
  _EQ070 =  RD
         #  WR;

-- Node name is '|dff8ds:38|:43' 
-- Equation name is '_LC1_C15', type is buried 
_LC1_C15 = LCELL( _LC3_C15);

-- Node name is '|dff8ds:39|:26' = '|dff8ds:39|QB0' 
-- Equation name is '_LC2_C5', type is buried 
_LC2_C5  = LCELL( _LC5_C5);

-- Node name is '|dff8ds:39|:35' = '|dff8ds:39|QB1' 
-- Equation name is '_LC3_C6', type is buried 
_LC3_C6  = LCELL( _LC5_C6);

-- Node name is '|dff8ds:39|:36' = '|dff8ds:39|QB2' 
-- Equation name is '_LC2_A12', type is buried 
_LC2_A12 = LCELL( _LC4_A12);

-- Node name is '|dff8ds:39|:37' = '|dff8ds:39|QB3' 
-- Equation name is '_LC5_A12', type is buried 
_LC5_A12 = LCELL( _LC1_A7);

-- Node name is '|dff8ds:39|:41' = '|dff8ds:39|QB4' 
-- Equation name is '_LC3_A8', type is buried 
_LC3_A8  = LCELL( _LC1_A3);

-- Node name is '|dff8ds:39|:40' = '|dff8ds:39|QB5' 
-- Equation name is '_LC1_A10', type is buried 
_LC1_A10 = LCELL( _LC2_A5);

-- Node name is '|dff8ds:39|:39' = '|dff8ds:39|QB6' 
-- Equation name is '_LC6_C5', type is buried 
_LC6_C5  = LCELL( _LC3_C5);

-- Node name is '|dff8ds:39|:38' = '|dff8ds:39|QB7' 
-- Equation name is '_LC6_C6', type is buried 
_LC6_C6  = LCELL( _LC4_C6);

-- Node name is '|dff8ds:39|:1' = '|dff8ds:39|QF0' 
-- Equation name is '_LC5_C5', type is buried 
_LC5_C5  = DFFE( _EQ071,  _LC1_C4,  VCC,  VCC,  VCC);
  _EQ071 = !_LC1_C12 &  _LC7_C5
         #  _LC1_C12 &  _LC6_C23;

-- Node name is '|dff8ds:39|:2' = '|dff8ds:39|QF1' 
-- Equation name is '_LC5_C6', type is buried 
_LC5_C6  = DFFE( _EQ072,  _LC1_C4,  VCC,  VCC,  VCC);
  _EQ072 = !_LC1_C12 &  _LC7_C6
         #  _LC1_C12 &  _LC1_C19;

-- Node name is '|dff8ds:39|:3' = '|dff8ds:39|QF2' 
-- Equation name is '_LC4_A12', type is buried 
_LC4_A12 = DFFE( _EQ073,  _LC1_C4,  VCC,  VCC,  VCC);
  _EQ073 = !_LC1_C12 &  _LC6_A12
         #  _LC1_A16 &  _LC1_C12;

-- Node name is '|dff8ds:39|:4' = '|dff8ds:39|QF3' 
-- Equation name is '_LC1_A7', type is buried 
_LC1_A7  = DFFE( _EQ074,  _LC1_C4,  VCC,  VCC,  VCC);
  _EQ074 =  _LC1_A12 & !_LC1_C12
         #  _LC1_A18 &  _LC1_C12;

-- Node name is '|dff8ds:39|:5' = '|dff8ds:39|QF4' 
-- Equation name is '_LC1_A3', type is buried 
_LC1_A3  = DFFE( _EQ075,  _LC1_C4,  VCC,  VCC,  VCC);
  _EQ075 =  _LC1_A8 & !_LC1_C12
         #  _LC1_A23 &  _LC1_C12;

-- Node name is '|dff8ds:39|:6' = '|dff8ds:39|QF5' 
-- Equation name is '_LC2_A5', type is buried 
_LC2_A5  = DFFE( _EQ076,  _LC1_C4,  VCC,  VCC,  VCC);
  _EQ076 = !_LC1_C12 &  _LC5_A10
         #  _LC1_A21 &  _LC1_C12;

-- Node name is '|dff8ds:39|:7' = '|dff8ds:39|QF6' 
-- Equation name is '_LC3_C5', type is buried 
_LC3_C5  = DFFE( _EQ077,  _LC1_C4,  VCC,  VCC,  VCC);
  _EQ077 = !_LC1_C12 &  _LC8_C5
         #  _LC1_C12 &  _LC3_C17;

-- Node name is '|dff8ds:39|:8' = '|dff8ds:39|QF7' 
-- Equation name is '_LC4_C6', type is buried 
_LC4_C6  = DFFE( _EQ078,  _LC1_C4,  VCC,  VCC,  VCC);
  _EQ078 = !_LC1_C12 &  _LC8_C6
         #  _LC1_C12 &  _LC5_C24;

-- Node name is '|dff8ds:39|rs:17|:7' = '|dff8ds:39|rs:17|T' 
-- Equation name is '_LC1_C12', type is buried 
!_LC1_C12 = _LC1_C12~NOT;
_LC1_C12~NOT = LCELL( _EQ079);
  _EQ079 = !RD &  WR
         # !_LC1_C12 & !RD;

-- Node name is '|dff8ds:39|:42' 
-- Equation name is '_LC3_C4', type is buried 
_LC3_C4  = LCELL( _EQ080);
  _EQ080 =  RD
         #  WR;

-- Node name is '|dff8ds:39|:43' 
-- Equation name is '_LC1_C4', type is buried 
_LC1_C4  = LCELL( _LC3_C4);



Project Information               k:\polytekh\max+plusii\lab20\aa5_lbuffer.rpt

** COMPILATION SETTINGS & TIMES **

Processing Menu Commands
------------------------

Design Doctor                             = off

Logic Synthesis:

   Synthesis Type Used                    = Multi-Level

   Default Synthesis Style                = NORMAL

      Logic option settings in 'NORMAL' style for 'FLEX10K' family

      CARRY_CHAIN                         = ignore
      CARRY_CHAIN_LENGTH                  = 32
      CASCADE_CHAIN                       = ignore
      CASCADE_CHAIN_LENGTH                = 2
      DECOMPOSE_GATES                     = on
      DUPLICATE_LOGIC_EXTRACTION          = on
      MINIMIZATION                        = full
      MULTI_LEVEL_FACTORING               = on
      NOT_GATE_PUSH_BACK                  = on
      REDUCE_LOGIC                        = on
      REFACTORIZATION                     = on
      REGISTER_OPTIMIZATION               = on
      RESYNTHESIZE_NETWORK                = on
      SLOW_SLEW_RATE                      = off
      SUBFACTOR_EXTRACTION                = on
      IGNORE_SOFT_BUFFERS                 = on
      USE_LPM_FOR_AHDL_OPERATORS          = off

   Other logic synthesis settings:

      Automatic Global Clock              = on
      Automatic Global Clear              = on
      Automatic Global Preset             = on
      Automatic Global Output Enable      = on
      Automatic Fast I/O                  = off
      Automatic Register Packing          = off
      Automatic Open-Drain Pins           = on
      Automatic Implement in EAB          = off
      Optimize                            = 5

Default Timing Specifications: None

Cut All Bidir Feedback Timing Paths       = on
Cut All Clear & Preset Timing Paths       = on

Ignore Timing Assignments                 = off

Functional SNF Extractor                  = off

Linked SNF Extractor                      = off
Timing SNF Extractor                      = on
Optimize Timing SNF                       = off
Generate AHDL TDO File                    = off
Fitter Settings                           = NORMAL
Smart Recompile                           = off
Total Recompile                           = off

Interfaces Menu Commands
------------------------

EDIF Netlist Writer                       = off
Verilog Netlist Writer                    = off
VHDL Netlist Writer                       = off

Compilation Times
-----------------

   Compiler Netlist Extractor             00:00:01
   Database Builder                       00:00:00
   Logic Synthesizer                      00:00:00
   Partitioner                            00:00:01
   Fitter                                 00:00:02
   Timing SNF Extractor                   00:00:01
   Assembler                              00:00:01
   --------------------------             --------
   Total Time                             00:00:06


Memory Allocated
-----------------

Peak memory allocated during compilation  = 16,276K
