Project Information                     k:\polytekh\max+plusii\lab19\comp8.rpt

MAX+plus II Compiler Report File
Version 9.01 07/30/98
Compiled: 09/19/13 21:51:08

Copyright (C) 1988-1998 Altera Corporation
Any megafunction design, and related net list (encrypted or decrypted),
support information, device programming or simulation file, and any other
associated documentation or information provided by Altera or a partner
under Altera's Megafunction Partnership Program may be used only to
program PLD devices (but not masked PLD devices) from Altera.  Any other
use of such megafunction design, net list, support information, device
programming or simulation file, or any other related documentation or
information is prohibited for any other purpose, including, but not
limited to modification, reverse engineering, de-compiling, or use with
any other silicon devices, unless such use is explicitly licensed under
a separate agreement with Altera or a megafunction partner.  Title to
the intellectual property, including patents, copyrights, trademarks,
trade secrets, or maskworks, embodied in any such megafunction design,
net list, support information, device programming or simulation file, or
any other related documentation or information provided by Altera or a
megafunction partner, remains with Altera, the megafunction partner, or
their respective licensors.  No other licenses, including any licenses
needed under any third party's intellectual property, are provided herein.



***** Project compilation was successful




** DEVICE SUMMARY **

Chip/                     Input   Output   Bidir         Shareable
POF       Device          Pins    Pins     Pins     LCs  Expanders  % Utilized

comp8     EPM7032SLC44-6   16       1        0      1       12          3  %

User Pins:                 16       1        0  



Project Information                     k:\polytekh\max+plusii\lab19\comp8.rpt

** PROJECT TIMING MESSAGES **

Warning: Timing characteristics of device EPM7032SLC44-6 are preliminary


Device-Specific Information:            k:\polytekh\max+plusii\lab19\comp8.rpt
comp8

***** Logic for device 'comp8' compiled without errors.




Device: EPM7032SLC44-6

Device Options:
    Turbo Bit                                    = ON
    Security Bit                                 = OFF
    Enable JTAG Support                        = ON
    User Code                                  = ffff

                                               
                                               
                                               
                                               
                                               
                       V  G  G  G  G  G        
              B  B  B  C  N  N  N  N  N  A  A  
              4  3  2  C  D  D  D  D  D  6  7  
            -----------------------------------_ 
          /   6  5  4  3  2  1 44 43 42 41 40   | 
    #TDI |  7                                39 | AEB 
      B5 |  8                                38 | #TDO 
      B6 |  9                                37 | RESERVED 
     GND | 10                                36 | RESERVED 
      B7 | 11                                35 | VCC 
      B1 | 12         EPM7032SLC44-6         34 | RESERVED 
    #TMS | 13                                33 | RESERVED 
      B0 | 14                                32 | #TCK 
     VCC | 15                                31 | RESERVED 
      A0 | 16                                30 | GND 
      A1 | 17                                29 | RESERVED 
         |_  18 19 20 21 22 23 24 25 26 27 28  _| 
           ------------------------------------ 
              A  A  A  A  G  V  R  R  R  R  R  
              2  3  4  5  N  C  E  E  E  E  E  
                          D  C  S  S  S  S  S  
                                E  E  E  E  E  
                                R  R  R  R  R  
                                V  V  V  V  V  
                                E  E  E  E  E  
                                D  D  D  D  D  


N.C. = Not Connected.
VCC = Dedicated power pin, which MUST be connected to VCC.
GND = Dedicated ground pin or unused dedicated input, which MUST be connected to GND.
RESERVED = Unused I/O pin, which MUST be left unconnected.

^ = Dedicated configuration pin.
+ = Reserved configuration pin, which is tri-stated during user mode.
* = Reserved configuration pin, which drives out in user mode.
PDn = Power Down pin. 
@ = Special-purpose pin. 
# = JTAG Boundary-Scan Testing/In-System Programming or Configuration Pin. The JTAG inputs (TMS, TCK, TDI) should be tied to VCC when not in use.
& = JTAG pin used for I/O. When used as user I/O, JTAG pins must be kept stable before and during configuration.  JTAG pin stability prevents accidental loading of JTAG instructions.


Device-Specific Information:            k:\polytekh\max+plusii\lab19\comp8.rpt
comp8

** RESOURCE USAGE **

                                                Shareable     External
Logic Array Block     Logic Cells   I/O Pins    Expanders   Interconnect

A:     LC1 - LC16     0/16(  0%)  16/16(100%)   0/16(  0%)   0/36(  0%) 
B:    LC17 - LC32     1/16(  6%)   5/16( 31%)  13/16( 81%)  16/36( 44%) 


Total dedicated input pins used:                 0/4      (  0%)
Total I/O pins used:                            21/32     ( 65%)
Total logic cells used:                          1/32     (  3%)
Total shareable expanders used:                 12/32     ( 37%)
Total Turbo logic cells used:                    1/32     (  3%)
Total shareable expanders not available (n/a):   1/32     (  3%)
Average fan-in:                                  16.00
Total fan-in:                                    16

Total input pins required:                      16
Total fast input logic cells required:           0
Total output pins required:                      1
Total bidirectional pins required:               0
Total reserved pins required                     4
Total logic cells required:                      1
Total flipflops required:                        0
Total product terms required:                   17
Total logic cells lending parallel expanders:    0
Total shareable expanders in database:          12

Synthesized logic cells:                         0/  32   (  0%)



Device-Specific Information:            k:\polytekh\max+plusii\lab19\comp8.rpt
comp8

** INPUTS **

                                         Shareable
                                         Expanders     Fan-In    Fan-Out
 Pin     LC  LAB  Primitive    Code   Total Shared n/a INP  FBK  OUT  FBK  Name
  16   (11)  (A)      INPUT               0      0   0    0    0    1    0  A0
  17   (12)  (A)      INPUT               0      0   0    0    0    1    0  A1
  18   (13)  (A)      INPUT               0      0   0    0    0    1    0  A2
  19   (14)  (A)      INPUT               0      0   0    0    0    1    0  A3
  20   (15)  (A)      INPUT               0      0   0    0    0    1    0  A4
  21   (16)  (A)      INPUT               0      0   0    0    0    1    0  A5
  41   (17)  (B)      INPUT               0      0   0    0    0    1    0  A6
  40   (18)  (B)      INPUT               0      0   0    0    0    1    0  A7
  14   (10)  (A)      INPUT               0      0   0    0    0    1    0  B0
  12    (8)  (A)      INPUT               0      0   0    0    0    1    0  B1
   4    (1)  (A)      INPUT               0      0   0    0    0    1    0  B2
   5    (2)  (A)      INPUT               0      0   0    0    0    1    0  B3
   6    (3)  (A)      INPUT               0      0   0    0    0    1    0  B4
   8    (5)  (A)      INPUT               0      0   0    0    0    1    0  B5
   9    (6)  (A)      INPUT               0      0   0    0    0    1    0  B6
  11    (7)  (A)      INPUT               0      0   0    0    0    1    0  B7


Code:

s = Synthesized pin or logic cell
t = Turbo logic cell
+ = Synchronous flipflop
/ = Slow slew-rate output
! = NOT gate push-back
r = Fitter-inserted logic cell


Device-Specific Information:            k:\polytekh\max+plusii\lab19\comp8.rpt
comp8

** OUTPUTS **

                                         Shareable
                                         Expanders     Fan-In    Fan-Out
 Pin     LC  LAB  Primitive    Code   Total Shared n/a INP  FBK  OUT  FBK  Name
  39     19    B     OUTPUT      t       13      0   1   16    0    0    0  AEB


Code:

s = Synthesized pin or logic cell
t = Turbo logic cell
+ = Synchronous flipflop
/ = Slow slew-rate output
! = NOT gate push-back
r = Fitter-inserted logic cell


Device-Specific Information:            k:\polytekh\max+plusii\lab19\comp8.rpt
comp8

** LOGIC CELL INTERCONNECTIONS **

Logic Array Block 'B':

           Logic cells placed in LAB 'B'
        +- LC19 AEB
        | 
        |   Other LABs fed by signals
        |   that feed LAB 'B'
LC      | | A B |     Logic cells that feed LAB 'B':

Pin
16   -> * | - * | <-- A0
17   -> * | - * | <-- A1
18   -> * | - * | <-- A2
19   -> * | - * | <-- A3
20   -> * | - * | <-- A4
21   -> * | - * | <-- A5
41   -> * | - * | <-- A6
40   -> * | - * | <-- A7
14   -> * | - * | <-- B0
12   -> * | - * | <-- B1
4    -> * | - * | <-- B2
5    -> * | - * | <-- B3
6    -> * | - * | <-- B4
8    -> * | - * | <-- B5
9    -> * | - * | <-- B6
11   -> * | - * | <-- B7


* = The logic cell or pin is an input to the logic cell (or LAB) through the PIA.
- = The logic cell or pin is not an input to the logic cell (or LAB).


Device-Specific Information:            k:\polytekh\max+plusii\lab19\comp8.rpt
comp8

** EQUATIONS **

A0       : INPUT;
A1       : INPUT;
A2       : INPUT;
A3       : INPUT;
A4       : INPUT;
A5       : INPUT;
A6       : INPUT;
A7       : INPUT;
B0       : INPUT;
B1       : INPUT;
B2       : INPUT;
B3       : INPUT;
B4       : INPUT;
B5       : INPUT;
B6       : INPUT;
B7       : INPUT;

-- Node name is 'AEB' 
-- Equation name is 'AEB', location is LC019, type is output.
 AEB     = LCELL( _EQ001 $  _EQ002);
  _EQ001 =  A0 & !B0 &  _X001 &  _X002 &  _X003 &  _X004 &  _X005 &  _X006 & 
              _X007 &  _X008 &  _X009 &  _X010 &  _X011 &  _X012
         # !A0 &  B0 &  _X001 &  _X002 &  _X003 &  _X004 &  _X005 &  _X006 & 
              _X007 &  _X008 &  _X009 &  _X010 &  _X011 &  _X012
         #  A1 & !B1 &  _X001 &  _X002 &  _X003 &  _X004 &  _X005 &  _X006 & 
              _X007 &  _X008 &  _X009 &  _X010 &  _X011 &  _X012
         # !A1 &  B1 &  _X001 &  _X002 &  _X003 &  _X004 &  _X005 &  _X006 & 
              _X007 &  _X008 &  _X009 &  _X010 &  _X011 &  _X012;
  _X001  = EXP( A2 & !B2);
  _X002  = EXP( A5 & !B5);
  _X003  = EXP(!A2 &  B2);
  _X004  = EXP( A3 & !B3);
  _X005  = EXP(!A7 &  B7);
  _X006  = EXP( A7 & !B7);
  _X007  = EXP(!A6 &  B6);
  _X008  = EXP( A6 & !B6);
  _X009  = EXP(!A5 &  B5);
  _X010  = EXP(!A3 &  B3);
  _X011  = EXP(!A4 &  B4);
  _X012  = EXP( A4 & !B4);
  _EQ002 =  _X001 &  _X002 &  _X003 &  _X004 &  _X005 &  _X006 &  _X007 & 
              _X008 &  _X009 &  _X010 &  _X011 &  _X012;
  _X001  = EXP( A2 & !B2);
  _X002  = EXP( A5 & !B5);
  _X003  = EXP(!A2 &  B2);
  _X004  = EXP( A3 & !B3);
  _X005  = EXP(!A7 &  B7);
  _X006  = EXP( A7 & !B7);
  _X007  = EXP(!A6 &  B6);
  _X008  = EXP( A6 & !B6);
  _X009  = EXP(!A5 &  B5);
  _X010  = EXP(!A3 &  B3);
  _X011  = EXP(!A4 &  B4);
  _X012  = EXP( A4 & !B4);



--     Shareable expanders that are duplicated in multiple LABs:
--     (none)




Project Information                     k:\polytekh\max+plusii\lab19\comp8.rpt

** COMPILATION SETTINGS & TIMES **

Processing Menu Commands
------------------------

Design Doctor                             = off

Logic Synthesis:

   Synthesis Type Used                    = Standard

   Default Synthesis Style                = NORMAL

      Logic option settings in 'NORMAL' style for 'MAX7000S' family

      DECOMPOSE_GATES                     = on
      DUPLICATE_LOGIC_EXTRACTION          = on
      MINIMIZATION                        = full
      MULTI_LEVEL_FACTORING               = on
      NOT_GATE_PUSH_BACK                  = on
      PARALLEL_EXPANDERS                  = off
      REDUCE_LOGIC                        = on
      REFACTORIZATION                     = on
      REGISTER_OPTIMIZATION               = on
      RESYNTHESIZE_NETWORK                = on
      SLOW_SLEW_RATE                      = off
      SOFT_BUFFER_INSERTION               = on
      SUBFACTOR_EXTRACTION                = on
      TURBO_BIT                           = on
      XOR_SYNTHESIS                       = on
      IGNORE_SOFT_BUFFERS                 = off
      USE_LPM_FOR_AHDL_OPERATORS          = off

   Other logic synthesis settings:

      Automatic Global Clock              = on
      Automatic Global Clear              = on
      Automatic Global Preset             = on
      Automatic Global Output Enable      = on
      Automatic Fast I/O                  = off
      Automatic Register Packing          = off
      Automatic Open-Drain Pins           = on
      Automatic Implement in EAB          = off
      One-Hot State Machine Encoding      = off
      Optimize                            = 5

Default Timing Specifications: None

Cut All Bidir Feedback Timing Paths       = on
Cut All Clear & Preset Timing Paths       = on

Ignore Timing Assignments                 = off

Functional SNF Extractor                  = off

Linked SNF Extractor                      = off
Timing SNF Extractor                      = on
Optimize Timing SNF                       = off
Generate AHDL TDO File                    = off
Fitter Settings                           = NORMAL
Smart Recompile                           = off
Total Recompile                           = off

Interfaces Menu Commands
------------------------

EDIF Netlist Writer                       = off
Verilog Netlist Writer                    = off
VHDL Netlist Writer                       = off

Compilation Times
-----------------

   Compiler Netlist Extractor             00:00:00
   Database Builder                       00:00:00
   Logic Synthesizer                      00:00:00
   Partitioner                            00:00:03
   Fitter                                 00:00:00
   Timing SNF Extractor                   00:00:00
   Assembler                              00:00:00
   --------------------------             --------
   Total Time                             00:00:03


Memory Allocated
-----------------

Peak memory allocated during compilation  = 3,091K
