Project Information                      k:\polytekh\max+plusii\lab19\dff8.rpt

MAX+plus II Compiler Report File
Version 9.01 07/30/98
Compiled: 09/19/13 21:30:18

Copyright (C) 1988-1998 Altera Corporation
Any megafunction design, and related net list (encrypted or decrypted),
support information, device programming or simulation file, and any other
associated documentation or information provided by Altera or a partner
under Altera's Megafunction Partnership Program may be used only to
program PLD devices (but not masked PLD devices) from Altera.  Any other
use of such megafunction design, net list, support information, device
programming or simulation file, or any other related documentation or
information is prohibited for any other purpose, including, but not
limited to modification, reverse engineering, de-compiling, or use with
any other silicon devices, unless such use is explicitly licensed under
a separate agreement with Altera or a megafunction partner.  Title to
the intellectual property, including patents, copyrights, trademarks,
trade secrets, or maskworks, embodied in any such megafunction design,
net list, support information, device programming or simulation file, or
any other related documentation or information provided by Altera or a
megafunction partner, remains with Altera, the megafunction partner, or
their respective licensors.  No other licenses, including any licenses
needed under any third party's intellectual property, are provided herein.



***** Project compilation was successful




** DEVICE SUMMARY **

Chip/                     Input   Output   Bidir         Shareable
POF       Device          Pins    Pins     Pins     LCs  Expanders  % Utilized

dff8      EPM7032SLC44-6   9        8        0      8       0           25 %

User Pins:                 9        8        0  



Project Information                      k:\polytekh\max+plusii\lab19\dff8.rpt

** PROJECT TIMING MESSAGES **

Warning: Timing characteristics of device EPM7032SLC44-6 are preliminary


Project Information                      k:\polytekh\max+plusii\lab19\dff8.rpt

** AUTO GLOBAL SIGNALS **



INFO: Signal 'CLK' chosen for auto global Clock


Device-Specific Information:             k:\polytekh\max+plusii\lab19\dff8.rpt
dff8

***** Logic for device 'dff8' compiled without errors.




Device: EPM7032SLC44-6

Device Options:
    Turbo Bit                                    = ON
    Security Bit                                 = OFF
    Enable JTAG Support                        = ON
    User Code                                  = ffff

                                               
                                               
                                               
              D  D  D                          
              A  A  A                          
              T  T  T  V  G  G  G  C  G        
              A  A  A  C  N  N  N  L  N  Q  Q  
              5  6  7  C  D  D  D  K  D  7  6  
            -----------------------------------_ 
          /   6  5  4  3  2  1 44 43 42 41 40   | 
    #TDI |  7                                39 | Q5 
   DATA4 |  8                                38 | #TDO 
   DATA0 |  9                                37 | Q4 
     GND | 10                                36 | Q0 
   DATA1 | 11                                35 | VCC 
   DATA2 | 12         EPM7032SLC44-6         34 | Q3 
    #TMS | 13                                33 | Q2 
   DATA3 | 14                                32 | #TCK 
     VCC | 15                                31 | Q1 
RESERVED | 16                                30 | GND 
RESERVED | 17                                29 | RESERVED 
         |_  18 19 20 21 22 23 24 25 26 27 28  _| 
           ------------------------------------ 
              R  R  R  R  G  V  R  R  R  R  R  
              E  E  E  E  N  C  E  E  E  E  E  
              S  S  S  S  D  C  S  S  S  S  S  
              E  E  E  E        E  E  E  E  E  
              R  R  R  R        R  R  R  R  R  
              V  V  V  V        V  V  V  V  V  
              E  E  E  E        E  E  E  E  E  
              D  D  D  D        D  D  D  D  D  


N.C. = Not Connected.
VCC = Dedicated power pin, which MUST be connected to VCC.
GND = Dedicated ground pin or unused dedicated input, which MUST be connected to GND.
RESERVED = Unused I/O pin, which MUST be left unconnected.

^ = Dedicated configuration pin.
+ = Reserved configuration pin, which is tri-stated during user mode.
* = Reserved configuration pin, which drives out in user mode.
PDn = Power Down pin. 
@ = Special-purpose pin. 
# = JTAG Boundary-Scan Testing/In-System Programming or Configuration Pin. The JTAG inputs (TMS, TCK, TDI) should be tied to VCC when not in use.
& = JTAG pin used for I/O. When used as user I/O, JTAG pins must be kept stable before and during configuration.  JTAG pin stability prevents accidental loading of JTAG instructions.


Device-Specific Information:             k:\polytekh\max+plusii\lab19\dff8.rpt
dff8

** RESOURCE USAGE **

                                                Shareable     External
Logic Array Block     Logic Cells   I/O Pins    Expanders   Interconnect

A:     LC1 - LC16     0/16(  0%)  10/16( 62%)   0/16(  0%)   0/36(  0%) 
B:    LC17 - LC32     8/16( 50%)  10/16( 62%)   0/16(  0%)   8/36( 22%) 


Total dedicated input pins used:                 1/4      ( 25%)
Total I/O pins used:                            20/32     ( 62%)
Total logic cells used:                          8/32     ( 25%)
Total shareable expanders used:                  0/32     (  0%)
Total Turbo logic cells used:                    8/32     ( 25%)
Total shareable expanders not available (n/a):   0/32     (  0%)
Average fan-in:                                  2.00
Total fan-in:                                    16

Total input pins required:                       9
Total fast input logic cells required:           0
Total output pins required:                      8
Total bidirectional pins required:               0
Total reserved pins required                     4
Total logic cells required:                      8
Total flipflops required:                        8
Total product terms required:                    8
Total logic cells lending parallel expanders:    0
Total shareable expanders in database:           0

Synthesized logic cells:                         0/  32   (  0%)



Device-Specific Information:             k:\polytekh\max+plusii\lab19\dff8.rpt
dff8

** INPUTS **

                                         Shareable
                                         Expanders     Fan-In    Fan-Out
 Pin     LC  LAB  Primitive    Code   Total Shared n/a INP  FBK  OUT  FBK  Name
  43      -   -       INPUT  G            0      0   0    0    0    0    0  CLK
   9    (6)  (A)      INPUT               0      0   0    0    0    1    0  DATA0
  11    (7)  (A)      INPUT               0      0   0    0    0    1    0  DATA1
  12    (8)  (A)      INPUT               0      0   0    0    0    1    0  DATA2
  14   (10)  (A)      INPUT               0      0   0    0    0    1    0  DATA3
   8    (5)  (A)      INPUT               0      0   0    0    0    1    0  DATA4
   6    (3)  (A)      INPUT               0      0   0    0    0    1    0  DATA5
   5    (2)  (A)      INPUT               0      0   0    0    0    1    0  DATA6
   4    (1)  (A)      INPUT               0      0   0    0    0    1    0  DATA7


Code:

s = Synthesized pin or logic cell
t = Turbo logic cell
+ = Synchronous flipflop
/ = Slow slew-rate output
! = NOT gate push-back
r = Fitter-inserted logic cell
G = Global Source. Fan-out destinations counted here do not include destinations
that are driven using global routing resources. Refer to the Auto Global Signals,
Clock Signals, Clear Signals, Synchronous Load Signals, and Synchronous Clear Signals
Sections of this Report File for information on which signals' fan-outs are used as
Clock, Clear, Preset, Output Enable, and synchronous Load signals.


Device-Specific Information:             k:\polytekh\max+plusii\lab19\dff8.rpt
dff8

** OUTPUTS **

                                         Shareable
                                         Expanders     Fan-In    Fan-Out
 Pin     LC  LAB  Primitive    Code   Total Shared n/a INP  FBK  OUT  FBK  Name
  36     22    B         FF   +  t        0      0   0    1    0    0    0  Q0
  31     26    B         FF   +  t        0      0   0    1    0    0    0  Q1
  33     24    B         FF   +  t        0      0   0    1    0    0    0  Q2
  34     23    B         FF   +  t        0      0   0    1    0    0    0  Q3
  37     21    B         FF   +  t        0      0   0    1    0    0    0  Q4
  39     19    B         FF   +  t        0      0   0    1    0    0    0  Q5
  40     18    B         FF   +  t        0      0   0    1    0    0    0  Q6
  41     17    B         FF   +  t        0      0   0    1    0    0    0  Q7


Code:

s = Synthesized pin or logic cell
t = Turbo logic cell
+ = Synchronous flipflop
/ = Slow slew-rate output
! = NOT gate push-back
r = Fitter-inserted logic cell


Device-Specific Information:             k:\polytekh\max+plusii\lab19\dff8.rpt
dff8

** LOGIC CELL INTERCONNECTIONS **

Logic Array Block 'B':

                         Logic cells placed in LAB 'B'
        +--------------- LC22 Q0
        | +------------- LC26 Q1
        | | +----------- LC24 Q2
        | | | +--------- LC23 Q3
        | | | | +------- LC21 Q4
        | | | | | +----- LC19 Q5
        | | | | | | +--- LC18 Q6
        | | | | | | | +- LC17 Q7
        | | | | | | | | 
        | | | | | | | |   Other LABs fed by signals
        | | | | | | | |   that feed LAB 'B'
LC      | | | | | | | | | A B |     Logic cells that feed LAB 'B':

Pin
43   -> - - - - - - - - | - - | <-- CLK
9    -> * - - - - - - - | - * | <-- DATA0
11   -> - * - - - - - - | - * | <-- DATA1
12   -> - - * - - - - - | - * | <-- DATA2
14   -> - - - * - - - - | - * | <-- DATA3
8    -> - - - - * - - - | - * | <-- DATA4
6    -> - - - - - * - - | - * | <-- DATA5
5    -> - - - - - - * - | - * | <-- DATA6
4    -> - - - - - - - * | - * | <-- DATA7


* = The logic cell or pin is an input to the logic cell (or LAB) through the PIA.
- = The logic cell or pin is not an input to the logic cell (or LAB).


Device-Specific Information:             k:\polytekh\max+plusii\lab19\dff8.rpt
dff8

** EQUATIONS **

CLK      : INPUT;
DATA0    : INPUT;
DATA1    : INPUT;
DATA2    : INPUT;
DATA3    : INPUT;
DATA4    : INPUT;
DATA5    : INPUT;
DATA6    : INPUT;
DATA7    : INPUT;

-- Node name is 'Q0' = ':1' 
-- Equation name is 'Q0', type is output 
 Q0      = DFFE( DATA0 $  GND, GLOBAL( CLK),  VCC,  VCC,  VCC);

-- Node name is 'Q1' = ':2' 
-- Equation name is 'Q1', type is output 
 Q1      = DFFE( DATA1 $  GND, GLOBAL( CLK),  VCC,  VCC,  VCC);

-- Node name is 'Q2' = ':3' 
-- Equation name is 'Q2', type is output 
 Q2      = DFFE( DATA2 $  GND, GLOBAL( CLK),  VCC,  VCC,  VCC);

-- Node name is 'Q3' = ':4' 
-- Equation name is 'Q3', type is output 
 Q3      = DFFE( DATA3 $  GND, GLOBAL( CLK),  VCC,  VCC,  VCC);

-- Node name is 'Q4' = ':5' 
-- Equation name is 'Q4', type is output 
 Q4      = DFFE( DATA4 $  GND, GLOBAL( CLK),  VCC,  VCC,  VCC);

-- Node name is 'Q5' = ':6' 
-- Equation name is 'Q5', type is output 
 Q5      = DFFE( DATA5 $  GND, GLOBAL( CLK),  VCC,  VCC,  VCC);

-- Node name is 'Q6' = ':7' 
-- Equation name is 'Q6', type is output 
 Q6      = DFFE( DATA6 $  GND, GLOBAL( CLK),  VCC,  VCC,  VCC);

-- Node name is 'Q7' = ':8' 
-- Equation name is 'Q7', type is output 
 Q7      = DFFE( DATA7 $  GND, GLOBAL( CLK),  VCC,  VCC,  VCC);



--     Shareable expanders that are duplicated in multiple LABs:
--     (none)




Project Information                      k:\polytekh\max+plusii\lab19\dff8.rpt

** COMPILATION SETTINGS & TIMES **

Processing Menu Commands
------------------------

Design Doctor                             = off

Logic Synthesis:

   Synthesis Type Used                    = Standard

   Default Synthesis Style                = NORMAL

      Logic option settings in 'NORMAL' style for 'MAX7000S' family

      DECOMPOSE_GATES                     = on
      DUPLICATE_LOGIC_EXTRACTION          = on
      MINIMIZATION                        = full
      MULTI_LEVEL_FACTORING               = on
      NOT_GATE_PUSH_BACK                  = on
      PARALLEL_EXPANDERS                  = off
      REDUCE_LOGIC                        = on
      REFACTORIZATION                     = on
      REGISTER_OPTIMIZATION               = on
      RESYNTHESIZE_NETWORK                = on
      SLOW_SLEW_RATE                      = off
      SOFT_BUFFER_INSERTION               = on
      SUBFACTOR_EXTRACTION                = on
      TURBO_BIT                           = on
      XOR_SYNTHESIS                       = on
      IGNORE_SOFT_BUFFERS                 = off
      USE_LPM_FOR_AHDL_OPERATORS          = off

   Other logic synthesis settings:

      Automatic Global Clock              = on
      Automatic Global Clear              = on
      Automatic Global Preset             = on
      Automatic Global Output Enable      = on
      Automatic Fast I/O                  = off
      Automatic Register Packing          = off
      Automatic Open-Drain Pins           = on
      Automatic Implement in EAB          = off
      One-Hot State Machine Encoding      = off
      Optimize                            = 5

Default Timing Specifications: None

Cut All Bidir Feedback Timing Paths       = on
Cut All Clear & Preset Timing Paths       = on

Ignore Timing Assignments                 = off

Functional SNF Extractor                  = off

Linked SNF Extractor                      = off
Timing SNF Extractor                      = on
Optimize Timing SNF                       = off
Generate AHDL TDO File                    = off
Fitter Settings                           = NORMAL
Smart Recompile                           = off
Total Recompile                           = off

Interfaces Menu Commands
------------------------

EDIF Netlist Writer                       = off
Verilog Netlist Writer                    = off
VHDL Netlist Writer                       = off

Compilation Times
-----------------

   Compiler Netlist Extractor             00:00:00
   Database Builder                       00:00:00
   Logic Synthesizer                      00:00:00
   Partitioner                            00:00:02
   Fitter                                 00:00:01
   Timing SNF Extractor                   00:00:00
   Assembler                              00:00:00
   --------------------------             --------
   Total Time                             00:00:03


Memory Allocated
-----------------

Peak memory allocated during compilation  = 2,970K
