Timing Analyzer report for lab15_5
Thu Nov 26 00:19:05 2020
Version 5.0 Build 148 04/26/2005 SJ Full Version


---------------------
; Table of Contents ;
---------------------
  1. Legal Notice
  2. Timing Analyzer Summary
  3. Timing Analyzer Settings
  4. tpd
  5. Timing Analyzer Messages



----------------
; Legal Notice ;
----------------
Copyright (C) 1991-2005 Altera Corporation
Your use of Altera Corporation's design tools, logic functions 
and other software and tools, and its AMPP partner logic       
functions, and any output files any of the foregoing           
(including device programming or simulation files), and any    
associated documentation or information are expressly subject  
to the terms and conditions of the Altera Program License      
Subscription Agreement, Altera MegaCore Function License       
Agreement, or other applicable license agreement, including,   
without limitation, that your use is for the sole purpose of   
programming logic devices manufactured by Altera and sold by   
Altera or its authorized distributors.  Please refer to the    
applicable agreement for further details.



+-------------------------------------------------------------------------------------------------------------------------+
; Timing Analyzer Summary                                                                                                 ;
+------------------------------+-------+---------------+-------------+------+------+------------+----------+--------------+
; Type                         ; Slack ; Required Time ; Actual Time ; From ; To   ; From Clock ; To Clock ; Failed Paths ;
+------------------------------+-------+---------------+-------------+------+------+------------+----------+--------------+
; Worst-case tpd               ; N/A   ; None          ; 9.602 ns    ; X[6] ; even ;            ;          ; 0            ;
; Total number of failed paths ;       ;               ;             ;      ;      ;            ;          ; 0            ;
+------------------------------+-------+---------------+-------------+------+------+------------+----------+--------------+


+------------------------------------------------------------------------------------------------------+
; Timing Analyzer Settings                                                                             ;
+-------------------------------------------------------+--------------------+------+----+-------------+
; Option                                                ; Setting            ; From ; To ; Entity Name ;
+-------------------------------------------------------+--------------------+------+----+-------------+
; Device Name                                           ; EP1S10F484C5       ;      ;    ;             ;
; Timing Models                                         ; Final              ;      ;    ;             ;
; Number of source nodes to report per destination node ; 10                 ;      ;    ;             ;
; Number of destination nodes to report                 ; 10                 ;      ;    ;             ;
; Number of paths to report                             ; 200                ;      ;    ;             ;
; Report Minimum Timing Checks                          ; Off                ;      ;    ;             ;
; Use Fast Timing Models                                ; Off                ;      ;    ;             ;
; Report IO Paths Separately                            ; Off                ;      ;    ;             ;
; Default hold multicycle                               ; Same as Multicycle ;      ;    ;             ;
; Cut paths between unrelated clock domains             ; On                 ;      ;    ;             ;
; Cut off read during write signal paths                ; On                 ;      ;    ;             ;
; Cut off feedback from I/O pins                        ; On                 ;      ;    ;             ;
; Report Combined Fast/Slow Timing                      ; Off                ;      ;    ;             ;
; Ignore Clock Settings                                 ; Off                ;      ;    ;             ;
; Analyze latches as synchronous elements               ; Off                ;      ;    ;             ;
; Enable Recovery/Removal analysis                      ; Off                ;      ;    ;             ;
; Enable Clock Latency                                  ; Off                ;      ;    ;             ;
+-------------------------------------------------------+--------------------+------+----+-------------+


+-----------------------------------------------------------+
; tpd                                                       ;
+-------+-------------------+-----------------+------+------+
; Slack ; Required P2P Time ; Actual P2P Time ; From ; To   ;
+-------+-------------------+-----------------+------+------+
; N/A   ; None              ; 9.602 ns        ; X[6] ; odd  ;
; N/A   ; None              ; 9.602 ns        ; X[6] ; even ;
; N/A   ; None              ; 9.588 ns        ; X[2] ; odd  ;
; N/A   ; None              ; 9.588 ns        ; X[2] ; even ;
; N/A   ; None              ; 9.525 ns        ; X[1] ; odd  ;
; N/A   ; None              ; 9.525 ns        ; X[1] ; even ;
; N/A   ; None              ; 9.303 ns        ; X[4] ; odd  ;
; N/A   ; None              ; 9.303 ns        ; X[4] ; even ;
; N/A   ; None              ; 9.292 ns        ; X[0] ; odd  ;
; N/A   ; None              ; 9.292 ns        ; X[0] ; even ;
; N/A   ; None              ; 9.188 ns        ; X[3] ; odd  ;
; N/A   ; None              ; 9.188 ns        ; X[3] ; even ;
; N/A   ; None              ; 9.092 ns        ; d    ; odd  ;
; N/A   ; None              ; 9.092 ns        ; d    ; even ;
; N/A   ; None              ; 8.988 ns        ; X[5] ; odd  ;
; N/A   ; None              ; 8.988 ns        ; X[5] ; even ;
; N/A   ; None              ; 8.956 ns        ; X[7] ; odd  ;
; N/A   ; None              ; 8.956 ns        ; X[7] ; even ;
+-------+-------------------+-----------------+------+------+


+--------------------------+
; Timing Analyzer Messages ;
+--------------------------+
Info: *******************************************************************
Info: Running Quartus II Timing Analyzer
    Info: Version 5.0 Build 148 04/26/2005 SJ Full Version
    Info: Processing started: Thu Nov 26 00:19:05 2020
Info: Command: quartus_tan --read_settings_files=off --write_settings_files=off lab15_5 -c lab15_5 --timing_analysis_only
Info: Longest tpd from source pin "X[6]" to destination pin "odd" is 9.602 ns
    Info: 1: + IC(0.000 ns) + CELL(1.087 ns) = 1.087 ns; Loc. = PIN_U17; Fanout = 1; PIN Node = 'X[6]'
    Info: 2: + IC(3.778 ns) + CELL(0.280 ns) = 5.145 ns; Loc. = LC_X9_Y1_N4; Fanout = 1; COMB Node = 'even~56'
    Info: 3: + IC(0.329 ns) + CELL(0.366 ns) = 5.840 ns; Loc. = LC_X9_Y1_N5; Fanout = 2; COMB Node = 'even~58'
    Info: 4: + IC(1.358 ns) + CELL(2.404 ns) = 9.602 ns; Loc. = PIN_V15; Fanout = 0; PIN Node = 'odd'
    Info: Total cell delay = 4.137 ns ( 43.08 % )
    Info: Total interconnect delay = 5.465 ns ( 56.92 % )
Info: Quartus II Timing Analyzer was successful. 0 errors, 0 warnings
    Info: Processing ended: Thu Nov 26 00:19:05 2020
    Info: Elapsed time: 00:00:00


