 Compilation...
 File: .\src\dp32_behav.vhd
 Compile Entity "dp32"
 Entity "dp32" has been skipped - no difference detected.
 Compile Architecture "behaviour" of Entity "dp32"
 File: .\src\alu_32.vhd
 Compile Package "dp32_types"
 Package "dp32_types" has been skipped - no difference detected.
 Compile Package Body "dp32_types"
 Compile Package "alu_32_types"
 Package "alu_32_types" has been skipped - no difference detected.
 Compile Entity "ALU_32"
 Entity "ALU_32" has been skipped - no difference detected.
 Compile Architecture "behaviour" of Entity "ALU_32"
 File: .\src\clk_gen.vhd
 Compile Entity "clock_gen"
 Entity "clock_gen" has been skipped - no difference detected.
 Compile Architecture "behaviour" of Entity "clock_gen"
 File: .\src\dp32_test.vhd
 Compile Entity "dp32_test"
 Entity "dp32_test" has been skipped - no difference detected.
 Compile Architecture "structure" of Entity "dp32_test"
 Compile Configuration "dp32_behaviour_test"
 File: .\src\memory.vhd
 Compile Entity "memory"
 Entity "memory" has been skipped - no difference detected.
 Compile Architecture "behaviour" of Entity "memory"
 Compile success 0 Errors 0 Warnings  Analysis time :  1.0 [s]
 Compilation...
 File: .\src\memory.vhd
 Compile Entity "memory"
 Entity "memory" has been skipped - no difference detected.
 Compile Architecture "behaviour" of Entity "memory"
 Compile success 0 Errors 0 Warnings  Analysis time :  0.2 [s]
