Design: 4:30, 26 февраля 2021 г.
Design: Opening design "Z:\lab22\MyOwn\DP_32_1.adf"
ELBREAD: Elaboration process.
ELBREAD: Elaboration time 0.0 [s].
Compilation...
File: .\src\dp32_behav.vhd
Compile Entity "dp32"
Entity "dp32" has been skipped - no difference detected.
Compile Architecture "behaviour" of Entity "dp32"
File: .\src\alu_32.vhd
Compile Package "dp32_types"
Package "dp32_types" has been skipped - no difference detected.
Compile Package Body "dp32_types"
Compile Package "alu_32_types"
Package "alu_32_types" has been skipped - no difference detected.
Compile Entity "ALU_32"
Entity "ALU_32" has been skipped - no difference detected.
Compile Architecture "behaviour" of Entity "ALU_32"
File: .\src\clk_gen.vhd
Compile Entity "clock_gen"
Entity "clock_gen" has been skipped - no difference detected.
Compile Architecture "behaviour" of Entity "clock_gen"
File: .\src\dp32_test.vhd
Compile Entity "dp32_test"
Entity "dp32_test" has been skipped - no difference detected.
Compile Architecture "structure" of Entity "dp32_test"
Compile Configuration "dp32_behaviour_test"
File: .\src\memory.vhd
Compile Entity "memory"
Entity "memory" has been skipped - no difference detected.
Compile Architecture "behaviour" of Entity "memory"
Compile success 0 Errors 0 Warnings  Analysis time :  1.0 [s]
ULM_0012: Compacting library "dp_32_1" started.
ULM_0012: Compacting library "dp_32_1" completed. The library size has been reduced by 66%.
ELBREAD: Elaboration process.
ELBREAD: Elaboration time 0.1 [s].
KERNEL: Main thread initiated.
KERNEL: Kernel process initialization phase.
KERNEL: Kernel process initialization done.
4:31, 26 февраля 2021 г.
Simulation has been initialized
Selected Top-Level: dp32_test (structure)
KERNEL: stopped at time: 100 ns
KERNEL: stopped at time: 200 ns
KERNEL: stopped at time: 300 ns
KERNEL: stopped at time: 400 ns
KERNEL: stopped at time: 500 ns
KERNEL: stopped at time: 600 ns
ELBREAD: Elaboration process.
ELBREAD: Elaboration time 0.1 [s].
KERNEL: Main thread initiated.
KERNEL: Kernel process initialization phase.
KERNEL: Kernel process initialization done.
4:31, 26 февраля 2021 г.
Simulation has been initialized
Selected Top-Level: dp32_test (structure)
Simulation has been stopped
Compilation...
File: .\src\memory.vhd
Compile Entity "memory"
Entity "memory" has been skipped - no difference detected.
Compile Architecture "behaviour" of Entity "memory"
Compile success 0 Errors 0 Warnings  Analysis time :  0.2 [s]
ELBREAD: Elaboration process.
ELBREAD: Elaboration time 0.1 [s].
KERNEL: Main thread initiated.
KERNEL: Kernel process initialization phase.
KERNEL: Kernel process initialization done.
5:27, 26 февраля 2021 г.
Simulation has been initialized
Selected Top-Level: dp32_test (structure)
KERNEL: BREAK key was pressed.
KERNEL: stopped at time: 1070240 ns
KERNEL: stopped at time: 1070340 ns
KERNEL: stopped at time: 1070440 ns
KERNEL: stopped at time: 1070540 ns
KERNEL: stopped at time: 1070640 ns
KERNEL: stopped at time: 1070740 ns
KERNEL: stopped at time: 1070840 ns
KERNEL: stopped at time: 1070940 ns
KERNEL: stopped at time: 1071040 ns
KERNEL: stopped at time: 1071140 ns
KERNEL: stopped at time: 1071240 ns
KERNEL: stopped at time: 1071340 ns
KERNEL: stopped at time: 1071440 ns
KERNEL: stopped at time: 1071540 ns
KERNEL: stopped at time: 1071640 ns
KERNEL: stopped at time: 1071740 ns
KERNEL: stopped at time: 1071840 ns
KERNEL: stopped at time: 1071940 ns
KERNEL: stopped at time: 1072040 ns
KERNEL: stopped at time: 1072140 ns
KERNEL: stopped at time: 1072240 ns
KERNEL: stopped at time: 1072340 ns
KERNEL: stopped at time: 1072440 ns
KERNEL: stopped at time: 1072490 ns
KERNEL: stopped at time: 1072540 ns
KERNEL: stopped at time: 1072590 ns
KERNEL: stopped at time: 1072640 ns
KERNEL: stopped at time: 1072690 ns
KERNEL: stopped at time: 1072740 ns
KERNEL: stopped at time: 1072790 ns
KERNEL: stopped at time: 1072840 ns
KERNEL: stopped at time: 1072890 ns
KERNEL: stopped at time: 1072940 ns
KERNEL: stopped at time: 1072990 ns
KERNEL: stopped at time: 1073040 ns
KERNEL: stopped at time: 1073090 ns
KERNEL: stopped at time: 1073140 ns
KERNEL: stopped at time: 1073190 ns
KERNEL: stopped at time: 1073240 ns
KERNEL: stopped at time: 1073290 ns
KERNEL: stopped at time: 1073340 ns
Simulation has been stopped
