Project Information                                     z:\lab17\lab17_9_2.rpt

MAX+plus II Compiler Report File
Version 9.01 07/30/98
Compiled: 12/02/20 21:01:29

Copyright (C) 1988-1998 Altera Corporation
Any megafunction design, and related net list (encrypted or decrypted),
support information, device programming or simulation file, and any other
associated documentation or information provided by Altera or a partner
under Altera's Megafunction Partnership Program may be used only to
program PLD devices (but not masked PLD devices) from Altera.  Any other
use of such megafunction design, net list, support information, device
programming or simulation file, or any other related documentation or
information is prohibited for any other purpose, including, but not
limited to modification, reverse engineering, de-compiling, or use with
any other silicon devices, unless such use is explicitly licensed under
a separate agreement with Altera or a megafunction partner.  Title to
the intellectual property, including patents, copyrights, trademarks,
trade secrets, or maskworks, embodied in any such megafunction design,
net list, support information, device programming or simulation file, or
any other related documentation or information provided by Altera or a
megafunction partner, remains with Altera, the megafunction partner, or
their respective licensors.  No other licenses, including any licenses
needed under any third party's intellectual property, are provided herein.



***** Project compilation was successful




** DEVICE SUMMARY **

Chip/                     Input   Output   Bidir         Shareable
POF       Device          Pins    Pins     Pins     LCs  Expanders  % Utilized

lab17_9_2
      EPM7096LC68-7        14       8        0      78      27          81 %

User Pins:                 14       8        0  



Project Information                                     z:\lab17\lab17_9_2.rpt

** FILE HIERARCHY **



|lab17_9:1|
|lab17_9:1|lab17_9_sum:26|
|lab17_9:1|lab17_9_sum:26|summator:1|
|lab17_9:1|lab17_9_sum:26|summator:1|half-summator:1|
|lab17_9:1|lab17_9_sum:26|summator:1|half-summator:2|
|lab17_9:1|lab17_9_sum:26|summator:4|
|lab17_9:1|lab17_9_sum:26|summator:4|half-summator:1|
|lab17_9:1|lab17_9_sum:26|summator:4|half-summator:2|
|lab17_9:1|lab17_9_sum:26|summator:3|
|lab17_9:1|lab17_9_sum:26|summator:3|half-summator:1|
|lab17_9:1|lab17_9_sum:26|summator:3|half-summator:2|
|lab17_9:1|lab17_9_sum:26|summator:2|
|lab17_9:1|lab17_9_sum:26|summator:2|half-summator:1|
|lab17_9:1|lab17_9_sum:26|summator:2|half-summator:2|
|lab17_9:1|lab17_9_sum6:62|
|lab17_9:1|lab17_9_sum6:62|lab17_9_sum:2|
|lab17_9:1|lab17_9_sum6:62|lab17_9_sum:2|summator:1|
|lab17_9:1|lab17_9_sum6:62|lab17_9_sum:2|summator:1|half-summator:1|
|lab17_9:1|lab17_9_sum6:62|lab17_9_sum:2|summator:1|half-summator:2|
|lab17_9:1|lab17_9_sum6:62|lab17_9_sum:2|summator:4|
|lab17_9:1|lab17_9_sum6:62|lab17_9_sum:2|summator:4|half-summator:1|
|lab17_9:1|lab17_9_sum6:62|lab17_9_sum:2|summator:4|half-summator:2|
|lab17_9:1|lab17_9_sum6:62|lab17_9_sum:2|summator:3|
|lab17_9:1|lab17_9_sum6:62|lab17_9_sum:2|summator:3|half-summator:1|
|lab17_9:1|lab17_9_sum6:62|lab17_9_sum:2|summator:3|half-summator:2|
|lab17_9:1|lab17_9_sum6:62|lab17_9_sum:2|summator:2|
|lab17_9:1|lab17_9_sum6:62|lab17_9_sum:2|summator:2|half-summator:1|
|lab17_9:1|lab17_9_sum6:62|lab17_9_sum:2|summator:2|half-summator:2|
|lab17_9:1|lab17_9_sum6:62|summator:3|
|lab17_9:1|lab17_9_sum6:62|summator:3|half-summator:1|
|lab17_9:1|lab17_9_sum6:62|summator:3|half-summator:2|
|lab17_9:1|lab17_9_sum6:62|summator:4|
|lab17_9:1|lab17_9_sum6:62|summator:4|half-summator:1|
|lab17_9:1|lab17_9_sum6:62|summator:4|half-summator:2|
|lab17_9:1|lab17_9_sum6:63|
|lab17_9:1|lab17_9_sum6:63|lab17_9_sum:2|
|lab17_9:1|lab17_9_sum6:63|lab17_9_sum:2|summator:1|
|lab17_9:1|lab17_9_sum6:63|lab17_9_sum:2|summator:1|half-summator:1|
|lab17_9:1|lab17_9_sum6:63|lab17_9_sum:2|summator:1|half-summator:2|
|lab17_9:1|lab17_9_sum6:63|lab17_9_sum:2|summator:4|
|lab17_9:1|lab17_9_sum6:63|lab17_9_sum:2|summator:4|half-summator:1|
|lab17_9:1|lab17_9_sum6:63|lab17_9_sum:2|summator:4|half-summator:2|
|lab17_9:1|lab17_9_sum6:63|lab17_9_sum:2|summator:3|
|lab17_9:1|lab17_9_sum6:63|lab17_9_sum:2|summator:3|half-summator:1|
|lab17_9:1|lab17_9_sum6:63|lab17_9_sum:2|summator:3|half-summator:2|
|lab17_9:1|lab17_9_sum6:63|lab17_9_sum:2|summator:2|
|lab17_9:1|lab17_9_sum6:63|lab17_9_sum:2|summator:2|half-summator:1|
|lab17_9:1|lab17_9_sum6:63|lab17_9_sum:2|summator:2|half-summator:2|
|lab17_9:1|lab17_9_sum6:63|summator:3|
|lab17_9:1|lab17_9_sum6:63|summator:3|half-summator:1|
|lab17_9:1|lab17_9_sum6:63|summator:3|half-summator:2|
|lab17_9:1|lab17_9_sum6:63|summator:4|
|lab17_9:1|lab17_9_sum6:63|summator:4|half-summator:1|
|lab17_9:1|lab17_9_sum6:63|summator:4|half-summator:2|
|lab17_9:2|
|lab17_9:2|lab17_9_sum:26|
|lab17_9:2|lab17_9_sum:26|summator:1|
|lab17_9:2|lab17_9_sum:26|summator:1|half-summator:1|
|lab17_9:2|lab17_9_sum:26|summator:1|half-summator:2|
|lab17_9:2|lab17_9_sum:26|summator:4|
|lab17_9:2|lab17_9_sum:26|summator:4|half-summator:1|
|lab17_9:2|lab17_9_sum:26|summator:4|half-summator:2|
|lab17_9:2|lab17_9_sum:26|summator:3|
|lab17_9:2|lab17_9_sum:26|summator:3|half-summator:1|
|lab17_9:2|lab17_9_sum:26|summator:3|half-summator:2|
|lab17_9:2|lab17_9_sum:26|summator:2|
|lab17_9:2|lab17_9_sum:26|summator:2|half-summator:1|
|lab17_9:2|lab17_9_sum:26|summator:2|half-summator:2|
|lab17_9:2|lab17_9_sum6:62|
|lab17_9:2|lab17_9_sum6:62|lab17_9_sum:2|
|lab17_9:2|lab17_9_sum6:62|lab17_9_sum:2|summator:1|
|lab17_9:2|lab17_9_sum6:62|lab17_9_sum:2|summator:1|half-summator:1|
|lab17_9:2|lab17_9_sum6:62|lab17_9_sum:2|summator:1|half-summator:2|
|lab17_9:2|lab17_9_sum6:62|lab17_9_sum:2|summator:4|
|lab17_9:2|lab17_9_sum6:62|lab17_9_sum:2|summator:4|half-summator:1|
|lab17_9:2|lab17_9_sum6:62|lab17_9_sum:2|summator:4|half-summator:2|
|lab17_9:2|lab17_9_sum6:62|lab17_9_sum:2|summator:3|
|lab17_9:2|lab17_9_sum6:62|lab17_9_sum:2|summator:3|half-summator:1|
|lab17_9:2|lab17_9_sum6:62|lab17_9_sum:2|summator:3|half-summator:2|
|lab17_9:2|lab17_9_sum6:62|lab17_9_sum:2|summator:2|
|lab17_9:2|lab17_9_sum6:62|lab17_9_sum:2|summator:2|half-summator:1|
|lab17_9:2|lab17_9_sum6:62|lab17_9_sum:2|summator:2|half-summator:2|
|lab17_9:2|lab17_9_sum6:62|summator:3|
|lab17_9:2|lab17_9_sum6:62|summator:3|half-summator:1|
|lab17_9:2|lab17_9_sum6:62|summator:3|half-summator:2|
|lab17_9:2|lab17_9_sum6:62|summator:4|
|lab17_9:2|lab17_9_sum6:62|summator:4|half-summator:1|
|lab17_9:2|lab17_9_sum6:62|summator:4|half-summator:2|
|lab17_9:2|lab17_9_sum6:63|
|lab17_9:2|lab17_9_sum6:63|lab17_9_sum:2|
|lab17_9:2|lab17_9_sum6:63|lab17_9_sum:2|summator:1|
|lab17_9:2|lab17_9_sum6:63|lab17_9_sum:2|summator:1|half-summator:1|
|lab17_9:2|lab17_9_sum6:63|lab17_9_sum:2|summator:1|half-summator:2|
|lab17_9:2|lab17_9_sum6:63|lab17_9_sum:2|summator:4|
|lab17_9:2|lab17_9_sum6:63|lab17_9_sum:2|summator:4|half-summator:1|
|lab17_9:2|lab17_9_sum6:63|lab17_9_sum:2|summator:4|half-summator:2|
|lab17_9:2|lab17_9_sum6:63|lab17_9_sum:2|summator:3|
|lab17_9:2|lab17_9_sum6:63|lab17_9_sum:2|summator:3|half-summator:1|
|lab17_9:2|lab17_9_sum6:63|lab17_9_sum:2|summator:3|half-summator:2|
|lab17_9:2|lab17_9_sum6:63|lab17_9_sum:2|summator:2|
|lab17_9:2|lab17_9_sum6:63|lab17_9_sum:2|summator:2|half-summator:1|
|lab17_9:2|lab17_9_sum6:63|lab17_9_sum:2|summator:2|half-summator:2|
|lab17_9:2|lab17_9_sum6:63|summator:3|
|lab17_9:2|lab17_9_sum6:63|summator:3|half-summator:1|
|lab17_9:2|lab17_9_sum6:63|summator:3|half-summator:2|
|lab17_9:2|lab17_9_sum6:63|summator:4|
|lab17_9:2|lab17_9_sum6:63|summator:4|half-summator:1|
|lab17_9:2|lab17_9_sum6:63|summator:4|half-summator:2|


Device-Specific Information:                            z:\lab17\lab17_9_2.rpt
lab17_9_2

***** Logic for device 'lab17_9_2' compiled without errors.




Device: EPM7096LC68-7

Device Options:
    Turbo Bit                                    = ON
    Security Bit                                 = OFF
    MultiVolt I/O                              = OFF

                          R  R                             R  R  
                          E  E                             E  E  
                          S  S  V                          S  S  
                          E  E  C                       V  E  E  
                          R  R  C                       C  R  R  
                       G  V  V  I  G  G  G  G  G        C  V  V  
              B  A  B  N  E  E  N  N  N  N  N  N  P  P  I  E  E  
              2  3  3  D  D  D  T  D  D  D  D  D  5  6  O  D  D  
            -----------------------------------------------------_ 
          /   9  8  7  6  5  4  3  2  1 68 67 66 65 64 63 62 61   | 
      B1 | 10                                                  60 | P8 
   VCCIO | 11                                                  59 | RESERVED 
      A2 | 12                                                  58 | GND 
      A1 | 13                                                  57 | RESERVED 
RESERVED | 14                                                  56 | RESERVED 
RESERVED | 15                                                  55 | RESERVED 
     GND | 16                                                  54 | RESERVED 
      D2 | 17                                                  53 | VCCIO 
      D1 | 18                  EPM7096LC68-7                   52 | RESERVED 
      A4 | 19                                                  51 | RESERVED 
      C1 | 20                                                  50 | P3 
   VCCIO | 21                                                  49 | RESERVED 
      C2 | 22                                                  48 | GND 
      C3 | 23                                                  47 | P4 
RESERVED | 24                                                  46 | RESERVED 
RESERVED | 25                                                  45 | RESERVED 
     GND | 26                                                  44 | RESERVED 
         |_  27 28 29 30 31 32 33 34 35 36 37 38 39 40 41 42 43  _| 
           ------------------------------------------------------ 
              R  R  R  C  V  R  R  G  V  R  P  G  P  P  B  R  V  
              E  E  E  4  C  E  E  N  C  E  7  N  2  1  4  E  C  
              S  S  S     C  S  S  D  C  S     D           S  C  
              E  E  E     I  E  E     I  E                 E  I  
              R  R  R     O  R  R     N  R                 R  O  
              V  V  V        V  V     T  V                 V     
              E  E  E        E  E        E                 E     
              D  D  D        D  D        D                 D     


N.C. = Not Connected.
VCCINT = Dedicated power pin, which MUST be connected to VCC (5.0 volts).
VCCIO = Dedicated power pin, which MUST be connected to VCC (5.0 volts).
GND = Dedicated ground pin or unused dedicated input, which MUST be connected to GND.
RESERVED = Unused I/O pin, which MUST be left unconnected.



Device-Specific Information:                            z:\lab17\lab17_9_2.rpt
lab17_9_2

** RESOURCE USAGE **

                                                Shareable     External
Logic Array Block     Logic Cells   I/O Pins    Expanders   Interconnect

A:     LC1 - LC16     2/16( 12%)   6/ 8( 75%)   3/16( 18%)  15/36( 41%) 
B:    LC17 - LC32    14/16( 87%)   6/ 8( 75%)  13/16( 81%)  25/36( 69%) 
C:    LC33 - LC48    16/16(100%)   1/ 8( 12%)  15/16( 93%)  15/36( 41%) 
D:    LC49 - LC64    16/16(100%)   4/ 8( 50%)  16/16(100%)  20/36( 55%) 
E:    LC65 - LC80    15/16( 93%)   2/ 8( 25%)  15/16( 93%)  28/36( 77%) 
F:    LC81 - LC96    15/16( 93%)   3/ 8( 37%)  14/16( 87%)  32/36( 88%) 


Total dedicated input pins used:                 0/4      (  0%)
Total I/O pins used:                            22/48     ( 45%)
Total logic cells used:                         78/96     ( 81%)
Total shareable expanders used:                 27/96     ( 28%)
Total Turbo logic cells used:                   78/96     ( 81%)
Total shareable expanders not available (n/a):  49/96     ( 51%)
Average fan-in:                                  8.75
Total fan-in:                                   683

Total input pins required:                      14
Total output pins required:                      8
Total bidirectional pins required:               0
Total logic cells required:                     78
Total flipflops required:                        0
Total product terms required:                  344
Total logic cells lending parallel expanders:    0
Total shareable expanders in database:          26

Synthesized logic cells:                        70/  96   ( 72%)



Device-Specific Information:                            z:\lab17\lab17_9_2.rpt
lab17_9_2

** INPUTS **

                                         Shareable
                                         Expanders     Fan-In    Fan-Out
 Pin     LC  LAB  Primitive    Code   Total Shared n/a INP  FBK  OUT  FBK  Name
  13    (1)  (A)      INPUT               0      0   0    0    0    3   51  A1
  12    (4)  (A)      INPUT               0      0   0    0    0    2   55  A2
   8    (9)  (A)      INPUT               0      0   0    0    0    1   37  A3
  19   (24)  (B)      INPUT               0      0   0    0    0    0   27  A4
  10    (6)  (A)      INPUT               0      0   0    0    0    3   46  B1
   9    (8)  (A)      INPUT               0      0   0    0    0    1   44  B2
   7   (12)  (A)      INPUT               0      0   0    0    0    1   20  B3
  41   (57)  (D)      INPUT               0      0   0    0    0    0   20  B4
  20   (21)  (B)      INPUT               0      0   0    0    0    2   24  C1
  22   (19)  (B)      INPUT               0      0   0    0    0    1   28  C2
  23   (17)  (B)      INPUT               0      0   0    0    0    1   15  C3
  30   (37)  (C)      INPUT               0      0   0    0    0    0   22  C4
  18   (25)  (B)      INPUT               0      0   0    0    0    2   14  D1
  17   (27)  (B)      INPUT               0      0   0    0    0    1   15  D2


Code:

s = Synthesized pin or logic cell
t = Turbo logic cell
+ = Synchronous flipflop
! = NOT gate push-back
r = Fitter-inserted logic cell


Device-Specific Information:                            z:\lab17\lab17_9_2.rpt
lab17_9_2

** OUTPUTS **

                                         Shareable
                                         Expanders     Fan-In    Fan-Out
 Pin     LC  LAB  Primitive    Code   Total Shared n/a INP  FBK  OUT  FBK  Name
  40     56    D     OUTPUT      t        0      0   0    4    0    0    0  P1
  39     53    D     OUTPUT      t        4      0   0    7   10    0    0  P2
  50     72    E     OUTPUT      t        3      3   0    7   12    0    0  P3
  47     67    E     OUTPUT      t        0      0   0    0    5    0    0  P4
  65     96    F     OUTPUT      t        0      0   0    0    2    0    0  P5
  64     94    F     OUTPUT      t        0      0   0    0    7    0    0  P6
  37     51    D     OUTPUT      t        0      0   0    0    2    0    0  P7
  60     88    F     OUTPUT      t        0      0   0    0    9    0    0  P8


Code:

s = Synthesized pin or logic cell
t = Turbo logic cell
+ = Synchronous flipflop
! = NOT gate push-back
r = Fitter-inserted logic cell


Device-Specific Information:                            z:\lab17\lab17_9_2.rpt
lab17_9_2

** BURIED LOGIC **

                                         Shareable
                                         Expanders     Fan-In    Fan-Out
 Pin     LC  LAB  Primitive    Code   Total Shared n/a INP  FBK  OUT  FBK  Name
 (46)    65    E       SOFT    s t        0      0   0    0    7    0   19  |lab17_9:1|lab17_9_sum6:62|lab17_9_sum:2|summator:1|half-summator:2|~4~1
 (51)    73    E       SOFT    s t        0      0   0    0    8    1    0  |lab17_9:1|lab17_9_sum6:62|lab17_9_sum:2|summator:1|half-summator:2|~5~1
   -     66    E       SOFT    s t        3      3   0    5    4    1   10  |lab17_9:1|lab17_9_sum6:62|lab17_9_sum:2|summator:2|half-summator:1|~3~1
   -     54    D       SOFT    s t        1      0   1    8    0    1    0  |lab17_9:1|lab17_9_sum6:62|lab17_9_sum:2|summator:3|half-summator:2|s~1 (|lab17_9:1|lab17_9_sum6:62|lab17_9_sum:2|summator:3|half-summator:2|~5~1)
   -     60    D       SOFT    s t        1      0   1    8    0    1    0  |lab17_9:1|lab17_9_sum6:62|lab17_9_sum:2|summator:3|half-summator:2|s~2 (|lab17_9:1|lab17_9_sum6:62|lab17_9_sum:2|summator:3|half-summator:2|~5~2)
   -     28    B       SOFT    s t        1      0   1    7    0    1    0  |lab17_9:1|lab17_9_sum6:62|lab17_9_sum:2|summator:3|half-summator:2|s~3 (|lab17_9:1|lab17_9_sum6:62|lab17_9_sum:2|summator:3|half-summator:2|~5~3)
   -     50    D       SOFT    s t        1      0   1    8    0    1    0  |lab17_9:1|lab17_9_sum6:62|lab17_9_sum:2|summator:3|half-summator:2|s~4 (|lab17_9:1|lab17_9_sum6:62|lab17_9_sum:2|summator:3|half-summator:2|~5~4)
   -     52    D       SOFT    s t        1      0   1    8    0    1    0  |lab17_9:1|lab17_9_sum6:62|lab17_9_sum:2|summator:3|half-summator:2|s~5 (|lab17_9:1|lab17_9_sum6:62|lab17_9_sum:2|summator:3|half-summator:2|~5~5)
   -     55    D       SOFT    s t        1      0   1    8    0    1    0  |lab17_9:1|lab17_9_sum6:62|lab17_9_sum:2|summator:3|half-summator:2|s~6 (|lab17_9:1|lab17_9_sum6:62|lab17_9_sum:2|summator:3|half-summator:2|~5~6)
   -     58    D       SOFT    s t        1      0   1    8    0    1    0  |lab17_9:1|lab17_9_sum6:62|lab17_9_sum:2|summator:3|half-summator:2|s~7 (|lab17_9:1|lab17_9_sum6:62|lab17_9_sum:2|summator:3|half-summator:2|~5~7)
 (44)    61    D       SOFT    s t        1      0   1    8    0    1    0  |lab17_9:1|lab17_9_sum6:62|lab17_9_sum:2|summator:3|half-summator:2|s~8 (|lab17_9:1|lab17_9_sum6:62|lab17_9_sum:2|summator:3|half-summator:2|~5~8)
   -     62    D       SOFT    s t        1      0   1    8    0    1    0  |lab17_9:1|lab17_9_sum6:62|lab17_9_sum:2|summator:3|half-summator:2|s~9 (|lab17_9:1|lab17_9_sum6:62|lab17_9_sum:2|summator:3|half-summator:2|~5~9)
   -     63    D       SOFT    s t        1      0   1    8    0    1    0  |lab17_9:1|lab17_9_sum6:62|lab17_9_sum:2|summator:3|half-summator:2|s~10 (|lab17_9:1|lab17_9_sum6:62|lab17_9_sum:2|summator:3|half-summator:2|~5~10)
 (54)    77    E       SOFT    s t        0      0   0    0    5    1   10  |lab17_9:1|lab17_9_sum6:62|lab17_9_sum:2|summator:3|~3~1
 (56)    81    F       SOFT    s t        1      1   0    5    4    0    4  |lab17_9:1|lab17_9_sum6:62|summator:3|half-summator:1|~5~1
   -     93    F       SOFT    s t        0      0   0    0    3    0    1  |lab17_9:1|lab17_9_sum6:62|summator:3|~3~1
 (20)    21    B       SOFT    s t        1      0   1    7    1    0    9  |lab17_9:1|lab17_9_sum6:63|lab17_9_sum:2|summator:1|half-summator:1|~3~1
 (18)    25    B       SOFT    s t        0      0   0    6    0    0    1  |lab17_9:1|lab17_9_sum6:63|lab17_9_sum:2|summator:1|half-summator:1|~3~2
   -     46    C       SOFT    s t        5      1   1    7    0    0    8  |lab17_9:1|lab17_9_sum6:63|lab17_9_sum:2|summator:1|half-summator:1|~4~1
 (49)    69    E       SOFT    s t        0      0   0    0    4    0   10  |lab17_9:1|lab17_9_sum6:63|lab17_9_sum:2|summator:1|half-summator:2|~3~1
 (22)    19    B       SOFT    s t        1      0   1    6    0    1   12  |lab17_9:1|lab17_9_sum6:63|lab17_9_sum:2|summator:2|half-summator:1|~4~1
 (17)    27    B       SOFT    s t        2      1   1    8    3    1   11  |lab17_9:1|lab17_9_sum6:63|lab17_9_sum:2|summator:2|half-summator:2|~4~1
 (23)    17    B       SOFT    s t        1      0   1    8    0    0    1  |lab17_9:1|lab17_9_sum6:63|lab17_9_sum:2|summator:2|half-summator:2|p~2 (|lab17_9:1|lab17_9_sum6:63|lab17_9_sum:2|summator:2|half-summator:2|~4~2)
 (36)    49    D       SOFT    s t        0      0   0    4    0    0    1  |lab17_9:1|lab17_9_sum6:63|lab17_9_sum:2|summator:2|half-summator:2|p~3 (|lab17_9:1|lab17_9_sum6:63|lab17_9_sum:2|summator:2|half-summator:2|~4~3)
   -     18    B       SOFT    s t        0      0   0    0    8    0    8  |lab17_9:1|lab17_9_sum6:63|summator:3|half-summator:2|~3~1
   -     34    C       SOFT    s t        1      0   1   10    0    0    1  |lab17_9:1|lab17_9_sum6:63|summator:3|half-summator:2|~3~2
 (32)    35    C       SOFT    s t        1      0   1   10    0    0    1  |lab17_9:1|lab17_9_sum6:63|summator:3|half-summator:2|~3~3
   -     20    B       SOFT    s t        1      0   1    9    0    0    1  |lab17_9:1|lab17_9_sum6:63|summator:3|half-summator:2|~3~4
   -     22    B       SOFT    s t        1      0   1   10    0    0    1  |lab17_9:1|lab17_9_sum6:63|summator:3|half-summator:2|~3~5
 (30)    37    C       SOFT    s t        1      0   1    9    0    0    1  |lab17_9:1|lab17_9_sum6:63|summator:3|half-summator:2|~3~6
 (28)    41    C       SOFT    s t        1      0   1    8    0    0    1  |lab17_9:1|lab17_9_sum6:63|summator:3|half-summator:2|~3~7
   -     44    C       SOFT    s t        1      0   1    7    0    0    1  |lab17_9:1|lab17_9_sum6:63|summator:3|half-summator:2|~3~8
 (25)    45    C       SOFT    s t        1      0   1    7    0    0    1  |lab17_9:1|lab17_9_sum6:63|summator:3|half-summator:2|~3~9
 (57)    84    F       SOFT    s t        1      1   0    5    3    0    7  |lab17_9:1|lab17_9_sum6:63|summator:3|half-summator:2|~4~1
   -     82    F       SOFT    s t        0      0   0    6    1    0    6  |lab17_9:1|lab17_9_sum6:63|summator:4|half-summator:2|~5~1
   -     91    F       SOFT    s t        3      2   1    5   14    3    0  |lab17_9:2|lab17_9_sum6:62|lab17_9_sum:2|summator:1|half-summator:2|~4~1
   -     30    B       SOFT    s t        1      0   1   10    0    0    8  |lab17_9:2|lab17_9_sum6:62|lab17_9_sum:2|summator:1|half-summator:2|p~2 (|lab17_9:2|lab17_9_sum6:62|lab17_9_sum:2|summator:1|half-summator:2|~4~2)
 (29)    40    C       SOFT    s t        1      0   1    9    0    0    8  |lab17_9:2|lab17_9_sum6:62|lab17_9_sum:2|summator:1|half-summator:2|p~3 (|lab17_9:2|lab17_9_sum6:62|lab17_9_sum:2|summator:1|half-summator:2|~4~3)
   -     39    C       SOFT    s t        1      0   1    8    0    0    8  |lab17_9:2|lab17_9_sum6:62|lab17_9_sum:2|summator:1|half-summator:2|p~4 (|lab17_9:2|lab17_9_sum6:62|lab17_9_sum:2|summator:1|half-summator:2|~4~4)
   -     71    E       SOFT    s t        4      2   1    4    8    1    0  |lab17_9:2|lab17_9_sum6:62|lab17_9_sum:2|summator:3|half-summator:1|~3~1
   -     70    E       SOFT    s t        5      2   1    4    8    1    0  |lab17_9:2|lab17_9_sum6:62|lab17_9_sum:2|summator:3|half-summator:1|~4~1
   -      2    A       SOFT    s t        1      0   0    3    8    3    1  |lab17_9:2|lab17_9_sum6:62|lab17_9_sum:2|summator:3|~3~1
   -     68    E       SOFT    s t        1      0   1    2    8    0    1  |lab17_9:2|lab17_9_sum6:62|lab17_9_sum:2|summator:3|p~2 (|lab17_9:2|lab17_9_sum6:62|lab17_9_sum:2|summator:3|~3~2)
   -     79    E       SOFT    s t        1      0   1    4    7    0    1  |lab17_9:2|lab17_9_sum6:62|lab17_9_sum:2|summator:3|p~3 (|lab17_9:2|lab17_9_sum6:62|lab17_9_sum:2|summator:3|~3~3)
 (52)    75    E       SOFT    s t        1      0   1    4    5    0    1  |lab17_9:2|lab17_9_sum6:62|lab17_9_sum:2|summator:3|p~4 (|lab17_9:2|lab17_9_sum6:62|lab17_9_sum:2|summator:3|~3~4)
   -     74    E       SOFT    s t        1      0   1    4    5    0    1  |lab17_9:2|lab17_9_sum6:62|lab17_9_sum:2|summator:3|p~5 (|lab17_9:2|lab17_9_sum6:62|lab17_9_sum:2|summator:3|~3~5)
   -     78    E       SOFT    s t        1      0   1    4    5    0    1  |lab17_9:2|lab17_9_sum6:62|lab17_9_sum:2|summator:3|p~6 (|lab17_9:2|lab17_9_sum6:62|lab17_9_sum:2|summator:3|~3~6)
 (55)    80    E       SOFT    s t        3      3   0    7   11    2    0  |lab17_9:2|lab17_9_sum6:62|lab17_9_sum:2|summator:4|half-summator:1|~4~1
 (45)    64    D       SOFT    s t        1      0   1    8    0    1    2  |lab17_9:2|lab17_9_sum6:62|lab17_9_sum:2|summator:4|half-summator:1|p~2 (|lab17_9:2|lab17_9_sum6:62|lab17_9_sum:2|summator:4|half-summator:1|~4~2)
 (42)    59    D       SOFT    s t        1      0   1    8    0    1    2  |lab17_9:2|lab17_9_sum6:62|lab17_9_sum:2|summator:4|half-summator:1|p~3 (|lab17_9:2|lab17_9_sum6:62|lab17_9_sum:2|summator:4|half-summator:1|~4~3)
 (41)    57    D       SOFT    s t        1      0   1    8    0    1    2  |lab17_9:2|lab17_9_sum6:62|lab17_9_sum:2|summator:4|half-summator:1|p~4 (|lab17_9:2|lab17_9_sum6:62|lab17_9_sum:2|summator:4|half-summator:1|~4~4)
   -     26    B       SOFT    s t        1      0   1    7    2    1    2  |lab17_9:2|lab17_9_sum6:62|lab17_9_sum:2|summator:4|half-summator:1|p~5 (|lab17_9:2|lab17_9_sum6:62|lab17_9_sum:2|summator:4|half-summator:1|~4~5)
 (19)    24    B       SOFT    s t        1      0   1    8    0    1    2  |lab17_9:2|lab17_9_sum6:62|lab17_9_sum:2|summator:4|half-summator:1|p~6 (|lab17_9:2|lab17_9_sum6:62|lab17_9_sum:2|summator:4|half-summator:1|~4~6)
   -     23    B       SOFT    s t        1      0   1    6    2    1    2  |lab17_9:2|lab17_9_sum6:62|lab17_9_sum:2|summator:4|half-summator:1|p~7 (|lab17_9:2|lab17_9_sum6:62|lab17_9_sum:2|summator:4|half-summator:1|~4~7)
   -     31    B       SOFT    s t        1      0   1    8    0    1    2  |lab17_9:2|lab17_9_sum6:62|lab17_9_sum:2|summator:4|half-summator:1|p~8 (|lab17_9:2|lab17_9_sum6:62|lab17_9_sum:2|summator:4|half-summator:1|~4~8)
 (59)    86    F       SOFT    s t        3      2   1    9    9    2    0  |lab17_9:2|lab17_9_sum6:63|lab17_9_sum:2|summator:1|half-summator:1|~3~1
   -     85    F       SOFT    s t        2      2   0    5    9    2    3  |lab17_9:2|lab17_9_sum6:63|lab17_9_sum:2|summator:1|half-summator:1|~4~1
   -     83    F       SOFT    s t        6      2   1    9   12    2    3  |lab17_9:2|lab17_9_sum6:63|lab17_9_sum:2|summator:1|half-summator:2|~4~1
   -     95    F       SOFT    s t        1      0   1    5    4    0    1  |lab17_9:2|lab17_9_sum6:63|lab17_9_sum:2|summator:1|half-summator:2|p~2 (|lab17_9:2|lab17_9_sum6:63|lab17_9_sum:2|summator:1|half-summator:2|~4~2)
 (62)    92    F       SOFT    s t        4      1   1    9    6    2    1  |lab17_9:2|lab17_9_sum6:63|lab17_9_sum:2|summator:2|half-summator:1|~4~1
   -      5    A       SOFT    s t        2      0   0    3    4    3    1  |lab17_9:2|lab17_9_sum6:63|lab17_9_sum:2|summator:2|half-summator:2|~3~1
 (33)    33    C       SOFT    s t        1      0   1    5    2    0    1  |lab17_9:2|lab17_9_sum6:63|lab17_9_sum:2|summator:2|half-summator:2|~3~2
 (24)    48    C       SOFT    s t        1      0   1    4    1    0    1  |lab17_9:2|lab17_9_sum6:63|lab17_9_sum:2|summator:2|half-summator:2|~3~3
   -     47    C       SOFT    s t        0      0   0    4    0    1    0  |lab17_9:2|lab17_9_sum6:63|lab17_9_sum:2|summator:3|half-summator:2|~5~1
 (61)    89    F       SOFT    s t        1      0   1    2    6    2    0  |lab17_9:2|lab17_9_sum6:63|summator:3|half-summator:2|~5~1
   -     87    F       SOFT    s t        3      2   1    5   12    1    0  |lab17_9:2|lab17_9_sum6:63|summator:4|half-summator:2|~5~1
 (27)    43    C       SOFT    s t        0      0   0    6    1    0    2  |lab17_9:2|lab17_9_sum:26|summator:1|half-summator:2|~3~1
   -     38    C       SOFT    s t        0      0   0    6    0    0    2  |lab17_9:2|lab17_9_sum:26|summator:1|half-summator:2|~4~1
   -     42    C       SOFT    s t        0      0   0    4    0    0    8  |lab17_9:2|lab17_9_sum:26|summator:2|half-summator:1|~5~1
   -     36    C       SOFT    s t        0      0   0    5    0    0    7  |lab17_9:2|lab17_9_sum:26|summator:3|~3~1


Code:

s = Synthesized pin or logic cell
t = Turbo logic cell
+ = Synchronous flipflop
! = NOT gate push-back
r = Fitter-inserted logic cell


Device-Specific Information:                            z:\lab17\lab17_9_2.rpt
lab17_9_2

** LOGIC CELL INTERCONNECTIONS **

Logic Array Block 'A':

             Logic cells placed in LAB 'A'
        +--- LC2 |lab17_9:2|lab17_9_sum6:62|lab17_9_sum:2|summator:3|~3~1
        | +- LC5 |lab17_9:2|lab17_9_sum6:63|lab17_9_sum:2|summator:2|half-summator:2|~3~1
        | | 
        | |   Other LABs fed by signals
        | |   that feed LAB 'A'
LC      | | | A B C D E F |     Logic cells that feed LAB 'A':

Pin
13   -> * - | * * * * * * | <-- A1
12   -> * * | * * * * * * | <-- A2
7    -> - * | * - * - * * | <-- B3
41   -> * * | * - * - * * | <-- B4
LC65 -> * * | * - * - * * | <-- |lab17_9:1|lab17_9_sum6:62|lab17_9_sum:2|summator:1|half-summator:2|~4~1
LC81 -> - * | * - * - - * | <-- |lab17_9:1|lab17_9_sum6:62|summator:3|half-summator:1|~5~1
LC21 -> * - | * - - - * - | <-- |lab17_9:1|lab17_9_sum6:63|lab17_9_sum:2|summator:1|half-summator:1|~3~1
LC69 -> * - | * - - - * - | <-- |lab17_9:1|lab17_9_sum6:63|lab17_9_sum:2|summator:1|half-summator:2|~3~1
LC68 -> * - | * - - - - - | <-- |lab17_9:2|lab17_9_sum6:62|lab17_9_sum:2|summator:3|p~2
LC79 -> * - | * - - - - - | <-- |lab17_9:2|lab17_9_sum6:62|lab17_9_sum:2|summator:3|p~3
LC75 -> * - | * - - - - - | <-- |lab17_9:2|lab17_9_sum6:62|lab17_9_sum:2|summator:3|p~4
LC74 -> * - | * - - - - - | <-- |lab17_9:2|lab17_9_sum6:62|lab17_9_sum:2|summator:3|p~5
LC78 -> * - | * - - - - - | <-- |lab17_9:2|lab17_9_sum6:62|lab17_9_sum:2|summator:3|p~6
LC33 -> - * | * - - - - - | <-- |lab17_9:2|lab17_9_sum6:63|lab17_9_sum:2|summator:2|half-summator:2|~3~2
LC48 -> - * | * - - - - - | <-- |lab17_9:2|lab17_9_sum6:63|lab17_9_sum:2|summator:2|half-summator:2|~3~3


* = The logic cell or pin is an input to the logic cell (or LAB) through the PIA.
- = The logic cell or pin is not an input to the logic cell (or LAB).


Device-Specific Information:                            z:\lab17\lab17_9_2.rpt
lab17_9_2

** LOGIC CELL INTERCONNECTIONS **

Logic Array Block 'B':

                                     Logic cells placed in LAB 'B'
        +--------------------------- LC28 |lab17_9:1|lab17_9_sum6:62|lab17_9_sum:2|summator:3|half-summator:2|s~3
        | +------------------------- LC21 |lab17_9:1|lab17_9_sum6:63|lab17_9_sum:2|summator:1|half-summator:1|~3~1
        | | +----------------------- LC25 |lab17_9:1|lab17_9_sum6:63|lab17_9_sum:2|summator:1|half-summator:1|~3~2
        | | | +--------------------- LC19 |lab17_9:1|lab17_9_sum6:63|lab17_9_sum:2|summator:2|half-summator:1|~4~1
        | | | | +------------------- LC27 |lab17_9:1|lab17_9_sum6:63|lab17_9_sum:2|summator:2|half-summator:2|~4~1
        | | | | | +----------------- LC17 |lab17_9:1|lab17_9_sum6:63|lab17_9_sum:2|summator:2|half-summator:2|p~2
        | | | | | | +--------------- LC18 |lab17_9:1|lab17_9_sum6:63|summator:3|half-summator:2|~3~1
        | | | | | | | +------------- LC20 |lab17_9:1|lab17_9_sum6:63|summator:3|half-summator:2|~3~4
        | | | | | | | | +----------- LC22 |lab17_9:1|lab17_9_sum6:63|summator:3|half-summator:2|~3~5
        | | | | | | | | | +--------- LC30 |lab17_9:2|lab17_9_sum6:62|lab17_9_sum:2|summator:1|half-summator:2|p~2
        | | | | | | | | | | +------- LC26 |lab17_9:2|lab17_9_sum6:62|lab17_9_sum:2|summator:4|half-summator:1|p~5
        | | | | | | | | | | | +----- LC24 |lab17_9:2|lab17_9_sum6:62|lab17_9_sum:2|summator:4|half-summator:1|p~6
        | | | | | | | | | | | | +--- LC23 |lab17_9:2|lab17_9_sum6:62|lab17_9_sum:2|summator:4|half-summator:1|p~7
        | | | | | | | | | | | | | +- LC31 |lab17_9:2|lab17_9_sum6:62|lab17_9_sum:2|summator:4|half-summator:1|p~8
        | | | | | | | | | | | | | | 
        | | | | | | | | | | | | | |   Other LABs fed by signals
        | | | | | | | | | | | | | |   that feed LAB 'B'
LC      | | | | | | | | | | | | | | | A B C D E F |     Logic cells that feed LAB 'B':
LC25 -> - * - - - - - - - - - - - - | - * - - - - | <-- |lab17_9:1|lab17_9_sum6:63|lab17_9_sum:2|summator:1|half-summator:1|~3~2
LC19 -> - - - - * - - - - - * - * - | - * - - * - | <-- |lab17_9:1|lab17_9_sum6:63|lab17_9_sum:2|summator:2|half-summator:1|~4~1
LC27 -> - - - - - - - - - - * - * - | - * - - * - | <-- |lab17_9:1|lab17_9_sum6:63|lab17_9_sum:2|summator:2|half-summator:2|~4~1
LC17 -> - - - - * - - - - - - - - - | - * - - - - | <-- |lab17_9:1|lab17_9_sum6:63|lab17_9_sum:2|summator:2|half-summator:2|p~2
LC20 -> - - - - - - * - - - - - - - | - * - - - - | <-- |lab17_9:1|lab17_9_sum6:63|summator:3|half-summator:2|~3~4
LC22 -> - - - - - - * - - - - - - - | - * - - - - | <-- |lab17_9:1|lab17_9_sum6:63|summator:3|half-summator:2|~3~5

Pin
13   -> * * - * * * - * * * * * * * | * * * * * * | <-- A1
12   -> * * * * * * - * * * * * * * | * * * * * * | <-- A2
8    -> - * * * * * - * * * * - * - | - * * - * * | <-- A3
19   -> - * * - - - - * * * - - - - | - * * - - * | <-- A4
10   -> * * * * * * - * * * * * * * | - * * * * * | <-- B1
9    -> * * * * * * - - * * * * * * | - * * * * * | <-- B2
20   -> * - - - * * - * * * * * - * | - * * * - - | <-- C1
22   -> * - - - * * - * * * * * * * | - * * * - - | <-- C2
23   -> - - - * * * - * * * - - - - | - * * - * - | <-- C3
30   -> - * * - - - - * * * - - - - | - * * - - * | <-- C4
18   -> - - - - - - - - - - - * - * | - * - * - - | <-- D1
17   -> * - - - - - - - - - - * - * | - * - * - - | <-- D2
LC49 -> - - - - * - - - - - - - - - | - * - - - - | <-- |lab17_9:1|lab17_9_sum6:63|lab17_9_sum:2|summator:2|half-summator:2|p~3
LC34 -> - - - - - - * - - - - - - - | - * - - - - | <-- |lab17_9:1|lab17_9_sum6:63|summator:3|half-summator:2|~3~2
LC35 -> - - - - - - * - - - - - - - | - * - - - - | <-- |lab17_9:1|lab17_9_sum6:63|summator:3|half-summator:2|~3~3
LC37 -> - - - - - - * - - - - - - - | - * - - - - | <-- |lab17_9:1|lab17_9_sum6:63|summator:3|half-summator:2|~3~6
LC41 -> - - - - - - * - - - - - - - | - * - - - - | <-- |lab17_9:1|lab17_9_sum6:63|summator:3|half-summator:2|~3~7
LC44 -> - - - - - - * - - - - - - - | - * - - - - | <-- |lab17_9:1|lab17_9_sum6:63|summator:3|half-summator:2|~3~8
LC45 -> - - - - - - * - - - - - - - | - * - - - - | <-- |lab17_9:1|lab17_9_sum6:63|summator:3|half-summator:2|~3~9


* = The logic cell or pin is an input to the logic cell (or LAB) through the PIA.
- = The logic cell or pin is not an input to the logic cell (or LAB).


Device-Specific Information:                            z:\lab17\lab17_9_2.rpt
lab17_9_2

** LOGIC CELL INTERCONNECTIONS **

Logic Array Block 'C':

                                         Logic cells placed in LAB 'C'
        +------------------------------- LC46 |lab17_9:1|lab17_9_sum6:63|lab17_9_sum:2|summator:1|half-summator:1|~4~1
        | +----------------------------- LC34 |lab17_9:1|lab17_9_sum6:63|summator:3|half-summator:2|~3~2
        | | +--------------------------- LC35 |lab17_9:1|lab17_9_sum6:63|summator:3|half-summator:2|~3~3
        | | | +------------------------- LC37 |lab17_9:1|lab17_9_sum6:63|summator:3|half-summator:2|~3~6
        | | | | +----------------------- LC41 |lab17_9:1|lab17_9_sum6:63|summator:3|half-summator:2|~3~7
        | | | | | +--------------------- LC44 |lab17_9:1|lab17_9_sum6:63|summator:3|half-summator:2|~3~8
        | | | | | | +------------------- LC45 |lab17_9:1|lab17_9_sum6:63|summator:3|half-summator:2|~3~9
        | | | | | | | +----------------- LC40 |lab17_9:2|lab17_9_sum6:62|lab17_9_sum:2|summator:1|half-summator:2|p~3
        | | | | | | | | +--------------- LC39 |lab17_9:2|lab17_9_sum6:62|lab17_9_sum:2|summator:1|half-summator:2|p~4
        | | | | | | | | | +------------- LC33 |lab17_9:2|lab17_9_sum6:63|lab17_9_sum:2|summator:2|half-summator:2|~3~2
        | | | | | | | | | | +----------- LC48 |lab17_9:2|lab17_9_sum6:63|lab17_9_sum:2|summator:2|half-summator:2|~3~3
        | | | | | | | | | | | +--------- LC47 |lab17_9:2|lab17_9_sum6:63|lab17_9_sum:2|summator:3|half-summator:2|~5~1
        | | | | | | | | | | | | +------- LC43 |lab17_9:2|lab17_9_sum:26|summator:1|half-summator:2|~3~1
        | | | | | | | | | | | | | +----- LC38 |lab17_9:2|lab17_9_sum:26|summator:1|half-summator:2|~4~1
        | | | | | | | | | | | | | | +--- LC42 |lab17_9:2|lab17_9_sum:26|summator:2|half-summator:1|~5~1
        | | | | | | | | | | | | | | | +- LC36 |lab17_9:2|lab17_9_sum:26|summator:3|~3~1
        | | | | | | | | | | | | | | | | 
        | | | | | | | | | | | | | | | |   Other LABs fed by signals
        | | | | | | | | | | | | | | | |   that feed LAB 'C'
LC      | | | | | | | | | | | | | | | | | A B C D E F |     Logic cells that feed LAB 'C':
LC42 -> - - - - - - - - - - - - * - - - | - - * - - * | <-- |lab17_9:2|lab17_9_sum:26|summator:2|half-summator:1|~5~1

Pin
13   -> * * * * - - * * * * - * * * - * | * * * * * * | <-- A1
12   -> * * * * * * * * * * * * * * - * | * * * * * * | <-- A2
8    -> * * * * * * * * * * * - * * * * | - * * - * * | <-- A3
19   -> * * * * * * * * * - - - * * * - | - * * - - * | <-- A4
10   -> * * * * * * * * * - - - - - - - | - * * * * * | <-- B1
9    -> * * * * * * * * * - - - - - - - | - * * * * * | <-- B2
7    -> - - - - - - - - - * * * * * * * | * - * - * * | <-- B3
41   -> - - - - - - - - - * * * * * * * | * - * - * * | <-- B4
20   -> - * * - - - - - - - - - - - - - | - * * * - - | <-- C1
22   -> - * * * * - - * - - - - - - - - | - * * * - - | <-- C2
23   -> - * * * * * - * * - - - - - - - | - * * - * - | <-- C3
30   -> * * * * * * * * * - - - - - - - | - * * - - * | <-- C4
LC65 -> - - - - - - - - - * * - - - - - | * - * - * * | <-- |lab17_9:1|lab17_9_sum6:62|lab17_9_sum:2|summator:1|half-summator:2|~4~1
LC81 -> - - - - - - - - - * - - - - - - | * - * - - * | <-- |lab17_9:1|lab17_9_sum6:62|summator:3|half-summator:1|~5~1


* = The logic cell or pin is an input to the logic cell (or LAB) through the PIA.
- = The logic cell or pin is not an input to the logic cell (or LAB).


Device-Specific Information:                            z:\lab17\lab17_9_2.rpt
lab17_9_2

** LOGIC CELL INTERCONNECTIONS **

Logic Array Block 'D':

                                         Logic cells placed in LAB 'D'
        +------------------------------- LC54 |lab17_9:1|lab17_9_sum6:62|lab17_9_sum:2|summator:3|half-summator:2|s~1
        | +----------------------------- LC60 |lab17_9:1|lab17_9_sum6:62|lab17_9_sum:2|summator:3|half-summator:2|s~2
        | | +--------------------------- LC50 |lab17_9:1|lab17_9_sum6:62|lab17_9_sum:2|summator:3|half-summator:2|s~4
        | | | +------------------------- LC52 |lab17_9:1|lab17_9_sum6:62|lab17_9_sum:2|summator:3|half-summator:2|s~5
        | | | | +----------------------- LC55 |lab17_9:1|lab17_9_sum6:62|lab17_9_sum:2|summator:3|half-summator:2|s~6
        | | | | | +--------------------- LC58 |lab17_9:1|lab17_9_sum6:62|lab17_9_sum:2|summator:3|half-summator:2|s~7
        | | | | | | +------------------- LC61 |lab17_9:1|lab17_9_sum6:62|lab17_9_sum:2|summator:3|half-summator:2|s~8
        | | | | | | | +----------------- LC62 |lab17_9:1|lab17_9_sum6:62|lab17_9_sum:2|summator:3|half-summator:2|s~9
        | | | | | | | | +--------------- LC63 |lab17_9:1|lab17_9_sum6:62|lab17_9_sum:2|summator:3|half-summator:2|s~10
        | | | | | | | | | +------------- LC49 |lab17_9:1|lab17_9_sum6:63|lab17_9_sum:2|summator:2|half-summator:2|p~3
        | | | | | | | | | | +----------- LC64 |lab17_9:2|lab17_9_sum6:62|lab17_9_sum:2|summator:4|half-summator:1|p~2
        | | | | | | | | | | | +--------- LC59 |lab17_9:2|lab17_9_sum6:62|lab17_9_sum:2|summator:4|half-summator:1|p~3
        | | | | | | | | | | | | +------- LC57 |lab17_9:2|lab17_9_sum6:62|lab17_9_sum:2|summator:4|half-summator:1|p~4
        | | | | | | | | | | | | | +----- LC56 P1
        | | | | | | | | | | | | | | +--- LC53 P2
        | | | | | | | | | | | | | | | +- LC51 P7
        | | | | | | | | | | | | | | | | 
        | | | | | | | | | | | | | | | |   Other LABs fed by signals
        | | | | | | | | | | | | | | | |   that feed LAB 'D'
LC      | | | | | | | | | | | | | | | | | A B C D E F |     Logic cells that feed LAB 'D':
LC54 -> - - - - - - - - - - - - - - * - | - - - * - - | <-- |lab17_9:1|lab17_9_sum6:62|lab17_9_sum:2|summator:3|half-summator:2|s~1
LC60 -> - - - - - - - - - - - - - - * - | - - - * - - | <-- |lab17_9:1|lab17_9_sum6:62|lab17_9_sum:2|summator:3|half-summator:2|s~2
LC50 -> - - - - - - - - - - - - - - * - | - - - * - - | <-- |lab17_9:1|lab17_9_sum6:62|lab17_9_sum:2|summator:3|half-summator:2|s~4
LC52 -> - - - - - - - - - - - - - - * - | - - - * - - | <-- |lab17_9:1|lab17_9_sum6:62|lab17_9_sum:2|summator:3|half-summator:2|s~5
LC55 -> - - - - - - - - - - - - - - * - | - - - * - - | <-- |lab17_9:1|lab17_9_sum6:62|lab17_9_sum:2|summator:3|half-summator:2|s~6
LC58 -> - - - - - - - - - - - - - - * - | - - - * - - | <-- |lab17_9:1|lab17_9_sum6:62|lab17_9_sum:2|summator:3|half-summator:2|s~7
LC61 -> - - - - - - - - - - - - - - * - | - - - * - - | <-- |lab17_9:1|lab17_9_sum6:62|lab17_9_sum:2|summator:3|half-summator:2|s~8
LC62 -> - - - - - - - - - - - - - - * - | - - - * - - | <-- |lab17_9:1|lab17_9_sum6:62|lab17_9_sum:2|summator:3|half-summator:2|s~9
LC63 -> - - - - - - - - - - - - - - * - | - - - * - - | <-- |lab17_9:1|lab17_9_sum6:62|lab17_9_sum:2|summator:3|half-summator:2|s~10

Pin
13   -> * * * * * * * * * * * * * * * - | * * * * * * | <-- A1
12   -> * * * * * * * * * - * * * - * - | * * * * * * | <-- A2
10   -> * * * * * * * * * * * * * * * - | - * * * * * | <-- B1
9    -> * * * * * * * * * - * * * - - - | - * * * * * | <-- B2
20   -> * * * * * * * * * * * * * * * - | - * * * - - | <-- C1
22   -> * * * * * * * * * * * * * - * - | - * * * - - | <-- C2
18   -> * * * * * * * * * - * * * * * - | - * - * - - | <-- D1
17   -> * * * * * * * * * - * * * - * - | - * - * - - | <-- D2
LC28 -> - - - - - - - - - - - - - - * - | - - - * - - | <-- |lab17_9:1|lab17_9_sum6:62|lab17_9_sum:2|summator:3|half-summator:2|s~3
LC91 -> - - - - - - - - - - - - - - - * | - - - * - * | <-- |lab17_9:2|lab17_9_sum6:62|lab17_9_sum:2|summator:1|half-summator:2|~4~1
LC89 -> - - - - - - - - - - - - - - - * | - - - * - * | <-- |lab17_9:2|lab17_9_sum6:63|summator:3|half-summator:2|~5~1


* = The logic cell or pin is an input to the logic cell (or LAB) through the PIA.
- = The logic cell or pin is not an input to the logic cell (or LAB).


Device-Specific Information:                            z:\lab17\lab17_9_2.rpt
lab17_9_2

** LOGIC CELL INTERCONNECTIONS **

Logic Array Block 'E':

                                       Logic cells placed in LAB 'E'
        +----------------------------- LC65 |lab17_9:1|lab17_9_sum6:62|lab17_9_sum:2|summator:1|half-summator:2|~4~1
        | +--------------------------- LC73 |lab17_9:1|lab17_9_sum6:62|lab17_9_sum:2|summator:1|half-summator:2|~5~1
        | | +------------------------- LC66 |lab17_9:1|lab17_9_sum6:62|lab17_9_sum:2|summator:2|half-summator:1|~3~1
        | | | +----------------------- LC77 |lab17_9:1|lab17_9_sum6:62|lab17_9_sum:2|summator:3|~3~1
        | | | | +--------------------- LC69 |lab17_9:1|lab17_9_sum6:63|lab17_9_sum:2|summator:1|half-summator:2|~3~1
        | | | | | +------------------- LC71 |lab17_9:2|lab17_9_sum6:62|lab17_9_sum:2|summator:3|half-summator:1|~3~1
        | | | | | | +----------------- LC70 |lab17_9:2|lab17_9_sum6:62|lab17_9_sum:2|summator:3|half-summator:1|~4~1
        | | | | | | | +--------------- LC68 |lab17_9:2|lab17_9_sum6:62|lab17_9_sum:2|summator:3|p~2
        | | | | | | | | +------------- LC79 |lab17_9:2|lab17_9_sum6:62|lab17_9_sum:2|summator:3|p~3
        | | | | | | | | | +----------- LC75 |lab17_9:2|lab17_9_sum6:62|lab17_9_sum:2|summator:3|p~4
        | | | | | | | | | | +--------- LC74 |lab17_9:2|lab17_9_sum6:62|lab17_9_sum:2|summator:3|p~5
        | | | | | | | | | | | +------- LC78 |lab17_9:2|lab17_9_sum6:62|lab17_9_sum:2|summator:3|p~6
        | | | | | | | | | | | | +----- LC80 |lab17_9:2|lab17_9_sum6:62|lab17_9_sum:2|summator:4|half-summator:1|~4~1
        | | | | | | | | | | | | | +--- LC72 P3
        | | | | | | | | | | | | | | +- LC67 P4
        | | | | | | | | | | | | | | | 
        | | | | | | | | | | | | | | |   Other LABs fed by signals
        | | | | | | | | | | | | | | |   that feed LAB 'E'
LC      | | | | | | | | | | | | | | | | A B C D E F |     Logic cells that feed LAB 'E':
LC65 -> - * - - - * * * * * * * - - - | * - * - * * | <-- |lab17_9:1|lab17_9_sum6:62|lab17_9_sum:2|summator:1|half-summator:2|~4~1
LC73 -> - - - - - - - - - - - - - - * | - - - - * - | <-- |lab17_9:1|lab17_9_sum6:62|lab17_9_sum:2|summator:1|half-summator:2|~5~1
LC66 -> * * - - - * * * * * * * * * - | - - - - * - | <-- |lab17_9:1|lab17_9_sum6:62|lab17_9_sum:2|summator:2|half-summator:1|~3~1
LC77 -> * * - - - * * * * * * * * * - | - - - - * - | <-- |lab17_9:1|lab17_9_sum6:62|lab17_9_sum:2|summator:3|~3~1
LC69 -> * * - - - * * * * * * * - - - | * - - - * - | <-- |lab17_9:1|lab17_9_sum6:63|lab17_9_sum:2|summator:1|half-summator:2|~3~1
LC71 -> - - - - - - - - - - - - - - * | - - - - * - | <-- |lab17_9:2|lab17_9_sum6:62|lab17_9_sum:2|summator:3|half-summator:1|~3~1
LC70 -> - - - - - - - - - - - - - - * | - - - - * - | <-- |lab17_9:2|lab17_9_sum6:62|lab17_9_sum:2|summator:3|half-summator:1|~4~1
LC80 -> - - - - - - - - - - - - - * * | - - - - * - | <-- |lab17_9:2|lab17_9_sum6:62|lab17_9_sum:2|summator:4|half-summator:1|~4~1

Pin
13   -> - - - - - * * * * * * * * * - | * * * * * * | <-- A1
12   -> - - * - - * * - * * * * * * - | * * * * * * | <-- A2
8    -> - - * - - - - - - - - - * * - | - * * - * * | <-- A3
10   -> - - * - - - - - - - - - * * - | - * * * * * | <-- B1
9    -> - - * - - - - - - - - - * * - | - * * * * * | <-- B2
7    -> - - - - - * * * * * * * * * - | * - * - * * | <-- B3
41   -> - - - - - * * - * * * * - - - | * - * - * * | <-- B4
23   -> - - * - - - - - - - - - * * - | - * * - * - | <-- C3
LC21 -> * * - - * * * * * - - * - - - | * - - - * - | <-- |lab17_9:1|lab17_9_sum6:63|lab17_9_sum:2|summator:1|half-summator:1|~3~1
LC46 -> * * - - * * * * - * * - - - - | - - - - * - | <-- |lab17_9:1|lab17_9_sum6:63|lab17_9_sum:2|summator:1|half-summator:1|~4~1
LC19 -> * * * - * * * * * - - - * * - | - * - - * - | <-- |lab17_9:1|lab17_9_sum6:63|lab17_9_sum:2|summator:2|half-summator:1|~4~1
LC27 -> * * * - * * * * * - - - * * - | - * - - * - | <-- |lab17_9:1|lab17_9_sum6:63|lab17_9_sum:2|summator:2|half-summator:2|~4~1
LC64 -> - - - * - - - - - - - - * * - | - - - - * - | <-- |lab17_9:2|lab17_9_sum6:62|lab17_9_sum:2|summator:4|half-summator:1|p~2
LC59 -> - - - * - - - - - - - - * * - | - - - - * - | <-- |lab17_9:2|lab17_9_sum6:62|lab17_9_sum:2|summator:4|half-summator:1|p~3
LC57 -> - - - * - - - - - - - - * * - | - - - - * - | <-- |lab17_9:2|lab17_9_sum6:62|lab17_9_sum:2|summator:4|half-summator:1|p~4
LC26 -> - - * - - - - - - - - - * * - | - - - - * - | <-- |lab17_9:2|lab17_9_sum6:62|lab17_9_sum:2|summator:4|half-summator:1|p~5
LC24 -> - - - * - - - - - - - - * * - | - - - - * - | <-- |lab17_9:2|lab17_9_sum6:62|lab17_9_sum:2|summator:4|half-summator:1|p~6
LC23 -> - - * - - - - - - - - - * * - | - - - - * - | <-- |lab17_9:2|lab17_9_sum6:62|lab17_9_sum:2|summator:4|half-summator:1|p~7
LC31 -> - - - * - - - - - - - - * * - | - - - - * - | <-- |lab17_9:2|lab17_9_sum6:62|lab17_9_sum:2|summator:4|half-summator:1|p~8
LC47 -> - - - - - - - - - - - - - - * | - - - - * - | <-- |lab17_9:2|lab17_9_sum6:63|lab17_9_sum:2|summator:3|half-summator:2|~5~1


* = The logic cell or pin is an input to the logic cell (or LAB) through the PIA.
- = The logic cell or pin is not an input to the logic cell (or LAB).


Device-Specific Information:                            z:\lab17\lab17_9_2.rpt
lab17_9_2

** LOGIC CELL INTERCONNECTIONS **

Logic Array Block 'F':

                                       Logic cells placed in LAB 'F'
        +----------------------------- LC81 |lab17_9:1|lab17_9_sum6:62|summator:3|half-summator:1|~5~1
        | +--------------------------- LC93 |lab17_9:1|lab17_9_sum6:62|summator:3|~3~1
        | | +------------------------- LC84 |lab17_9:1|lab17_9_sum6:63|summator:3|half-summator:2|~4~1
        | | | +----------------------- LC82 |lab17_9:1|lab17_9_sum6:63|summator:4|half-summator:2|~5~1
        | | | | +--------------------- LC91 |lab17_9:2|lab17_9_sum6:62|lab17_9_sum:2|summator:1|half-summator:2|~4~1
        | | | | | +------------------- LC86 |lab17_9:2|lab17_9_sum6:63|lab17_9_sum:2|summator:1|half-summator:1|~3~1
        | | | | | | +----------------- LC85 |lab17_9:2|lab17_9_sum6:63|lab17_9_sum:2|summator:1|half-summator:1|~4~1
        | | | | | | | +--------------- LC83 |lab17_9:2|lab17_9_sum6:63|lab17_9_sum:2|summator:1|half-summator:2|~4~1
        | | | | | | | | +------------- LC95 |lab17_9:2|lab17_9_sum6:63|lab17_9_sum:2|summator:1|half-summator:2|p~2
        | | | | | | | | | +----------- LC92 |lab17_9:2|lab17_9_sum6:63|lab17_9_sum:2|summator:2|half-summator:1|~4~1
        | | | | | | | | | | +--------- LC89 |lab17_9:2|lab17_9_sum6:63|summator:3|half-summator:2|~5~1
        | | | | | | | | | | | +------- LC87 |lab17_9:2|lab17_9_sum6:63|summator:4|half-summator:2|~5~1
        | | | | | | | | | | | | +----- LC96 P5
        | | | | | | | | | | | | | +--- LC94 P6
        | | | | | | | | | | | | | | +- LC88 P8
        | | | | | | | | | | | | | | | 
        | | | | | | | | | | | | | | |   Other LABs fed by signals
        | | | | | | | | | | | | | | |   that feed LAB 'F'
LC      | | | | | | | | | | | | | | | | A B C D E F |     Logic cells that feed LAB 'F':
LC81 -> - - - - - - - * - * - - - - - | * - * - - * | <-- |lab17_9:1|lab17_9_sum6:62|summator:3|half-summator:1|~5~1
LC93 -> - - - - - - - - * - - - - - - | - - - - - * | <-- |lab17_9:1|lab17_9_sum6:62|summator:3|~3~1
LC84 -> - * - * * * * * - - - * - - - | - - - - - * | <-- |lab17_9:1|lab17_9_sum6:63|summator:3|half-summator:2|~4~1
LC82 -> - - - - * * * * * - - * - - - | - - - - - * | <-- |lab17_9:1|lab17_9_sum6:63|summator:4|half-summator:2|~5~1
LC91 -> - - - - - - - - - - - - - * * | - - - * - * | <-- |lab17_9:2|lab17_9_sum6:62|lab17_9_sum:2|summator:1|half-summator:2|~4~1
LC86 -> - - - - - - - - - - - - - * * | - - - - - * | <-- |lab17_9:2|lab17_9_sum6:63|lab17_9_sum:2|summator:1|half-summator:1|~3~1
LC85 -> - - - - * - - * - - * - - * * | - - - - - * | <-- |lab17_9:2|lab17_9_sum6:63|lab17_9_sum:2|summator:1|half-summator:1|~4~1
LC83 -> - - - - * - - - - - * * - * * | - - - - - * | <-- |lab17_9:2|lab17_9_sum6:63|lab17_9_sum:2|summator:1|half-summator:2|~4~1
LC95 -> - - - - - - - * - - - - - - - | - - - - - * | <-- |lab17_9:2|lab17_9_sum6:63|lab17_9_sum:2|summator:1|half-summator:2|p~2
LC92 -> - - - - * - - - - - - - - * * | - - - - - * | <-- |lab17_9:2|lab17_9_sum6:63|lab17_9_sum:2|summator:2|half-summator:1|~4~1
LC89 -> - - - - - - - - - - - - - - * | - - - * - * | <-- |lab17_9:2|lab17_9_sum6:63|summator:3|half-summator:2|~5~1
LC87 -> - - - - - - - - - - - - - - * | - - - - - * | <-- |lab17_9:2|lab17_9_sum6:63|summator:4|half-summator:2|~5~1

Pin
13   -> - - - * - * - * * * - - - - - | * * * * * * | <-- A1
12   -> - - - * - * - * * * - - - - - | * * * * * * | <-- A2
8    -> * - * * * * * * * * - * - - - | - * * - * * | <-- A3
19   -> * - * * * * * * - * * * - - - | - * * - - * | <-- A4
10   -> * - * * * * * * - * - * - - - | - * * * * * | <-- B1
9    -> * - * * * * * * - * - * - - - | - * * * * * | <-- B2
7    -> - - - - - * - * * * - - - - - | * - * - * * | <-- B3
41   -> - - - - - * - * * * * - - - - | * - * - * * | <-- B4
30   -> * - * - * * * * - * - * - - - | - * * - - * | <-- C4
LC65 -> - * - - * * * * - * - * - - - | * - * - * * | <-- |lab17_9:1|lab17_9_sum6:62|lab17_9_sum:2|summator:1|half-summator:2|~4~1
LC18 -> * * - - * * * * - * - * - - - | - - - - - * | <-- |lab17_9:1|lab17_9_sum6:63|summator:3|half-summator:2|~3~1
LC30 -> * - * - * * * * - * - * - - - | - - - - - * | <-- |lab17_9:2|lab17_9_sum6:62|lab17_9_sum:2|summator:1|half-summator:2|p~2
LC40 -> * - * - * * * * - * - * - - - | - - - - - * | <-- |lab17_9:2|lab17_9_sum6:62|lab17_9_sum:2|summator:1|half-summator:2|p~3
LC39 -> * - * - * * * * - * - * - - - | - - - - - * | <-- |lab17_9:2|lab17_9_sum6:62|lab17_9_sum:2|summator:1|half-summator:2|p~4
LC2  -> - - - - * - - - - - - - * * * | - - - - - * | <-- |lab17_9:2|lab17_9_sum6:62|lab17_9_sum:2|summator:3|~3~1
LC5  -> - - - - * - - - - - - - * * * | - - - - - * | <-- |lab17_9:2|lab17_9_sum6:63|lab17_9_sum:2|summator:2|half-summator:2|~3~1
LC43 -> - - - - - - - - - - * * - - - | - - - - - * | <-- |lab17_9:2|lab17_9_sum:26|summator:1|half-summator:2|~3~1
LC38 -> - - - - - - - - - - * * - - - | - - - - - * | <-- |lab17_9:2|lab17_9_sum:26|summator:1|half-summator:2|~4~1
LC42 -> - - - - * * * * * - * * - - - | - - * - - * | <-- |lab17_9:2|lab17_9_sum:26|summator:2|half-summator:1|~5~1
LC36 -> - - - - * * * * * - * * - - - | - - - - - * | <-- |lab17_9:2|lab17_9_sum:26|summator:3|~3~1


* = The logic cell or pin is an input to the logic cell (or LAB) through the PIA.
- = The logic cell or pin is not an input to the logic cell (or LAB).


Device-Specific Information:                            z:\lab17\lab17_9_2.rpt
lab17_9_2

** EQUATIONS **

A1       : INPUT;
A2       : INPUT;
A3       : INPUT;
A4       : INPUT;
B1       : INPUT;
B2       : INPUT;
B3       : INPUT;
B4       : INPUT;
C1       : INPUT;
C2       : INPUT;
C3       : INPUT;
C4       : INPUT;
D1       : INPUT;
D2       : INPUT;

-- Node name is 'P1' 
-- Equation name is 'P1', location is LC056, type is output.
 P1      = LCELL( _EQ001 $  C1);
  _EQ001 =  A1 &  B1 & !D1
         # !B1 &  D1
         # !A1 &  D1;

-- Node name is 'P2' 
-- Equation name is 'P2', location is LC053, type is output.
 P2      = LCELL( _EQ002 $  VCC);
  _EQ002 = !_LC028 & !_LC050 & !_LC052 & !_LC054 & !_LC055 & !_LC058 & 
             !_LC060 & !_LC061 & !_LC062 & !_LC063 &  _X001 &  _X002 &  _X003 & 
              _X004;
  _X001  = EXP(!A1 & !A2 & !C2 & !D1 &  D2);
  _X002  = EXP(!A1 & !A2 & !C1 & !C2 &  D2);
  _X003  = EXP(!A1 & !B1 & !C2 & !D1 &  D2);
  _X004  = EXP(!A1 & !B1 & !C1 & !C2 &  D2);

-- Node name is 'P3' 
-- Equation name is 'P3', location is LC072, type is output.
 P3      = LCELL( _EQ003 $  GND);
  _EQ003 = !_LC024 & !_LC031 & !_LC057 & !_LC059 & !_LC064 &  _LC066 & 
             !_LC080
         # !_LC023 & !_LC026 &  _LC077 & !_LC080 &  _X005 &  _X006 &  _X007
         #  A1 &  B3 & !_LC080;
  _X005  = EXP(!A2 &  A3 &  B1 & !_LC019 & !_LC027);
  _X006  = EXP( A2 & !B1 &  B2 & !_LC019 & !_LC027);
  _X007  = EXP( C3 & !_LC019 & !_LC027);

-- Node name is 'P4' 
-- Equation name is 'P4', location is LC067, type is output.
 P4      = LCELL( _EQ004 $  VCC);
  _EQ004 = !_LC070 &  _LC071 &  _LC080
         #  _LC047 &  _LC073 & !_LC080
         # !_LC047 & !_LC073 & !_LC080;

-- Node name is 'P5' 
-- Equation name is 'P5', location is LC096, type is output.
 P5      = LCELL( _LC005 $  _LC002);

-- Node name is 'P6' 
-- Equation name is 'P6', location is LC094, type is output.
 P6      = LCELL( _EQ005 $  GND);
  _EQ005 = !_LC083 & !_LC085 &  _LC086 & !_LC091
         #  _LC002 &  _LC005 & !_LC091
         # !_LC083 & !_LC091 &  _LC092;

-- Node name is 'P7' 
-- Equation name is 'P7', location is LC051, type is output.
 P7      = LCELL( _LC091 $  _LC089);

-- Node name is 'P8' 
-- Equation name is 'P8', location is LC088, type is output.
 P8      = LCELL( _EQ006 $  VCC);
  _EQ006 =  _LC002 &  _LC005 & !_LC083 & !_LC085 &  _LC086 &  _LC087 & 
              _LC089
         #  _LC002 &  _LC005 & !_LC083 &  _LC087 &  _LC089 &  _LC092
         # !_LC087 & !_LC089
         # !_LC087 & !_LC091;

-- Node name is '|lab17_9:1|lab17_9_sum6:62|lab17_9_sum:2|summator:1|half-summator:2|~4~1' 
-- Equation name is '_LC065', type is buried 
-- synthesized logic cell 
_LC065   = LCELL( _EQ007 $  GND);
  _EQ007 = !_LC019 & !_LC027 &  _LC066 &  _LC069 &  _LC077
         #  _LC046 &  _LC066 &  _LC069 &  _LC077
         # !_LC021 &  _LC066 &  _LC069 &  _LC077;

-- Node name is '|lab17_9:1|lab17_9_sum6:62|lab17_9_sum:2|summator:1|half-summator:2|~5~1' 
-- Equation name is '_LC073', type is buried 
-- synthesized logic cell 
_LC073   = LCELL( _EQ008 $  GND);
  _EQ008 = !_LC019 & !_LC027 & !_LC065 &  _LC069
         # !_LC065 &  _LC066 &  _LC077
         #  _LC046 & !_LC065 &  _LC069
         # !_LC021 & !_LC065 &  _LC069;

-- Node name is '|lab17_9:1|lab17_9_sum6:62|lab17_9_sum:2|summator:2|half-summator:1|~3~1' 
-- Equation name is '_LC066', type is buried 
-- synthesized logic cell 
_LC066   = LCELL( _EQ009 $  VCC);
  _EQ009 = !_LC023 & !_LC026 &  _X005 &  _X006 &  _X007;
  _X005  = EXP(!A2 &  A3 &  B1 & !_LC019 & !_LC027);
  _X006  = EXP( A2 & !B1 &  B2 & !_LC019 & !_LC027);
  _X007  = EXP( C3 & !_LC019 & !_LC027);

-- Node name is '|lab17_9:1|lab17_9_sum6:62|lab17_9_sum:2|summator:3|half-summator:2|~5~1' = '|lab17_9:1|lab17_9_sum6:62|lab17_9_sum:2|summator:3|half-summator:2|s~1' 
-- Equation name is '_LC054', type is buried 
-- synthesized logic cell 
_LC054   = LCELL( _EQ010 $  GND);
  _EQ010 =  A1 &  A2 &  B1 &  B2 & !C1 &  C2 &  D1 &  D2
         #  A1 &  A2 &  B1 &  B2 & !C1 &  C2 & !D1 & !D2
         #  A1 &  A2 &  B1 &  B2 & !C1 & !C2 & !D1 &  D2
         #  A1 &  A2 &  B1 &  B2 & !C1 & !C2 &  D1 & !D2
         #  A1 &  A2 &  B1 & !B2 & !C1 & !C2 &  D1 &  D2;

-- Node name is '|lab17_9:1|lab17_9_sum6:62|lab17_9_sum:2|summator:3|half-summator:2|~5~2' = '|lab17_9:1|lab17_9_sum6:62|lab17_9_sum:2|summator:3|half-summator:2|s~2' 
-- Equation name is '_LC060', type is buried 
-- synthesized logic cell 
_LC060   = LCELL( _EQ011 $  GND);
  _EQ011 =  A1 & !A2 &  B1 &  B2 & !C1 & !C2 &  D1 &  D2
         #  A1 &  A2 &  B1 & !B2 & !C1 &  C2 &  D1 & !D2
         #  A1 & !A2 &  B1 &  B2 & !C1 &  C2 &  D1 & !D2
         #  A1 & !A2 &  B1 & !B2 & !C1 &  C2 &  D1 &  D2
         #  A1 & !A2 &  B1 & !B2 & !C1 & !C2 &  D1 & !D2;

-- Node name is '|lab17_9:1|lab17_9_sum6:62|lab17_9_sum:2|summator:3|half-summator:2|~5~3' = '|lab17_9:1|lab17_9_sum6:62|lab17_9_sum:2|summator:3|half-summator:2|s~3' 
-- Equation name is '_LC028', type is buried 
-- synthesized logic cell 
_LC028   = LCELL( _EQ012 $  GND);
  _EQ012 =  A1 &  A2 &  B1 &  B2 &  C1 &  C2 &  D2
         #  A1 &  A2 &  B1 &  B2 &  C1 & !C2 & !D2
         #  A1 &  A2 &  B1 & !B2 &  C1 &  C2 & !D2
         #  A1 & !A2 &  B1 &  B2 &  C1 &  C2 & !D2
         #  A1 &  A2 &  B1 & !B2 &  C1 & !C2 &  D2;

-- Node name is '|lab17_9:1|lab17_9_sum6:62|lab17_9_sum:2|summator:3|half-summator:2|~5~4' = '|lab17_9:1|lab17_9_sum6:62|lab17_9_sum:2|summator:3|half-summator:2|s~4' 
-- Equation name is '_LC050', type is buried 
-- synthesized logic cell 
_LC050   = LCELL( _EQ013 $  GND);
  _EQ013 =  A1 & !A2 &  B1 &  B2 &  C1 & !C2 &  D2
         #  A1 & !A2 &  B1 & !B2 &  C1 &  C2 &  D2
         #  A1 & !B1 &  B2 &  C1 & !C2 &  D1 &  D2
         #  A1 & !B1 &  B2 &  C1 &  C2 &  D1 & !D2
         # !A1 &  A2 &  B1 &  C1 & !C2 &  D1 &  D2;

-- Node name is '|lab17_9:1|lab17_9_sum6:62|lab17_9_sum:2|summator:3|half-summator:2|~5~5' = '|lab17_9:1|lab17_9_sum6:62|lab17_9_sum:2|summator:3|half-summator:2|s~5' 
-- Equation name is '_LC052', type is buried 
-- synthesized logic cell 
_LC052   = LCELL( _EQ014 $  GND);
  _EQ014 = !A1 &  A2 &  B1 &  C1 &  C2 &  D1 & !D2
         #  A2 &  B1 & !B2 & !C1 &  C2 & !D1 &  D2
         #  A1 & !A2 &  B2 & !C1 &  C2 & !D1 &  D2
         #  A1 & !A2 &  B1 & !B2 &  C1 & !C2 & !D2
         #  A2 &  B1 & !B2 & !C1 & !C2 & !D1 & !D2;

-- Node name is '|lab17_9:1|lab17_9_sum6:62|lab17_9_sum:2|summator:3|half-summator:2|~5~6' = '|lab17_9:1|lab17_9_sum6:62|lab17_9_sum:2|summator:3|half-summator:2|s~6' 
-- Equation name is '_LC055', type is buried 
-- synthesized logic cell 
_LC055   = LCELL( _EQ015 $  GND);
  _EQ015 =  A1 & !A2 &  B2 & !C1 & !C2 & !D1 & !D2
         # !A1 &  A2 &  B1 & !C1 &  C2 &  D2
         # !A1 &  A2 &  B1 &  C2 & !D1 &  D2
         #  A1 & !B1 &  B2 & !C1 &  C2 &  D2
         #  A1 & !B1 &  B2 &  C2 & !D1 &  D2;

-- Node name is '|lab17_9:1|lab17_9_sum6:62|lab17_9_sum:2|summator:3|half-summator:2|~5~7' = '|lab17_9:1|lab17_9_sum6:62|lab17_9_sum:2|summator:3|half-summator:2|s~7' 
-- Equation name is '_LC058', type is buried 
-- synthesized logic cell 
_LC058   = LCELL( _EQ016 $  GND);
  _EQ016 = !B1 & !B2 &  C1 &  C2 &  D1 &  D2
         # !A1 & !B1 &  C1 &  C2 &  D1 &  D2
         # !A1 & !A2 &  C1 &  C2 &  D1 &  D2
         # !A1 &  A2 &  B1 & !C1 & !C2 & !D2
         # !A1 &  A2 &  B1 & !C2 & !D1 & !D2;

-- Node name is '|lab17_9:1|lab17_9_sum6:62|lab17_9_sum:2|summator:3|half-summator:2|~5~8' = '|lab17_9:1|lab17_9_sum6:62|lab17_9_sum:2|summator:3|half-summator:2|s~8' 
-- Equation name is '_LC061', type is buried 
-- synthesized logic cell 
_LC061   = LCELL( _EQ017 $  GND);
  _EQ017 =  A1 & !B1 &  B2 & !C1 & !C2 & !D2
         #  A1 & !B1 &  B2 & !C2 & !D1 & !D2
         # !B1 & !B2 &  C1 & !C2 &  D1 & !D2
         # !A1 & !B1 &  C1 & !C2 &  D1 & !D2
         # !A1 & !A2 &  C1 & !C2 &  D1 & !D2;

-- Node name is '|lab17_9:1|lab17_9_sum6:62|lab17_9_sum:2|summator:3|half-summator:2|~5~9' = '|lab17_9:1|lab17_9_sum6:62|lab17_9_sum:2|summator:3|half-summator:2|s~9' 
-- Equation name is '_LC062', type is buried 
-- synthesized logic cell 
_LC062   = LCELL( _EQ018 $  GND);
  _EQ018 = !A2 & !B2 & !C1 &  C2 & !D1 & !D2
         # !A2 & !B2 & !C1 & !C2 & !D1 &  D2
         # !B1 & !B2 & !C1 &  C2 & !D2
         # !B1 & !B2 &  C2 & !D1 & !D2
         # !A1 & !B1 & !C1 &  C2 & !D2;

-- Node name is '|lab17_9:1|lab17_9_sum6:62|lab17_9_sum:2|summator:3|half-summator:2|~5~10' = '|lab17_9:1|lab17_9_sum6:62|lab17_9_sum:2|summator:3|half-summator:2|s~10' 
-- Equation name is '_LC063', type is buried 
-- synthesized logic cell 
_LC063   = LCELL( _EQ019 $  GND);
  _EQ019 = !A1 & !B1 &  C2 & !D1 & !D2
         # !A1 & !A2 & !C1 &  C2 & !D2
         # !A1 & !A2 &  C2 & !D1 & !D2
         # !B1 & !B2 & !C1 & !C2 &  D2
         # !B1 & !B2 & !C2 & !D1 &  D2;

-- Node name is '|lab17_9:1|lab17_9_sum6:62|lab17_9_sum:2|summator:3|~3~1' 
-- Equation name is '_LC077', type is buried 
-- synthesized logic cell 
_LC077   = LCELL( _EQ020 $  VCC);
  _EQ020 = !_LC024 & !_LC031 & !_LC057 & !_LC059 & !_LC064;

-- Node name is '|lab17_9:1|lab17_9_sum6:62|summator:3|half-summator:1|~5~1' 
-- Equation name is '_LC081', type is buried 
-- synthesized logic cell 
_LC081   = LCELL( _EQ021 $  GND);
  _EQ021 =  _LC018 & !_LC030 & !_LC039 & !_LC040 &  _X008;
  _X008  = EXP( A3 &  A4 & !B1 &  B2 &  C4);

-- Node name is '|lab17_9:1|lab17_9_sum6:62|summator:3|~3~1' 
-- Equation name is '_LC093', type is buried 
-- synthesized logic cell 
_LC093   = LCELL( _EQ022 $  GND);
  _EQ022 =  _LC018 &  _LC065 & !_LC084;

-- Node name is '|lab17_9:1|lab17_9_sum6:63|lab17_9_sum:2|summator:1|half-summator:1|~3~1' 
-- Equation name is '_LC021', type is buried 
-- synthesized logic cell 
_LC021   = LCELL( _EQ023 $ !_LC025);
  _EQ023 =  A1 &  A2 & !A3 &  A4 &  B2 & !C4 & !_LC025
         # !A2 &  A3 &  A4 &  B1 &  B2 & !C4 & !_LC025
         #  A2 &  A3 & !A4 &  B1 & !C4 & !_LC025
         # !A1 &  A2 & !A4 &  B1 & !C4 & !_LC025;

-- Node name is '|lab17_9:1|lab17_9_sum6:63|lab17_9_sum:2|summator:1|half-summator:1|~3~2' 
-- Equation name is '_LC025', type is buried 
-- synthesized logic cell 
_LC025   = LCELL( _EQ024 $  GND);
  _EQ024 = !A2 & !A3 & !A4 & !C4
         # !A3 & !B1 & !C4
         # !A4 & !B2 & !C4
         # !B1 & !B2 & !C4;

-- Node name is '|lab17_9:1|lab17_9_sum6:63|lab17_9_sum:2|summator:1|half-summator:1|~4~1' 
-- Equation name is '_LC046', type is buried 
-- synthesized logic cell 
_LC046   = LCELL( _EQ025 $  _EQ026);
  _EQ025 =  A1 &  A2 & !A3 &  A4 &  B2 &  C4 &  _X009 &  _X010 &  _X011 & 
              _X012
         # !A2 &  A3 &  A4 &  B1 &  B2 &  C4 &  _X009 &  _X010 &  _X011 & 
              _X012
         #  A2 &  A3 & !A4 &  B1 &  C4 &  _X009 &  _X010 &  _X011 &  _X012
         # !A1 &  A2 & !A4 &  B1 &  C4 &  _X009 &  _X010 &  _X011 &  _X012;
  _X009  = EXP(!A2 & !A3 & !A4);
  _X010  = EXP(!B1 & !B2);
  _X011  = EXP(!A3 & !B1);
  _X012  = EXP(!A4 & !B2);
  _EQ026 =  C4 &  _X009 &  _X010 &  _X011 &  _X012;
  _X009  = EXP(!A2 & !A3 & !A4);
  _X010  = EXP(!B1 & !B2);
  _X011  = EXP(!A3 & !B1);
  _X012  = EXP(!A4 & !B2);

-- Node name is '|lab17_9:1|lab17_9_sum6:63|lab17_9_sum:2|summator:1|half-summator:2|~3~1' 
-- Equation name is '_LC069', type is buried 
-- synthesized logic cell 
_LC069   = LCELL( _EQ027 $  VCC);
  _EQ027 = !_LC019 & !_LC027 &  _LC046
         # !_LC019 & !_LC021 & !_LC027;

-- Node name is '|lab17_9:1|lab17_9_sum6:63|lab17_9_sum:2|summator:2|half-summator:1|~4~1' 
-- Equation name is '_LC019', type is buried 
-- synthesized logic cell 
_LC019   = LCELL( _EQ028 $  GND);
  _EQ028 = !A1 &  A2 & !A3 &  B2 &  C3
         #  A1 &  A3 &  B1 &  C3
         #  A3 &  B1 & !B2 &  C3
         # !A2 &  A3 &  B1 &  C3
         #  A2 & !B1 &  B2 &  C3;

-- Node name is '|lab17_9:1|lab17_9_sum6:63|lab17_9_sum:2|summator:2|half-summator:2|~4~2' = '|lab17_9:1|lab17_9_sum6:63|lab17_9_sum:2|summator:2|half-summator:2|p~2' 
-- Equation name is '_LC017', type is buried 
-- synthesized logic cell 
_LC017   = LCELL( _EQ029 $  GND);
  _EQ029 = !A2 & !B2 & !C2
         # !A2 & !B2 & !C1
         # !A3 & !B2 & !C3
         # !A2 & !B1 & !C3
         # !A1 & !A2;

-- Node name is '|lab17_9:1|lab17_9_sum6:63|lab17_9_sum:2|summator:2|half-summator:2|~4~3' = '|lab17_9:1|lab17_9_sum6:63|lab17_9_sum:2|summator:2|half-summator:2|p~3' 
-- Equation name is '_LC049', type is buried 
-- synthesized logic cell 
_LC049   = LCELL( _EQ030 $  GND);
  _EQ030 = !A1 & !C2
         # !A1 & !B1
         # !C1 & !C2
         # !B1 & !C2;

-- Node name is '|lab17_9:1|lab17_9_sum6:63|lab17_9_sum:2|summator:2|half-summator:2|~4~1' 
-- Equation name is '_LC027', type is buried 
-- synthesized logic cell 
_LC027   = LCELL( _EQ031 $  _EQ032);
  _EQ031 =  A1 &  A2 &  B1 &  B2 & !C1 & !_LC017 & !_LC019 & !_LC049 &  _X010
         # !A1 &  A3 &  B2 & !C3 & !_LC017 & !_LC019 & !_LC049 &  _X010
         #  A1 & !A3 &  B1 & !C3 & !_LC017 & !_LC019 & !_LC049 &  _X010
         #  A2 &  B2 & !C2 & !_LC017 & !_LC019 & !_LC049 &  _X010;
  _X010  = EXP(!B1 & !B2);
  _EQ032 = !_LC017 & !_LC019 & !_LC049 &  _X010;
  _X010  = EXP(!B1 & !B2);

-- Node name is '|lab17_9:1|lab17_9_sum6:63|summator:3|half-summator:2|~3~1' 
-- Equation name is '_LC018', type is buried 
-- synthesized logic cell 
_LC018   = LCELL( _EQ033 $  VCC);
  _EQ033 = !_LC020 & !_LC022 & !_LC034 & !_LC035 & !_LC037 & !_LC041 & 
             !_LC044 & !_LC045;

-- Node name is '|lab17_9:1|lab17_9_sum6:63|summator:3|half-summator:2|~3~2' 
-- Equation name is '_LC034', type is buried 
-- synthesized logic cell 
_LC034   = LCELL( _EQ034 $  GND);
  _EQ034 =  A1 &  A2 & !A4 &  B1 &  B2 &  C1 &  C2 &  C3
         #  A1 & !A2 & !A3 &  A4 &  B1 &  C1 &  C2 &  C3
         #  A1 &  A2 &  A3 &  A4 &  B1 &  C1 &  C2
         #  A1 & !A2 &  B1 &  B2 &  C1 &  C3 &  C4
         #  A1 &  A2 &  A3 &  A4 &  B1 & !B2 &  C1;

-- Node name is '|lab17_9:1|lab17_9_sum6:63|summator:3|half-summator:2|~3~3' 
-- Equation name is '_LC035', type is buried 
-- synthesized logic cell 
_LC035   = LCELL( _EQ035 $  GND);
  _EQ035 =  A1 &  A3 &  A4 &  B1 & !B2 &  C1 &  C2
         #  A1 &  A2 &  A4 &  B1 & !B2 &  C1 &  C3
         #  A1 &  A2 &  B1 & !B2 &  C1 &  C3 &  C4
         #  A4 &  B2 &  C1 &  C2 &  C3 &  C4
         #  A1 &  A3 &  A4 &  B1 &  C1 &  C4;

-- Node name is '|lab17_9:1|lab17_9_sum6:63|summator:3|half-summator:2|~3~4' 
-- Equation name is '_LC020', type is buried 
-- synthesized logic cell 
_LC020   = LCELL( _EQ036 $  GND);
  _EQ036 =  A1 &  A3 &  A4 &  B1 &  C2 &  C4
         #  A1 &  A2 &  A3 &  B1 &  C1 &  C4
         #  A1 &  A3 &  B1 &  C1 &  C2 &  C4
         #  A1 &  B1 &  C1 &  C2 &  C3 &  C4
         #  A1 &  A2 &  A3 &  A4 &  B1 &  C3;

-- Node name is '|lab17_9:1|lab17_9_sum6:63|summator:3|half-summator:2|~3~5' 
-- Equation name is '_LC022', type is buried 
-- synthesized logic cell 
_LC022   = LCELL( _EQ037 $  GND);
  _EQ037 =  A2 &  A3 &  A4 &  B1 &  C2 &  C3
         #  A1 &  A2 & !A4 &  B1 &  B2 &  C4
         # !A1 &  A2 &  B1 &  B2 &  C2 &  C4
         #  A1 &  A3 & !A4 &  B1 &  B2 &  C1
         #  A1 &  A3 & !A4 &  B1 &  B2 &  C2;

-- Node name is '|lab17_9:1|lab17_9_sum6:63|summator:3|half-summator:2|~3~6' 
-- Equation name is '_LC037', type is buried 
-- synthesized logic cell 
_LC037   = LCELL( _EQ038 $  GND);
  _EQ038 =  A1 &  A2 & !A4 &  B2 &  C2 &  C4
         #  A1 & !A2 &  B2 &  C2 &  C3 &  C4
         #  A1 &  A2 &  A3 & !A4 &  B2 &  C2
         #  A1 &  A3 & !A4 &  B2 &  C2 &  C3
         #  A2 &  A3 &  A4 &  B1 & !B2 &  C2;

-- Node name is '|lab17_9:1|lab17_9_sum6:63|summator:3|half-summator:2|~3~7' 
-- Equation name is '_LC041', type is buried 
-- synthesized logic cell 
_LC041   = LCELL( _EQ039 $  GND);
  _EQ039 =  A2 &  A4 &  B1 & !B2 &  C2 &  C3
         #  A2 &  B1 & !B2 &  C2 &  C3 &  C4
         #  A2 &  A3 &  A4 &  B1 &  C4
         #  A2 &  A3 &  B1 &  C2 &  C4
         #  A2 &  A3 & !A4 &  B1 &  B2;

-- Node name is '|lab17_9:1|lab17_9_sum6:63|summator:3|half-summator:2|~3~8' 
-- Equation name is '_LC044', type is buried 
-- synthesized logic cell 
_LC044   = LCELL( _EQ040 $  GND);
  _EQ040 =  A2 & !A4 &  B2 &  C3 &  C4
         #  A3 & !A4 &  B1 &  B2 &  C3
         #  A2 &  A3 & !A4 &  B2 &  C3
         #  A3 &  A4 &  B1 & !B2 &  C3
         #  A3 &  B1 &  C3 &  C4;

-- Node name is '|lab17_9:1|lab17_9_sum6:63|summator:3|half-summator:2|~3~9' 
-- Equation name is '_LC045', type is buried 
-- synthesized logic cell 
_LC045   = LCELL( _EQ041 $  GND);
  _EQ041 =  A3 & !A4 &  B2 &  C4
         #  A4 &  B1 & !B2 &  C4
         # !A2 & !A3 &  A4 &  B2
         # !A1 & !A3 &  A4 &  B2
         #  A4 & !B1 &  B2;

-- Node name is '|lab17_9:1|lab17_9_sum6:63|summator:3|half-summator:2|~4~1' 
-- Equation name is '_LC084', type is buried 
-- synthesized logic cell 
_LC084   = LCELL( _EQ042 $  VCC);
  _EQ042 = !_LC030 & !_LC039 & !_LC040 &  _X008;
  _X008  = EXP( A3 &  A4 & !B1 &  B2 &  C4);

-- Node name is '|lab17_9:1|lab17_9_sum6:63|summator:4|half-summator:2|~5~1' 
-- Equation name is '_LC082', type is buried 
-- synthesized logic cell 
_LC082   = LCELL( _EQ043 $  _LC084);
  _EQ043 =  A1 &  A2 &  A4 &  B1 &  B2
         #  A3 &  A4 &  B1 &  B2;

-- Node name is '|lab17_9:2|lab17_9_sum6:62|lab17_9_sum:2|summator:1|half-summator:2|~4~2' = '|lab17_9:2|lab17_9_sum6:62|lab17_9_sum:2|summator:1|half-summator:2|p~2' 
-- Equation name is '_LC030', type is buried 
-- synthesized logic cell 
_LC030   = LCELL( _EQ044 $  GND);
  _EQ044 =  A1 &  A2 &  A3 & !A4 &  B1 &  B2 &  C1 &  C2 &  C4
         #  A2 &  A3 & !A4 &  B1 &  B2 &  C2 &  C3 &  C4
         #  A1 &  A2 &  A3 & !A4 &  B1 &  B2 &  C3 &  C4
         #  A1 & !A2 & !A3 &  A4 &  B1 &  B2 &  C1 &  C3
         #  A1 & !A2 & !A3 &  A4 &  B1 &  B2 &  C2 &  C3;

-- Node name is '|lab17_9:2|lab17_9_sum6:62|lab17_9_sum:2|summator:1|half-summator:2|~4~3' = '|lab17_9:2|lab17_9_sum6:62|lab17_9_sum:2|summator:1|half-summator:2|p~3' 
-- Equation name is '_LC040', type is buried 
-- synthesized logic cell 
_LC040   = LCELL( _EQ045 $  GND);
  _EQ045 =  A1 & !A2 & !A3 &  A4 &  B2 &  C2 &  C3 &  C4
         #  A1 &  A2 &  A3 &  A4 & !B1 &  B2 &  C2
         #  A1 &  A3 &  A4 & !B1 &  B2 &  C2 &  C3
         #  A1 &  A2 &  A4 & !B1 &  B2 &  C2 &  C4
         # !A1 &  A2 & !A3 &  A4 &  B1 &  B2 &  C2;

-- Node name is '|lab17_9:2|lab17_9_sum6:62|lab17_9_sum:2|summator:1|half-summator:2|~4~4' = '|lab17_9:2|lab17_9_sum6:62|lab17_9_sum:2|summator:1|half-summator:2|p~4' 
-- Equation name is '_LC039', type is buried 
-- synthesized logic cell 
_LC039   = LCELL( _EQ046 $  GND);
  _EQ046 = !A1 &  A2 & !A3 &  A4 &  B1 &  B2 &  C3
         #  A2 &  A3 &  A4 & !B1 &  B2 &  C3
         #  A2 &  A4 & !B1 &  B2 &  C3 &  C4
         # !A1 & !A3 &  A4 &  B1 &  B2 &  C4
         # !A2 & !A3 &  A4 &  B1 &  B2 &  C4;

-- Node name is '|lab17_9:2|lab17_9_sum6:62|lab17_9_sum:2|summator:1|half-summator:2|~4~1' 
-- Equation name is '_LC091', type is buried 
-- synthesized logic cell 
_LC091   = LCELL( _EQ047 $  GND);
  _EQ047 =  _LC002 &  _LC005 &  _LC018 & !_LC030 & !_LC039 & !_LC040 & 
              _LC065 & !_LC082 & !_LC083 & !_LC085 &  _X008
         #  _LC002 &  _LC005 &  _LC082 & !_LC083 & !_LC085 &  _X013
         #  _LC002 &  _LC005 &  _LC036 & !_LC042 & !_LC083 & !_LC085
         #  _LC002 &  _LC005 & !_LC036 &  _LC042 & !_LC083 & !_LC085
         #  _LC002 &  _LC005 & !_LC083 &  _LC092;
  _X008  = EXP( A3 &  A4 & !B1 &  B2 &  C4);
  _X013  = EXP( _LC018 &  _LC065 & !_LC084);

-- Node name is '|lab17_9:2|lab17_9_sum6:62|lab17_9_sum:2|summator:3|half-summator:1|~3~1' 
-- Equation name is '_LC071', type is buried 
-- synthesized logic cell 
_LC071   = LCELL( _EQ048 $  GND);
  _EQ048 = !_LC019 & !_LC027 & !_LC065 &  _LC069
         # !_LC065 &  _LC066 &  _LC077
         #  A2 &  B3 &  _X014
         #  A1 &  B4 &  _X015
         # !_LC065 &  _LC069 &  _X016;
  _X014  = EXP( A1 &  B4);
  _X015  = EXP( A2 &  B3);
  _X016  = EXP( _LC021 & !_LC046);

-- Node name is '|lab17_9:2|lab17_9_sum6:62|lab17_9_sum:2|summator:3|half-summator:1|~4~1' 
-- Equation name is '_LC070', type is buried 
-- synthesized logic cell 
_LC070   = LCELL( _EQ049 $ !_LC065);
  _EQ049 =  A1 &  A2 &  B3 &  B4 & !_LC065
         #  _LC021 & !_LC046 & !_LC065 &  _X017 &  _X018
         # !_LC065 & !_LC069 &  _X017
         # !_LC065 &  _X014 &  _X015;
  _X017  = EXP( _LC066 &  _LC077);
  _X018  = EXP(!_LC019 & !_LC027);
  _X014  = EXP( A1 &  B4);
  _X015  = EXP( A2 &  B3);

-- Node name is '|lab17_9:2|lab17_9_sum6:62|lab17_9_sum:2|summator:3|~3~2' = '|lab17_9:2|lab17_9_sum6:62|lab17_9_sum:2|summator:3|p~2' 
-- Equation name is '_LC068', type is buried 
-- synthesized logic cell 
_LC068   = LCELL( _EQ050 $  GND);
  _EQ050 =  A1 &  B3 & !_LC019 & !_LC027 & !_LC065 & !_LC066 &  _LC069 & 
              _LC077
         #  A1 &  B3 & !_LC019 & !_LC027 & !_LC065 &  _LC066 &  _LC069 & 
             !_LC077
         #  A1 &  B3 &  _LC046 & !_LC065 & !_LC066 &  _LC069 &  _LC077
         #  A1 &  B3 &  _LC046 & !_LC065 &  _LC066 &  _LC069 & !_LC077
         #  A1 &  B3 & !_LC021 & !_LC065 & !_LC066 &  _LC069 &  _LC077;

-- Node name is '|lab17_9:2|lab17_9_sum6:62|lab17_9_sum:2|summator:3|~3~3' = '|lab17_9:2|lab17_9_sum6:62|lab17_9_sum:2|summator:3|p~3' 
-- Equation name is '_LC079', type is buried 
-- synthesized logic cell 
_LC079   = LCELL( _EQ051 $  GND);
  _EQ051 =  A1 &  B3 & !_LC021 & !_LC065 &  _LC066 &  _LC069 & !_LC077
         #  A2 &  B3 & !B4 & !_LC019 & !_LC027 & !_LC065 &  _LC069
         # !A1 &  A2 &  B3 & !_LC019 & !_LC027 & !_LC065 &  _LC069
         #  A1 & !B3 &  B4 & !_LC019 & !_LC027 & !_LC065 &  _LC069
         #  A1 & !A2 &  B4 & !_LC019 & !_LC027 & !_LC065 &  _LC069;

-- Node name is '|lab17_9:2|lab17_9_sum6:62|lab17_9_sum:2|summator:3|~3~4' = '|lab17_9:2|lab17_9_sum6:62|lab17_9_sum:2|summator:3|p~4' 
-- Equation name is '_LC075', type is buried 
-- synthesized logic cell 
_LC075   = LCELL( _EQ052 $  GND);
  _EQ052 =  A1 &  A2 &  B3 & !B4 & !_LC065 &  _LC066
         #  A1 & !A2 &  B3 &  B4 & !_LC065 &  _LC066
         # !A1 &  A2 &  B3 & !_LC065 &  _LC066 &  _LC077
         #  A1 & !B3 &  B4 & !_LC065 &  _LC066 &  _LC077
         #  A2 &  B3 & !B4 &  _LC046 & !_LC065 &  _LC069;

-- Node name is '|lab17_9:2|lab17_9_sum6:62|lab17_9_sum:2|summator:3|~3~5' = '|lab17_9:2|lab17_9_sum6:62|lab17_9_sum:2|summator:3|p~5' 
-- Equation name is '_LC074', type is buried 
-- synthesized logic cell 
_LC074   = LCELL( _EQ053 $  GND);
  _EQ053 = !A1 &  A2 &  B3 &  _LC046 & !_LC065 &  _LC069
         #  A1 & !B3 &  B4 &  _LC046 & !_LC065 &  _LC069
         #  A1 & !A2 &  B4 &  _LC046 & !_LC065 &  _LC069
         #  A1 &  A2 &  B3 & !B4 & !_LC066 &  _LC077
         #  A1 & !A2 &  B3 &  B4 & !_LC066 &  _LC077;

-- Node name is '|lab17_9:2|lab17_9_sum6:62|lab17_9_sum:2|summator:3|~3~6' = '|lab17_9:2|lab17_9_sum6:62|lab17_9_sum:2|summator:3|p~6' 
-- Equation name is '_LC078', type is buried 
-- synthesized logic cell 
_LC078   = LCELL( _EQ054 $  GND);
  _EQ054 =  A1 &  A2 &  B3 & !B4 &  _LC066 & !_LC077
         #  A1 & !A2 &  B3 &  B4 &  _LC066 & !_LC077
         #  A2 &  B3 & !B4 & !_LC021 & !_LC065 &  _LC069
         # !A1 &  A2 &  B3 & !_LC021 & !_LC065 &  _LC069
         #  A1 & !B3 &  B4 & !_LC021 & !_LC065 &  _LC069;

-- Node name is '|lab17_9:2|lab17_9_sum6:62|lab17_9_sum:2|summator:3|~3~1' 
-- Equation name is '_LC002', type is buried 
-- synthesized logic cell 
_LC002   = LCELL( _EQ055 $  VCC);
  _EQ055 = !_LC068 & !_LC074 & !_LC075 & !_LC078 & !_LC079 &  _X019;
  _X019  = EXP( A1 & !A2 &  B4 & !_LC021 & !_LC065 &  _LC069);

-- Node name is '|lab17_9:2|lab17_9_sum6:62|lab17_9_sum:2|summator:4|half-summator:1|~4~2' = '|lab17_9:2|lab17_9_sum6:62|lab17_9_sum:2|summator:4|half-summator:1|p~2' 
-- Equation name is '_LC064', type is buried 
-- synthesized logic cell 
_LC064   = LCELL( _EQ056 $  GND);
  _EQ056 =  A1 &  A2 &  B1 &  B2 & !C1 &  C2 &  D2
         #  A1 &  A2 &  B1 &  B2 & !C1 &  C2 &  D1
         #  A1 & !A2 &  B1 & !B2 &  C1 & !C2 &  D2
         #  A1 &  A2 &  B1 & !B2 & !C1 & !C2 &  D1
         #  A1 & !A2 &  B1 &  B2 & !C1 & !C2 &  D1;

-- Node name is '|lab17_9:2|lab17_9_sum6:62|lab17_9_sum:2|summator:4|half-summator:1|~4~3' = '|lab17_9:2|lab17_9_sum6:62|lab17_9_sum:2|summator:4|half-summator:1|p~3' 
-- Equation name is '_LC059', type is buried 
-- synthesized logic cell 
_LC059   = LCELL( _EQ057 $  GND);
  _EQ057 =  A1 & !A2 &  B1 & !B2 & !C1 &  C2 &  D1
         #  A1 &  A2 & !B2 &  C1 &  C2 &  D2
         #  A1 &  A2 &  B2 &  C1 & !C2 &  D2
         # !A2 &  B1 &  B2 &  C1 &  C2 &  D2
         #  A1 & !B1 &  B2 &  C1 & !C2 &  D1;

-- Node name is '|lab17_9:2|lab17_9_sum6:62|lab17_9_sum:2|summator:4|half-summator:1|~4~4' = '|lab17_9:2|lab17_9_sum6:62|lab17_9_sum:2|summator:4|half-summator:1|p~4' 
-- Equation name is '_LC057', type is buried 
-- synthesized logic cell 
_LC057   = LCELL( _EQ058 $  GND);
  _EQ058 = !A1 &  A2 &  B1 &  C1 & !C2 &  D1
         #  A2 &  B1 & !B2 & !C1 & !C2 &  D2
         #  A1 & !A2 &  B2 & !C1 & !C2 &  D2
         #  A1 &  B1 & !C1 &  D1 &  D2
         # !A1 &  A2 &  B1 & !C2 &  D2;

-- Node name is '|lab17_9:2|lab17_9_sum6:62|lab17_9_sum:2|summator:4|half-summator:1|~4~5' = '|lab17_9:2|lab17_9_sum6:62|lab17_9_sum:2|summator:4|half-summator:1|p~5' 
-- Equation name is '_LC026', type is buried 
-- synthesized logic cell 
_LC026   = LCELL( _EQ059 $  GND);
  _EQ059 =  A1 &  A2 &  B1 & !B2 &  C1 & !_LC027
         #  A1 & !A2 &  B1 &  B2 &  C1 & !_LC027
         # !A1 &  A2 & !A3 &  B2 & !_LC019 & !_LC027
         #  A1 &  B1 &  C1 &  C2 & !_LC027
         #  A1 &  A3 &  B1 & !_LC019 & !_LC027;

-- Node name is '|lab17_9:2|lab17_9_sum6:62|lab17_9_sum:2|summator:4|half-summator:1|~4~6' = '|lab17_9:2|lab17_9_sum6:62|lab17_9_sum:2|summator:4|half-summator:1|p~6' 
-- Equation name is '_LC024', type is buried 
-- synthesized logic cell 
_LC024   = LCELL( _EQ060 $  GND);
  _EQ060 =  A1 & !B1 &  B2 & !C2 &  D2
         # !B1 & !B2 &  C1 &  C2 &  D1
         # !A1 & !B1 &  C1 &  C2 &  D1
         # !A1 & !A2 &  C1 &  C2 &  D1
         # !A2 & !B2 & !C1 &  C2 &  D2;

-- Node name is '|lab17_9:2|lab17_9_sum6:62|lab17_9_sum:2|summator:4|half-summator:1|~4~7' = '|lab17_9:2|lab17_9_sum6:62|lab17_9_sum:2|summator:4|half-summator:1|p~7' 
-- Equation name is '_LC023', type is buried 
-- synthesized logic cell 
_LC023   = LCELL( _EQ061 $  GND);
  _EQ061 =  A2 &  B1 & !B2 &  C2 & !_LC027
         # !A1 &  A2 &  B1 &  C2 & !_LC027
         #  A1 & !B1 &  B2 &  C2 & !_LC027
         #  A1 & !A2 &  B2 &  C2 & !_LC027
         #  A3 &  B1 & !B2 & !_LC019 & !_LC027;

-- Node name is '|lab17_9:2|lab17_9_sum6:62|lab17_9_sum:2|summator:4|half-summator:1|~4~8' = '|lab17_9:2|lab17_9_sum6:62|lab17_9_sum:2|summator:4|half-summator:1|p~8' 
-- Equation name is '_LC031', type is buried 
-- synthesized logic cell 
_LC031   = LCELL( _EQ062 $  GND);
  _EQ062 = !B1 &  C1 &  D1 &  D2
         # !A1 &  C1 &  D1 &  D2
         # !B1 & !B2 &  C2 &  D2
         # !A1 & !B1 &  C2 &  D2
         # !A1 & !A2 &  C2 &  D2;

-- Node name is '|lab17_9:2|lab17_9_sum6:62|lab17_9_sum:2|summator:4|half-summator:1|~4~1' 
-- Equation name is '_LC080', type is buried 
-- synthesized logic cell 
_LC080   = LCELL( _EQ063 $  GND);
  _EQ063 =  A1 &  B3 & !_LC024 & !_LC031 & !_LC057 & !_LC059 & !_LC064 & 
              _LC066
         #  A1 &  B3 & !_LC023 & !_LC026 &  _LC077 &  _X005 &  _X006 &  _X007;
  _X005  = EXP(!A2 &  A3 &  B1 & !_LC019 & !_LC027);
  _X006  = EXP( A2 & !B1 &  B2 & !_LC019 & !_LC027);
  _X007  = EXP( C3 & !_LC019 & !_LC027);

-- Node name is '|lab17_9:2|lab17_9_sum6:63|lab17_9_sum:2|summator:1|half-summator:1|~3~1' 
-- Equation name is '_LC086', type is buried 
-- synthesized logic cell 
_LC086   = LCELL( _EQ064 $  GND);
  _EQ064 =  _LC018 & !_LC030 & !_LC039 & !_LC040 &  _LC065 & !_LC082 &  _X008
         #  A2 &  A3 &  B3 &  B4 & !_LC042
         #  A1 &  A2 &  B3 &  B4 & !_LC042
         #  _LC082 &  _X013
         # !_LC036 &  _LC042;
  _X008  = EXP( A3 &  A4 & !B1 &  B2 &  C4);
  _X013  = EXP( _LC018 &  _LC065 & !_LC084);

-- Node name is '|lab17_9:2|lab17_9_sum6:63|lab17_9_sum:2|summator:1|half-summator:1|~4~1' 
-- Equation name is '_LC085', type is buried 
-- synthesized logic cell 
_LC085   = LCELL( _EQ065 $  VCC);
  _EQ065 =  _LC018 & !_LC030 & !_LC039 & !_LC040 &  _LC065 &  _LC082 &  _X008
         #  _LC036 &  _LC042
         # !_LC082 &  _X013
         # !_LC036 & !_LC042;
  _X008  = EXP( A3 &  A4 & !B1 &  B2 &  C4);
  _X013  = EXP( _LC018 &  _LC065 & !_LC084);

-- Node name is '|lab17_9:2|lab17_9_sum6:63|lab17_9_sum:2|summator:1|half-summator:2|~4~2' = '|lab17_9:2|lab17_9_sum6:63|lab17_9_sum:2|summator:1|half-summator:2|p~2' 
-- Equation name is '_LC095', type is buried 
-- synthesized logic cell 
_LC095   = LCELL( _EQ066 $  GND);
  _EQ066 = !_LC036 & !_LC042 & !_LC082 & !_LC093
         #  A1 & !A3 &  B3
         # !B3 & !B4
         # !A3 & !B4
         # !A2 & !B3;

-- Node name is '|lab17_9:2|lab17_9_sum6:63|lab17_9_sum:2|summator:1|half-summator:2|~4~1' 
-- Equation name is '_LC083', type is buried 
-- synthesized logic cell 
_LC083   = LCELL( _EQ067 $  _EQ068);
  _EQ067 =  _LC018 & !_LC030 &  _LC036 & !_LC039 & !_LC040 &  _LC042 & 
              _LC065 &  _LC082 & !_LC085 & !_LC095 &  _X008 &  _X020 &  _X021 & 
              _X022
         #  _LC018 & !_LC030 & !_LC036 & !_LC039 & !_LC040 & !_LC042 & 
              _LC065 &  _LC082 & !_LC085 & !_LC095 &  _X008 &  _X020 &  _X021 & 
              _X022
         # !A1 &  A2 &  A3 &  B3 &  B4 & !_LC085 & !_LC095 &  _X020 &  _X021 & 
              _X022
         #  _LC036 &  _LC042 & !_LC082 & !_LC085 & !_LC095 &  _X013 &  _X020 & 
              _X021 &  _X022;
  _X008  = EXP( A3 &  A4 & !B1 &  B2 &  C4);
  _X020  = EXP(!_LC065 & !_LC081);
  _X021  = EXP(!A2 & !A3);
  _X022  = EXP( _LC018 & !_LC030 & !_LC039 & !_LC040 &  _LC065 &  _X008);
  _X013  = EXP( _LC018 &  _LC065 & !_LC084);
  _EQ068 = !_LC085 & !_LC095 &  _X020 &  _X021 &  _X022;
  _X020  = EXP(!_LC065 & !_LC081);
  _X021  = EXP(!A2 & !A3);
  _X022  = EXP( _LC018 & !_LC030 & !_LC039 & !_LC040 &  _LC065 &  _X008);
  _X008  = EXP( A3 &  A4 & !B1 &  B2 &  C4);

-- Node name is '|lab17_9:2|lab17_9_sum6:63|lab17_9_sum:2|summator:2|half-summator:1|~4~1' 
-- Equation name is '_LC092', type is buried 
-- synthesized logic cell 
_LC092   = LCELL( _EQ069 $  VCC);
  _EQ069 =  _LC018 & !_LC030 & !_LC039 & !_LC040 &  _LC065 &  _X008
         # !A1 &  A2 &  A3 &  B3 &  B4
         #  A1 & !A3 &  B3
         # !_LC065 & !_LC081
         #  _X023 &  _X024;
  _X008  = EXP( A3 &  A4 & !B1 &  B2 &  C4);
  _X023  = EXP( A2 &  B4);
  _X024  = EXP( A3 &  B3);

-- Node name is '|lab17_9:2|lab17_9_sum6:63|lab17_9_sum:2|summator:2|half-summator:2|~3~1' 
-- Equation name is '_LC005', type is buried 
-- synthesized logic cell 
_LC005   = LCELL( _EQ070 $ !_LC081);
  _EQ070 = !_LC033 & !_LC048 &  _X025 &  _X026;
  _X025  = EXP(!A2 & !B3 &  _LC065);
  _X026  = EXP(!B3 & !B4 &  _LC065);

-- Node name is '|lab17_9:2|lab17_9_sum6:63|lab17_9_sum:2|summator:2|half-summator:2|~3~2' 
-- Equation name is '_LC033', type is buried 
-- synthesized logic cell 
_LC033   = LCELL( _EQ071 $  GND);
  _EQ071 = !A1 &  A2 &  A3 &  B3 &  B4 &  _LC065
         #  A1 &  A2 &  A3 &  B4 & !_LC065 &  _LC081
         #  A1 &  A3 &  B3 & !_LC065 & !_LC081
         # !A1 &  A2 & !A3 &  B4 & !_LC065
         #  A1 & !A3 &  B3 &  _LC065;

-- Node name is '|lab17_9:2|lab17_9_sum6:63|lab17_9_sum:2|summator:2|half-summator:2|~3~3' 
-- Equation name is '_LC048', type is buried 
-- synthesized logic cell 
_LC048   = LCELL( _EQ072 $  GND);
  _EQ072 =  A2 & !B3 &  B4 & !_LC065
         # !A2 &  A3 &  B3 & !_LC065
         #  A3 &  B3 & !B4 & !_LC065
         # !A2 & !A3 &  _LC065
         # !A3 & !B4 &  _LC065;

-- Node name is '|lab17_9:2|lab17_9_sum6:63|lab17_9_sum:2|summator:3|half-summator:2|~5~1' 
-- Equation name is '_LC047', type is buried 
-- synthesized logic cell 
_LC047   = LCELL( _EQ073 $  GND);
  _EQ073 =  A2 &  B3 & !B4
         # !A1 &  A2 &  B3
         #  A1 & !B3 &  B4
         #  A1 & !A2 &  B4;

-- Node name is '|lab17_9:2|lab17_9_sum6:63|summator:3|half-summator:2|~5~1' 
-- Equation name is '_LC089', type is buried 
-- synthesized logic cell 
_LC089   = LCELL( _EQ074 $  VCC);
  _EQ074 =  _LC036 & !_LC038 &  _LC042 &  _LC083
         #  A4 &  B4 & !_LC038 &  _LC083
         # !_LC038 &  _LC043 &  _LC085
         #  _LC038 & !_LC083 & !_LC085
         # !_LC043 & !_LC083 & !_LC085;

-- Node name is '|lab17_9:2|lab17_9_sum6:63|summator:4|half-summator:2|~5~1' 
-- Equation name is '_LC087', type is buried 
-- synthesized logic cell 
_LC087   = LCELL( _EQ075 $  VCC);
  _EQ075 =  _LC018 & !_LC030 & !_LC038 & !_LC039 & !_LC040 &  _LC065 & 
              _LC082 & !_LC083 &  _X008
         #  _LC036 & !_LC038 &  _LC042 & !_LC083
         # !_LC038 & !_LC082 & !_LC083 &  _X013
         # !_LC036 & !_LC038 & !_LC042 & !_LC083
         # !_LC038 & !_LC043;
  _X008  = EXP( A3 &  A4 & !B1 &  B2 &  C4);
  _X013  = EXP( _LC018 &  _LC065 & !_LC084);

-- Node name is '|lab17_9:2|lab17_9_sum:26|summator:1|half-summator:2|~3~1' 
-- Equation name is '_LC043', type is buried 
-- synthesized logic cell 
_LC043   = LCELL( _EQ076 $  GND);
  _EQ076 =  A2 &  A3 &  B3 &  B4 &  _LC042
         #  A1 &  A2 &  B3 &  B4 &  _LC042
         #  A4 &  B4;

-- Node name is '|lab17_9:2|lab17_9_sum:26|summator:1|half-summator:2|~4~1' 
-- Equation name is '_LC038', type is buried 
-- synthesized logic cell 
_LC038   = LCELL( _EQ077 $  GND);
  _EQ077 =  A1 &  A2 & !A3 &  A4 &  B3 &  B4
         #  A3 &  A4 &  B3 &  B4;

-- Node name is '|lab17_9:2|lab17_9_sum:26|summator:2|half-summator:1|~5~1' 
-- Equation name is '_LC042', type is buried 
-- synthesized logic cell 
_LC042   = LCELL( _EQ078 $  GND);
  _EQ078 =  A4 &  B3 & !B4
         # !A3 &  A4 &  B3
         #  A3 & !B3 &  B4
         #  A3 & !A4 &  B4;

-- Node name is '|lab17_9:2|lab17_9_sum:26|summator:3|~3~1' 
-- Equation name is '_LC036', type is buried 
-- synthesized logic cell 
_LC036   = LCELL( _EQ079 $  GND);
  _EQ079 =  A2 &  A3 &  B3 &  B4
         #  A1 &  A2 &  B3 &  B4;



--     Shareable expanders that are duplicated in multiple LABs:
--    _X010 occurs in LABs B, C




Project Information                                     z:\lab17\lab17_9_2.rpt

** COMPILATION SETTINGS & TIMES **

Processing Menu Commands
------------------------

Design Doctor                             = off

Logic Synthesis:

   Synthesis Type Used                    = Standard

   Default Synthesis Style                = NORMAL

      Logic option settings in 'NORMAL' style for 'MAX7000' family

      DECOMPOSE_GATES                     = on
      DUPLICATE_LOGIC_EXTRACTION          = on
      MINIMIZATION                        = full
      MULTI_LEVEL_FACTORING               = on
      NOT_GATE_PUSH_BACK                  = on
      PARALLEL_EXPANDERS                  = off
      REDUCE_LOGIC                        = on
      REFACTORIZATION                     = on
      REGISTER_OPTIMIZATION               = on
      RESYNTHESIZE_NETWORK                = on
      SLOW_SLEW_RATE                      = off
      SOFT_BUFFER_INSERTION               = on
      SUBFACTOR_EXTRACTION                = on
      TURBO_BIT                           = on
      XOR_SYNTHESIS                       = on
      IGNORE_SOFT_BUFFERS                 = off
      USE_LPM_FOR_AHDL_OPERATORS          = off

   Other logic synthesis settings:

      Automatic Global Clock              = on
      Automatic Global Clear              = on
      Automatic Global Preset             = on
      Automatic Global Output Enable      = on
      Automatic Fast I/O                  = off
      Automatic Register Packing          = off
      Automatic Open-Drain Pins           = on
      Automatic Implement in EAB          = off
      One-Hot State Machine Encoding      = off
      Optimize                            = 5

Default Timing Specifications: None

Cut All Bidir Feedback Timing Paths       = on
Cut All Clear & Preset Timing Paths       = on

Ignore Timing Assignments                 = off

Functional SNF Extractor                  = off

Linked SNF Extractor                      = off
Timing SNF Extractor                      = on
Optimize Timing SNF                       = off
Generate AHDL TDO File                    = off
Fitter Settings                           = NORMAL
Smart Recompile                           = off
Total Recompile                           = off

Interfaces Menu Commands
------------------------

EDIF Netlist Writer                       = off
Verilog Netlist Writer                    = off
VHDL Netlist Writer                       = off

Compilation Times
-----------------

   Compiler Netlist Extractor             00:00:01
   Database Builder                       00:00:00
   Logic Synthesizer                      00:00:00
   Partitioner                            00:00:01
   Fitter                                 00:00:00
   Timing SNF Extractor                   00:00:00
   Assembler                              00:00:00
   --------------------------             --------
   Total Time                             00:00:02


Memory Allocated
-----------------

Peak memory allocated during compilation  = 4,568K
