Project Information                                       z:\lab17\lab17_7.rpt

MAX+plus II Compiler Report File
Version 9.01 07/30/98
Compiled: 12/03/20 17:25:35

Copyright (C) 1988-1998 Altera Corporation
Any megafunction design, and related net list (encrypted or decrypted),
support information, device programming or simulation file, and any other
associated documentation or information provided by Altera or a partner
under Altera's Megafunction Partnership Program may be used only to
program PLD devices (but not masked PLD devices) from Altera.  Any other
use of such megafunction design, net list, support information, device
programming or simulation file, or any other related documentation or
information is prohibited for any other purpose, including, but not
limited to modification, reverse engineering, de-compiling, or use with
any other silicon devices, unless such use is explicitly licensed under
a separate agreement with Altera or a megafunction partner.  Title to
the intellectual property, including patents, copyrights, trademarks,
trade secrets, or maskworks, embodied in any such megafunction design,
net list, support information, device programming or simulation file, or
any other related documentation or information provided by Altera or a
megafunction partner, remains with Altera, the megafunction partner, or
their respective licensors.  No other licenses, including any licenses
needed under any third party's intellectual property, are provided herein.



***** Project compilation was successful




** DEVICE SUMMARY **

Chip/                     Input   Output   Bidir         Shareable
POF       Device          Pins    Pins     Pins     LCs  Expanders  % Utilized

lab17_7   EPM7064LC44-7    8        8        0      46      15          71 %

User Pins:                 8        8        0  



Project Information                                       z:\lab17\lab17_7.rpt

** FILE HIERARCHY **



|7483:28|
|7483:33|
|7483:31|


Device-Specific Information:                              z:\lab17\lab17_7.rpt
lab17_7

***** Logic for device 'lab17_7' compiled without errors.




Device: EPM7064LC44-7

Device Options:
    Turbo Bit                                    = ON
    Security Bit                                 = OFF

                                            R  
                                            E  
                                            S  
                                            E  
                                            R  
                       V  G  G  G  G  G     V  
              A  A  B  C  N  N  N  N  N  C  E  
              2  4  4  C  D  D  D  D  D  2  D  
            -----------------------------------_ 
          /   6  5  4  3  2  1 44 43 42 41 40   | 
      A3 |  7                                39 | RESERVED 
      B1 |  8                                38 | RESERVED 
      B2 |  9                                37 | C1 
     GND | 10                                36 | RESERVED 
      B3 | 11                                35 | VCC 
      C3 | 12         EPM7064LC44-7          34 | C6 
RESERVED | 13                                33 | C5 
RESERVED | 14                                32 | C8 
     VCC | 15                                31 | C7 
RESERVED | 16                                30 | GND 
RESERVED | 17                                29 | RESERVED 
         |_  18 19 20 21 22 23 24 25 26 27 28  _| 
           ------------------------------------ 
              R  R  C  A  G  V  R  R  R  R  R  
              E  E  4  1  N  C  E  E  E  E  E  
              S  S        D  C  S  S  S  S  S  
              E  E              E  E  E  E  E  
              R  R              R  R  R  R  R  
              V  V              V  V  V  V  V  
              E  E              E  E  E  E  E  
              D  D              D  D  D  D  D  


N.C. = Not Connected.
VCC = Dedicated power pin, which MUST be connected to VCC.
GND = Dedicated ground pin or unused dedicated input, which MUST be connected to GND.
RESERVED = Unused I/O pin, which MUST be left unconnected.



Device-Specific Information:                              z:\lab17\lab17_7.rpt
lab17_7

** RESOURCE USAGE **

                                                Shareable     External
Logic Array Block     Logic Cells   I/O Pins    Expanders   Interconnect

A:     LC1 - LC16     1/16(  6%)   8/ 8(100%)   2/16( 12%)   7/36( 19%) 
B:    LC17 - LC32    14/16( 87%)   2/ 8( 25%)  15/16( 93%)  17/36( 47%) 
C:    LC33 - LC48    15/16( 93%)   2/ 8( 25%)  16/16(100%)  22/36( 61%) 
D:    LC49 - LC64    16/16(100%)   4/ 8( 50%)  16/16(100%)  25/36( 69%) 


Total dedicated input pins used:                 0/4      (  0%)
Total I/O pins used:                            16/32     ( 50%)
Total logic cells used:                         46/64     ( 71%)
Total shareable expanders used:                 15/64     ( 23%)
Total Turbo logic cells used:                   46/64     ( 71%)
Total shareable expanders not available (n/a):  34/64     ( 53%)
Average fan-in:                                  8.56
Total fan-in:                                   394

Total input pins required:                       8
Total output pins required:                      8
Total bidirectional pins required:               0
Total logic cells required:                     46
Total flipflops required:                        0
Total product terms required:                  213
Total logic cells lending parallel expanders:    0
Total shareable expanders in database:          11

Synthesized logic cells:                        36/  64   ( 56%)



Device-Specific Information:                              z:\lab17\lab17_7.rpt
lab17_7

** INPUTS **

                                         Shareable
                                         Expanders     Fan-In    Fan-Out
 Pin     LC  LAB  Primitive    Code   Total Shared n/a INP  FBK  OUT  FBK  Name
  21   (17)  (B)      INPUT               0      0   0    0    0    7   34  A1
   6   (11)  (A)      INPUT               0      0   0    0    0    7   34  A2
   7    (8)  (A)      INPUT               0      0   0    0    0    6   36  A3
   5   (14)  (A)      INPUT               0      0   0    0    0    5   37  A4
   8    (5)  (A)      INPUT               0      0   0    0    0    8   36  B1
   9    (4)  (A)      INPUT               0      0   0    0    0    7   36  B2
  11    (3)  (A)      INPUT               0      0   0    0    0    6   35  B3
   4   (16)  (A)      INPUT               0      0   0    0    0    5   31  B4


Code:

s = Synthesized pin or logic cell
t = Turbo logic cell
+ = Synchronous flipflop
! = NOT gate push-back
r = Fitter-inserted logic cell


Device-Specific Information:                              z:\lab17\lab17_7.rpt
lab17_7

** OUTPUTS **

                                         Shareable
                                         Expanders     Fan-In    Fan-Out
 Pin     LC  LAB  Primitive    Code   Total Shared n/a INP  FBK  OUT  FBK  Name
  37     53    D     OUTPUT      t        0      0   0    2    0    0    0  C1
  41     64    D     OUTPUT      t        0      0   0    4    0    0    0  C2
  12      1    A     OUTPUT      t        2      0   1    6    1    0    0  C3
  20     19    B     OUTPUT      t        3      2   1    8    5    0    0  C4
  33     49    D     OUTPUT      t        5      2   1    8    7    0    0  C5
  34     51    D     OUTPUT      t        3      2   0    8   11    0    0  C6
  31     46    C     OUTPUT      t        5      3   0    8    7    0    0  C7
  32     48    C     OUTPUT      t        1      1   0    7    7    0    0  C8


Code:

s = Synthesized pin or logic cell
t = Turbo logic cell
+ = Synchronous flipflop
! = NOT gate push-back
r = Fitter-inserted logic cell


Device-Specific Information:                              z:\lab17\lab17_7.rpt
lab17_7

** BURIED LOGIC **

                                         Shareable
                                         Expanders     Fan-In    Fan-Out
 Pin     LC  LAB  Primitive    Code   Total Shared n/a INP  FBK  OUT  FBK  Name
   -     50    D       SOFT      t        0      0   0    6    0    2   18  |7483:28|C4 (|7483:28|:83)
   -     29    B       SOFT    s t        1      0   1    7    1    0    1  |7483:31|~2~1
 (16)    25    B       SOFT    s t        0      0   0    6    1    0    1  |7483:31|~2~2
   -     31    B       SOFT    s t        1      0   1    6    0    1    0  |7483:31|S1~1 (|7483:31|~42~1)
 (21)    17    B       SOFT      t        1      1   0    6    2    0    6  |7483:31|C4 (|7483:31|:83)
 (17)    24    B       SOFT    s t        1      0   1    8    2    1    0  |7483:33|~2~1
   -     45    C       SOFT    s t        1      0   1    8    1    1    0  |7483:33|~2~2
 (14)    30    B       SOFT    s t        1      0   1    8    2    1    0  |7483:33|~2~3
   -     27    B       SOFT    s t        1      0   1    7    2    1    0  |7483:33|~2~4
   -     26    B       SOFT    s t        1      0   1    7    2    1    0  |7483:33|~2~5
   -     43    C       SOFT    s t        0      0   0    3    1    1    0  |7483:33|~2~6
   -     63    D       SOFT    s t        1      0   1    8    0    1    0  |7483:33|S1~1 (|7483:33|~42~1)
   -     60    D       SOFT    s t        1      0   1    8    0    1    0  |7483:33|S1~2 (|7483:33|~42~2)
 (40)    62    D       SOFT    s t        1      0   1    8    0    1    0  |7483:33|S1~3 (|7483:33|~42~3)
 (19)    20    B       SOFT    s t        1      0   1    7    0    1    0  |7483:33|S1~4 (|7483:33|~42~4)
 (38)    56    D       SOFT    s t        1      0   1    8    0    1    0  |7483:33|S1~5 (|7483:33|~42~5)
   -     55    D       SOFT    s t        1      0   1    8    0    1    0  |7483:33|S2~1 (|7483:33|~43~1)
 (36)    52    D       SOFT    s t        1      0   1    8    0    1    0  |7483:33|S2~2 (|7483:33|~43~2)
 (39)    57    D       SOFT    s t        1      0   1    8    0    1    0  |7483:33|S2~3 (|7483:33|~43~3)
   -     59    D       SOFT    s t        1      0   1    8    0    1    0  |7483:33|S2~4 (|7483:33|~43~4)
   -     61    D       SOFT    s t        1      0   1    8    0    1    0  |7483:33|S2~5 (|7483:33|~43~5)
   -     18    B       SOFT    s t        1      0   1    8    0    1    0  |7483:33|S2~6 (|7483:33|~43~6)
   -     42    C       SOFT    s t        1      0   1    8    1    1    0  |7483:33|S3~1 (|7483:33|~44~1)
   -     44    C       SOFT    s t        1      0   1    8    1    1    0  |7483:33|S3~2 (|7483:33|~44~2)
 (24)    33    C       SOFT    s t        1      0   1    8    1    1    0  |7483:33|S3~3 (|7483:33|~44~3)
 (29)    41    C       SOFT    s t        1      0   1    8    1    1    0  |7483:33|S3~4 (|7483:33|~44~4)
 (28)    40    C       SOFT    s t        1      0   1    8    1    1    0  |7483:33|S3~5 (|7483:33|~44~5)
   -     23    B       SOFT    s t        1      0   1    8    0    1    0  |7483:33|S3~6 (|7483:33|~44~6)
   -     38    C       SOFT    s t        1      0   1    8    1    1    0  |7483:33|S3~7 (|7483:33|~44~7)
   -     22    B       SOFT    s t        1      0   1    8    0    1    0  |7483:33|S3~8 (|7483:33|~44~8)
 (18)    21    B       SOFT    s t        1      0   1    6    1    1    0  |7483:33|S3~9 (|7483:33|~44~9)
   -     58    D       SOFT    s t        0      0   0    8    0    2    0  |7483:33|S3~10 (|7483:33|~44~10)
 (27)    37    C       SOFT    s t        1      0   1    8    1    1    0  |7483:33|S4~1 (|7483:33|~45~1)
 (26)    36    C       SOFT    s t        1      0   1    8    1    1    0  |7483:33|S4~2 (|7483:33|~45~2)
 (25)    35    C       SOFT    s t        1      0   1    8    1    1    0  |7483:33|S4~3 (|7483:33|~45~3)
   -     34    C       SOFT    s t        1      0   1    8    1    1    0  |7483:33|S4~4 (|7483:33|~45~4)
   -     54    D       SOFT    s t        0      0   0    8    0    2    0  |7483:33|S4~5 (|7483:33|~45~5)
   -     47    C       SOFT    s t        0      0   0    2    1    1    0  |7483:33|S4~6 (|7483:33|~45~6)


Code:

s = Synthesized pin or logic cell
t = Turbo logic cell
+ = Synchronous flipflop
! = NOT gate push-back
r = Fitter-inserted logic cell


Device-Specific Information:                              z:\lab17\lab17_7.rpt
lab17_7

** LOGIC CELL INTERCONNECTIONS **

Logic Array Block 'A':

           Logic cells placed in LAB 'A'
        +- LC1 C3
        | 
        |   Other LABs fed by signals
        |   that feed LAB 'A'
LC      | | A B C D |     Logic cells that feed LAB 'A':

Pin
21   -> * | * * * * | <-- A1
6    -> * | * * * * | <-- A2
7    -> * | * * * * | <-- A3
8    -> * | * * * * | <-- B1
9    -> * | * * * * | <-- B2
11   -> * | * * * * | <-- B3
LC31 -> * | * - - - | <-- |7483:31|S1~1


* = The logic cell or pin is an input to the logic cell (or LAB) through the PIA.
- = The logic cell or pin is not an input to the logic cell (or LAB).


Device-Specific Information:                              z:\lab17\lab17_7.rpt
lab17_7

** LOGIC CELL INTERCONNECTIONS **

Logic Array Block 'B':

                                     Logic cells placed in LAB 'B'
        +--------------------------- LC19 C4
        | +------------------------- LC29 |7483:31|~2~1
        | | +----------------------- LC25 |7483:31|~2~2
        | | | +--------------------- LC31 |7483:31|S1~1
        | | | | +------------------- LC17 |7483:31|C4
        | | | | | +----------------- LC24 |7483:33|~2~1
        | | | | | | +--------------- LC30 |7483:33|~2~3
        | | | | | | | +------------- LC27 |7483:33|~2~4
        | | | | | | | | +----------- LC26 |7483:33|~2~5
        | | | | | | | | | +--------- LC20 |7483:33|S1~4
        | | | | | | | | | | +------- LC18 |7483:33|S2~6
        | | | | | | | | | | | +----- LC23 |7483:33|S3~6
        | | | | | | | | | | | | +--- LC22 |7483:33|S3~8
        | | | | | | | | | | | | | +- LC21 |7483:33|S3~9
        | | | | | | | | | | | | | | 
        | | | | | | | | | | | | | |   Other LABs fed by signals
        | | | | | | | | | | | | | |   that feed LAB 'B'
LC      | | | | | | | | | | | | | | | A B C D |     Logic cells that feed LAB 'B':
LC29 -> - - - - * - - - - - - - - - | - * - - | <-- |7483:31|~2~1
LC25 -> - - - - * - - - - - - - - - | - * - - | <-- |7483:31|~2~2
LC17 -> - - - - - * * * * - - - - - | - * * - | <-- |7483:31|C4
LC20 -> * - - - - - - - - - - - - - | - * - - | <-- |7483:33|S1~4

Pin
21   -> * * - * * * * * * * * * * - | * * * * | <-- A1
6    -> * * * * - * * * * * * * * - | * * * * | <-- A2
7    -> * * * * * * * * * - * * * * | * * * * | <-- A3
5    -> * * * - * * * * * * * * * * | - * * * | <-- A4
8    -> * * * * * * * * * * * * * * | * * * * | <-- B1
9    -> * * * * * * * * * * * * * * | * * * * | <-- B2
11   -> * * * * * * * * * * * * * * | * * * * | <-- B3
4    -> * - - - - * * - - * * * * * | - * * * | <-- B4
LC50 -> - * * - - * * * * - - - - * | - * * - | <-- |7483:28|C4
LC63 -> * - - - - - - - - - - - - - | - * - - | <-- |7483:33|S1~1
LC60 -> * - - - - - - - - - - - - - | - * - - | <-- |7483:33|S1~2
LC62 -> * - - - - - - - - - - - - - | - * - - | <-- |7483:33|S1~3
LC56 -> * - - - - - - - - - - - - - | - * - - | <-- |7483:33|S1~5


* = The logic cell or pin is an input to the logic cell (or LAB) through the PIA.
- = The logic cell or pin is not an input to the logic cell (or LAB).


Device-Specific Information:                              z:\lab17\lab17_7.rpt
lab17_7

** LOGIC CELL INTERCONNECTIONS **

Logic Array Block 'C':

                                       Logic cells placed in LAB 'C'
        +----------------------------- LC46 C7
        | +--------------------------- LC48 C8
        | | +------------------------- LC45 |7483:33|~2~2
        | | | +----------------------- LC43 |7483:33|~2~6
        | | | | +--------------------- LC42 |7483:33|S3~1
        | | | | | +------------------- LC44 |7483:33|S3~2
        | | | | | | +----------------- LC33 |7483:33|S3~3
        | | | | | | | +--------------- LC41 |7483:33|S3~4
        | | | | | | | | +------------- LC40 |7483:33|S3~5
        | | | | | | | | | +----------- LC38 |7483:33|S3~7
        | | | | | | | | | | +--------- LC37 |7483:33|S4~1
        | | | | | | | | | | | +------- LC36 |7483:33|S4~2
        | | | | | | | | | | | | +----- LC35 |7483:33|S4~3
        | | | | | | | | | | | | | +--- LC34 |7483:33|S4~4
        | | | | | | | | | | | | | | +- LC47 |7483:33|S4~6
        | | | | | | | | | | | | | | | 
        | | | | | | | | | | | | | | |   Other LABs fed by signals
        | | | | | | | | | | | | | | |   that feed LAB 'C'
LC      | | | | | | | | | | | | | | | | A B C D |     Logic cells that feed LAB 'C':
LC45 -> - * - - - - - - - - - - - - - | - - * - | <-- |7483:33|~2~2
LC43 -> - * - - - - - - - - - - - - - | - - * - | <-- |7483:33|~2~6
LC37 -> * - - - - - - - - - - - - - - | - - * - | <-- |7483:33|S4~1
LC36 -> * - - - - - - - - - - - - - - | - - * - | <-- |7483:33|S4~2
LC35 -> * - - - - - - - - - - - - - - | - - * - | <-- |7483:33|S4~3
LC34 -> * - - - - - - - - - - - - - - | - - * - | <-- |7483:33|S4~4
LC47 -> * - - - - - - - - - - - - - - | - - * - | <-- |7483:33|S4~6

Pin
21   -> * - * - * * * * * * * * * * - | * * * * | <-- A1
6    -> * * * - * * * * * * * * * * - | * * * * | <-- A2
7    -> * * * * * * * * * * * * * * - | * * * * | <-- A3
5    -> * * * * * * * * * * * * * * * | - * * * | <-- A4
8    -> * * * - * * * * * * * * * * - | * * * * | <-- B1
9    -> * * * - * * * * * * * * * * - | * * * * | <-- B2
11   -> * * * - * * * * * * * * * * - | * * * * | <-- B3
4    -> * * * * * * * * * * * * * * * | - * * * | <-- B4
LC50 -> * * * - * * * * * * * * * * - | - * * - | <-- |7483:28|C4
LC17 -> - - - * - - - - - - - - - - * | - * * - | <-- |7483:31|C4
LC24 -> - * - - - - - - - - - - - - - | - - * - | <-- |7483:33|~2~1
LC30 -> - * - - - - - - - - - - - - - | - - * - | <-- |7483:33|~2~3
LC27 -> - * - - - - - - - - - - - - - | - - * - | <-- |7483:33|~2~4
LC26 -> - * - - - - - - - - - - - - - | - - * - | <-- |7483:33|~2~5
LC54 -> * - - - - - - - - - - - - - - | - - * * | <-- |7483:33|S4~5


* = The logic cell or pin is an input to the logic cell (or LAB) through the PIA.
- = The logic cell or pin is not an input to the logic cell (or LAB).


Device-Specific Information:                              z:\lab17\lab17_7.rpt
lab17_7

** LOGIC CELL INTERCONNECTIONS **

Logic Array Block 'D':

                                         Logic cells placed in LAB 'D'
        +------------------------------- LC53 C1
        | +----------------------------- LC64 C2
        | | +--------------------------- LC49 C5
        | | | +------------------------- LC51 C6
        | | | | +----------------------- LC50 |7483:28|C4
        | | | | | +--------------------- LC63 |7483:33|S1~1
        | | | | | | +------------------- LC60 |7483:33|S1~2
        | | | | | | | +----------------- LC62 |7483:33|S1~3
        | | | | | | | | +--------------- LC56 |7483:33|S1~5
        | | | | | | | | | +------------- LC55 |7483:33|S2~1
        | | | | | | | | | | +----------- LC52 |7483:33|S2~2
        | | | | | | | | | | | +--------- LC57 |7483:33|S2~3
        | | | | | | | | | | | | +------- LC59 |7483:33|S2~4
        | | | | | | | | | | | | | +----- LC61 |7483:33|S2~5
        | | | | | | | | | | | | | | +--- LC58 |7483:33|S3~10
        | | | | | | | | | | | | | | | +- LC54 |7483:33|S4~5
        | | | | | | | | | | | | | | | | 
        | | | | | | | | | | | | | | | |   Other LABs fed by signals
        | | | | | | | | | | | | | | | |   that feed LAB 'D'
LC      | | | | | | | | | | | | | | | | | A B C D |     Logic cells that feed LAB 'D':
LC55 -> - - * - - - - - - - - - - - - - | - - - * | <-- |7483:33|S2~1
LC52 -> - - * - - - - - - - - - - - - - | - - - * | <-- |7483:33|S2~2
LC57 -> - - * - - - - - - - - - - - - - | - - - * | <-- |7483:33|S2~3
LC59 -> - - * - - - - - - - - - - - - - | - - - * | <-- |7483:33|S2~4
LC61 -> - - * - - - - - - - - - - - - - | - - - * | <-- |7483:33|S2~5
LC58 -> - - * * - - - - - - - - - - - - | - - - * | <-- |7483:33|S3~10
LC54 -> - - - * - - - - - - - - - - - - | - - * * | <-- |7483:33|S4~5

Pin
21   -> * * * * * * * * * * * * * * * * | * * * * | <-- A1
6    -> - * * * * * * * * * * * * * * * | * * * * | <-- A2
7    -> - - * * * * * * * * * * * * * * | * * * * | <-- A3
5    -> - - * * * * * * * * * * * * * * | - * * * | <-- A4
8    -> * * * * * * * * * * * * * * * * | * * * * | <-- B1
9    -> - * * * * * * * * * * * * * * * | * * * * | <-- B2
11   -> - - * * - * * * * * * * * * * * | * * * * | <-- B3
4    -> - - * * - * * * * * * * * * * * | - * * * | <-- B4
LC18 -> - - * - - - - - - - - - - - - - | - - - * | <-- |7483:33|S2~6
LC42 -> - - - * - - - - - - - - - - - - | - - - * | <-- |7483:33|S3~1
LC44 -> - - - * - - - - - - - - - - - - | - - - * | <-- |7483:33|S3~2
LC33 -> - - - * - - - - - - - - - - - - | - - - * | <-- |7483:33|S3~3
LC41 -> - - - * - - - - - - - - - - - - | - - - * | <-- |7483:33|S3~4
LC40 -> - - - * - - - - - - - - - - - - | - - - * | <-- |7483:33|S3~5
LC23 -> - - - * - - - - - - - - - - - - | - - - * | <-- |7483:33|S3~6
LC38 -> - - - * - - - - - - - - - - - - | - - - * | <-- |7483:33|S3~7
LC22 -> - - - * - - - - - - - - - - - - | - - - * | <-- |7483:33|S3~8
LC21 -> - - - * - - - - - - - - - - - - | - - - * | <-- |7483:33|S3~9


* = The logic cell or pin is an input to the logic cell (or LAB) through the PIA.
- = The logic cell or pin is not an input to the logic cell (or LAB).


Device-Specific Information:                              z:\lab17\lab17_7.rpt
lab17_7

** EQUATIONS **

A1       : INPUT;
A2       : INPUT;
A3       : INPUT;
A4       : INPUT;
B1       : INPUT;
B2       : INPUT;
B3       : INPUT;
B4       : INPUT;

-- Node name is 'C1' 
-- Equation name is 'C1', location is LC053, type is output.
 C1      = LCELL( _EQ001 $  GND);
  _EQ001 =  A1 &  B1;

-- Node name is 'C2' 
-- Equation name is 'C2', location is LC064, type is output.
 C2      = LCELL( _EQ002 $  GND);
  _EQ002 =  A2 &  B1 & !B2
         # !A1 &  A2 &  B1
         #  A1 & !B1 &  B2
         #  A1 & !A2 &  B2;

-- Node name is 'C3' 
-- Equation name is 'C3', location is LC001, type is output.
 C3      = LCELL( _EQ003 $  _EQ004);
  _EQ003 = !A1 &  A2 &  A3 &  B1 &  B2 & !_LC031 &  _X001
         #  A1 &  A2 & !B1 &  B2 &  B3 & !_LC031 &  _X001
         #  A1 &  A3 &  B1 &  B3 & !_LC031 &  _X001
         #  A1 & !A3 &  B1 & !B3 & !_LC031 &  _X001;
  _X001  = EXP(!A1 & !B1 & !B2);
  _EQ004 = !_LC031 &  _X001;
  _X001  = EXP(!A1 & !B1 & !B2);

-- Node name is 'C4' 
-- Equation name is 'C4', location is LC019, type is output.
 C4      = LCELL( _EQ005 $  _EQ006);
  _EQ005 = !A2 &  A3 & !A4 &  B1 & !B2 &  B3 &  B4 & !_LC020 & !_LC056 & 
             !_LC060 & !_LC062 & !_LC063 &  _X002 &  _X003
         #  A2 & !A3 & !A4 &  B1 &  B2 & !B3 &  B4 & !_LC020 & !_LC056 & 
             !_LC060 & !_LC062 & !_LC063 &  _X002 &  _X003
         #  A1 & !A2 &  A3 &  A4 & !B2 &  B3 & !B4 & !_LC020 & !_LC056 & 
             !_LC060 & !_LC062 & !_LC063 &  _X002 &  _X003
         #  A1 &  A2 & !A3 &  A4 &  B2 & !B3 & !B4 & !_LC020 & !_LC056 & 
             !_LC060 & !_LC062 & !_LC063 &  _X002 &  _X003;
  _X002  = EXP( A1 &  A4 &  B1 &  B2 &  B3 &  B4);
  _X003  = EXP( A1 &  A2 &  A3 &  A4 &  B1 &  B4);
  _EQ006 = !_LC020 & !_LC056 & !_LC060 & !_LC062 & !_LC063 &  _X002 &  _X003;
  _X002  = EXP( A1 &  A4 &  B1 &  B2 &  B3 &  B4);
  _X003  = EXP( A1 &  A2 &  A3 &  A4 &  B1 &  B4);

-- Node name is 'C5' 
-- Equation name is 'C5', location is LC049, type is output.
 C5      = LCELL( _EQ007 $  _EQ008);
  _EQ007 = !A1 &  A3 &  A4 & !B1 &  B2 &  B3 &  B4 & !_LC018 & !_LC052 & 
             !_LC055 & !_LC057 & !_LC058 & !_LC059 & !_LC061 &  _X004 & 
              _X005 &  _X006 &  _X007
         #  A1 &  A2 & !A3 &  A4 &  B2 &  B3 & !B4 & !_LC018 & !_LC052 & 
             !_LC055 & !_LC057 & !_LC058 & !_LC059 & !_LC061 &  _X004 & 
              _X005 &  _X006 &  _X007
         #  A2 & !A3 &  A4 &  B1 & !B2 &  B3 &  B4 & !_LC018 & !_LC052 & 
             !_LC055 & !_LC057 & !_LC058 & !_LC059 & !_LC061 &  _X004 & 
              _X005 &  _X006 &  _X007
         #  A2 &  A3 & !A4 &  B1 &  B2 & !B3 &  B4 & !_LC018 & !_LC052 & 
             !_LC055 & !_LC057 & !_LC058 & !_LC059 & !_LC061 &  _X004 & 
              _X005 &  _X006 &  _X007;
  _X004  = EXP(!A1 &  A2 &  A3 & !A4 & !B2 &  B3 &  B4);
  _X005  = EXP( A1 &  A3 &  A4 &  B1 & !B2 &  B3);
  _X006  = EXP(!B2 & !B3 & !B4);
  _X007  = EXP(!A2 & !A3 & !A4);
  _EQ008 = !_LC018 & !_LC052 & !_LC055 & !_LC057 & !_LC058 & !_LC059 & 
             !_LC061 &  _X004 &  _X005 &  _X006 &  _X007;
  _X004  = EXP(!A1 &  A2 &  A3 & !A4 & !B2 &  B3 &  B4);
  _X005  = EXP( A1 &  A3 &  A4 &  B1 & !B2 &  B3);
  _X006  = EXP(!B2 & !B3 & !B4);
  _X007  = EXP(!A2 & !A3 & !A4);

-- Node name is 'C6' 
-- Equation name is 'C6', location is LC051, type is output.
 C6      = LCELL( _EQ009 $  _EQ010);
  _EQ009 = !_LC022 & !_LC023 & !_LC054 & !_LC058 &  _X002 &  _X004 &  _X008;
  _X002  = EXP( A1 &  A4 &  B1 &  B2 &  B3 &  B4);
  _X004  = EXP(!A1 &  A2 &  A3 & !A4 & !B2 &  B3 &  B4);
  _X008  = EXP( A1 &  A2 & !A3 & !A4 &  B3 &  B4);
  _EQ010 = !_LC021 & !_LC033 & !_LC038 & !_LC040 & !_LC041 & !_LC042 & 
             !_LC044;

-- Node name is 'C7' 
-- Equation name is 'C7', location is LC046, type is output.
 C7      = LCELL( _EQ011 $ !_LC047);
  _EQ011 = !_LC034 & !_LC035 & !_LC036 & !_LC037 & !_LC054 &  _X003 &  _X004 & 
              _X009 &  _X010 &  _X011;
  _X003  = EXP( A1 &  A2 &  A3 &  A4 &  B1 &  B4);
  _X004  = EXP(!A1 &  A2 &  A3 & !A4 & !B2 &  B3 &  B4);
  _X009  = EXP( A2 & !A3 &  A4 &  B1 & !B2 &  B3 &  B4 & !_LC050);
  _X010  = EXP( A2 &  A3 &  A4 &  B4 &  _LC050);
  _X011  = EXP( A3 & !B3 &  B4 &  _LC050);

-- Node name is 'C8' 
-- Equation name is 'C8', location is LC048, type is output.
 C8      = LCELL( _EQ012 $ !A3);
  _EQ012 = !_LC024 & !_LC026 & !_LC027 & !_LC030 & !_LC043 & !_LC045 &  _X009;
  _X009  = EXP( A2 & !A3 &  A4 &  B1 & !B2 &  B3 &  B4 & !_LC050);

-- Node name is '|7483:28|:83' = '|7483:28|C4' 
-- Equation name is '_LC050', type is buried 
_LC050   = LCELL( _EQ013 $  GND);
  _EQ013 =  A1 &  A2 &  A4 &  B1 &  B2
         #  A3 &  A4 &  B1 &  B2;

-- Node name is '|7483:31|:83' = '|7483:31|C4' 
-- Equation name is '_LC017', type is buried 
_LC017   = LCELL( _EQ014 $  VCC);
  _EQ014 = !_LC025 & !_LC029 &  _X005;
  _X005  = EXP( A1 &  A3 &  A4 &  B1 & !B2 &  B3);

-- Node name is '|7483:31|~42~1' = '|7483:31|S1~1' 
-- Equation name is '_LC031', type is buried 
-- synthesized logic cell 
_LC031   = LCELL( _EQ015 $  GND);
  _EQ015 = !A1 & !A2 & !A3
         # !A2 & !B1 & !B3
         # !A1 & !A2 & !B1
         # !A1 & !A3 & !B2
         # !B1 & !B2 & !B3;

-- Node name is '|7483:31|~2~1' 
-- Equation name is '_LC029', type is buried 
-- synthesized logic cell 
_LC029   = LCELL( _EQ016 $  GND);
  _EQ016 =  A1 &  A2 &  A3 &  B1 &  B3 &  _LC050
         #  A1 &  A3 &  B1 &  B2 &  B3 &  _LC050
         # !A1 &  A2 &  A4 &  B1 &  B2 &  B3
         #  A1 &  A2 &  A4 & !B1 &  B2 &  B3
         #  A2 &  A3 &  A4 &  B1 &  B3;

-- Node name is '|7483:31|~2~2' 
-- Equation name is '_LC025', type is buried 
-- synthesized logic cell 
_LC025   = LCELL( _EQ017 $  GND);
  _EQ017 =  A2 &  A3 &  B2 &  B3 &  _LC050
         #  A3 &  A4 & !B1 &  B2 &  B3
         #  A4 &  B3 &  _LC050;

-- Node name is '|7483:33|~42~1' = '|7483:33|S1~1' 
-- Equation name is '_LC063', type is buried 
-- synthesized logic cell 
_LC063   = LCELL( _EQ018 $  GND);
  _EQ018 =  A2 & !A3 &  A4 &  B1 & !B2 &  B3 & !B4
         # !A2 &  A3 &  A4 &  B1 &  B2 & !B3 & !B4
         #  A1 &  A2 & !A3 & !A4 & !B2 &  B3 &  B4
         #  A1 & !A2 &  A3 & !A4 &  B2 & !B3 &  B4
         #  A1 &  A2 &  A3 & !A4 &  B1 & !B4;

-- Node name is '|7483:33|~42~2' = '|7483:33|S1~2' 
-- Equation name is '_LC060', type is buried 
-- synthesized logic cell 
_LC060   = LCELL( _EQ019 $  GND);
  _EQ019 =  A1 & !A4 &  B1 &  B2 &  B3 & !B4
         # !A1 & !A2 &  A3 &  A4 &  B1 &  B2
         # !A1 &  A2 &  A3 & !B1 &  B2 &  B3
         #  A1 &  A2 & !B1 & !B2 &  B3 &  B4
         #  A1 & !A2 & !A3 &  A4 &  B1 &  B4;

-- Node name is '|7483:33|~42~3' = '|7483:33|S1~3' 
-- Equation name is '_LC062', type is buried 
-- synthesized logic cell 
_LC062   = LCELL( _EQ020 $  GND);
  _EQ020 =  A1 &  A4 &  B1 & !B2 & !B3 &  B4
         #  A1 &  A3 & !B1 &  B2 &  B4
         # !A1 &  A2 &  A4 &  B1 &  B3
         #  A1 & !A3 & !B1 &  B2 & !B4
         # !A1 &  A2 & !A4 &  B1 & !B3;

-- Node name is '|7483:33|~42~4' = '|7483:33|S1~4' 
-- Equation name is '_LC020', type is buried 
-- synthesized logic cell 
_LC020   = LCELL( _EQ021 $  GND);
  _EQ021 = !A1 & !A2 & !A4 & !B2
         # !B1 & !B2 & !B3 & !B4
         # !A1 & !B1 & !B2 & !B3
         # !A2 & !B1 & !B2 & !B4
         # !A1 & !A2 & !B1 & !B2;

-- Node name is '|7483:33|~42~5' = '|7483:33|S1~5' 
-- Equation name is '_LC056', type is buried 
-- synthesized logic cell 
_LC056   = LCELL( _EQ022 $  GND);
  _EQ022 = !A1 & !A2 & !A3 & !B1
         # !A2 & !A3 & !A4 & !B4
         # !A1 & !A2 & !A3 & !A4
         # !A4 & !B2 & !B3 & !B4
         # !A1 & !A3 & !B1 & !B3;

-- Node name is '|7483:33|~43~1' = '|7483:33|S2~1' 
-- Equation name is '_LC055', type is buried 
-- synthesized logic cell 
_LC055   = LCELL( _EQ023 $  GND);
  _EQ023 = !A1 &  A2 &  A3 &  A4 & !B1 &  B3 &  B4
         #  A1 & !A2 &  A3 &  A4 & !B1 & !B3 &  B4
         #  A2 & !A3 &  A4 & !B1 &  B2 & !B3 &  B4
         # !A2 &  A3 &  A4 & !B1 &  B2 &  B3 & !B4
         #  A1 &  A3 &  A4 &  B1 &  B2 & !B3;

-- Node name is '|7483:33|~43~2' = '|7483:33|S2~2' 
-- Equation name is '_LC052', type is buried 
-- synthesized logic cell 
_LC052   = LCELL( _EQ024 $  GND);
  _EQ024 =  A2 &  A4 &  B1 &  B2 &  B3 & !B4
         #  A1 &  A2 &  A3 & !A4 & !B1 &  B2
         #  A1 &  A2 &  A4 &  B1 & !B2 & !B3
         #  A1 &  A2 &  A3 &  B1 & !B2 & !B4
         #  A1 & !A2 & !A3 &  B1 &  B2 &  B4;

-- Node name is '|7483:33|~43~3' = '|7483:33|S2~3' 
-- Equation name is '_LC057', type is buried 
-- synthesized logic cell 
_LC057   = LCELL( _EQ025 $  GND);
  _EQ025 =  A1 &  A2 &  A4 &  B1 & !B3 & !B4
         #  A1 & !A3 & !A4 &  B1 &  B2 & !B3
         # !A1 &  A2 & !A4 &  B2 &  B3 & !B4
         #  A1 & !A2 & !A4 &  B1 & !B2 &  B4
         #  A1 & !A2 & !A4 &  B1 &  B2 & !B4;

-- Node name is '|7483:33|~43~4' = '|7483:33|S2~4' 
-- Equation name is '_LC059', type is buried 
-- synthesized logic cell 
_LC059   = LCELL( _EQ026 $  GND);
  _EQ026 =  A1 & !A2 &  A4 &  B1 & !B2 & !B4
         #  A1 &  A2 &  A3 &  A4 &  B1
         #  A1 &  B1 &  B2 &  B3 &  B4
         #  A2 &  A3 &  A4 &  B1 & !B4
         #  A1 & !A4 &  B2 &  B3 &  B4;

-- Node name is '|7483:33|~43~5' = '|7483:33|S2~5' 
-- Equation name is '_LC061', type is buried 
-- synthesized logic cell 
_LC061   = LCELL( _EQ027 $  GND);
  _EQ027 =  A1 & !A3 & !A4 & !B2 &  B3
         #  A1 & !A3 & !B1 & !B2 &  B3
         # !A1 & !A2 &  A3 &  B1 & !B3
         # !A3 & !A4 & !B2 & !B4
         # !A3 & !A4 & !B3 & !B4;

-- Node name is '|7483:33|~43~6' = '|7483:33|S2~6' 
-- Equation name is '_LC018', type is buried 
-- synthesized logic cell 
_LC018   = LCELL( _EQ028 $  GND);
  _EQ028 = !A4 & !B1 & !B3 & !B4
         # !A3 & !B1 & !B2 & !B4
         # !A2 & !B1 & !B2 & !B3
         # !A1 & !A2 & !A4 & !B3
         # !A1 & !A2 & !A3 & !B2;

-- Node name is '|7483:33|~44~1' = '|7483:33|S3~1' 
-- Equation name is '_LC042', type is buried 
-- synthesized logic cell 
_LC042   = LCELL( _EQ029 $  GND);
  _EQ029 =  A1 & !A2 &  A3 &  B1 &  B2 &  B3 &  B4 &  _LC050
         # !A1 & !A2 &  A3 &  A4 &  B1 &  B3 &  B4 &  _LC050
         #  A1 & !A2 &  A3 &  B1 &  B2 &  B3 & !B4 & !_LC050
         #  A1 &  A2 &  A3 & !A4 &  B1 &  B3 & !B4 & !_LC050
         #  A1 &  A2 & !A4 &  B1 &  B3 &  B4 &  _LC050;

-- Node name is '|7483:33|~44~2' = '|7483:33|S3~2' 
-- Equation name is '_LC044', type is buried 
-- synthesized logic cell 
_LC044   = LCELL( _EQ030 $  GND);
  _EQ030 =  A1 &  A2 &  A4 &  B1 &  B3 &  B4 & !_LC050
         #  A3 &  A4 & !B1 & !B2 &  B3 &  B4 &  _LC050
         #  A1 & !A2 &  A3 &  B1 & !B2 & !B4 &  _LC050
         # !A1 &  A2 &  A3 &  B1 & !B2 & !B4 &  _LC050
         #  A2 &  A3 & !A4 &  B2 &  B3 & !B4 & !_LC050;

-- Node name is '|7483:33|~44~3' = '|7483:33|S3~3' 
-- Equation name is '_LC033', type is buried 
-- synthesized logic cell 
_LC033   = LCELL( _EQ031 $  GND);
  _EQ031 = !A1 &  A2 &  A3 &  B1 & !B2 &  B4 & !_LC050
         #  A1 & !A2 &  A3 &  B1 & !B2 &  B4 & !_LC050
         # !A1 &  A4 & !B1 &  B2 &  B3 &  B4 & !_LC050
         # !A1 & !A2 &  A4 &  B1 &  B3 & !B4 & !_LC050
         #  A2 &  A3 &  A4 &  B2 & !B4 &  _LC050;

-- Node name is '|7483:33|~44~4' = '|7483:33|S3~4' 
-- Equation name is '_LC041', type is buried 
-- synthesized logic cell 
_LC041   = LCELL( _EQ032 $  GND);
  _EQ032 =  A2 &  A3 &  A4 &  B1 & !B4 &  _LC050
         #  A2 & !A4 &  B2 &  B3 &  B4 &  _LC050
         #  A2 &  A3 &  A4 &  B2 &  B4 & !_LC050
         #  A1 &  A2 & !A3 & !B1 &  B2 &  _LC050
         # !A1 &  A2 & !A3 &  B1 &  B2 &  _LC050;

-- Node name is '|7483:33|~44~5' = '|7483:33|S3~5' 
-- Equation name is '_LC040', type is buried 
-- synthesized logic cell 
_LC040   = LCELL( _EQ033 $  GND);
  _EQ033 =  A1 & !A3 &  A4 &  B1 &  B3 & !_LC050
         # !A2 &  A3 & !B1 &  B2 & !B4 &  _LC050
         # !A2 &  A3 & !B1 &  B2 &  B4 & !_LC050
         # !A1 & !A3 &  A4 & !B1 &  B3 & !_LC050
         #  A4 & !B1 & !B2 &  B3 & !B4 & !_LC050;

-- Node name is '|7483:33|~44~6' = '|7483:33|S3~6' 
-- Equation name is '_LC023', type is buried 
-- synthesized logic cell 
_LC023   = LCELL( _EQ034 $  GND);
  _EQ034 =  A2 & !A3 &  A4 &  B1 & !B2 &  B3 &  B4
         #  A2 &  A3 & !A4 &  B1 &  B2 & !B3 &  B4
         #  A1 & !A2 & !A3 &  A4 &  B1 &  B2 &  B4
         #  A1 &  A3 & !A4 & !B1 &  B2 &  B3 &  B4
         #  A1 &  A2 &  A4 & !B2 &  B3 &  B4;

-- Node name is '|7483:33|~44~7' = '|7483:33|S3~7' 
-- Equation name is '_LC038', type is buried 
-- synthesized logic cell 
_LC038   = LCELL( _EQ035 $  GND);
  _EQ035 = !A1 & !A2 &  A3 & !A4 &  B4 & !_LC050
         #  A3 & !A4 & !B1 & !B2 &  B4 & !_LC050
         # !A3 &  A4 & !B2 &  B3 & !_LC050
         # !A2 & !A3 &  A4 &  B3 & !_LC050
         # !A1 & !A2 & !A4 & !B4 &  _LC050;

-- Node name is '|7483:33|~44~8' = '|7483:33|S3~8' 
-- Equation name is '_LC022', type is buried 
-- synthesized logic cell 
_LC022   = LCELL( _EQ036 $  GND);
  _EQ036 =  A2 &  A3 &  A4 & !B1 &  B3 &  B4
         #  A1 &  A2 &  A4 &  B1 & !B2 &  B4
         #  A1 &  A2 &  A3 & !B1 &  B3 &  B4
         #  A1 &  A2 & !A4 &  B1 &  B2 &  B4
         #  A2 &  A4 & !B1 &  B2 & !B3 &  B4;

-- Node name is '|7483:33|~44~9' = '|7483:33|S3~9' 
-- Equation name is '_LC021', type is buried 
-- synthesized logic cell 
_LC021   = LCELL( _EQ037 $  GND);
  _EQ037 = !A4 & !B1 & !B2 & !B4 &  _LC050
         #  A3 & !B3 &  B4 & !_LC050
         # !A3 & !A4 &  _LC050
         # !A3 & !B3 &  _LC050
         # !B3 & !B4 &  _LC050;

-- Node name is '|7483:33|~44~10' = '|7483:33|S3~10' 
-- Equation name is '_LC058', type is buried 
-- synthesized logic cell 
_LC058   = LCELL( _EQ038 $  GND);
  _EQ038 = !A1 &  A2 & !A3 &  A4 &  B2 & !B3 &  B4
         # !A1 &  A2 &  A4 & !B1 &  B2 &  B4;

-- Node name is '|7483:33|~45~1' = '|7483:33|S4~1' 
-- Equation name is '_LC037', type is buried 
-- synthesized logic cell 
_LC037   = LCELL( _EQ039 $  GND);
  _EQ039 =  A1 & !A2 &  A4 &  B1 &  B2 & !B3 &  B4 &  _LC050
         #  A1 &  A2 &  A4 &  B1 & !B2 & !B3 &  B4 &  _LC050
         # !A1 & !A2 &  A3 &  A4 &  B1 &  B3 &  B4 & !_LC050
         # !A1 &  A2 &  A4 & !B1 &  B2 &  B3 &  B4 & !_LC050
         #  A1 &  A3 &  A4 &  B1 &  B2 &  B3 &  B4;

-- Node name is '|7483:33|~45~2' = '|7483:33|S4~2' 
-- Equation name is '_LC036', type is buried 
-- synthesized logic cell 
_LC036   = LCELL( _EQ040 $  GND);
  _EQ040 =  A1 &  A2 & !A4 &  B1 &  B2 &  B4 &  _LC050
         #  A1 &  A4 &  B1 &  B2 &  B3 &  B4 & !_LC050
         # !A1 &  A2 &  A4 &  B2 & !B3 &  B4 &  _LC050
         #  A2 &  A4 & !B1 &  B2 & !B3 &  B4 &  _LC050
         #  A1 & !A2 &  A3 &  B1 & !B2 &  B4 &  _LC050;

-- Node name is '|7483:33|~45~3' = '|7483:33|S4~3' 
-- Equation name is '_LC035', type is buried 
-- synthesized logic cell 
_LC035   = LCELL( _EQ041 $  GND);
  _EQ041 =  A1 &  A2 & !A3 & !A4 &  B3 &  B4 &  _LC050
         #  A1 &  A3 & !A4 &  B2 &  B3 &  B4 & !_LC050
         #  A1 &  A2 &  A4 & !B2 &  B3 &  B4 & !_LC050
         #  A2 &  A3 & !A4 &  B1 &  B2 &  B4 & !_LC050
         #  A3 &  A4 & !B1 & !B2 &  B3 &  B4 & !_LC050;

-- Node name is '|7483:33|~45~4' = '|7483:33|S4~4' 
-- Equation name is '_LC034', type is buried 
-- synthesized logic cell 
_LC034   = LCELL( _EQ042 $  GND);
  _EQ042 =  A3 &  A4 & !B1 &  B2 &  B4 &  _LC050
         #  A2 &  A3 &  A4 & !B1 &  B2 &  B4
         #  A1 &  A3 & !A4 & !B1 &  B4 &  _LC050
         #  A2 &  A3 & !A4 &  B3 &  B4 & !_LC050
         # !A1 & !A2 &  A3 & !A4 &  B4 &  _LC050;

-- Node name is '|7483:33|~45~5' = '|7483:33|S4~5' 
-- Equation name is '_LC054', type is buried 
-- synthesized logic cell 
_LC054   = LCELL( _EQ043 $  GND);
  _EQ043 =  A1 & !A2 &  A3 & !A4 &  B1 & !B2 &  B3 &  B4
         #  A1 &  A3 &  A4 & !B1 &  B2 & !B3 &  B4
         #  A1 &  A2 &  A3 &  B2 &  B4;

-- Node name is '|7483:33|~45~6' = '|7483:33|S4~6' 
-- Equation name is '_LC047', type is buried 
-- synthesized logic cell 
_LC047   = LCELL( _EQ044 $  GND);
  _EQ044 =  A4 &  B4 & !_LC017
         # !A4 &  _LC017
         # !B4 &  _LC017;

-- Node name is '|7483:33|~2~1' 
-- Equation name is '_LC024', type is buried 
-- synthesized logic cell 
_LC024   = LCELL( _EQ045 $  GND);
  _EQ045 =  A1 &  A2 & !A3 &  A4 &  B1 & !B2 & !B3 &  B4 &  _LC050
         #  A1 & !A2 & !A3 &  A4 &  B1 &  B2 & !B3 &  B4 &  _LC050
         # !A1 &  A2 & !A3 &  A4 & !B1 &  B2 &  B3 &  B4 & !_LC050
         #  A1 &  A2 & !A3 &  B1 &  B2 &  B4 &  _LC017 &  _LC050
         #  A1 & !A3 &  A4 &  B1 &  B2 &  B3 &  B4 & !_LC050;

-- Node name is '|7483:33|~2~2' 
-- Equation name is '_LC045', type is buried 
-- synthesized logic cell 
_LC045   = LCELL( _EQ046 $  GND);
  _EQ046 =  A1 &  A2 &  A3 & !A4 &  B1 & !B2 &  B3 &  _LC050
         #  A1 & !A2 &  A3 & !A4 &  B1 &  B2 &  B3 &  _LC050
         # !A1 &  A2 & !A3 &  A4 &  B2 & !B3 &  B4 &  _LC050
         #  A2 & !A3 &  A4 & !B1 &  B2 & !B3 &  B4 &  _LC050
         #  A1 &  A2 & !A3 &  A4 & !B2 &  B3 &  B4 & !_LC050;

-- Node name is '|7483:33|~2~3' 
-- Equation name is '_LC030', type is buried 
-- synthesized logic cell 
_LC030   = LCELL( _EQ047 $  GND);
  _EQ047 =  A1 &  A2 & !A3 &  B3 &  B4 &  _LC017 &  _LC050
         # !A1 &  A2 &  A3 & !A4 &  B2 &  B3 &  _LC050
         # !A1 & !A2 &  A3 &  B1 &  B3 & !_LC017 &  _LC050
         #  A1 & !A2 &  A3 &  B1 & !B2 & !_LC017 & !_LC050
         # !A2 &  A3 & !B1 & !B2 &  B3 & !_LC017 &  _LC050;

-- Node name is '|7483:33|~2~4' 
-- Equation name is '_LC027', type is buried 
-- synthesized logic cell 
_LC027   = LCELL( _EQ048 $  GND);
  _EQ048 = !A2 &  A3 & !B1 &  B2 &  B3 & !_LC017 & !_LC050
         # !A1 & !A2 &  A3 & !B1 &  B2 & !_LC017 & !_LC050
         # !A1 &  A2 &  A3 &  B1 & !_LC017 & !_LC050
         # !A2 &  A3 &  B1 & !B3 & !_LC017 & !_LC050
         # !A2 &  A3 & !A4 & !B1 & !B2 & !_LC050;

-- Node name is '|7483:33|~2~5' 
-- Equation name is '_LC026', type is buried 
-- synthesized logic cell 
_LC026   = LCELL( _EQ049 $  GND);
  _EQ049 = !A1 &  A3 & !A4 & !B1 & !B3 & !_LC050
         #  A3 & !B1 & !B2 & !B3 & !_LC017 & !_LC050
         # !A1 & !A2 &  A3 & !A4 & !_LC050
         #  A3 & !A4 & !B2 & !B3 & !_LC050
         # !A2 &  A3 & !A4 & !B3 & !_LC050;

-- Node name is '|7483:33|~2~6' 
-- Equation name is '_LC043', type is buried 
-- synthesized logic cell 
_LC043   = LCELL( _EQ050 $  GND);
  _EQ050 = !A3 &  A4 &  B4 &  _LC017
         #  A3 & !A4 & !_LC017
         #  A3 & !B4;



--     Shareable expanders that are duplicated in multiple LABs:
--    _X002 occurs in LABs B, D
--    _X003 occurs in LABs B, C
--    _X004 occurs in LABs C, D
--    _X005 occurs in LABs B, D




Project Information                                       z:\lab17\lab17_7.rpt

** COMPILATION SETTINGS & TIMES **

Processing Menu Commands
------------------------

Design Doctor                             = off

Logic Synthesis:

   Synthesis Type Used                    = Standard

   Default Synthesis Style                = NORMAL

      Logic option settings in 'NORMAL' style for 'MAX7000' family

      DECOMPOSE_GATES                     = on
      DUPLICATE_LOGIC_EXTRACTION          = on
      MINIMIZATION                        = full
      MULTI_LEVEL_FACTORING               = on
      NOT_GATE_PUSH_BACK                  = on
      PARALLEL_EXPANDERS                  = off
      REDUCE_LOGIC                        = on
      REFACTORIZATION                     = on
      REGISTER_OPTIMIZATION               = on
      RESYNTHESIZE_NETWORK                = on
      SLOW_SLEW_RATE                      = off
      SOFT_BUFFER_INSERTION               = on
      SUBFACTOR_EXTRACTION                = on
      TURBO_BIT                           = on
      XOR_SYNTHESIS                       = on
      IGNORE_SOFT_BUFFERS                 = off
      USE_LPM_FOR_AHDL_OPERATORS          = off

   Other logic synthesis settings:

      Automatic Global Clock              = on
      Automatic Global Clear              = on
      Automatic Global Preset             = on
      Automatic Global Output Enable      = on
      Automatic Fast I/O                  = off
      Automatic Register Packing          = off
      Automatic Open-Drain Pins           = on
      Automatic Implement in EAB          = off
      One-Hot State Machine Encoding      = off
      Optimize                            = 5

Default Timing Specifications: None

Cut All Bidir Feedback Timing Paths       = on
Cut All Clear & Preset Timing Paths       = on

Ignore Timing Assignments                 = off

Functional SNF Extractor                  = off

Linked SNF Extractor                      = off
Timing SNF Extractor                      = on
Optimize Timing SNF                       = off
Generate AHDL TDO File                    = off
Fitter Settings                           = NORMAL
Smart Recompile                           = off
Total Recompile                           = off

Interfaces Menu Commands
------------------------

EDIF Netlist Writer                       = off
Verilog Netlist Writer                    = off
VHDL Netlist Writer                       = off

Compilation Times
-----------------

   Compiler Netlist Extractor             00:00:00
   Database Builder                       00:00:00
   Logic Synthesizer                      00:00:00
   Partitioner                            00:00:00
   Fitter                                 00:00:00
   Timing SNF Extractor                   00:00:01
   Assembler                              00:00:00
   --------------------------             --------
   Total Time                             00:00:01


Memory Allocated
-----------------

Peak memory allocated during compilation  = 3,164K
