Project Information                                       z:\lab17\lab17_6.rpt

MAX+plus II Compiler Report File
Version 9.01 07/30/98
Compiled: 12/02/20 20:37:03

Copyright (C) 1988-1998 Altera Corporation
Any megafunction design, and related net list (encrypted or decrypted),
support information, device programming or simulation file, and any other
associated documentation or information provided by Altera or a partner
under Altera's Megafunction Partnership Program may be used only to
program PLD devices (but not masked PLD devices) from Altera.  Any other
use of such megafunction design, net list, support information, device
programming or simulation file, or any other related documentation or
information is prohibited for any other purpose, including, but not
limited to modification, reverse engineering, de-compiling, or use with
any other silicon devices, unless such use is explicitly licensed under
a separate agreement with Altera or a megafunction partner.  Title to
the intellectual property, including patents, copyrights, trademarks,
trade secrets, or maskworks, embodied in any such megafunction design,
net list, support information, device programming or simulation file, or
any other related documentation or information provided by Altera or a
megafunction partner, remains with Altera, the megafunction partner, or
their respective licensors.  No other licenses, including any licenses
needed under any third party's intellectual property, are provided herein.



***** Project compilation was successful




** DEVICE SUMMARY **

Chip/                     Input   Output   Bidir         Shareable
POF       Device          Pins    Pins     Pins     LCs  Expanders  % Utilized

lab17_6   EPM7032LC44-6    8        3        0      7       4           21 %

User Pins:                 8        3        0  



Project Information                                       z:\lab17\lab17_6.rpt

** FILE HIERARCHY **



|74181:1|
|74181:77|


Device-Specific Information:                              z:\lab17\lab17_6.rpt
lab17_6

***** Logic for device 'lab17_6' compiled without errors.




Device: EPM7032LC44-6

Device Options:
    Turbo Bit                                    = ON
    Security Bit                                 = OFF

                                                  
                                                  
                                                  
                                            R  R  
                                            E  E  
                                            S  S  
                                            E  E  
                                            R  R  
                 B  B  B  V  G  G  G  G  G  V  V  
                 1  2  0  C  N  N  N  N  N  E  E  
                 N  N  N  C  D  D  D  D  D  D  D  
               -----------------------------------_ 
             /   6  5  4  3  2  1 44 43 42 41 40   | 
        A3N |  7                                39 | IS_EQUAL 
        A2N |  8                                38 | RESERVED 
        A1N |  9                                37 | A_IS_BIGGER 
        GND | 10                                36 | B_IS_BIGGER 
        A0N | 11                                35 | VCC 
        B3N | 12         EPM7032LC44-6          34 | RESERVED 
   RESERVED | 13                                33 | RESERVED 
   RESERVED | 14                                32 | RESERVED 
        VCC | 15                                31 | RESERVED 
   RESERVED | 16                                30 | GND 
   RESERVED | 17                                29 | RESERVED 
            |_  18 19 20 21 22 23 24 25 26 27 28  _| 
              ------------------------------------ 
                 R  R  R  R  G  V  R  R  R  R  R  
                 E  E  E  E  N  C  E  E  E  E  E  
                 S  S  S  S  D  C  S  S  S  S  S  
                 E  E  E  E        E  E  E  E  E  
                 R  R  R  R        R  R  R  R  R  
                 V  V  V  V        V  V  V  V  V  
                 E  E  E  E        E  E  E  E  E  
                 D  D  D  D        D  D  D  D  D  
                                                  
                                                  
                                                  


N.C. = Not Connected.
VCC = Dedicated power pin, which MUST be connected to VCC.
GND = Dedicated ground pin or unused dedicated input, which MUST be connected to GND.
RESERVED = Unused I/O pin, which MUST be left unconnected.



Device-Specific Information:                              z:\lab17\lab17_6.rpt
lab17_6

** RESOURCE USAGE **

                                                Shareable     External
Logic Array Block     Logic Cells   I/O Pins    Expanders   Interconnect

A:     LC1 - LC16     0/16(  0%)   8/16( 50%)   0/16(  0%)   0/36(  0%) 
B:    LC17 - LC32     7/16( 43%)   3/16( 18%)   5/16( 31%)  12/36( 33%) 


Total dedicated input pins used:                 0/4      (  0%)
Total I/O pins used:                            11/32     ( 34%)
Total logic cells used:                          7/32     ( 21%)
Total shareable expanders used:                  4/32     ( 12%)
Total Turbo logic cells used:                    7/32     ( 21%)
Total shareable expanders not available (n/a):   1/32     (  3%)
Average fan-in:                                  4.14
Total fan-in:                                    29

Total input pins required:                       8
Total output pins required:                      3
Total bidirectional pins required:               0
Total logic cells required:                      7
Total flipflops required:                        0
Total product terms required:                   20
Total logic cells lending parallel expanders:    0
Total shareable expanders in database:           4

Synthesized logic cells:                         0/  32   (  0%)



Device-Specific Information:                              z:\lab17\lab17_6.rpt
lab17_6

** INPUTS **

                                         Shareable
                                         Expanders     Fan-In    Fan-Out
 Pin     LC  LAB  Primitive    Code   Total Shared n/a INP  FBK  OUT  FBK  Name
  11    (7)  (A)      INPUT               0      0   0    0    0    2    1  A0N
   9    (6)  (A)      INPUT               0      0   0    0    0    2    1  A1N
   8    (5)  (A)      INPUT               0      0   0    0    0    2    1  A2N
   7    (4)  (A)      INPUT               0      0   0    0    0    2    1  A3N
   4    (1)  (A)      INPUT               0      0   0    0    0    0    1  B0N
   6    (3)  (A)      INPUT               0      0   0    0    0    0    1  B1N
   5    (2)  (A)      INPUT               0      0   0    0    0    1    1  B2N
  12    (8)  (A)      INPUT               0      0   0    0    0    0    1  B3N


Code:

s = Synthesized pin or logic cell
t = Turbo logic cell
+ = Synchronous flipflop
! = NOT gate push-back
r = Fitter-inserted logic cell


Device-Specific Information:                              z:\lab17\lab17_6.rpt
lab17_6

** OUTPUTS **

                                         Shareable
                                         Expanders     Fan-In    Fan-Out
 Pin     LC  LAB  Primitive    Code   Total Shared n/a INP  FBK  OUT  FBK  Name
  37     21    B     OUTPUT      t        4      1   0    5    4    0    0  A_IS_BIGGER
  36     22    B     OUTPUT      t        2      1   1    4    4    0    0  B_IS_BIGGER
  39     19    B     OUTPUT      t        0      0   0    0    4    0    0  IS_EQUAL


Code:

s = Synthesized pin or logic cell
t = Turbo logic cell
+ = Synchronous flipflop
! = NOT gate push-back
r = Fitter-inserted logic cell


Device-Specific Information:                              z:\lab17\lab17_6.rpt
lab17_6

** BURIED LOGIC **

                                         Shareable
                                         Expanders     Fan-In    Fan-Out
 Pin     LC  LAB  Primitive    Code   Total Shared n/a INP  FBK  OUT  FBK  Name
 (40)    18    B       SOFT      t        0      0   0    2    0    3    0  |74181:1|F3N (|74181:1|:84)
 (41)    17    B       SOFT      t        0      0   0    2    0    3    0  |74181:1|F2N (|74181:1|:85)
 (38)    20    B       SOFT      t        0      0   0    2    0    3    0  |74181:1|F1N (|74181:1|:86)
 (34)    23    B       SOFT      t        0      0   0    2    0    3    0  |74181:1|F0N (|74181:1|:87)


Code:

s = Synthesized pin or logic cell
t = Turbo logic cell
+ = Synchronous flipflop
! = NOT gate push-back
r = Fitter-inserted logic cell


Device-Specific Information:                              z:\lab17\lab17_6.rpt
lab17_6

** LOGIC CELL INTERCONNECTIONS **

Logic Array Block 'B':

                       Logic cells placed in LAB 'B'
        +------------- LC21 A_IS_BIGGER
        | +----------- LC22 B_IS_BIGGER
        | | +--------- LC19 IS_EQUAL
        | | | +------- LC18 |74181:1|F3N
        | | | | +----- LC17 |74181:1|F2N
        | | | | | +--- LC20 |74181:1|F1N
        | | | | | | +- LC23 |74181:1|F0N
        | | | | | | | 
        | | | | | | |   Other LABs fed by signals
        | | | | | | |   that feed LAB 'B'
LC      | | | | | | | | A B |     Logic cells that feed LAB 'B':
LC18 -> * * * - - - - | - * | <-- |74181:1|F3N
LC17 -> * * * - - - - | - * | <-- |74181:1|F2N
LC20 -> * * * - - - - | - * | <-- |74181:1|F1N
LC23 -> * * * - - - - | - * | <-- |74181:1|F0N

Pin
11   -> * * - - - - * | - * | <-- A0N
9    -> * * - - - * - | - * | <-- A1N
8    -> * * - - * - - | - * | <-- A2N
7    -> * * - * - - - | - * | <-- A3N
4    -> - - - - - - * | - * | <-- B0N
6    -> - - - - - * - | - * | <-- B1N
5    -> * - - - * - - | - * | <-- B2N
12   -> - - - * - - - | - * | <-- B3N


* = The logic cell or pin is an input to the logic cell (or LAB) through the PIA.
- = The logic cell or pin is not an input to the logic cell (or LAB).


Device-Specific Information:                              z:\lab17\lab17_6.rpt
lab17_6

** EQUATIONS **

A0N      : INPUT;
A1N      : INPUT;
A2N      : INPUT;
A3N      : INPUT;
B0N      : INPUT;
B1N      : INPUT;
B2N      : INPUT;
B3N      : INPUT;

-- Node name is 'A_IS_BIGGER' 
-- Equation name is 'A_IS_BIGGER', location is LC021, type is output.
 A_IS_BIGGER = LCELL( _EQ001 $  VCC);
  _EQ001 =  _LC017 &  _LC018 &  _LC020 &  _LC023
         #  _X001 &  _X002 &  _X003 &  _X004;
  _X001  = EXP( A1N &  _LC017 &  _LC018 & !_LC020);
  _X002  = EXP( A3N & !_LC018);
  _X003  = EXP( A0N &  _LC017 &  _LC018 &  _LC020 & !_LC023);
  _X004  = EXP( A2N & !B2N &  _LC018);

-- Node name is 'B_IS_BIGGER' 
-- Equation name is 'B_IS_BIGGER', location is LC022, type is output.
 B_IS_BIGGER = LCELL( _EQ002 $  _EQ003);
  _EQ002 =  _LC017 &  _LC018 &  _LC020 &  _LC023 &  _X003
         #  A1N &  _LC017 &  _LC018 & !_LC020 &  _X003
         #  A2N & !_LC017 &  _LC018 &  _X003
         #  A3N & !_LC018 &  _X003;
  _X003  = EXP( A0N &  _LC017 &  _LC018 &  _LC020 & !_LC023);
  _EQ003 =  _X003;
  _X003  = EXP( A0N &  _LC017 &  _LC018 &  _LC020 & !_LC023);

-- Node name is 'IS_EQUAL' 
-- Equation name is 'IS_EQUAL', location is LC019, type is output.
 IS_EQUAL = LCELL( _EQ004 $  GND);
  _EQ004 =  _LC017 &  _LC018 &  _LC020 &  _LC023;

-- Node name is '|74181:1|:87' = '|74181:1|F0N' 
-- Equation name is '_LC023', type is buried 
_LC023   = LCELL(!A0N $  B0N);

-- Node name is '|74181:1|:86' = '|74181:1|F1N' 
-- Equation name is '_LC020', type is buried 
_LC020   = LCELL(!A1N $  B1N);

-- Node name is '|74181:1|:85' = '|74181:1|F2N' 
-- Equation name is '_LC017', type is buried 
_LC017   = LCELL( _EQ005 $  VCC);
  _EQ005 = !A2N &  B2N
         #  A2N & !B2N;

-- Node name is '|74181:1|:84' = '|74181:1|F3N' 
-- Equation name is '_LC018', type is buried 
_LC018   = LCELL( _EQ006 $  VCC);
  _EQ006 = !A3N &  B3N
         #  A3N & !B3N;



--     Shareable expanders that are duplicated in multiple LABs:
--     (none)




Project Information                                       z:\lab17\lab17_6.rpt

** COMPILATION SETTINGS & TIMES **

Processing Menu Commands
------------------------

Design Doctor                             = off

Logic Synthesis:

   Synthesis Type Used                    = Standard

   Default Synthesis Style                = NORMAL

      Logic option settings in 'NORMAL' style for 'MAX7000' family

      DECOMPOSE_GATES                     = on
      DUPLICATE_LOGIC_EXTRACTION          = on
      MINIMIZATION                        = full
      MULTI_LEVEL_FACTORING               = on
      NOT_GATE_PUSH_BACK                  = on
      PARALLEL_EXPANDERS                  = off
      REDUCE_LOGIC                        = on
      REFACTORIZATION                     = on
      REGISTER_OPTIMIZATION               = on
      RESYNTHESIZE_NETWORK                = on
      SLOW_SLEW_RATE                      = off
      SOFT_BUFFER_INSERTION               = on
      SUBFACTOR_EXTRACTION                = on
      TURBO_BIT                           = on
      XOR_SYNTHESIS                       = on
      IGNORE_SOFT_BUFFERS                 = off
      USE_LPM_FOR_AHDL_OPERATORS          = off

   Other logic synthesis settings:

      Automatic Global Clock              = on
      Automatic Global Clear              = on
      Automatic Global Preset             = on
      Automatic Global Output Enable      = on
      Automatic Fast I/O                  = off
      Automatic Register Packing          = off
      Automatic Open-Drain Pins           = on
      Automatic Implement in EAB          = off
      One-Hot State Machine Encoding      = off
      Optimize                            = 5

Default Timing Specifications: None

Cut All Bidir Feedback Timing Paths       = on
Cut All Clear & Preset Timing Paths       = on

Ignore Timing Assignments                 = off

Functional SNF Extractor                  = off

Linked SNF Extractor                      = off
Timing SNF Extractor                      = on
Optimize Timing SNF                       = off
Generate AHDL TDO File                    = off
Fitter Settings                           = NORMAL
Smart Recompile                           = off
Total Recompile                           = off

Interfaces Menu Commands
------------------------

EDIF Netlist Writer                       = off
Verilog Netlist Writer                    = off
VHDL Netlist Writer                       = off

Compilation Times
-----------------

   Compiler Netlist Extractor             00:00:00
   Database Builder                       00:00:00
   Logic Synthesizer                      00:00:00
   Partitioner                            00:00:01
   Fitter                                 00:00:00
   Timing SNF Extractor                   00:00:00
   Assembler                              00:00:00
   --------------------------             --------
   Total Time                             00:00:01


Memory Allocated
-----------------

Peak memory allocated during compilation  = 3,535K
