Project Information                                  z:\lab17\lab17_9_sum6.rpt

MAX+plus II Compiler Report File
Version 9.01 07/30/98
Compiled: 12/02/20 18:49:46

Copyright (C) 1988-1998 Altera Corporation
Any megafunction design, and related net list (encrypted or decrypted),
support information, device programming or simulation file, and any other
associated documentation or information provided by Altera or a partner
under Altera's Megafunction Partnership Program may be used only to
program PLD devices (but not masked PLD devices) from Altera.  Any other
use of such megafunction design, net list, support information, device
programming or simulation file, or any other related documentation or
information is prohibited for any other purpose, including, but not
limited to modification, reverse engineering, de-compiling, or use with
any other silicon devices, unless such use is explicitly licensed under
a separate agreement with Altera or a megafunction partner.  Title to
the intellectual property, including patents, copyrights, trademarks,
trade secrets, or maskworks, embodied in any such megafunction design,
net list, support information, device programming or simulation file, or
any other related documentation or information provided by Altera or a
megafunction partner, remains with Altera, the megafunction partner, or
their respective licensors.  No other licenses, including any licenses
needed under any third party's intellectual property, are provided herein.



***** Project compilation was successful




** DEVICE SUMMARY **

Chip/                     Input   Output   Bidir         Shareable
POF       Device          Pins    Pins     Pins     LCs  Expanders  % Utilized

lab17_9_sum6
      EPM7064LC44-7        13       7        0      42      7           65 %

User Pins:                 13       7        0  



Project Information                                  z:\lab17\lab17_9_sum6.rpt

** FILE HIERARCHY **



|lab17_9_sum:2|
|lab17_9_sum:2|summator:1|
|lab17_9_sum:2|summator:1|half-summator:1|
|lab17_9_sum:2|summator:1|half-summator:2|
|lab17_9_sum:2|summator:4|
|lab17_9_sum:2|summator:4|half-summator:1|
|lab17_9_sum:2|summator:4|half-summator:2|
|lab17_9_sum:2|summator:3|
|lab17_9_sum:2|summator:3|half-summator:1|
|lab17_9_sum:2|summator:3|half-summator:2|
|lab17_9_sum:2|summator:2|
|lab17_9_sum:2|summator:2|half-summator:1|
|lab17_9_sum:2|summator:2|half-summator:2|
|summator:3|
|summator:3|half-summator:1|
|summator:3|half-summator:2|
|summator:4|
|summator:4|half-summator:1|
|summator:4|half-summator:2|


Device-Specific Information:                         z:\lab17\lab17_9_sum6.rpt
lab17_9_sum6

***** Logic for device 'lab17_9_sum6' compiled without errors.




Device: EPM7064LC44-7

Device Options:
    Turbo Bit                                    = ON
    Security Bit                                 = OFF

                                         R  R  
                                         E  E  
                                         S  S  
                                         E  E  
                                         R  R  
                       V  G  G  G  G  G  V  V  
              x  x  x  C  N  N  N  N  N  E  E  
              1  2  3  C  D  D  D  D  D  D  D  
            -----------------------------------_ 
          /   6  5  4  3  2  1 44 43 42 41 40   | 
      y1 |  7                                39 | RESERVED 
      y2 |  8                                38 | RESERVED 
      y3 |  9                                37 | RESERVED 
     GND | 10                                36 | RESERVED 
      y4 | 11                                35 | VCC 
      c0 | 12         EPM7064LC44-7          34 | RESERVED 
      s5 | 13                                33 | RESERVED 
      s4 | 14                                32 | RESERVED 
     VCC | 15                                31 | c6 
      s2 | 16                                30 | GND 
      y6 | 17                                29 | RESERVED 
         |_  18 19 20 21 22 23 24 25 26 27 28  _| 
           ------------------------------------ 
              x  x  y  x  G  V  R  s  s  s  R  
              6  5  5  4  N  C  E  1  3  6  E  
                          D  C  S           S  
                                E           E  
                                R           R  
                                V           V  
                                E           E  
                                D           D  


N.C. = Not Connected.
VCC = Dedicated power pin, which MUST be connected to VCC.
GND = Dedicated ground pin or unused dedicated input, which MUST be connected to GND.
RESERVED = Unused I/O pin, which MUST be left unconnected.



Device-Specific Information:                         z:\lab17\lab17_9_sum6.rpt
lab17_9_sum6

** RESOURCE USAGE **

                                                Shareable     External
Logic Array Block     Logic Cells   I/O Pins    Expanders   Interconnect

A:     LC1 - LC16     0/16(  0%)   8/ 8(100%)   0/16(  0%)   0/36(  0%) 
B:    LC17 - LC32    10/16( 62%)   8/ 8(100%)  10/16( 62%)  23/36( 63%) 
C:    LC33 - LC48    16/16(100%)   4/ 8( 50%)  16/16(100%)  23/36( 63%) 
D:    LC49 - LC64    16/16(100%)   0/ 8(  0%)  15/16( 93%)  24/36( 66%) 


Total dedicated input pins used:                 0/4      (  0%)
Total I/O pins used:                            20/32     ( 62%)
Total logic cells used:                         42/64     ( 65%)
Total shareable expanders used:                  7/64     ( 10%)
Total Turbo logic cells used:                   42/64     ( 65%)
Total shareable expanders not available (n/a):  34/64     ( 53%)
Average fan-in:                                  7.97
Total fan-in:                                   335

Total input pins required:                      13
Total output pins required:                      7
Total bidirectional pins required:               0
Total logic cells required:                     42
Total flipflops required:                        0
Total product terms required:                  198
Total logic cells lending parallel expanders:    0
Total shareable expanders in database:           6

Synthesized logic cells:                        35/  64   ( 54%)



Device-Specific Information:                         z:\lab17\lab17_9_sum6.rpt
lab17_9_sum6

** INPUTS **

                                         Shareable
                                         Expanders     Fan-In    Fan-Out
 Pin     LC  LAB  Primitive    Code   Total Shared n/a INP  FBK  OUT  FBK  Name
  12    (1)  (A)      INPUT               0      0   0    0    0    2   27  c0
   6   (11)  (A)      INPUT               0      0   0    0    0    2   27  x1
   5   (14)  (A)      INPUT               0      0   0    0    0    1   33  x2
   4   (16)  (A)      INPUT               0      0   0    0    0    0   32  x3
  21   (17)  (B)      INPUT               0      0   0    0    0    0   27  x4
  19   (20)  (B)      INPUT               0      0   0    0    0    1   11  x5
  18   (21)  (B)      INPUT               0      0   0    0    0    2    0  x6
   7    (8)  (A)      INPUT               0      0   0    0    0    2   25  y1
   8    (5)  (A)      INPUT               0      0   0    0    0    1   33  y2
   9    (4)  (A)      INPUT               0      0   0    0    0    1   29  y3
  11    (3)  (A)      INPUT               0      0   0    0    0    1   21  y4
  20   (19)  (B)      INPUT               0      0   0    0    0    1   11  y5
  17   (24)  (B)      INPUT               0      0   0    0    0    2    0  y6


Code:

s = Synthesized pin or logic cell
t = Turbo logic cell
+ = Synchronous flipflop
! = NOT gate push-back
r = Fitter-inserted logic cell


Device-Specific Information:                         z:\lab17\lab17_9_sum6.rpt
lab17_9_sum6

** OUTPUTS **

                                         Shareable
                                         Expanders     Fan-In    Fan-Out
 Pin     LC  LAB  Primitive    Code   Total Shared n/a INP  FBK  OUT  FBK  Name
  31     46    C     OUTPUT      t        0      0   0    2    1    0    0  c6
  25     35    C     OUTPUT      t        0      0   0    3    0    0    0  s1
  16     25    B     OUTPUT      t        3      0   1    5    0    0    0  s2
  26     36    C     OUTPUT      t        0      0   0    1    3    0    0  s3
  14     30    B     OUTPUT      t        0      0   0    1    6    0    0  s4
  13     32    B     OUTPUT      t        0      0   0    0    7    0    0  s5
  27     37    C     OUTPUT      t        2      1   1    4    2    0    0  s6


Code:

s = Synthesized pin or logic cell
t = Turbo logic cell
+ = Synchronous flipflop
! = NOT gate push-back
r = Fitter-inserted logic cell


Device-Specific Information:                         z:\lab17\lab17_9_sum6.rpt
lab17_9_sum6

** BURIED LOGIC **

                                         Shareable
                                         Expanders     Fan-In    Fan-Out
 Pin     LC  LAB  Primitive    Code   Total Shared n/a INP  FBK  OUT  FBK  Name
   -     42    C       SOFT    s t        1      0   1    8    0    1    0  |lab17_9_sum:2|summator:1|half-summator:2|s~1 (|lab17_9_sum:2|summator:1|half-summator:2|~5~1)
 (29)    41    C       SOFT    s t        1      0   1    8    0    1    0  |lab17_9_sum:2|summator:1|half-summator:2|s~2 (|lab17_9_sum:2|summator:1|half-summator:2|~5~2)
 (28)    40    C       SOFT    s t        1      0   1    8    0    1    0  |lab17_9_sum:2|summator:1|half-summator:2|s~3 (|lab17_9_sum:2|summator:1|half-summator:2|~5~3)
   -     39    C       SOFT    s t        1      0   1    8    0    1    0  |lab17_9_sum:2|summator:1|half-summator:2|s~4 (|lab17_9_sum:2|summator:1|half-summator:2|~5~4)
   -     38    C       SOFT    s t        1      0   1    7    0    1    0  |lab17_9_sum:2|summator:1|half-summator:2|s~5 (|lab17_9_sum:2|summator:1|half-summator:2|~5~5)
 (21)    17    B       SOFT    s t        1      0   1    5    0    1    0  |lab17_9_sum:2|summator:1|half-summator:2|s~6 (|lab17_9_sum:2|summator:1|half-summator:2|~5~6)
   -     26    B       SOFT    s t        1      0   1    6    0    1    0  |lab17_9_sum:2|summator:2|half-summator:2|s~1 (|lab17_9_sum:2|summator:2|half-summator:2|~5~1)
   -     22    B       SOFT    s t        1      0   1    6    0    1    0  |lab17_9_sum:2|summator:2|half-summator:2|s~2 (|lab17_9_sum:2|summator:2|half-summator:2|~5~2)
   -     34    C       SOFT    s t        0      0   0    5    0    1    0  |lab17_9_sum:2|summator:2|half-summator:2|s~3 (|lab17_9_sum:2|summator:2|half-summator:2|~5~3)
 (24)    33    C       SOFT    s t        5      2   1   11    5    1    7  |summator:3|half-summator:2|~4~1
 (33)    49    D       SOFT    s t        1      0   1    8    0    0    1  |summator:3|half-summator:2|p~2 (|summator:3|half-summator:2|~4~2)
   -     47    C       SOFT    s t        1      0   1    9    0    0    1  |summator:3|half-summator:2|p~3 (|summator:3|half-summator:2|~4~3)
   -     44    C       SOFT    s t        1      0   1    8    0    0    1  |summator:3|half-summator:2|p~4 (|summator:3|half-summator:2|~4~4)
   -     43    C       SOFT    s t        1      0   1    7    0    0    1  |summator:3|half-summator:2|p~5 (|summator:3|half-summator:2|~4~5)
 (17)    24    B       SOFT    s t        1      0   1    6    0    0    1  |summator:3|half-summator:2|p~6 (|summator:3|half-summator:2|~4~6)
 (19)    20    B       SOFT    s t        1      0   1    8    1    1    0  |summator:3|half-summator:2|s~1 (|summator:3|half-summator:2|~5~1)
   -     61    D       SOFT    s t        1      0   1    9    1    1    0  |summator:3|half-summator:2|s~2 (|summator:3|half-summator:2|~5~2)
   -     58    D       SOFT    s t        1      0   1    8    1    1    0  |summator:3|half-summator:2|s~3 (|summator:3|half-summator:2|~5~3)
 (39)    57    D       SOFT    s t        1      0   1    9    1    1    0  |summator:3|half-summator:2|s~4 (|summator:3|half-summator:2|~5~4)
 (20)    19    B       SOFT    s t        1      0   1    8    1    1    0  |summator:3|half-summator:2|s~5 (|summator:3|half-summator:2|~5~5)
   -     18    B       SOFT    s t        1      0   1    6    1    1    0  |summator:3|half-summator:2|s~6 (|summator:3|half-summator:2|~5~6)
   -     54    D       SOFT    s t        0      0   0    4    1    1    0  |summator:3|half-summator:2|s~7 (|summator:3|half-summator:2|~5~7)
   -     59    D       SOFT    s t        2      1   1    9   12    2    0  |summator:3|~3~1
 (40)    62    D       SOFT    s t        1      0   1    9    0    0    1  |summator:3|p~2 (|summator:3|~3~2)
   -     63    D       SOFT    s t        1      0   1   10    0    0    1  |summator:3|p~3 (|summator:3|~3~3)
 (32)    48    C       SOFT    s t        1      0   1    9    0    0    1  |summator:3|p~4 (|summator:3|~3~4)
   -     45    C       SOFT    s t        1      0   1    8    0    0    1  |summator:3|p~5 (|summator:3|~3~5)
 (38)    56    D       SOFT    s t        1      0   1    8    0    0    1  |summator:3|p~6 (|summator:3|~3~6)
 (41)    64    D       SOFT    s t        1      0   1    9    0    0    1  |summator:3|p~7 (|summator:3|~3~7)
   -     60    D       SOFT    s t        1      0   1   10    0    0    1  |summator:3|p~8 (|summator:3|~3~8)
   -     55    D       SOFT    s t        1      0   1    9    0    0    1  |summator:3|p~9 (|summator:3|~3~9)
 (37)    53    D       SOFT    s t        1      0   1   11    0    0    1  |summator:3|p~10 (|summator:3|~3~10)
 (36)    52    D       SOFT    s t        1      0   1    8    0    0    1  |summator:3|p~11 (|summator:3|~3~11)
   -     50    D       SOFT    s t        1      0   1    8    0    0    1  |summator:3|p~12 (|summator:3|~3~12)
 (34)    51    D       SOFT    s t        0      0   0    6    0    0    1  |summator:3|p~13 (|summator:3|~3~13)


Code:

s = Synthesized pin or logic cell
t = Turbo logic cell
+ = Synchronous flipflop
! = NOT gate push-back
r = Fitter-inserted logic cell


Device-Specific Information:                         z:\lab17\lab17_9_sum6.rpt
lab17_9_sum6

** LOGIC CELL INTERCONNECTIONS **

Logic Array Block 'B':

                             Logic cells placed in LAB 'B'
        +------------------- LC17 |lab17_9_sum:2|summator:1|half-summator:2|s~6
        | +----------------- LC26 |lab17_9_sum:2|summator:2|half-summator:2|s~1
        | | +--------------- LC22 |lab17_9_sum:2|summator:2|half-summator:2|s~2
        | | | +------------- LC24 |summator:3|half-summator:2|p~6
        | | | | +----------- LC20 |summator:3|half-summator:2|s~1
        | | | | | +--------- LC19 |summator:3|half-summator:2|s~5
        | | | | | | +------- LC18 |summator:3|half-summator:2|s~6
        | | | | | | | +----- LC25 s2
        | | | | | | | | +--- LC30 s4
        | | | | | | | | | +- LC32 s5
        | | | | | | | | | | 
        | | | | | | | | | |   Other LABs fed by signals
        | | | | | | | | | |   that feed LAB 'B'
LC      | | | | | | | | | | | A B C D |     Logic cells that feed LAB 'B':
LC17 -> - - - - - - - - * - | - * - - | <-- |lab17_9_sum:2|summator:1|half-summator:2|s~6
LC20 -> - - - - - - - - - * | - * - - | <-- |summator:3|half-summator:2|s~1
LC19 -> - - - - - - - - - * | - * - - | <-- |summator:3|half-summator:2|s~5
LC18 -> - - - - - - - - - * | - * - - | <-- |summator:3|half-summator:2|s~6

Pin
12   -> - * * - - * - * - - | - * * * | <-- c0
6    -> - * * - * - - * - - | - * * * | <-- x1
5    -> * * * * * * * * - - | - * * * | <-- x2
4    -> * * * * * * * - - - | - * * * | <-- x3
21   -> * - - * * * * - - - | - * * * | <-- x4
7    -> - * * - * * - * - - | - * * * | <-- y1
8    -> * * * * * * * * - - | - * * * | <-- y2
9    -> * - - * * * * - - - | - * * * | <-- y3
11   -> - - - * * * * - * - | - * * * | <-- y4
LC42 -> - - - - - - - - * - | - * - - | <-- |lab17_9_sum:2|summator:1|half-summator:2|s~1
LC41 -> - - - - - - - - * - | - * - - | <-- |lab17_9_sum:2|summator:1|half-summator:2|s~2
LC40 -> - - - - - - - - * - | - * - - | <-- |lab17_9_sum:2|summator:1|half-summator:2|s~3
LC39 -> - - - - - - - - * - | - * - - | <-- |lab17_9_sum:2|summator:1|half-summator:2|s~4
LC38 -> - - - - - - - - * - | - * - - | <-- |lab17_9_sum:2|summator:1|half-summator:2|s~5
LC33 -> - - - - * * * - - - | - * * * | <-- |summator:3|half-summator:2|~4~1
LC61 -> - - - - - - - - - * | - * - - | <-- |summator:3|half-summator:2|s~2
LC58 -> - - - - - - - - - * | - * - - | <-- |summator:3|half-summator:2|s~3
LC57 -> - - - - - - - - - * | - * - - | <-- |summator:3|half-summator:2|s~4
LC54 -> - - - - - - - - - * | - * - - | <-- |summator:3|half-summator:2|s~7


* = The logic cell or pin is an input to the logic cell (or LAB) through the PIA.
- = The logic cell or pin is not an input to the logic cell (or LAB).


Device-Specific Information:                         z:\lab17\lab17_9_sum6.rpt
lab17_9_sum6

** LOGIC CELL INTERCONNECTIONS **

Logic Array Block 'C':

                                         Logic cells placed in LAB 'C'
        +------------------------------- LC46 c6
        | +----------------------------- LC42 |lab17_9_sum:2|summator:1|half-summator:2|s~1
        | | +--------------------------- LC41 |lab17_9_sum:2|summator:1|half-summator:2|s~2
        | | | +------------------------- LC40 |lab17_9_sum:2|summator:1|half-summator:2|s~3
        | | | | +----------------------- LC39 |lab17_9_sum:2|summator:1|half-summator:2|s~4
        | | | | | +--------------------- LC38 |lab17_9_sum:2|summator:1|half-summator:2|s~5
        | | | | | | +------------------- LC34 |lab17_9_sum:2|summator:2|half-summator:2|s~3
        | | | | | | | +----------------- LC33 |summator:3|half-summator:2|~4~1
        | | | | | | | | +--------------- LC47 |summator:3|half-summator:2|p~3
        | | | | | | | | | +------------- LC44 |summator:3|half-summator:2|p~4
        | | | | | | | | | | +----------- LC43 |summator:3|half-summator:2|p~5
        | | | | | | | | | | | +--------- LC48 |summator:3|p~4
        | | | | | | | | | | | | +------- LC45 |summator:3|p~5
        | | | | | | | | | | | | | +----- LC35 s1
        | | | | | | | | | | | | | | +--- LC36 s3
        | | | | | | | | | | | | | | | +- LC37 s6
        | | | | | | | | | | | | | | | | 
        | | | | | | | | | | | | | | | |   Other LABs fed by signals
        | | | | | | | | | | | | | | | |   that feed LAB 'C'
LC      | | | | | | | | | | | | | | | | | A B C D |     Logic cells that feed LAB 'C':
LC34 -> - - - - - - - - - - - - - - * - | - - * - | <-- |lab17_9_sum:2|summator:2|half-summator:2|s~3
LC33 -> - - - - - - - - - - - - - - - * | - * * * | <-- |summator:3|half-summator:2|~4~1
LC47 -> - - - - - - - * - - - - - - - - | - - * - | <-- |summator:3|half-summator:2|p~3
LC44 -> - - - - - - - * - - - - - - - - | - - * - | <-- |summator:3|half-summator:2|p~4
LC43 -> - - - - - - - * - - - - - - - - | - - * - | <-- |summator:3|half-summator:2|p~5

Pin
12   -> - * * * * * * * * * * * * * - - | - * * * | <-- c0
6    -> - * * * * * * * * * * * * * - - | - * * * | <-- x1
5    -> - * * * * * * * * * * * * - - - | - * * * | <-- x2
4    -> - * * * * * * * * * * * * - - - | - * * * | <-- x3
21   -> - * * * * * - * * * * * * - - - | - * * * | <-- x4
19   -> - - - - - - - * - - - - - - - * | - - * * | <-- x5
18   -> * - - - - - - - - - - - - - - * | - - * - | <-- x6
7    -> - * * * * - - * * * * * * * - - | - * * * | <-- y1
8    -> - * * * * * * * * * * * * - - - | - * * * | <-- y2
9    -> - * * * * * - * * * - * - - * - | - * * * | <-- y3
11   -> - - - - - - - * * - - - - - - - | - * * * | <-- y4
20   -> - - - - - - - * - - - * * - - * | - - * * | <-- y5
17   -> * - - - - - - - - - - - - - - * | - - * - | <-- y6
LC26 -> - - - - - - - - - - - - - - * - | - - * - | <-- |lab17_9_sum:2|summator:2|half-summator:2|s~1
LC22 -> - - - - - - - - - - - - - - * - | - - * - | <-- |lab17_9_sum:2|summator:2|half-summator:2|s~2
LC49 -> - - - - - - - * - - - - - - - - | - - * - | <-- |summator:3|half-summator:2|p~2
LC24 -> - - - - - - - * - - - - - - - - | - - * - | <-- |summator:3|half-summator:2|p~6
LC59 -> * - - - - - - - - - - - - - - * | - - * - | <-- |summator:3|~3~1


* = The logic cell or pin is an input to the logic cell (or LAB) through the PIA.
- = The logic cell or pin is not an input to the logic cell (or LAB).


Device-Specific Information:                         z:\lab17\lab17_9_sum6.rpt
lab17_9_sum6

** LOGIC CELL INTERCONNECTIONS **

Logic Array Block 'D':

                                         Logic cells placed in LAB 'D'
        +------------------------------- LC49 |summator:3|half-summator:2|p~2
        | +----------------------------- LC61 |summator:3|half-summator:2|s~2
        | | +--------------------------- LC58 |summator:3|half-summator:2|s~3
        | | | +------------------------- LC57 |summator:3|half-summator:2|s~4
        | | | | +----------------------- LC54 |summator:3|half-summator:2|s~7
        | | | | | +--------------------- LC59 |summator:3|~3~1
        | | | | | | +------------------- LC62 |summator:3|p~2
        | | | | | | | +----------------- LC63 |summator:3|p~3
        | | | | | | | | +--------------- LC56 |summator:3|p~6
        | | | | | | | | | +------------- LC64 |summator:3|p~7
        | | | | | | | | | | +----------- LC60 |summator:3|p~8
        | | | | | | | | | | | +--------- LC55 |summator:3|p~9
        | | | | | | | | | | | | +------- LC53 |summator:3|p~10
        | | | | | | | | | | | | | +----- LC52 |summator:3|p~11
        | | | | | | | | | | | | | | +--- LC50 |summator:3|p~12
        | | | | | | | | | | | | | | | +- LC51 |summator:3|p~13
        | | | | | | | | | | | | | | | | 
        | | | | | | | | | | | | | | | |   Other LABs fed by signals
        | | | | | | | | | | | | | | | |   that feed LAB 'D'
LC      | | | | | | | | | | | | | | | | | A B C D |     Logic cells that feed LAB 'D':
LC62 -> - - - - - * - - - - - - - - - - | - - - * | <-- |summator:3|p~2
LC63 -> - - - - - * - - - - - - - - - - | - - - * | <-- |summator:3|p~3
LC56 -> - - - - - * - - - - - - - - - - | - - - * | <-- |summator:3|p~6
LC64 -> - - - - - * - - - - - - - - - - | - - - * | <-- |summator:3|p~7
LC60 -> - - - - - * - - - - - - - - - - | - - - * | <-- |summator:3|p~8
LC55 -> - - - - - * - - - - - - - - - - | - - - * | <-- |summator:3|p~9
LC53 -> - - - - - * - - - - - - - - - - | - - - * | <-- |summator:3|p~10
LC52 -> - - - - - * - - - - - - - - - - | - - - * | <-- |summator:3|p~11
LC50 -> - - - - - * - - - - - - - - - - | - - - * | <-- |summator:3|p~12
LC51 -> - - - - - * - - - - - - - - - - | - - - * | <-- |summator:3|p~13

Pin
12   -> * * * * - * * * * * * * * - - - | - * * * | <-- c0
6    -> * * * * - * * * * * * * * - - - | - * * * | <-- x1
5    -> * * * * - * * * * * * * * * * - | - * * * | <-- x2
4    -> * * * * - - * * - * * * * * * * | - * * * | <-- x3
21   -> - * * * * - - * - - * * * * * * | - * * * | <-- x4
19   -> - - - - * * - - * * * * * * * * | - - * * | <-- x5
7    -> * * - * - * * * * * * * * - - - | - * * * | <-- y1
8    -> * * * * - * * * * * * * * * * - | - * * * | <-- y2
9    -> * * * * - * * * * * * * * * * * | - * * * | <-- y3
11   -> * * * * * * * * * * * - * * * * | - * * * | <-- y4
20   -> - - - - * * * * - - - - * * * * | - - * * | <-- y5
LC33 -> - * * * * - - - - - - - - - - - | - * * * | <-- |summator:3|half-summator:2|~4~1
LC48 -> - - - - - * - - - - - - - - - - | - - - * | <-- |summator:3|p~4
LC45 -> - - - - - * - - - - - - - - - - | - - - * | <-- |summator:3|p~5


* = The logic cell or pin is an input to the logic cell (or LAB) through the PIA.
- = The logic cell or pin is not an input to the logic cell (or LAB).


Device-Specific Information:                         z:\lab17\lab17_9_sum6.rpt
lab17_9_sum6

** EQUATIONS **

c0       : INPUT;
x1       : INPUT;
x2       : INPUT;
x3       : INPUT;
x4       : INPUT;
x5       : INPUT;
x6       : INPUT;
y1       : INPUT;
y2       : INPUT;
y3       : INPUT;
y4       : INPUT;
y5       : INPUT;
y6       : INPUT;

-- Node name is 'c6' 
-- Equation name is 'c6', location is LC046, type is output.
 c6      = LCELL( _EQ001 $  _LC059);
  _EQ001 = !_LC059 &  x6 &  y6
         #  _LC059 & !x6 & !y6;

-- Node name is 's1' 
-- Equation name is 's1', location is LC035, type is output.
 s1      = LCELL( _EQ002 $  y1);
  _EQ002 =  c0 & !x1
         # !c0 &  x1;

-- Node name is 's2' 
-- Equation name is 's2', location is LC025, type is output.
 s2      = LCELL( _EQ003 $  y2);
  _EQ003 =  c0 & !x2 &  y1
         #  x1 &  _X001 & !x2
         #  x2 &  _X002 & !y1
         # !c0 & !x1 &  x2;
  _X001  = EXP(!c0 & !y1);
  _X002  = EXP( c0 &  x1);

-- Node name is 's3' 
-- Equation name is 's3', location is LC036, type is output.
 s3      = LCELL( _EQ004 $ !y3);
  _EQ004 = !_LC022 & !_LC026 & !_LC034;

-- Node name is 's4' 
-- Equation name is 's4', location is LC030, type is output.
 s4      = LCELL( _EQ005 $ !y4);
  _EQ005 = !_LC017 & !_LC038 & !_LC039 & !_LC040 & !_LC041 & !_LC042;

-- Node name is 's5' 
-- Equation name is 's5', location is LC032, type is output.
 s5      = LCELL( _EQ006 $  VCC);
  _EQ006 = !_LC018 & !_LC019 & !_LC020 & !_LC054 & !_LC057 & !_LC058 & 
             !_LC061;

-- Node name is 's6' 
-- Equation name is 's6', location is LC037, type is output.
 s6      = LCELL( _EQ007 $  GND);
  _EQ007 = !_LC033 &  _X003 & !x6 &  y6
         # !_LC033 &  _X003 &  x6 & !y6
         #  _LC059 &  x6 &  y6
         # !_LC033 &  _LC059 &  _X003
         #  _LC059 & !x6 & !y6;
  _X003  = EXP( x5 &  y5);

-- Node name is '|lab17_9_sum:2|summator:1|half-summator:2|~5~1' = '|lab17_9_sum:2|summator:1|half-summator:2|s~1' 
-- Equation name is '_LC042', type is buried 
-- synthesized logic cell 
_LC042   = LCELL( _EQ008 $  GND);
  _EQ008 =  x1 &  x2 &  x3 & !x4 &  y1
         #  x1 &  x2 & !x4 &  y1 &  y3
         #  x1 &  x3 & !x4 &  y1 &  y2
         #  x1 & !x4 &  y1 &  y2 &  y3
         #  c0 &  x1 &  x2 &  x3 & !x4;

-- Node name is '|lab17_9_sum:2|summator:1|half-summator:2|~5~2' = '|lab17_9_sum:2|summator:1|half-summator:2|s~2' 
-- Equation name is '_LC041', type is buried 
-- synthesized logic cell 
_LC041   = LCELL( _EQ009 $  GND);
  _EQ009 =  c0 &  x1 &  x2 & !x4 &  y3
         #  c0 &  x1 &  x3 & !x4 &  y2
         #  c0 &  x1 & !x4 &  y2 &  y3
         #  c0 &  x2 &  x3 & !x4 &  y1
         #  c0 &  x2 & !x4 &  y1 &  y3;

-- Node name is '|lab17_9_sum:2|summator:1|half-summator:2|~5~3' = '|lab17_9_sum:2|summator:1|half-summator:2|s~3' 
-- Equation name is '_LC040', type is buried 
-- synthesized logic cell 
_LC040   = LCELL( _EQ010 $  GND);
  _EQ010 =  c0 &  x3 & !x4 &  y1 &  y2
         #  c0 & !x4 &  y1 &  y2 &  y3
         # !x1 &  x4 & !y1 & !y2 & !y3
         # !x1 & !x3 &  x4 & !y1 & !y2
         # !x1 & !x2 &  x4 & !y1 & !y3;

-- Node name is '|lab17_9_sum:2|summator:1|half-summator:2|~5~4' = '|lab17_9_sum:2|summator:1|half-summator:2|s~4' 
-- Equation name is '_LC039', type is buried 
-- synthesized logic cell 
_LC039   = LCELL( _EQ011 $  GND);
  _EQ011 = !x1 & !x2 & !x3 &  x4 & !y1
         # !c0 &  x4 & !y1 & !y2 & !y3
         # !c0 & !x3 &  x4 & !y1 & !y2
         # !c0 & !x2 &  x4 & !y1 & !y3
         # !c0 & !x2 & !x3 &  x4 & !y1;

-- Node name is '|lab17_9_sum:2|summator:1|half-summator:2|~5~5' = '|lab17_9_sum:2|summator:1|half-summator:2|s~5' 
-- Equation name is '_LC038', type is buried 
-- synthesized logic cell 
_LC038   = LCELL( _EQ012 $  GND);
  _EQ012 = !c0 & !x1 &  x4 & !y2 & !y3
         # !c0 & !x1 & !x3 &  x4 & !y2
         # !c0 & !x1 & !x2 &  x4 & !y3
         # !c0 & !x1 & !x2 & !x3 &  x4
         #  x2 &  x3 & !x4 &  y2;

-- Node name is '|lab17_9_sum:2|summator:1|half-summator:2|~5~6' = '|lab17_9_sum:2|summator:1|half-summator:2|s~6' 
-- Equation name is '_LC017', type is buried 
-- synthesized logic cell 
_LC017   = LCELL( _EQ013 $  GND);
  _EQ013 =  x2 & !x4 &  y2 &  y3
         # !x2 &  x4 & !y2 & !y3
         # !x2 & !x3 &  x4 & !y2
         #  x3 & !x4 &  y3
         # !x3 &  x4 & !y3;

-- Node name is '|lab17_9_sum:2|summator:2|half-summator:2|~5~1' = '|lab17_9_sum:2|summator:2|half-summator:2|s~1' 
-- Equation name is '_LC026', type is buried 
-- synthesized logic cell 
_LC026   = LCELL( _EQ014 $  GND);
  _EQ014 =  x1 &  x2 & !x3 &  y1
         #  x1 & !x3 &  y1 &  y2
         #  c0 &  x1 &  x2 & !x3
         #  c0 &  x1 & !x3 &  y2
         #  c0 &  x2 & !x3 &  y1;

-- Node name is '|lab17_9_sum:2|summator:2|half-summator:2|~5~2' = '|lab17_9_sum:2|summator:2|half-summator:2|s~2' 
-- Equation name is '_LC022', type is buried 
-- synthesized logic cell 
_LC022   = LCELL( _EQ015 $  GND);
  _EQ015 =  c0 & !x3 &  y1 &  y2
         # !x1 &  x3 & !y1 & !y2
         # !x1 & !x2 &  x3 & !y1
         # !c0 &  x3 & !y1 & !y2
         # !c0 & !x2 &  x3 & !y1;

-- Node name is '|lab17_9_sum:2|summator:2|half-summator:2|~5~3' = '|lab17_9_sum:2|summator:2|half-summator:2|s~3' 
-- Equation name is '_LC034', type is buried 
-- synthesized logic cell 
_LC034   = LCELL( _EQ016 $  GND);
  _EQ016 = !c0 & !x1 &  x3 & !y2
         # !c0 & !x1 & !x2 &  x3
         #  x2 & !x3 &  y2
         # !x2 &  x3 & !y2;

-- Node name is '|summator:3|half-summator:2|~4~2' = '|summator:3|half-summator:2|p~2' 
-- Equation name is '_LC049', type is buried 
-- synthesized logic cell 
_LC049   = LCELL( _EQ017 $  GND);
  _EQ017 = !c0 & !x1 & !x2 & !y3 & !y4
         # !x1 & !x2 & !y1 & !y3 & !y4
         # !c0 & !x3 & !y1 & !y2 & !y4
         # !c0 & !x1 & !x3 & !y2 & !y4
         # !x1 & !x3 & !y1 & !y2 & !y4;

-- Node name is '|summator:3|half-summator:2|~4~3' = '|summator:3|half-summator:2|p~3' 
-- Equation name is '_LC047', type is buried 
-- synthesized logic cell 
_LC047   = LCELL( _EQ018 $  GND);
  _EQ018 = !c0 & !x2 & !x3 & !y1 & !y4
         # !c0 & !x1 & !x2 & !x3 & !y4
         # !x1 & !x2 & !x3 & !y1 & !y4
         # !c0 & !x4 & !y1 & !y2 & !y3
         # !c0 & !x1 & !x4 & !y2 & !y3;

-- Node name is '|summator:3|half-summator:2|~4~4' = '|summator:3|half-summator:2|p~4' 
-- Equation name is '_LC044', type is buried 
-- synthesized logic cell 
_LC044   = LCELL( _EQ019 $  GND);
  _EQ019 = !x1 & !x4 & !y1 & !y2 & !y3
         # !c0 & !x2 & !x4 & !y1 & !y3
         # !c0 & !x1 & !x2 & !x4 & !y3
         # !x1 & !x2 & !x4 & !y1 & !y3
         # !c0 & !x3 & !x4 & !y1 & !y2;

-- Node name is '|summator:3|half-summator:2|~4~5' = '|summator:3|half-summator:2|p~5' 
-- Equation name is '_LC043', type is buried 
-- synthesized logic cell 
_LC043   = LCELL( _EQ020 $  GND);
  _EQ020 = !c0 & !x1 & !x3 & !x4 & !y2
         # !x1 & !x3 & !x4 & !y1 & !y2
         # !c0 & !x2 & !x3 & !x4 & !y1
         # !c0 & !x1 & !x2 & !x3 & !x4
         # !x1 & !x2 & !x3 & !x4 & !y1;

-- Node name is '|summator:3|half-summator:2|~4~6' = '|summator:3|half-summator:2|p~6' 
-- Equation name is '_LC024', type is buried 
-- synthesized logic cell 
_LC024   = LCELL( _EQ021 $  GND);
  _EQ021 = !x2 & !y2 & !y3 & !y4
         # !x2 & !x3 & !y2 & !y4
         # !x2 & !x4 & !y2 & !y3
         # !x2 & !x3 & !x4 & !y2
         # !x3 & !y3 & !y4;

-- Node name is '|summator:3|half-summator:2|~5~1' = '|summator:3|half-summator:2|s~1' 
-- Equation name is '_LC020', type is buried 
-- synthesized logic cell 
_LC020   = LCELL( _EQ022 $  GND);
  _EQ022 = !_LC033 &  x1 &  x2 &  x3 &  x4 &  y1
         # !_LC033 &  x1 &  x2 &  x3 &  y1 &  y4
         # !_LC033 &  x1 &  x2 &  x4 &  y1 &  y3
         # !_LC033 &  x1 &  x2 &  y1 &  y3 &  y4
         # !_LC033 &  x1 &  x3 &  x4 &  y1 &  y2;

-- Node name is '|summator:3|half-summator:2|~5~2' = '|summator:3|half-summator:2|s~2' 
-- Equation name is '_LC061', type is buried 
-- synthesized logic cell 
_LC061   = LCELL( _EQ023 $  GND);
  _EQ023 = !_LC033 &  x1 &  x3 &  y1 &  y2 &  y4
         # !_LC033 &  x1 &  x4 &  y1 &  y2 &  y3
         # !_LC033 &  x1 &  y1 &  y2 &  y3 &  y4
         #  c0 & !_LC033 &  x1 &  x2 &  x3 &  x4
         #  c0 & !_LC033 &  x1 &  x2 &  x3 &  y4;

-- Node name is '|summator:3|half-summator:2|~5~3' = '|summator:3|half-summator:2|s~3' 
-- Equation name is '_LC058', type is buried 
-- synthesized logic cell 
_LC058   = LCELL( _EQ024 $  GND);
  _EQ024 =  c0 & !_LC033 &  x1 &  x2 &  x4 &  y3
         #  c0 & !_LC033 &  x1 &  x2 &  y3 &  y4
         #  c0 & !_LC033 &  x1 &  x3 &  x4 &  y2
         #  c0 & !_LC033 &  x1 &  x3 &  y2 &  y4
         #  c0 & !_LC033 &  x1 &  x4 &  y2 &  y3;

-- Node name is '|summator:3|half-summator:2|~5~4' = '|summator:3|half-summator:2|s~4' 
-- Equation name is '_LC057', type is buried 
-- synthesized logic cell 
_LC057   = LCELL( _EQ025 $  GND);
  _EQ025 =  c0 & !_LC033 &  x1 &  y2 &  y3 &  y4
         #  c0 & !_LC033 &  x2 &  x3 &  x4 &  y1
         #  c0 & !_LC033 &  x2 &  x3 &  y1 &  y4
         #  c0 & !_LC033 &  x2 &  x4 &  y1 &  y3
         #  c0 & !_LC033 &  x2 &  y1 &  y3 &  y4;

-- Node name is '|summator:3|half-summator:2|~5~5' = '|summator:3|half-summator:2|s~5' 
-- Equation name is '_LC019', type is buried 
-- synthesized logic cell 
_LC019   = LCELL( _EQ026 $  GND);
  _EQ026 =  c0 & !_LC033 &  x3 &  x4 &  y1 &  y2
         #  c0 & !_LC033 &  x3 &  y1 &  y2 &  y4
         #  c0 & !_LC033 &  x4 &  y1 &  y2 &  y3
         #  c0 & !_LC033 &  y1 &  y2 &  y3 &  y4
         # !_LC033 &  x2 &  x3 &  x4 &  y2;

-- Node name is '|summator:3|half-summator:2|~5~6' = '|summator:3|half-summator:2|s~6' 
-- Equation name is '_LC018', type is buried 
-- synthesized logic cell 
_LC018   = LCELL( _EQ027 $  GND);
  _EQ027 = !_LC033 &  x2 &  x3 &  y2 &  y4
         # !_LC033 &  x2 &  x4 &  y2 &  y3
         # !_LC033 &  x2 &  y2 &  y3 &  y4
         # !_LC033 &  x3 &  x4 &  y3
         # !_LC033 &  x3 &  y3 &  y4;

-- Node name is '|summator:3|half-summator:2|~5~7' = '|summator:3|half-summator:2|s~7' 
-- Equation name is '_LC054', type is buried 
-- synthesized logic cell 
_LC054   = LCELL( _EQ028 $  GND);
  _EQ028 = !_LC033 &  x4 &  y4
         # !_LC033 &  x5 & !y5
         # !_LC033 & !x5 &  y5;

-- Node name is '|summator:3|half-summator:2|~4~1' 
-- Equation name is '_LC033', type is buried 
-- synthesized logic cell 
_LC033   = LCELL( _EQ029 $  _EQ030);
  _EQ029 = !c0 & !_LC024 & !_LC043 & !_LC044 & !_LC047 & !_LC049 &  _X003 & 
              _X004 &  _X005 &  _X006 & !y1 & !y2 & !y3 & !y4
         # !c0 & !_LC024 & !_LC043 & !_LC044 & !_LC047 & !_LC049 & !x1 & 
              _X003 &  _X004 &  _X005 &  _X006 & !y2 & !y3 & !y4
         # !_LC024 & !_LC043 & !_LC044 & !_LC047 & !_LC049 & !x1 &  _X003 & 
              _X004 &  _X005 &  _X006 & !y1 & !y2 & !y3 & !y4
         # !c0 & !_LC024 & !_LC043 & !_LC044 & !_LC047 & !_LC049 & !x2 & 
              _X003 &  _X004 &  _X005 &  _X006 & !y1 & !y3 & !y4;
  _X003  = EXP( x5 &  y5);
  _X004  = EXP(!x5 & !y5);
  _X005  = EXP(!x4 & !y4);
  _X006  = EXP(!x3 & !x4 & !y3);
  _EQ030 = !_LC024 & !_LC043 & !_LC044 & !_LC047 & !_LC049 &  _X003 &  _X004 & 
              _X005 &  _X006;
  _X003  = EXP( x5 &  y5);
  _X004  = EXP(!x5 & !y5);
  _X005  = EXP(!x4 & !y4);
  _X006  = EXP(!x3 & !x4 & !y3);

-- Node name is '|summator:3|~3~2' = '|summator:3|p~2' 
-- Equation name is '_LC062', type is buried 
-- synthesized logic cell 
_LC062   = LCELL( _EQ031 $  GND);
  _EQ031 = !c0 & !x1 & !x2 & !y3 & !y4 & !y5
         # !x1 & !x2 & !y1 & !y3 & !y4 & !y5
         # !c0 & !x3 & !y1 & !y2 & !y4 & !y5
         # !c0 & !x1 & !x3 & !y2 & !y4 & !y5
         # !x1 & !x3 & !y1 & !y2 & !y4 & !y5;

-- Node name is '|summator:3|~3~3' = '|summator:3|p~3' 
-- Equation name is '_LC063', type is buried 
-- synthesized logic cell 
_LC063   = LCELL( _EQ032 $  GND);
  _EQ032 = !c0 & !x2 & !x3 & !y1 & !y4 & !y5
         # !c0 & !x1 & !x2 & !x3 & !y4 & !y5
         # !x1 & !x2 & !x3 & !y1 & !y4 & !y5
         # !c0 & !x4 & !y1 & !y2 & !y3 & !y5
         # !c0 & !x1 & !x4 & !y2 & !y3 & !y5;

-- Node name is '|summator:3|~3~4' = '|summator:3|p~4' 
-- Equation name is '_LC048', type is buried 
-- synthesized logic cell 
_LC048   = LCELL( _EQ033 $  GND);
  _EQ033 = !x1 & !x4 & !y1 & !y2 & !y3 & !y5
         # !c0 & !x2 & !x4 & !y1 & !y3 & !y5
         # !c0 & !x1 & !x2 & !x4 & !y3 & !y5
         # !x1 & !x2 & !x4 & !y1 & !y3 & !y5
         # !c0 & !x3 & !x4 & !y1 & !y2 & !y5;

-- Node name is '|summator:3|~3~5' = '|summator:3|p~5' 
-- Equation name is '_LC045', type is buried 
-- synthesized logic cell 
_LC045   = LCELL( _EQ034 $  GND);
  _EQ034 = !c0 & !x1 & !x3 & !x4 & !y2 & !y5
         # !x1 & !x3 & !x4 & !y1 & !y2 & !y5
         # !c0 & !x2 & !x3 & !x4 & !y1 & !y5
         # !c0 & !x1 & !x2 & !x3 & !x4 & !y5
         # !x1 & !x2 & !x3 & !x4 & !y1 & !y5;

-- Node name is '|summator:3|~3~6' = '|summator:3|p~6' 
-- Equation name is '_LC056', type is buried 
-- synthesized logic cell 
_LC056   = LCELL( _EQ035 $  GND);
  _EQ035 = !c0 & !x5 & !y1 & !y2 & !y3 & !y4
         # !c0 & !x1 & !x5 & !y2 & !y3 & !y4
         # !x1 & !x5 & !y1 & !y2 & !y3 & !y4
         # !c0 & !x2 & !x5 & !y1 & !y3 & !y4
         # !c0 & !x1 & !x2 & !x5 & !y3 & !y4;

-- Node name is '|summator:3|~3~7' = '|summator:3|p~7' 
-- Equation name is '_LC064', type is buried 
-- synthesized logic cell 
_LC064   = LCELL( _EQ036 $  GND);
  _EQ036 = !x1 & !x2 & !x5 & !y1 & !y3 & !y4
         # !c0 & !x3 & !x5 & !y1 & !y2 & !y4
         # !c0 & !x1 & !x3 & !x5 & !y2 & !y4
         # !x1 & !x3 & !x5 & !y1 & !y2 & !y4
         # !c0 & !x2 & !x3 & !x5 & !y1 & !y4;

-- Node name is '|summator:3|~3~8' = '|summator:3|p~8' 
-- Equation name is '_LC060', type is buried 
-- synthesized logic cell 
_LC060   = LCELL( _EQ037 $  GND);
  _EQ037 = !c0 & !x1 & !x2 & !x3 & !x5 & !y4
         # !x1 & !x2 & !x3 & !x5 & !y1 & !y4
         # !c0 & !x4 & !x5 & !y1 & !y2 & !y3
         # !c0 & !x1 & !x4 & !x5 & !y2 & !y3
         # !x1 & !x4 & !x5 & !y1 & !y2 & !y3;

-- Node name is '|summator:3|~3~9' = '|summator:3|p~9' 
-- Equation name is '_LC055', type is buried 
-- synthesized logic cell 
_LC055   = LCELL( _EQ038 $  GND);
  _EQ038 = !c0 & !x2 & !x4 & !x5 & !y1 & !y3
         # !c0 & !x1 & !x2 & !x4 & !x5 & !y3
         # !x1 & !x2 & !x4 & !x5 & !y1 & !y3
         # !c0 & !x3 & !x4 & !x5 & !y1 & !y2
         # !c0 & !x1 & !x3 & !x4 & !x5 & !y2;

-- Node name is '|summator:3|~3~10' = '|summator:3|p~10' 
-- Equation name is '_LC053', type is buried 
-- synthesized logic cell 
_LC053   = LCELL( _EQ039 $  GND);
  _EQ039 = !x1 & !x3 & !x4 & !x5 & !y1 & !y2
         # !c0 & !x2 & !x3 & !x4 & !x5 & !y1
         # !c0 & !x1 & !x2 & !x3 & !x4 & !x5
         # !x1 & !x2 & !x3 & !x4 & !x5 & !y1
         # !x2 & !y2 & !y3 & !y4 & !y5;

-- Node name is '|summator:3|~3~11' = '|summator:3|p~11' 
-- Equation name is '_LC052', type is buried 
-- synthesized logic cell 
_LC052   = LCELL( _EQ040 $  GND);
  _EQ040 = !x2 & !x3 & !y2 & !y4 & !y5
         # !x2 & !x4 & !y2 & !y3 & !y5
         # !x2 & !x3 & !x4 & !y2 & !y5
         # !x2 & !x5 & !y2 & !y3 & !y4
         # !x2 & !x3 & !x5 & !y2 & !y4;

-- Node name is '|summator:3|~3~12' = '|summator:3|p~12' 
-- Equation name is '_LC050', type is buried 
-- synthesized logic cell 
_LC050   = LCELL( _EQ041 $  GND);
  _EQ041 = !x2 & !x4 & !x5 & !y2 & !y3
         # !x2 & !x3 & !x4 & !x5 & !y2
         # !x3 & !y3 & !y4 & !y5
         # !x3 & !x4 & !y3 & !y5
         # !x3 & !x5 & !y3 & !y4;

-- Node name is '|summator:3|~3~13' = '|summator:3|p~13' 
-- Equation name is '_LC051', type is buried 
-- synthesized logic cell 
_LC051   = LCELL( _EQ042 $  GND);
  _EQ042 = !x3 & !x4 & !x5 & !y3
         # !x4 & !y4 & !y5
         # !x4 & !x5 & !y4;

-- Node name is '|summator:3|~3~1' 
-- Equation name is '_LC059', type is buried 
-- synthesized logic cell 
_LC059   = LCELL( _EQ043 $  _EQ044);
  _EQ043 = !c0 & !_LC045 & !_LC048 & !_LC050 & !_LC051 & !_LC052 & !_LC053 & 
             !_LC055 & !_LC056 & !_LC060 & !_LC062 & !_LC063 & !_LC064 & 
              _X004 & !y1 & !y2 & !y3 & !y4 & !y5
         # !c0 & !_LC045 & !_LC048 & !_LC050 & !_LC051 & !_LC052 & !_LC053 & 
             !_LC055 & !_LC056 & !_LC060 & !_LC062 & !_LC063 & !_LC064 & !x1 & 
              _X004 & !y2 & !y3 & !y4 & !y5
         # !_LC045 & !_LC048 & !_LC050 & !_LC051 & !_LC052 & !_LC053 & 
             !_LC055 & !_LC056 & !_LC060 & !_LC062 & !_LC063 & !_LC064 & !x1 & 
              _X004 & !y1 & !y2 & !y3 & !y4 & !y5
         # !c0 & !_LC045 & !_LC048 & !_LC050 & !_LC051 & !_LC052 & !_LC053 & 
             !_LC055 & !_LC056 & !_LC060 & !_LC062 & !_LC063 & !_LC064 & !x2 & 
              _X004 & !y1 & !y3 & !y4 & !y5;
  _X004  = EXP(!x5 & !y5);
  _EQ044 = !_LC045 & !_LC048 & !_LC050 & !_LC051 & !_LC052 & !_LC053 & 
             !_LC055 & !_LC056 & !_LC060 & !_LC062 & !_LC063 & !_LC064 & 
              _X004;
  _X004  = EXP(!x5 & !y5);



--     Shareable expanders that are duplicated in multiple LABs:
--    _X004 occurs in LABs C, D




Project Information                                  z:\lab17\lab17_9_sum6.rpt

** COMPILATION SETTINGS & TIMES **

Processing Menu Commands
------------------------

Design Doctor                             = off

Logic Synthesis:

   Synthesis Type Used                    = Standard

   Default Synthesis Style                = NORMAL

      Logic option settings in 'NORMAL' style for 'MAX7000' family

      DECOMPOSE_GATES                     = on
      DUPLICATE_LOGIC_EXTRACTION          = on
      MINIMIZATION                        = full
      MULTI_LEVEL_FACTORING               = on
      NOT_GATE_PUSH_BACK                  = on
      PARALLEL_EXPANDERS                  = off
      REDUCE_LOGIC                        = on
      REFACTORIZATION                     = on
      REGISTER_OPTIMIZATION               = on
      RESYNTHESIZE_NETWORK                = on
      SLOW_SLEW_RATE                      = off
      SOFT_BUFFER_INSERTION               = on
      SUBFACTOR_EXTRACTION                = on
      TURBO_BIT                           = on
      XOR_SYNTHESIS                       = on
      IGNORE_SOFT_BUFFERS                 = off
      USE_LPM_FOR_AHDL_OPERATORS          = off

   Other logic synthesis settings:

      Automatic Global Clock              = on
      Automatic Global Clear              = on
      Automatic Global Preset             = on
      Automatic Global Output Enable      = on
      Automatic Fast I/O                  = off
      Automatic Register Packing          = off
      Automatic Open-Drain Pins           = on
      Automatic Implement in EAB          = off
      One-Hot State Machine Encoding      = off
      Optimize                            = 5

Default Timing Specifications: None

Cut All Bidir Feedback Timing Paths       = on
Cut All Clear & Preset Timing Paths       = on

Ignore Timing Assignments                 = off

Functional SNF Extractor                  = off

Linked SNF Extractor                      = off
Timing SNF Extractor                      = on
Optimize Timing SNF                       = off
Generate AHDL TDO File                    = off
Fitter Settings                           = NORMAL
Smart Recompile                           = off
Total Recompile                           = off

Interfaces Menu Commands
------------------------

EDIF Netlist Writer                       = off
Verilog Netlist Writer                    = off
VHDL Netlist Writer                       = off

Compilation Times
-----------------

   Compiler Netlist Extractor             00:00:00
   Database Builder                       00:00:00
   Logic Synthesizer                      00:00:01
   Partitioner                            00:00:00
   Fitter                                 00:00:00
   Timing SNF Extractor                   00:00:00
   Assembler                              00:00:00
   --------------------------             --------
   Total Time                             00:00:01


Memory Allocated
-----------------

Peak memory allocated during compilation  = 4,262K
