Project Information                                       z:\lab17\lab17_8.rpt

MAX+plus II Compiler Report File
Version 9.01 07/30/98
Compiled: 12/03/20 16:49:47

Copyright (C) 1988-1998 Altera Corporation
Any megafunction design, and related net list (encrypted or decrypted),
support information, device programming or simulation file, and any other
associated documentation or information provided by Altera or a partner
under Altera's Megafunction Partnership Program may be used only to
program PLD devices (but not masked PLD devices) from Altera.  Any other
use of such megafunction design, net list, support information, device
programming or simulation file, or any other related documentation or
information is prohibited for any other purpose, including, but not
limited to modification, reverse engineering, de-compiling, or use with
any other silicon devices, unless such use is explicitly licensed under
a separate agreement with Altera or a megafunction partner.  Title to
the intellectual property, including patents, copyrights, trademarks,
trade secrets, or maskworks, embodied in any such megafunction design,
net list, support information, device programming or simulation file, or
any other related documentation or information provided by Altera or a
megafunction partner, remains with Altera, the megafunction partner, or
their respective licensors.  No other licenses, including any licenses
needed under any third party's intellectual property, are provided herein.



***** Project compilation was successful




** DEVICE SUMMARY **

Chip/                     Input   Output   Bidir         Shareable
POF       Device          Pins    Pins     Pins     LCs  Expanders  % Utilized

lab17_8   EPM7032LC44-6    8        8        0      28      15          87 %

User Pins:                 8        8        0  



Project Information                                       z:\lab17\lab17_8.rpt

** FILE HIERARCHY **



|lpm_mult:1|
|lpm_mult:1|multcore:mult_core|
|lpm_mult:1|multcore:mult_core|csa_add:padder|
|lpm_mult:1|multcore:mult_core|csa_add:padder|csa_cell:adder0|
|lpm_mult:1|multcore:mult_core|csa_add:padder|csa_add:sub_csa_add|
|lpm_mult:1|multcore:mult_core|csa_add:padder|csa_add:sub_csa_add|csa_cell:adder0|
|lpm_mult:1|multcore:mult_core|csa_add:padder|lpm_add_sub:cpa_adder|
|lpm_mult:1|multcore:mult_core|csa_add:padder|lpm_add_sub:cpa_adder|addcore:adder|
|lpm_mult:1|multcore:mult_core|csa_add:padder|lpm_add_sub:cpa_adder|addcore:adder|addcore:adder1|
|lpm_mult:1|multcore:mult_core|csa_add:padder|lpm_add_sub:cpa_adder|addcore:adder|addcore:adder0|
|lpm_mult:1|multcore:mult_core|csa_add:padder|lpm_add_sub:cpa_adder|altshift:result_ext_latency_ffs|
|lpm_mult:1|multcore:mult_core|csa_add:padder|lpm_add_sub:cpa_adder|altshift:carry_ext_latency_ffs|
|lpm_mult:1|multcore:mult_core|csa_add:padder|lpm_add_sub:cpa_adder|altshift:oflow_ext_latency_ffs|
|lpm_mult:1|altshift:external_latency_ffs|


Device-Specific Information:                              z:\lab17\lab17_8.rpt
lab17_8

***** Logic for device 'lab17_8' compiled without errors.




Device: EPM7032LC44-6

Device Options:
    Turbo Bit                                    = ON
    Security Bit                                 = OFF

                                         R  R  
                                         E  E  
              d  d  d                    S  S  
              a  a  a                    E  E  
              t  t  t                    R  R  
              a  a  a  V  G  G  G  G  G  V  V  
              b  b  a  C  N  N  N  N  N  E  E  
              2  3  0  C  D  D  D  D  D  D  D  
            -----------------------------------_ 
          /   6  5  4  3  2  1 44 43 42 41 40   | 
  datab1 |  7                                39 | result4 
  datab0 |  8                                38 | result5 
  dataa3 |  9                                37 | result6 
     GND | 10                                36 | result7 
  dataa2 | 11                                35 | VCC 
  dataa1 | 12         EPM7032LC44-6          34 | RESERVED 
 result0 | 13                                33 | RESERVED 
 result1 | 14                                32 | RESERVED 
     VCC | 15                                31 | RESERVED 
 result3 | 16                                30 | GND 
 result2 | 17                                29 | RESERVED 
         |_  18 19 20 21 22 23 24 25 26 27 28  _| 
           ------------------------------------ 
              R  R  R  R  G  V  R  R  R  R  R  
              E  E  E  E  N  C  E  E  E  E  E  
              S  S  S  S  D  C  S  S  S  S  S  
              E  E  E  E        E  E  E  E  E  
              R  R  R  R        R  R  R  R  R  
              V  V  V  V        V  V  V  V  V  
              E  E  E  E        E  E  E  E  E  
              D  D  D  D        D  D  D  D  D  


N.C. = Not Connected.
VCC = Dedicated power pin, which MUST be connected to VCC.
GND = Dedicated ground pin or unused dedicated input, which MUST be connected to GND.
RESERVED = Unused I/O pin, which MUST be left unconnected.



Device-Specific Information:                              z:\lab17\lab17_8.rpt
lab17_8

** RESOURCE USAGE **

                                                Shareable     External
Logic Array Block     Logic Cells   I/O Pins    Expanders   Interconnect

A:     LC1 - LC16    12/16( 75%)  12/16( 75%)  11/16( 68%)  22/36( 61%) 
B:    LC17 - LC32    16/16(100%)   4/16( 25%)  16/16(100%)  15/36( 41%) 


Total dedicated input pins used:                 0/4      (  0%)
Total I/O pins used:                            16/32     ( 50%)
Total logic cells used:                         28/32     ( 87%)
Total shareable expanders used:                 15/32     ( 46%)
Total Turbo logic cells used:                   28/32     ( 87%)
Total shareable expanders not available (n/a):  12/32     ( 37%)
Average fan-in:                                  5.67
Total fan-in:                                   159

Total input pins required:                       8
Total output pins required:                      8
Total bidirectional pins required:               0
Total logic cells required:                     28
Total flipflops required:                        0
Total product terms required:                  110
Total logic cells lending parallel expanders:    0
Total shareable expanders in database:          15

Synthesized logic cells:                        10/  32   ( 31%)



Device-Specific Information:                              z:\lab17\lab17_8.rpt
lab17_8

** INPUTS **

                                         Shareable
                                         Expanders     Fan-In    Fan-Out
 Pin     LC  LAB  Primitive    Code   Total Shared n/a INP  FBK  OUT  FBK  Name
   4    (1)  (A)      INPUT               0      0   0    0    0    3    9  dataa0
  12    (8)  (A)      INPUT               0      0   0    0    0    2   14  dataa1
  11    (7)  (A)      INPUT               0      0   0    0    0    2   15  dataa2
   9    (6)  (A)      INPUT               0      0   0    0    0    2   13  dataa3
   8    (5)  (A)      INPUT               0      0   0    0    0    3   12  datab0
   7    (4)  (A)      INPUT               0      0   0    0    0    2   15  datab1
   6    (3)  (A)      INPUT               0      0   0    0    0    2   15  datab2
   5    (2)  (A)      INPUT               0      0   0    0    0    2   10  datab3


Code:

s = Synthesized pin or logic cell
t = Turbo logic cell
+ = Synchronous flipflop
! = NOT gate push-back
r = Fitter-inserted logic cell


Device-Specific Information:                              z:\lab17\lab17_8.rpt
lab17_8

** OUTPUTS **

                                         Shareable
                                         Expanders     Fan-In    Fan-Out
 Pin     LC  LAB  Primitive    Code   Total Shared n/a INP  FBK  OUT  FBK  Name
  13      9    A     OUTPUT      t        0      0   0    2    0    0    0  result0
  14     10    A     OUTPUT      t        0      0   0    4    0    0    0  result1
  17     12    A     OUTPUT      t        2      0   1    6    1    0    1  result2
  16     11    A     OUTPUT      t        2      0   0    0    3    0    0  result3
  39     19    B     OUTPUT      t        2      1   0    0    3    0    0  result4
  38     20    B     OUTPUT      t        3      2   0    0    5    0    0  result5
  37     21    B     OUTPUT      t        4      3   0    2    7    0    0  result6
  36     22    B     OUTPUT      t        3      3   0    4    7    0    0  result7


Code:

s = Synthesized pin or logic cell
t = Turbo logic cell
+ = Synchronous flipflop
! = NOT gate push-back
r = Fitter-inserted logic cell


Device-Specific Information:                              z:\lab17\lab17_8.rpt
lab17_8

** BURIED LOGIC **

                                         Shareable
                                         Expanders     Fan-In    Fan-Out
 Pin     LC  LAB  Primitive    Code   Total Shared n/a INP  FBK  OUT  FBK  Name
  (8)     5    A       SOFT      t        0      0   0    6    0    1    1  |LPM_MULT:1|multcore:mult_core|csa_add:padder|csa_add:sub_csa_add|carry_out_nodes2
  (9)     6    A       SOFT      t        0      0   0    0    3    4    0  |LPM_MULT:1|multcore:mult_core|csa_add:padder|csa_add:sub_csa_add|carry_out_nodes3
 (12)     8    A       SOFT      t        2      0   0    6    1    3    0  |LPM_MULT:1|multcore:mult_core|csa_add:padder|csa_add:sub_csa_add|carry_out_nodes4
 (32)    25    B       SOFT      t        0      0   0    5    0    2    0  |LPM_MULT:1|multcore:mult_core|csa_add:padder|csa_add:sub_csa_add|carry_out_nodes5
 (21)    16    A       SOFT    s t        1      0   1    6    0    1    0  |LPM_MULT:1|multcore:mult_core|csa_add:padder|csa_add:sub_csa_add|csa_cell:adder0|~83~1
 (27)    29    B       SOFT    s t        1      0   1    7    0    0    1  |LPM_MULT:1|multcore:mult_core|csa_add:padder|csa_add:sub_csa_add|csa_cell:adder0|~84~1
 (33)    24    B       SOFT    s t        1      0   1    7    0    0    1  |LPM_MULT:1|multcore:mult_core|csa_add:padder|csa_add:sub_csa_add|csa_cell:adder0|~84~2
 (24)    32    B       SOFT    s t        1      0   1    7    0    0    1  |LPM_MULT:1|multcore:mult_core|csa_add:padder|csa_add:sub_csa_add|csa_cell:adder0|~84~3
 (31)    26    B       SOFT    s t        1      0   1    6    0    0    1  |LPM_MULT:1|multcore:mult_core|csa_add:padder|csa_add:sub_csa_add|csa_cell:adder0|~85~1
 (26)    30    B       SOFT    s t        1      0   1    6    0    0    1  |LPM_MULT:1|multcore:mult_core|csa_add:padder|csa_add:sub_csa_add|csa_cell:adder0|~85~2
 (28)    28    B       SOFT    s t        1      0   1    8    0    0    1  |LPM_MULT:1|multcore:mult_core|csa_add:padder|csa_add:sub_csa_add|csa_cell:adder0|~165~1
 (29)    27    B       SOFT    s t        1      0   1    8    0    0    1  |LPM_MULT:1|multcore:mult_core|csa_add:padder|csa_add:sub_csa_add|csa_cell:adder0|~165~2
 (25)    31    B       SOFT    s t        1      0   1    8    0    0    1  |LPM_MULT:1|multcore:mult_core|csa_add:padder|csa_add:sub_csa_add|csa_cell:adder0|~165~3
 (34)    23    B       SOFT    s t        1      0   1    7    0    0    1  |LPM_MULT:1|multcore:mult_core|csa_add:padder|csa_add:sub_csa_add|csa_cell:adder0|~166~1
  (7)     4    A       SOFT      t        4      0   0    7    3    1    1  |LPM_MULT:1|multcore:mult_core|csa_add:padder|csa_add:sub_csa_add|sum_out_nodes3
  (4)     1    A       SOFT      t        0      0   0    2    2    4    0  |LPM_MULT:1|multcore:mult_core|csa_add:padder|csa_add:sub_csa_add|sum_out_nodes4
 (41)    17    B       SOFT      t        1      0   1    5    0    3    0  |LPM_MULT:1|multcore:mult_core|csa_add:padder|csa_add:sub_csa_add|sum_out_nodes5
 (40)    18    B       SOFT      t        0      0   0    2    0    2    0  |LPM_MULT:1|multcore:mult_core|csa_add:padder|csa_add:sub_csa_add|sum_out_nodes6
  (5)     2    A       SOFT      t        0      0   0    0    1    1    0  |LPM_MULT:1|multcore:mult_core|csa_add:padder|lpm_add_sub:cpa_adder|addcore:adder|addcore:adder0|gcp2
  (6)     3    A       SOFT      t        0      0   0    0    2    4    0  |LPM_MULT:1|multcore:mult_core|csa_add:padder|lpm_add_sub:cpa_adder|addcore:adder|addcore:adder0|g4


Code:

s = Synthesized pin or logic cell
t = Turbo logic cell
+ = Synchronous flipflop
! = NOT gate push-back
r = Fitter-inserted logic cell


Device-Specific Information:                              z:\lab17\lab17_8.rpt
lab17_8

** LOGIC CELL INTERCONNECTIONS **

Logic Array Block 'A':

                                 Logic cells placed in LAB 'A'
        +----------------------- LC5 |LPM_MULT:1|multcore:mult_core|csa_add:padder|csa_add:sub_csa_add|carry_out_nodes2
        | +--------------------- LC6 |LPM_MULT:1|multcore:mult_core|csa_add:padder|csa_add:sub_csa_add|carry_out_nodes3
        | | +------------------- LC8 |LPM_MULT:1|multcore:mult_core|csa_add:padder|csa_add:sub_csa_add|carry_out_nodes4
        | | | +----------------- LC16 |LPM_MULT:1|multcore:mult_core|csa_add:padder|csa_add:sub_csa_add|csa_cell:adder0|~83~1
        | | | | +--------------- LC4 |LPM_MULT:1|multcore:mult_core|csa_add:padder|csa_add:sub_csa_add|sum_out_nodes3
        | | | | | +------------- LC1 |LPM_MULT:1|multcore:mult_core|csa_add:padder|csa_add:sub_csa_add|sum_out_nodes4
        | | | | | | +----------- LC2 |LPM_MULT:1|multcore:mult_core|csa_add:padder|lpm_add_sub:cpa_adder|addcore:adder|addcore:adder0|gcp2
        | | | | | | | +--------- LC3 |LPM_MULT:1|multcore:mult_core|csa_add:padder|lpm_add_sub:cpa_adder|addcore:adder|addcore:adder0|g4
        | | | | | | | | +------- LC9 result0
        | | | | | | | | | +----- LC10 result1
        | | | | | | | | | | +--- LC12 result2
        | | | | | | | | | | | +- LC11 result3
        | | | | | | | | | | | | 
        | | | | | | | | | | | |   Other LABs fed by signals
        | | | | | | | | | | | |   that feed LAB 'A'
LC      | | | | | | | | | | | | | A B |     Logic cells that feed LAB 'A':
LC5  -> - - - - - - - * - - - * | * - | <-- |LPM_MULT:1|multcore:mult_core|csa_add:padder|csa_add:sub_csa_add|carry_out_nodes2
LC16 -> - - - - - - - - - - * - | * - | <-- |LPM_MULT:1|multcore:mult_core|csa_add:padder|csa_add:sub_csa_add|csa_cell:adder0|~83~1
LC4  -> - - - - - - - * - - - * | * - | <-- |LPM_MULT:1|multcore:mult_core|csa_add:padder|csa_add:sub_csa_add|sum_out_nodes3
LC2  -> - - - - - - - - - - - * | * - | <-- |LPM_MULT:1|multcore:mult_core|csa_add:padder|lpm_add_sub:cpa_adder|addcore:adder|addcore:adder0|gcp2
LC12 -> - - - - - - * - - - - - | * - | <-- result2

Pin
4    -> * - - * * - - - * * * - | * * | <-- dataa0
12   -> * - * * * * - - - * * - | * * | <-- dataa1
11   -> * - * * * - - - - - * - | * * | <-- dataa2
9    -> - - * - - - - - - - - - | * * | <-- dataa3
8    -> * - - * * - - - * * * - | * * | <-- datab0
7    -> * - * * * - - - - * * - | * * | <-- datab1
6    -> * - * * * - - - - - * - | * * | <-- datab2
5    -> - - * - * * - - - - - - | * * | <-- datab3
LC29 -> - - - - * - - - - - - - | * - | <-- |LPM_MULT:1|multcore:mult_core|csa_add:padder|csa_add:sub_csa_add|csa_cell:adder0|~84~1
LC24 -> - - - - * - - - - - - - | * - | <-- |LPM_MULT:1|multcore:mult_core|csa_add:padder|csa_add:sub_csa_add|csa_cell:adder0|~84~2
LC32 -> - - - - * - - - - - - - | * - | <-- |LPM_MULT:1|multcore:mult_core|csa_add:padder|csa_add:sub_csa_add|csa_cell:adder0|~84~3
LC26 -> - - - - - * - - - - - - | * - | <-- |LPM_MULT:1|multcore:mult_core|csa_add:padder|csa_add:sub_csa_add|csa_cell:adder0|~85~1
LC30 -> - - - - - * - - - - - - | * - | <-- |LPM_MULT:1|multcore:mult_core|csa_add:padder|csa_add:sub_csa_add|csa_cell:adder0|~85~2
LC28 -> - * - - - - - - - - - - | * - | <-- |LPM_MULT:1|multcore:mult_core|csa_add:padder|csa_add:sub_csa_add|csa_cell:adder0|~165~1
LC27 -> - * - - - - - - - - - - | * - | <-- |LPM_MULT:1|multcore:mult_core|csa_add:padder|csa_add:sub_csa_add|csa_cell:adder0|~165~2
LC31 -> - * - - - - - - - - - - | * - | <-- |LPM_MULT:1|multcore:mult_core|csa_add:padder|csa_add:sub_csa_add|csa_cell:adder0|~165~3
LC23 -> - - * - - - - - - - - - | * - | <-- |LPM_MULT:1|multcore:mult_core|csa_add:padder|csa_add:sub_csa_add|csa_cell:adder0|~166~1


* = The logic cell or pin is an input to the logic cell (or LAB) through the PIA.
- = The logic cell or pin is not an input to the logic cell (or LAB).


Device-Specific Information:                              z:\lab17\lab17_8.rpt
lab17_8

** LOGIC CELL INTERCONNECTIONS **

Logic Array Block 'B':

                                         Logic cells placed in LAB 'B'
        +------------------------------- LC25 |LPM_MULT:1|multcore:mult_core|csa_add:padder|csa_add:sub_csa_add|carry_out_nodes5
        | +----------------------------- LC29 |LPM_MULT:1|multcore:mult_core|csa_add:padder|csa_add:sub_csa_add|csa_cell:adder0|~84~1
        | | +--------------------------- LC24 |LPM_MULT:1|multcore:mult_core|csa_add:padder|csa_add:sub_csa_add|csa_cell:adder0|~84~2
        | | | +------------------------- LC32 |LPM_MULT:1|multcore:mult_core|csa_add:padder|csa_add:sub_csa_add|csa_cell:adder0|~84~3
        | | | | +----------------------- LC26 |LPM_MULT:1|multcore:mult_core|csa_add:padder|csa_add:sub_csa_add|csa_cell:adder0|~85~1
        | | | | | +--------------------- LC30 |LPM_MULT:1|multcore:mult_core|csa_add:padder|csa_add:sub_csa_add|csa_cell:adder0|~85~2
        | | | | | | +------------------- LC28 |LPM_MULT:1|multcore:mult_core|csa_add:padder|csa_add:sub_csa_add|csa_cell:adder0|~165~1
        | | | | | | | +----------------- LC27 |LPM_MULT:1|multcore:mult_core|csa_add:padder|csa_add:sub_csa_add|csa_cell:adder0|~165~2
        | | | | | | | | +--------------- LC31 |LPM_MULT:1|multcore:mult_core|csa_add:padder|csa_add:sub_csa_add|csa_cell:adder0|~165~3
        | | | | | | | | | +------------- LC23 |LPM_MULT:1|multcore:mult_core|csa_add:padder|csa_add:sub_csa_add|csa_cell:adder0|~166~1
        | | | | | | | | | | +----------- LC17 |LPM_MULT:1|multcore:mult_core|csa_add:padder|csa_add:sub_csa_add|sum_out_nodes5
        | | | | | | | | | | | +--------- LC18 |LPM_MULT:1|multcore:mult_core|csa_add:padder|csa_add:sub_csa_add|sum_out_nodes6
        | | | | | | | | | | | | +------- LC19 result4
        | | | | | | | | | | | | | +----- LC20 result5
        | | | | | | | | | | | | | | +--- LC21 result6
        | | | | | | | | | | | | | | | +- LC22 result7
        | | | | | | | | | | | | | | | | 
        | | | | | | | | | | | | | | | |   Other LABs fed by signals
        | | | | | | | | | | | | | | | |   that feed LAB 'B'
LC      | | | | | | | | | | | | | | | | | A B |     Logic cells that feed LAB 'B':
LC25 -> - - - - - - - - - - - - - - * * | - * | <-- |LPM_MULT:1|multcore:mult_core|csa_add:padder|csa_add:sub_csa_add|carry_out_nodes5
LC17 -> - - - - - - - - - - - - - * * * | - * | <-- |LPM_MULT:1|multcore:mult_core|csa_add:padder|csa_add:sub_csa_add|sum_out_nodes5
LC18 -> - - - - - - - - - - - - - - * * | - * | <-- |LPM_MULT:1|multcore:mult_core|csa_add:padder|csa_add:sub_csa_add|sum_out_nodes6

Pin
4    -> - * * * - - * * * - - - - - - - | * * | <-- dataa0
12   -> - * * * * * * * * * - - - - - - | * * | <-- dataa1
11   -> * * * * * * * * * * * - - - - * | * * | <-- dataa2
9    -> * * * * * * * * * * * * - - * * | * * | <-- dataa3
8    -> - * * * * * * * * * - - - - - - | * * | <-- datab0
7    -> * * * * * * * * * * * - - - - - | * * | <-- datab1
6    -> * * * * * * * * * * * - - - - * | * * | <-- datab2
5    -> * - - - - - * * * * * * - - * * | * * | <-- datab3
LC6  -> - - - - - - - - - - - - * * * * | - * | <-- |LPM_MULT:1|multcore:mult_core|csa_add:padder|csa_add:sub_csa_add|carry_out_nodes3
LC8  -> - - - - - - - - - - - - - * * * | - * | <-- |LPM_MULT:1|multcore:mult_core|csa_add:padder|csa_add:sub_csa_add|carry_out_nodes4
LC1  -> - - - - - - - - - - - - * * * * | - * | <-- |LPM_MULT:1|multcore:mult_core|csa_add:padder|csa_add:sub_csa_add|sum_out_nodes4
LC3  -> - - - - - - - - - - - - * * * * | - * | <-- |LPM_MULT:1|multcore:mult_core|csa_add:padder|lpm_add_sub:cpa_adder|addcore:adder|addcore:adder0|g4


* = The logic cell or pin is an input to the logic cell (or LAB) through the PIA.
- = The logic cell or pin is not an input to the logic cell (or LAB).


Device-Specific Information:                              z:\lab17\lab17_8.rpt
lab17_8

** EQUATIONS **

dataa0   : INPUT;
dataa1   : INPUT;
dataa2   : INPUT;
dataa3   : INPUT;
datab0   : INPUT;
datab1   : INPUT;
datab2   : INPUT;
datab3   : INPUT;

-- Node name is 'result0' 
-- Equation name is 'result0', location is LC009, type is output.
 result0 = LCELL( _EQ001 $  GND);
  _EQ001 =  dataa0 &  datab0;

-- Node name is 'result1' 
-- Equation name is 'result1', location is LC010, type is output.
 result1 = LCELL( _EQ002 $  GND);
  _EQ002 = !dataa0 &  dataa1 &  datab0
         #  dataa1 &  datab0 & !datab1
         #  dataa0 & !dataa1 &  datab1
         #  dataa0 & !datab0 &  datab1;

-- Node name is 'result2' 
-- Equation name is 'result2', location is LC012, type is output.
 result2 = LCELL( _EQ003 $  _EQ004);
  _EQ003 = !dataa0 &  dataa1 &  dataa2 &  datab0 &  datab1 & !_LC016 &  _X001
         #  dataa0 &  dataa1 & !datab0 &  datab1 &  datab2 & !_LC016 &  _X001
         #  dataa0 &  dataa2 &  datab0 &  datab2 & !_LC016 &  _X001
         #  dataa0 & !dataa2 &  datab0 & !datab2 & !_LC016 &  _X001;
  _X001  = EXP(!datab0 & !datab1 & !datab2);
  _EQ004 = !_LC016 &  _X001;
  _X001  = EXP(!datab0 & !datab1 & !datab2);

-- Node name is 'result3' 
-- Equation name is 'result3', location is LC011, type is output.
 result3 = LCELL( _EQ005 $  _LC002);
  _EQ005 =  _X002 &  _X003;
  _X002  = EXP(!_LC004 & !_LC005);
  _X003  = EXP( _LC004 &  _LC005);

-- Node name is 'result4' 
-- Equation name is 'result4', location is LC019, type is output.
 result4 = LCELL( _EQ006 $  _LC003);
  _EQ006 =  _X004 &  _X005;
  _X004  = EXP( _LC001 &  _LC006);
  _X005  = EXP(!_LC001 & !_LC006);

-- Node name is 'result5' 
-- Equation name is 'result5', location is LC020, type is output.
 result5 = LCELL( _EQ007 $  _EQ008);
  _EQ007 =  _LC001 &  _LC006
         #  _LC003 &  _X005;
  _X005  = EXP(!_LC001 & !_LC006);
  _EQ008 =  _X006 &  _X007;
  _X006  = EXP( _LC008 &  _LC017);
  _X007  = EXP(!_LC008 & !_LC017);

-- Node name is 'result6' 
-- Equation name is 'result6', location is LC021, type is output.
 result6 = LCELL( _EQ009 $  _EQ010);
  _EQ009 =  _LC001 &  _LC006 &  _X007
         #  _LC003 &  _X005 &  _X007
         #  _LC008 &  _LC017;
  _X007  = EXP(!_LC008 & !_LC017);
  _X005  = EXP(!_LC001 & !_LC006);
  _EQ010 =  _X008 &  _X009;
  _X008  = EXP( dataa3 &  datab3 &  _LC025);
  _X009  = EXP(!_LC018 & !_LC025);

-- Node name is 'result7' 
-- Equation name is 'result7', location is LC022, type is output.
 result7 = LCELL( _EQ011 $  GND);
  _EQ011 =  dataa2 &  dataa3 &  datab2 &  datab3
         #  _LC001 &  _LC006 &  _X007 &  _X009
         #  _LC003 &  _X005 &  _X007 &  _X009
         #  _LC008 &  _LC017 &  _X009;
  _X007  = EXP(!_LC008 & !_LC017);
  _X009  = EXP(!_LC018 & !_LC025);
  _X005  = EXP(!_LC001 & !_LC006);

-- Node name is '|LPM_MULT:1|multcore:mult_core|csa_add:padder|csa_add:sub_csa_add|carry_out_nodes2' from file "csa_add.tdf" line 59, column 19
-- Equation name is '_LC005', type is buried 
_LC005   = LCELL( _EQ012 $  GND);
  _EQ012 =  dataa0 &  dataa1 &  dataa2 &  datab0 &  datab1 &  datab2
         #  dataa0 &  dataa1 & !dataa2 &  datab0 &  datab1 & !datab2;

-- Node name is '|LPM_MULT:1|multcore:mult_core|csa_add:padder|csa_add:sub_csa_add|carry_out_nodes3' from file "csa_add.tdf" line 59, column 19
-- Equation name is '_LC006', type is buried 
_LC006   = LCELL( _EQ013 $  VCC);
  _EQ013 = !_LC027 & !_LC028 & !_LC031;

-- Node name is '|LPM_MULT:1|multcore:mult_core|csa_add:padder|csa_add:sub_csa_add|carry_out_nodes4' from file "csa_add.tdf" line 59, column 19
-- Equation name is '_LC008', type is buried 
_LC008   = LCELL( _EQ014 $  VCC);
  _EQ014 = !_LC023 &  _X010 &  _X011;
  _X010  = EXP( dataa1 &  dataa2 &  datab2 &  datab3);
  _X011  = EXP( dataa1 &  dataa3 &  datab1 &  datab3);

-- Node name is '|LPM_MULT:1|multcore:mult_core|csa_add:padder|csa_add:sub_csa_add|carry_out_nodes5' from file "csa_add.tdf" line 59, column 19
-- Equation name is '_LC025', type is buried 
_LC025   = LCELL( _EQ015 $  GND);
  _EQ015 =  dataa2 &  dataa3 & !datab1 &  datab2 &  datab3
         #  dataa2 &  dataa3 &  datab1 &  datab2;

-- Node name is '|LPM_MULT:1|multcore:mult_core|csa_add:padder|csa_add:sub_csa_add|csa_cell:adder0|~83~1' from file "csa_cell.tdf" line 22, column 38
-- Equation name is '_LC016', type is buried 
-- synthesized logic cell 
_LC016   = LCELL( _EQ016 $  GND);
  _EQ016 = !dataa0 & !dataa1 & !dataa2
         # !dataa0 & !dataa2 & !datab1
         # !dataa0 & !dataa1 & !datab0
         # !dataa0 & !datab0 & !datab1
         # !dataa1 & !datab0 & !datab2;

-- Node name is '|LPM_MULT:1|multcore:mult_core|csa_add:padder|csa_add:sub_csa_add|csa_cell:adder0|~84~1' from file "csa_cell.tdf" line 22, column 38
-- Equation name is '_LC029', type is buried 
-- synthesized logic cell 
_LC029   = LCELL( _EQ017 $  GND);
  _EQ017 =  dataa0 & !dataa1 &  dataa2 & !dataa3 &  datab0 & !datab1 & 
              datab2
         #  dataa0 & !dataa1 &  dataa3 &  datab0 &  datab1 &  datab2
         #  dataa0 &  dataa1 &  dataa2 &  dataa3 &  datab0 & !datab1
         #  dataa0 &  dataa1 &  dataa2 & !dataa3 &  datab1 &  datab2
         # !dataa0 &  dataa2 & !dataa3 &  datab0 &  datab1 &  datab2;

-- Node name is '|LPM_MULT:1|multcore:mult_core|csa_add:padder|csa_add:sub_csa_add|csa_cell:adder0|~84~2' from file "csa_cell.tdf" line 22, column 38
-- Equation name is '_LC024', type is buried 
-- synthesized logic cell 
_LC024   = LCELL( _EQ018 $  GND);
  _EQ018 =  dataa0 & !dataa2 &  dataa3 &  datab0 &  datab1
         # !dataa0 &  dataa1 & !dataa3 &  datab0 &  datab2
         # !dataa0 & !dataa1 &  dataa3 &  datab0 & !datab1
         # !dataa1 &  dataa2 & !dataa3 &  datab1 & !datab2
         #  dataa1 & !dataa2 & !dataa3 & !datab1 &  datab2;

-- Node name is '|LPM_MULT:1|multcore:mult_core|csa_add:padder|csa_add:sub_csa_add|csa_cell:adder0|~84~3' from file "csa_cell.tdf" line 22, column 38
-- Equation name is '_LC032', type is buried 
-- synthesized logic cell 
_LC032   = LCELL( _EQ019 $  GND);
  _EQ019 = !dataa0 &  dataa1 & !dataa2 & !datab0 &  datab2
         #  dataa0 &  dataa2 & !datab0 &  datab1
         #  dataa1 &  dataa3 &  datab0 & !datab2
         # !dataa1 & !dataa2 &  dataa3 &  datab0
         #  dataa3 &  datab0 & !datab1 & !datab2;

-- Node name is '|LPM_MULT:1|multcore:mult_core|csa_add:padder|csa_add:sub_csa_add|csa_cell:adder0|~85~1' from file "csa_cell.tdf" line 22, column 38
-- Equation name is '_LC026', type is buried 
-- synthesized logic cell 
_LC026   = LCELL( _EQ020 $  GND);
  _EQ020 = !dataa1 &  dataa2 &  dataa3 & !datab0 &  datab1 &  datab2
         #  dataa1 & !dataa2 &  datab0 &  datab1 &  datab2
         #  dataa1 &  dataa2 &  dataa3 &  datab0 & !datab1
         #  dataa1 & !dataa3 &  datab1
         #  dataa2 &  datab0 & !datab2;

-- Node name is '|LPM_MULT:1|multcore:mult_core|csa_add:padder|csa_add:sub_csa_add|csa_cell:adder0|~85~2' from file "csa_cell.tdf" line 22, column 38
-- Equation name is '_LC030', type is buried 
-- synthesized logic cell 
_LC030   = LCELL( _EQ021 $  GND);
  _EQ021 = !dataa2 & !datab0 & !datab1
         # !dataa1 & !dataa2 & !datab1
         # !dataa2 & !dataa3
         # !datab1 & !datab2
         # !dataa3 & !datab2;

-- Node name is '|LPM_MULT:1|multcore:mult_core|csa_add:padder|csa_add:sub_csa_add|csa_cell:adder0|~165~1' from file "csa_cell.tdf" line 24, column 44
-- Equation name is '_LC028', type is buried 
-- synthesized logic cell 
_LC028   = LCELL( _EQ022 $  GND);
  _EQ022 =  dataa0 & !dataa1 &  dataa2 &  dataa3 &  datab0 & !datab1 & 
              datab2
         #  dataa0 & !dataa1 &  dataa2 & !dataa3 &  datab0 &  datab1 & 
              datab2
         #  dataa0 &  dataa1 &  dataa2 & !dataa3 &  datab0 & !datab1 & 
              datab2
         #  dataa1 &  dataa2 &  dataa3 &  datab0 &  datab1 &  datab2
         #  dataa0 &  dataa1 &  dataa3 &  datab0 & !datab2 &  datab3;

-- Node name is '|LPM_MULT:1|multcore:mult_core|csa_add:padder|csa_add:sub_csa_add|csa_cell:adder0|~165~2' from file "csa_cell.tdf" line 24, column 44
-- Equation name is '_LC027', type is buried 
-- synthesized logic cell 
_LC027   = LCELL( _EQ023 $  GND);
  _EQ023 =  dataa0 & !dataa2 &  dataa3 &  datab0 &  datab1 &  datab3
         #  dataa0 & !dataa1 &  dataa3 &  datab0 & !datab1 &  datab3
         #  dataa1 &  dataa2 & !dataa3 &  datab0 &  datab1 & !datab2
         #  dataa0 &  dataa1 & !dataa2 & !dataa3 &  datab1 &  datab2
         #  dataa0 &  dataa1 & !dataa2 & !datab0 &  datab1 &  datab2;

-- Node name is '|LPM_MULT:1|multcore:mult_core|csa_add:padder|csa_add:sub_csa_add|csa_cell:adder0|~165~3' from file "csa_cell.tdf" line 24, column 44
-- Equation name is '_LC031', type is buried 
-- synthesized logic cell 
_LC031   = LCELL( _EQ024 $  GND);
  _EQ024 =  dataa0 &  dataa2 &  datab0 &  datab2 &  datab3
         #  dataa0 &  dataa1 & !datab0 &  datab2 &  datab3
         #  dataa0 &  dataa1 & !dataa3 &  datab2 &  datab3
         #  dataa0 &  dataa2 & !datab0 &  datab1 &  datab3
         #  dataa0 &  dataa2 & !dataa3 &  datab1 &  datab3;

-- Node name is '|LPM_MULT:1|multcore:mult_core|csa_add:padder|csa_add:sub_csa_add|csa_cell:adder0|~166~1' from file "csa_cell.tdf" line 24, column 44
-- Equation name is '_LC023', type is buried 
-- synthesized logic cell 
_LC023   = LCELL( _EQ025 $  GND);
  _EQ025 =  dataa1 & !dataa2 &  dataa3 &  datab0 &  datab1 &  datab2
         #  dataa1 &  dataa2 &  dataa3 &  datab0 & !datab1 &  datab2
         #  dataa1 &  dataa3 &  datab0 &  datab2 &  datab3
         #  dataa1 &  dataa2 & !dataa3 &  datab1 &  datab2
         #  dataa2 &  dataa3 &  datab0 &  datab1 & !datab2;

-- Node name is '|LPM_MULT:1|multcore:mult_core|csa_add:padder|csa_add:sub_csa_add|sum_out_nodes3' from file "csa_add.tdf" line 58, column 17
-- Equation name is '_LC004', type is buried 
_LC004   = LCELL( _EQ026 $  _EQ027);
  _EQ026 = !_LC024 & !_LC029 & !_LC032 &  _X012 &  _X013 &  _X014;
  _X012  = EXP(!dataa1 &  dataa2 & !datab0 &  datab1);
  _X013  = EXP( dataa2 & !datab0 &  datab1 & !datab2);
  _X014  = EXP( dataa1 & !datab0 & !datab1 &  datab2);
  _EQ027 =  _X015;
  _X015  = EXP( dataa0 &  datab3);

-- Node name is '|LPM_MULT:1|multcore:mult_core|csa_add:padder|csa_add:sub_csa_add|sum_out_nodes4' from file "csa_add.tdf" line 58, column 17
-- Equation name is '_LC001', type is buried 
_LC001   = LCELL( _EQ028 $  _EQ029);
  _EQ028 =  dataa1 &  datab3;
  _EQ029 = !_LC026 & !_LC030;

-- Node name is '|LPM_MULT:1|multcore:mult_core|csa_add:padder|csa_add:sub_csa_add|sum_out_nodes5' from file "csa_add.tdf" line 58, column 17
-- Equation name is '_LC017', type is buried 
_LC017   = LCELL( _EQ030 $  GND);
  _EQ030 =  dataa3 & !datab1 &  datab2 & !datab3
         #  dataa2 &  datab1 &  datab3
         # !dataa2 &  dataa3 &  datab2
         #  dataa2 & !dataa3 &  datab3
         #  dataa2 & !datab2 &  datab3;

-- Node name is '|LPM_MULT:1|multcore:mult_core|csa_add:padder|csa_add:sub_csa_add|sum_out_nodes6' from file "csa_add.tdf" line 58, column 17
-- Equation name is '_LC018', type is buried 
_LC018   = LCELL( _EQ031 $  GND);
  _EQ031 =  dataa3 &  datab3;

-- Node name is '|LPM_MULT:1|multcore:mult_core|csa_add:padder|lpm_add_sub:cpa_adder|addcore:adder|addcore:adder0|gcp2' from file "addcore.tdf" line 160, column 8
-- Equation name is '_LC002', type is buried 
_LC002   = LCELL( result2 $  result2);

-- Node name is '|LPM_MULT:1|multcore:mult_core|csa_add:padder|lpm_add_sub:cpa_adder|addcore:adder|addcore:adder0|g4' from file "addcore.tdf" line 158, column 5
-- Equation name is '_LC003', type is buried 
_LC003   = LCELL( _EQ032 $  _LC004);
  _EQ032 =  _LC004 & !_LC005;



--     Shareable expanders that are duplicated in multiple LABs:
--     (none)




Project Information                                       z:\lab17\lab17_8.rpt

** COMPILATION SETTINGS & TIMES **

Processing Menu Commands
------------------------

Design Doctor                             = off

Logic Synthesis:

   Synthesis Type Used                    = Standard

   Default Synthesis Style                = NORMAL

      Logic option settings in 'NORMAL' style for 'MAX7000' family

      DECOMPOSE_GATES                     = on
      DUPLICATE_LOGIC_EXTRACTION          = on
      MINIMIZATION                        = full
      MULTI_LEVEL_FACTORING               = on
      NOT_GATE_PUSH_BACK                  = on
      PARALLEL_EXPANDERS                  = off
      REDUCE_LOGIC                        = on
      REFACTORIZATION                     = on
      REGISTER_OPTIMIZATION               = on
      RESYNTHESIZE_NETWORK                = on
      SLOW_SLEW_RATE                      = off
      SOFT_BUFFER_INSERTION               = on
      SUBFACTOR_EXTRACTION                = on
      TURBO_BIT                           = on
      XOR_SYNTHESIS                       = on
      IGNORE_SOFT_BUFFERS                 = off
      USE_LPM_FOR_AHDL_OPERATORS          = off

   Other logic synthesis settings:

      Automatic Global Clock              = on
      Automatic Global Clear              = on
      Automatic Global Preset             = on
      Automatic Global Output Enable      = on
      Automatic Fast I/O                  = off
      Automatic Register Packing          = off
      Automatic Open-Drain Pins           = on
      Automatic Implement in EAB          = off
      One-Hot State Machine Encoding      = off
      Optimize                            = 5

Default Timing Specifications: None

Cut All Bidir Feedback Timing Paths       = on
Cut All Clear & Preset Timing Paths       = on

Ignore Timing Assignments                 = off

Functional SNF Extractor                  = off

Linked SNF Extractor                      = off
Timing SNF Extractor                      = on
Optimize Timing SNF                       = off
Generate AHDL TDO File                    = off
Fitter Settings                           = NORMAL
Smart Recompile                           = off
Total Recompile                           = off

Interfaces Menu Commands
------------------------

EDIF Netlist Writer                       = off
Verilog Netlist Writer                    = off
VHDL Netlist Writer                       = off

Compilation Times
-----------------

   Compiler Netlist Extractor             00:00:00
   Database Builder                       00:00:00
   Logic Synthesizer                      00:00:00
   Partitioner                            00:00:00
   Fitter                                 00:00:01
   Timing SNF Extractor                   00:00:00
   Assembler                              00:00:00
   --------------------------             --------
   Total Time                             00:00:01


Memory Allocated
-----------------

Peak memory allocated during compilation  = 3,200K
