Project Information                                      z:\lab17\lab17_10.rpt

MAX+plus II Compiler Report File
Version 9.01 07/30/98
Compiled: 12/02/20 22:24:29

Copyright (C) 1988-1998 Altera Corporation
Any megafunction design, and related net list (encrypted or decrypted),
support information, device programming or simulation file, and any other
associated documentation or information provided by Altera or a partner
under Altera's Megafunction Partnership Program may be used only to
program PLD devices (but not masked PLD devices) from Altera.  Any other
use of such megafunction design, net list, support information, device
programming or simulation file, or any other related documentation or
information is prohibited for any other purpose, including, but not
limited to modification, reverse engineering, de-compiling, or use with
any other silicon devices, unless such use is explicitly licensed under
a separate agreement with Altera or a megafunction partner.  Title to
the intellectual property, including patents, copyrights, trademarks,
trade secrets, or maskworks, embodied in any such megafunction design,
net list, support information, device programming or simulation file, or
any other related documentation or information provided by Altera or a
megafunction partner, remains with Altera, the megafunction partner, or
their respective licensors.  No other licenses, including any licenses
needed under any third party's intellectual property, are provided herein.



***** Project compilation was successful




** DEVICE SUMMARY **

Chip/                     Input Output Bidir  Memory  Memory  			 LCs
POF       Device          Pins  Pins   Pins   Bits % Utilized  LCs  % Utilized

lab17_10  EPF10K30ETC144-1 18     12     0    0         0  %    95       5  %

User Pins:                 18     12     0  



Project Information                                      z:\lab17\lab17_10.rpt

** PROJECT TIMING MESSAGES **

Warning: Timing characteristics of device EPF10K30ETC144-1 are preliminary


Project Information                                      z:\lab17\lab17_10.rpt

** FILE HIERARCHY **



|lab17_9_2:2|
|lab17_9_2:2|lab17_9:1|
|lab17_9_2:2|lab17_9:1|lab17_9_sum:26|
|lab17_9_2:2|lab17_9:1|lab17_9_sum:26|summator:1|
|lab17_9_2:2|lab17_9:1|lab17_9_sum:26|summator:1|half-summator:1|
|lab17_9_2:2|lab17_9:1|lab17_9_sum:26|summator:1|half-summator:2|
|lab17_9_2:2|lab17_9:1|lab17_9_sum:26|summator:4|
|lab17_9_2:2|lab17_9:1|lab17_9_sum:26|summator:4|half-summator:1|
|lab17_9_2:2|lab17_9:1|lab17_9_sum:26|summator:4|half-summator:2|
|lab17_9_2:2|lab17_9:1|lab17_9_sum:26|summator:3|
|lab17_9_2:2|lab17_9:1|lab17_9_sum:26|summator:3|half-summator:1|
|lab17_9_2:2|lab17_9:1|lab17_9_sum:26|summator:3|half-summator:2|
|lab17_9_2:2|lab17_9:1|lab17_9_sum:26|summator:2|
|lab17_9_2:2|lab17_9:1|lab17_9_sum:26|summator:2|half-summator:1|
|lab17_9_2:2|lab17_9:1|lab17_9_sum:26|summator:2|half-summator:2|
|lab17_9_2:2|lab17_9:1|lab17_9_sum6:62|
|lab17_9_2:2|lab17_9:1|lab17_9_sum6:62|lab17_9_sum:2|
|lab17_9_2:2|lab17_9:1|lab17_9_sum6:62|lab17_9_sum:2|summator:1|
|lab17_9_2:2|lab17_9:1|lab17_9_sum6:62|lab17_9_sum:2|summator:1|half-summator:1|
|lab17_9_2:2|lab17_9:1|lab17_9_sum6:62|lab17_9_sum:2|summator:1|half-summator:2|
|lab17_9_2:2|lab17_9:1|lab17_9_sum6:62|lab17_9_sum:2|summator:4|
|lab17_9_2:2|lab17_9:1|lab17_9_sum6:62|lab17_9_sum:2|summator:4|half-summator:1|
|lab17_9_2:2|lab17_9:1|lab17_9_sum6:62|lab17_9_sum:2|summator:4|half-summator:2|
|lab17_9_2:2|lab17_9:1|lab17_9_sum6:62|lab17_9_sum:2|summator:3|
|lab17_9_2:2|lab17_9:1|lab17_9_sum6:62|lab17_9_sum:2|summator:3|half-summator:1|
|lab17_9_2:2|lab17_9:1|lab17_9_sum6:62|lab17_9_sum:2|summator:3|half-summator:2|
|lab17_9_2:2|lab17_9:1|lab17_9_sum6:62|lab17_9_sum:2|summator:2|
|lab17_9_2:2|lab17_9:1|lab17_9_sum6:62|lab17_9_sum:2|summator:2|half-summator:1|
|lab17_9_2:2|lab17_9:1|lab17_9_sum6:62|lab17_9_sum:2|summator:2|half-summator:2|
|lab17_9_2:2|lab17_9:1|lab17_9_sum6:62|summator:3|
|lab17_9_2:2|lab17_9:1|lab17_9_sum6:62|summator:3|half-summator:1|
|lab17_9_2:2|lab17_9:1|lab17_9_sum6:62|summator:3|half-summator:2|
|lab17_9_2:2|lab17_9:1|lab17_9_sum6:62|summator:4|
|lab17_9_2:2|lab17_9:1|lab17_9_sum6:62|summator:4|half-summator:1|
|lab17_9_2:2|lab17_9:1|lab17_9_sum6:62|summator:4|half-summator:2|
|lab17_9_2:2|lab17_9:1|lab17_9_sum6:63|
|lab17_9_2:2|lab17_9:1|lab17_9_sum6:63|lab17_9_sum:2|
|lab17_9_2:2|lab17_9:1|lab17_9_sum6:63|lab17_9_sum:2|summator:1|
|lab17_9_2:2|lab17_9:1|lab17_9_sum6:63|lab17_9_sum:2|summator:1|half-summator:1|
|lab17_9_2:2|lab17_9:1|lab17_9_sum6:63|lab17_9_sum:2|summator:1|half-summator:2|
|lab17_9_2:2|lab17_9:1|lab17_9_sum6:63|lab17_9_sum:2|summator:4|
|lab17_9_2:2|lab17_9:1|lab17_9_sum6:63|lab17_9_sum:2|summator:4|half-summator:1|
|lab17_9_2:2|lab17_9:1|lab17_9_sum6:63|lab17_9_sum:2|summator:4|half-summator:2|
|lab17_9_2:2|lab17_9:1|lab17_9_sum6:63|lab17_9_sum:2|summator:3|
|lab17_9_2:2|lab17_9:1|lab17_9_sum6:63|lab17_9_sum:2|summator:3|half-summator:1|
|lab17_9_2:2|lab17_9:1|lab17_9_sum6:63|lab17_9_sum:2|summator:3|half-summator:2|
|lab17_9_2:2|lab17_9:1|lab17_9_sum6:63|lab17_9_sum:2|summator:2|
|lab17_9_2:2|lab17_9:1|lab17_9_sum6:63|lab17_9_sum:2|summator:2|half-summator:1|
|lab17_9_2:2|lab17_9:1|lab17_9_sum6:63|lab17_9_sum:2|summator:2|half-summator:2|
|lab17_9_2:2|lab17_9:1|lab17_9_sum6:63|summator:3|
|lab17_9_2:2|lab17_9:1|lab17_9_sum6:63|summator:3|half-summator:1|
|lab17_9_2:2|lab17_9:1|lab17_9_sum6:63|summator:3|half-summator:2|
|lab17_9_2:2|lab17_9:1|lab17_9_sum6:63|summator:4|
|lab17_9_2:2|lab17_9:1|lab17_9_sum6:63|summator:4|half-summator:1|
|lab17_9_2:2|lab17_9:1|lab17_9_sum6:63|summator:4|half-summator:2|
|lab17_9_2:2|lab17_9:2|
|lab17_9_2:2|lab17_9:2|lab17_9_sum:26|
|lab17_9_2:2|lab17_9:2|lab17_9_sum:26|summator:1|
|lab17_9_2:2|lab17_9:2|lab17_9_sum:26|summator:1|half-summator:1|
|lab17_9_2:2|lab17_9:2|lab17_9_sum:26|summator:1|half-summator:2|
|lab17_9_2:2|lab17_9:2|lab17_9_sum:26|summator:4|
|lab17_9_2:2|lab17_9:2|lab17_9_sum:26|summator:4|half-summator:1|
|lab17_9_2:2|lab17_9:2|lab17_9_sum:26|summator:4|half-summator:2|
|lab17_9_2:2|lab17_9:2|lab17_9_sum:26|summator:3|
|lab17_9_2:2|lab17_9:2|lab17_9_sum:26|summator:3|half-summator:1|
|lab17_9_2:2|lab17_9:2|lab17_9_sum:26|summator:3|half-summator:2|
|lab17_9_2:2|lab17_9:2|lab17_9_sum:26|summator:2|
|lab17_9_2:2|lab17_9:2|lab17_9_sum:26|summator:2|half-summator:1|
|lab17_9_2:2|lab17_9:2|lab17_9_sum:26|summator:2|half-summator:2|
|lab17_9_2:2|lab17_9:2|lab17_9_sum6:62|
|lab17_9_2:2|lab17_9:2|lab17_9_sum6:62|lab17_9_sum:2|
|lab17_9_2:2|lab17_9:2|lab17_9_sum6:62|lab17_9_sum:2|summator:1|
|lab17_9_2:2|lab17_9:2|lab17_9_sum6:62|lab17_9_sum:2|summator:1|half-summator:1|
|lab17_9_2:2|lab17_9:2|lab17_9_sum6:62|lab17_9_sum:2|summator:1|half-summator:2|
|lab17_9_2:2|lab17_9:2|lab17_9_sum6:62|lab17_9_sum:2|summator:4|
|lab17_9_2:2|lab17_9:2|lab17_9_sum6:62|lab17_9_sum:2|summator:4|half-summator:1|
|lab17_9_2:2|lab17_9:2|lab17_9_sum6:62|lab17_9_sum:2|summator:4|half-summator:2|
|lab17_9_2:2|lab17_9:2|lab17_9_sum6:62|lab17_9_sum:2|summator:3|
|lab17_9_2:2|lab17_9:2|lab17_9_sum6:62|lab17_9_sum:2|summator:3|half-summator:1|
|lab17_9_2:2|lab17_9:2|lab17_9_sum6:62|lab17_9_sum:2|summator:3|half-summator:2|
|lab17_9_2:2|lab17_9:2|lab17_9_sum6:62|lab17_9_sum:2|summator:2|
|lab17_9_2:2|lab17_9:2|lab17_9_sum6:62|lab17_9_sum:2|summator:2|half-summator:1|
|lab17_9_2:2|lab17_9:2|lab17_9_sum6:62|lab17_9_sum:2|summator:2|half-summator:2|
|lab17_9_2:2|lab17_9:2|lab17_9_sum6:62|summator:3|
|lab17_9_2:2|lab17_9:2|lab17_9_sum6:62|summator:3|half-summator:1|
|lab17_9_2:2|lab17_9:2|lab17_9_sum6:62|summator:3|half-summator:2|
|lab17_9_2:2|lab17_9:2|lab17_9_sum6:62|summator:4|
|lab17_9_2:2|lab17_9:2|lab17_9_sum6:62|summator:4|half-summator:1|
|lab17_9_2:2|lab17_9:2|lab17_9_sum6:62|summator:4|half-summator:2|
|lab17_9_2:2|lab17_9:2|lab17_9_sum6:63|
|lab17_9_2:2|lab17_9:2|lab17_9_sum6:63|lab17_9_sum:2|
|lab17_9_2:2|lab17_9:2|lab17_9_sum6:63|lab17_9_sum:2|summator:1|
|lab17_9_2:2|lab17_9:2|lab17_9_sum6:63|lab17_9_sum:2|summator:1|half-summator:1|
|lab17_9_2:2|lab17_9:2|lab17_9_sum6:63|lab17_9_sum:2|summator:1|half-summator:2|
|lab17_9_2:2|lab17_9:2|lab17_9_sum6:63|lab17_9_sum:2|summator:4|
|lab17_9_2:2|lab17_9:2|lab17_9_sum6:63|lab17_9_sum:2|summator:4|half-summator:1|
|lab17_9_2:2|lab17_9:2|lab17_9_sum6:63|lab17_9_sum:2|summator:4|half-summator:2|
|lab17_9_2:2|lab17_9:2|lab17_9_sum6:63|lab17_9_sum:2|summator:3|
|lab17_9_2:2|lab17_9:2|lab17_9_sum6:63|lab17_9_sum:2|summator:3|half-summator:1|
|lab17_9_2:2|lab17_9:2|lab17_9_sum6:63|lab17_9_sum:2|summator:3|half-summator:2|
|lab17_9_2:2|lab17_9:2|lab17_9_sum6:63|lab17_9_sum:2|summator:2|
|lab17_9_2:2|lab17_9:2|lab17_9_sum6:63|lab17_9_sum:2|summator:2|half-summator:1|
|lab17_9_2:2|lab17_9:2|lab17_9_sum6:63|lab17_9_sum:2|summator:2|half-summator:2|
|lab17_9_2:2|lab17_9:2|lab17_9_sum6:63|summator:3|
|lab17_9_2:2|lab17_9:2|lab17_9_sum6:63|summator:3|half-summator:1|
|lab17_9_2:2|lab17_9:2|lab17_9_sum6:63|summator:3|half-summator:2|
|lab17_9_2:2|lab17_9:2|lab17_9_sum6:63|summator:4|
|lab17_9_2:2|lab17_9:2|lab17_9_sum6:63|summator:4|half-summator:1|
|lab17_9_2:2|lab17_9:2|lab17_9_sum6:63|summator:4|half-summator:2|
|lab17_9_2:31|
|lab17_9_2:31|lab17_9:1|
|lab17_9_2:31|lab17_9:1|lab17_9_sum:26|
|lab17_9_2:31|lab17_9:1|lab17_9_sum:26|summator:1|
|lab17_9_2:31|lab17_9:1|lab17_9_sum:26|summator:1|half-summator:1|
|lab17_9_2:31|lab17_9:1|lab17_9_sum:26|summator:1|half-summator:2|
|lab17_9_2:31|lab17_9:1|lab17_9_sum:26|summator:4|
|lab17_9_2:31|lab17_9:1|lab17_9_sum:26|summator:4|half-summator:1|
|lab17_9_2:31|lab17_9:1|lab17_9_sum:26|summator:4|half-summator:2|
|lab17_9_2:31|lab17_9:1|lab17_9_sum:26|summator:3|
|lab17_9_2:31|lab17_9:1|lab17_9_sum:26|summator:3|half-summator:1|
|lab17_9_2:31|lab17_9:1|lab17_9_sum:26|summator:3|half-summator:2|
|lab17_9_2:31|lab17_9:1|lab17_9_sum:26|summator:2|
|lab17_9_2:31|lab17_9:1|lab17_9_sum:26|summator:2|half-summator:1|
|lab17_9_2:31|lab17_9:1|lab17_9_sum:26|summator:2|half-summator:2|
|lab17_9_2:31|lab17_9:1|lab17_9_sum6:62|
|lab17_9_2:31|lab17_9:1|lab17_9_sum6:62|lab17_9_sum:2|
|lab17_9_2:31|lab17_9:1|lab17_9_sum6:62|lab17_9_sum:2|summator:1|
|lab17_9_2:31|lab17_9:1|lab17_9_sum6:62|lab17_9_sum:2|summator:1|half-summator:1|
|lab17_9_2:31|lab17_9:1|lab17_9_sum6:62|lab17_9_sum:2|summator:1|half-summator:2|
|lab17_9_2:31|lab17_9:1|lab17_9_sum6:62|lab17_9_sum:2|summator:4|
|lab17_9_2:31|lab17_9:1|lab17_9_sum6:62|lab17_9_sum:2|summator:4|half-summator:1|
|lab17_9_2:31|lab17_9:1|lab17_9_sum6:62|lab17_9_sum:2|summator:4|half-summator:2|
|lab17_9_2:31|lab17_9:1|lab17_9_sum6:62|lab17_9_sum:2|summator:3|
|lab17_9_2:31|lab17_9:1|lab17_9_sum6:62|lab17_9_sum:2|summator:3|half-summator:1|
|lab17_9_2:31|lab17_9:1|lab17_9_sum6:62|lab17_9_sum:2|summator:3|half-summator:2|
|lab17_9_2:31|lab17_9:1|lab17_9_sum6:62|lab17_9_sum:2|summator:2|
|lab17_9_2:31|lab17_9:1|lab17_9_sum6:62|lab17_9_sum:2|summator:2|half-summator:1|
|lab17_9_2:31|lab17_9:1|lab17_9_sum6:62|lab17_9_sum:2|summator:2|half-summator:2|
|lab17_9_2:31|lab17_9:1|lab17_9_sum6:62|summator:3|
|lab17_9_2:31|lab17_9:1|lab17_9_sum6:62|summator:3|half-summator:1|
|lab17_9_2:31|lab17_9:1|lab17_9_sum6:62|summator:3|half-summator:2|
|lab17_9_2:31|lab17_9:1|lab17_9_sum6:62|summator:4|
|lab17_9_2:31|lab17_9:1|lab17_9_sum6:62|summator:4|half-summator:1|
|lab17_9_2:31|lab17_9:1|lab17_9_sum6:62|summator:4|half-summator:2|
|lab17_9_2:31|lab17_9:1|lab17_9_sum6:63|
|lab17_9_2:31|lab17_9:1|lab17_9_sum6:63|lab17_9_sum:2|
|lab17_9_2:31|lab17_9:1|lab17_9_sum6:63|lab17_9_sum:2|summator:1|
|lab17_9_2:31|lab17_9:1|lab17_9_sum6:63|lab17_9_sum:2|summator:1|half-summator:1|
|lab17_9_2:31|lab17_9:1|lab17_9_sum6:63|lab17_9_sum:2|summator:1|half-summator:2|
|lab17_9_2:31|lab17_9:1|lab17_9_sum6:63|lab17_9_sum:2|summator:4|
|lab17_9_2:31|lab17_9:1|lab17_9_sum6:63|lab17_9_sum:2|summator:4|half-summator:1|
|lab17_9_2:31|lab17_9:1|lab17_9_sum6:63|lab17_9_sum:2|summator:4|half-summator:2|
|lab17_9_2:31|lab17_9:1|lab17_9_sum6:63|lab17_9_sum:2|summator:3|
|lab17_9_2:31|lab17_9:1|lab17_9_sum6:63|lab17_9_sum:2|summator:3|half-summator:1|
|lab17_9_2:31|lab17_9:1|lab17_9_sum6:63|lab17_9_sum:2|summator:3|half-summator:2|
|lab17_9_2:31|lab17_9:1|lab17_9_sum6:63|lab17_9_sum:2|summator:2|
|lab17_9_2:31|lab17_9:1|lab17_9_sum6:63|lab17_9_sum:2|summator:2|half-summator:1|
|lab17_9_2:31|lab17_9:1|lab17_9_sum6:63|lab17_9_sum:2|summator:2|half-summator:2|
|lab17_9_2:31|lab17_9:1|lab17_9_sum6:63|summator:3|
|lab17_9_2:31|lab17_9:1|lab17_9_sum6:63|summator:3|half-summator:1|
|lab17_9_2:31|lab17_9:1|lab17_9_sum6:63|summator:3|half-summator:2|
|lab17_9_2:31|lab17_9:1|lab17_9_sum6:63|summator:4|
|lab17_9_2:31|lab17_9:1|lab17_9_sum6:63|summator:4|half-summator:1|
|lab17_9_2:31|lab17_9:1|lab17_9_sum6:63|summator:4|half-summator:2|
|lab17_9_2:31|lab17_9:2|
|lab17_9_2:31|lab17_9:2|lab17_9_sum:26|
|lab17_9_2:31|lab17_9:2|lab17_9_sum:26|summator:1|
|lab17_9_2:31|lab17_9:2|lab17_9_sum:26|summator:1|half-summator:1|
|lab17_9_2:31|lab17_9:2|lab17_9_sum:26|summator:1|half-summator:2|
|lab17_9_2:31|lab17_9:2|lab17_9_sum:26|summator:4|
|lab17_9_2:31|lab17_9:2|lab17_9_sum:26|summator:4|half-summator:1|
|lab17_9_2:31|lab17_9:2|lab17_9_sum:26|summator:4|half-summator:2|
|lab17_9_2:31|lab17_9:2|lab17_9_sum:26|summator:3|
|lab17_9_2:31|lab17_9:2|lab17_9_sum:26|summator:3|half-summator:1|
|lab17_9_2:31|lab17_9:2|lab17_9_sum:26|summator:3|half-summator:2|
|lab17_9_2:31|lab17_9:2|lab17_9_sum:26|summator:2|
|lab17_9_2:31|lab17_9:2|lab17_9_sum:26|summator:2|half-summator:1|
|lab17_9_2:31|lab17_9:2|lab17_9_sum:26|summator:2|half-summator:2|
|lab17_9_2:31|lab17_9:2|lab17_9_sum6:62|
|lab17_9_2:31|lab17_9:2|lab17_9_sum6:62|lab17_9_sum:2|
|lab17_9_2:31|lab17_9:2|lab17_9_sum6:62|lab17_9_sum:2|summator:1|
|lab17_9_2:31|lab17_9:2|lab17_9_sum6:62|lab17_9_sum:2|summator:1|half-summator:1|
|lab17_9_2:31|lab17_9:2|lab17_9_sum6:62|lab17_9_sum:2|summator:1|half-summator:2|
|lab17_9_2:31|lab17_9:2|lab17_9_sum6:62|lab17_9_sum:2|summator:4|
|lab17_9_2:31|lab17_9:2|lab17_9_sum6:62|lab17_9_sum:2|summator:4|half-summator:1|
|lab17_9_2:31|lab17_9:2|lab17_9_sum6:62|lab17_9_sum:2|summator:4|half-summator:2|
|lab17_9_2:31|lab17_9:2|lab17_9_sum6:62|lab17_9_sum:2|summator:3|
|lab17_9_2:31|lab17_9:2|lab17_9_sum6:62|lab17_9_sum:2|summator:3|half-summator:1|
|lab17_9_2:31|lab17_9:2|lab17_9_sum6:62|lab17_9_sum:2|summator:3|half-summator:2|
|lab17_9_2:31|lab17_9:2|lab17_9_sum6:62|lab17_9_sum:2|summator:2|
|lab17_9_2:31|lab17_9:2|lab17_9_sum6:62|lab17_9_sum:2|summator:2|half-summator:1|
|lab17_9_2:31|lab17_9:2|lab17_9_sum6:62|lab17_9_sum:2|summator:2|half-summator:2|
|lab17_9_2:31|lab17_9:2|lab17_9_sum6:62|summator:3|
|lab17_9_2:31|lab17_9:2|lab17_9_sum6:62|summator:3|half-summator:1|
|lab17_9_2:31|lab17_9:2|lab17_9_sum6:62|summator:3|half-summator:2|
|lab17_9_2:31|lab17_9:2|lab17_9_sum6:62|summator:4|
|lab17_9_2:31|lab17_9:2|lab17_9_sum6:62|summator:4|half-summator:1|
|lab17_9_2:31|lab17_9:2|lab17_9_sum6:62|summator:4|half-summator:2|
|lab17_9_2:31|lab17_9:2|lab17_9_sum6:63|
|lab17_9_2:31|lab17_9:2|lab17_9_sum6:63|lab17_9_sum:2|
|lab17_9_2:31|lab17_9:2|lab17_9_sum6:63|lab17_9_sum:2|summator:1|
|lab17_9_2:31|lab17_9:2|lab17_9_sum6:63|lab17_9_sum:2|summator:1|half-summator:1|
|lab17_9_2:31|lab17_9:2|lab17_9_sum6:63|lab17_9_sum:2|summator:1|half-summator:2|
|lab17_9_2:31|lab17_9:2|lab17_9_sum6:63|lab17_9_sum:2|summator:4|
|lab17_9_2:31|lab17_9:2|lab17_9_sum6:63|lab17_9_sum:2|summator:4|half-summator:1|
|lab17_9_2:31|lab17_9:2|lab17_9_sum6:63|lab17_9_sum:2|summator:4|half-summator:2|
|lab17_9_2:31|lab17_9:2|lab17_9_sum6:63|lab17_9_sum:2|summator:3|
|lab17_9_2:31|lab17_9:2|lab17_9_sum6:63|lab17_9_sum:2|summator:3|half-summator:1|
|lab17_9_2:31|lab17_9:2|lab17_9_sum6:63|lab17_9_sum:2|summator:3|half-summator:2|
|lab17_9_2:31|lab17_9:2|lab17_9_sum6:63|lab17_9_sum:2|summator:2|
|lab17_9_2:31|lab17_9:2|lab17_9_sum6:63|lab17_9_sum:2|summator:2|half-summator:1|
|lab17_9_2:31|lab17_9:2|lab17_9_sum6:63|lab17_9_sum:2|summator:2|half-summator:2|
|lab17_9_2:31|lab17_9:2|lab17_9_sum6:63|summator:3|
|lab17_9_2:31|lab17_9:2|lab17_9_sum6:63|summator:3|half-summator:1|
|lab17_9_2:31|lab17_9:2|lab17_9_sum6:63|summator:3|half-summator:2|
|lab17_9_2:31|lab17_9:2|lab17_9_sum6:63|summator:4|
|lab17_9_2:31|lab17_9:2|lab17_9_sum6:63|summator:4|half-summator:1|
|lab17_9_2:31|lab17_9:2|lab17_9_sum6:63|summator:4|half-summator:2|


Device-Specific Information:                             z:\lab17\lab17_10.rpt
lab17_10

***** Logic for device 'lab17_10' compiled without errors.




Device: EPF10K30ETC144-1

FLEX 10K Configuration Scheme: Passive Serial

Device Options:
    User-Supplied Start-Up Clock               = OFF
    Auto-Restart Configuration on Frame Error  = OFF
    Release Clears Before Tri-States           = OFF
    Enable Chip_Wide Reset                     = OFF
    Enable Chip-Wide Output Enable             = OFF
    Enable INIT_DONE Output                    = OFF
    JTAG User Code                             = 7f
    MultiVolt I/O                              = OFF




           ---------------------------------------------------------
            Report File contains advance information.    
            Specifications for 'EPF10K30ETC144-1' are subject to change.       
            Contact Altera Marketing for availability.    
           ---------------------------------------------------------
                                                                                         
                                                                                         
                R R R R R   R R R R   R R R R   R           R R R R R         R          
                E E E E E   E E E E   E E E E   E           E E E E E         E          
                S S S S S   S S S S   S S S S   S         V S S S S S         S          
                E E E E E   E E E E V E E E E   E         C E E E E E     V   E          
                R R R R R   R R R R C R R R R   R         C R R R R R     C   R          
                V V V V V G V V V V C V V V V G V G       I V V V V V     C P V          
                E E E E E N E E E E I E E E E N E N A B A N E E E E E P P I 1 E P C P C  
                D D D D D D D D D D O D D D D D D D 1 1 2 T D D D D D 1 2 O 1 D 9 4 4 2  
              --------------------------------------------------------------------------_ 
             / 144 142 140 138 136 134 132 130 128 126 124 122 120 118 116 114 112 110   |_ 
            /    143 141 139 137 135 133 131 129 127 125 123 121 119 117 115 113 111 109    | 
      #TCK |  1                                                                         108 | ^DATA0 
^CONF_DONE |  2                                                                         107 | ^DCLK 
     ^nCEO |  3                                                                         106 | ^nCE 
      #TDO |  4                                                                         105 | #TDI 
     VCCIO |  5                                                                         104 | GND 
    VCCINT |  6                                                                         103 | GND 
        B4 |  7                                                                         102 | C3 
        B2 |  8                                                                         101 | D1 
        B8 |  9                                                                         100 | C1 
        B7 | 10                                                                          99 | B5 
  RESERVED | 11                                                                          98 | B6 
  RESERVED | 12                                                                          97 | P7 
  RESERVED | 13                                                                          96 | RESERVED 
  RESERVED | 14                                                                          95 | RESERVED 
       GND | 15                                                                          94 | VCCIO 
       GND | 16                                                                          93 | VCCINT 
  RESERVED | 17                                                                          92 | RESERVED 
  RESERVED | 18                                                                          91 | RESERVED 
  RESERVED | 19                            EPF10K30ETC144-1                              90 | RESERVED 
  RESERVED | 20                                                                          89 | RESERVED 
  RESERVED | 21                                                                          88 | RESERVED 
  RESERVED | 22                                                                          87 | RESERVED 
  RESERVED | 23                                                                          86 | RESERVED 
     VCCIO | 24                                                                          85 | GND 
    VCCINT | 25                                                                          84 | GND 
  RESERVED | 26                                                                          83 | RESERVED 
  RESERVED | 27                                                                          82 | RESERVED 
  RESERVED | 28                                                                          81 | P6 
  RESERVED | 29                                                                          80 | RESERVED 
  RESERVED | 30                                                                          79 | RESERVED 
  RESERVED | 31                                                                          78 | RESERVED 
  RESERVED | 32                                                                          77 | ^MSEL0 
  RESERVED | 33                                                                          76 | ^MSEL1 
      #TMS | 34                                                                          75 | VCCINT 
  ^nSTATUS | 35                                                                          74 | ^nCONFIG 
  RESERVED | 36                                                                          73 | P3 
           |      38  40  42  44  46  48  50  52  54  56  58  60  62  64  66  68  70  72  _| 
            \   37  39  41  43  45  47  49  51  53  55  57  59  61  63  65  67  69  71   | 
             \--------------------------------------------------------------------------- 
                R R R G R R R R V R R R R G R V V A B A G G R R V R P P R G R D R P V P  
                E E E N E E E E C E E E E N E C C 3 3 4 N N E E C E 1 5 E N E 2 E 1 C 8  
                S S S D S S S S C S S S S D S C C       D D S S C S 0   S D S   S 2 C    
                E E E   E E E E I E E E E   E I I           E E I E     E   E   E   I    
                R R R   R R R R O R R R R   R N N           R R O R     R   R   R   O    
                V V V   V V V V   V V V V   V T T           V V   V     V   V   V        
                E E E   E E E E   E E E E   E               E E   E     E   E   E        
                D D D   D D D D   D D D D   D               D D   D     D   D   D        
                                                                                         
                                                                                         


N.C. = Not Connected.
VCCINT = Dedicated power pin, which MUST be connected to VCC (2.5 volts).
VCCIO = Dedicated power pin, which MUST be connected to VCC (2.5 volts).
GND = Dedicated ground pin or unused dedicated input, which MUST be connected to GND.
RESERVED = Unused I/O pin, which MUST be left unconnected.

^ = Dedicated configuration pin.
+ = Reserved configuration pin, which is tri-stated during user mode.
* = Reserved configuration pin, which drives out in user mode.
PDn = Power Down pin. 
@ = Special-purpose pin. 
# = JTAG Boundary-Scan Testing/In-System Programming or Configuration Pin. The JTAG inputs (TMS, TCK, TDI) should be tied to VCC when not in use.
& = JTAG pin used for I/O. When used as user I/O, JTAG pins must be kept stable before and during configuration.  JTAG pin stability prevents accidental loading of JTAG instructions.
$ = Pin has PCI I/O option enabled. Pin is neither '5.0 V'- nor '3.3 V'-tolerant. 


Device-Specific Information:                             z:\lab17\lab17_10.rpt
lab17_10

** RESOURCE USAGE **

Logic                Column       Row                                   
Array                Interconnect Interconnect         Clears/     External  
Block   Logic Cells  Driven       Driven       Clocks  Presets   Interconnect
A1       7/ 8( 87%)   3/ 8( 37%)   2/ 8( 25%)    0/2    0/2       9/22( 40%)   
A2       7/ 8( 87%)   3/ 8( 37%)   2/ 8( 25%)    0/2    0/2      12/22( 54%)   
A6       8/ 8(100%)   2/ 8( 25%)   1/ 8( 12%)    0/2    0/2       8/22( 36%)   
A7       7/ 8( 87%)   1/ 8( 12%)   2/ 8( 25%)    0/2    0/2       8/22( 36%)   
A8       1/ 8( 12%)   1/ 8( 12%)   0/ 8(  0%)    0/2    0/2       4/22( 18%)   
A9       1/ 8( 12%)   1/ 8( 12%)   1/ 8( 12%)    0/2    0/2       4/22( 18%)   
A13      8/ 8(100%)   0/ 8(  0%)   3/ 8( 37%)    0/2    0/2      12/22( 54%)   
A14      1/ 8( 12%)   0/ 8(  0%)   1/ 8( 12%)    0/2    0/2       4/22( 18%)   
A15      1/ 8( 12%)   0/ 8(  0%)   1/ 8( 12%)    0/2    0/2       3/22( 13%)   
A17      4/ 8( 50%)   0/ 8(  0%)   2/ 8( 25%)    0/2    0/2       5/22( 22%)   
A18      1/ 8( 12%)   0/ 8(  0%)   1/ 8( 12%)    0/2    0/2       4/22( 18%)   
A19      1/ 8( 12%)   0/ 8(  0%)   1/ 8( 12%)    0/2    0/2       3/22( 13%)   
B3       7/ 8( 87%)   2/ 8( 25%)   2/ 8( 25%)    0/2    0/2       9/22( 40%)   
B4       4/ 8( 50%)   2/ 8( 25%)   1/ 8( 12%)    0/2    0/2       7/22( 31%)   
B5       5/ 8( 62%)   2/ 8( 25%)   0/ 8(  0%)    0/2    0/2       8/22( 36%)   
B10      1/ 8( 12%)   1/ 8( 12%)   0/ 8(  0%)    0/2    0/2       4/22( 18%)   
B11      1/ 8( 12%)   1/ 8( 12%)   0/ 8(  0%)    0/2    0/2       4/22( 18%)   
B12      8/ 8(100%)   0/ 8(  0%)   4/ 8( 50%)    0/2    0/2       6/22( 27%)   
B14      6/ 8( 75%)   0/ 8(  0%)   3/ 8( 37%)    0/2    0/2       8/22( 36%)   
B15      6/ 8( 75%)   0/ 8(  0%)   3/ 8( 37%)    0/2    0/2       7/22( 31%)   
B16      7/ 8( 87%)   0/ 8(  0%)   3/ 8( 37%)    0/2    0/2       6/22( 27%)   
B18      1/ 8( 12%)   0/ 8(  0%)   1/ 8( 12%)    0/2    0/2       4/22( 18%)   
B20      2/ 8( 25%)   0/ 8(  0%)   1/ 8( 12%)    0/2    0/2       5/22( 22%)   


Embedded             Column       Row                                   
Array     Embedded   Interconnect Interconnect         Read/      External  
Block     Cells      Driven       Driven       Clocks  Write    Interconnect


Total dedicated input pins used:                 6/6      (100%)
Total I/O pins used:                            24/96     ( 25%)
Total logic cells used:                         95/1728   (  5%)
Total embedded cells used:                       0/96     (  0%)
Total EABs used:                                 0/6      (  0%)
Average fan-in:                                 3.57/4    ( 89%)
Total fan-in:                                 340/6912    (  4%)

Total input pins required:                      18
Total input I/O cell registers required:         0
Total output pins required:                     12
Total output I/O cell registers required:        0
Total buried I/O cell registers required:        0
Total bidirectional pins required:               0
Total reserved pins required                     0
Total logic cells required:                     95
Total flipflops required:                        0
Total packed registers required:                 0
Total logic cells in carry chains:               0
Total number of carry chains:                    0
Total logic cells in cascade chains:             0
Total number of cascade chains:                  0
Total single-pin Clock Enables required:         0
Total single-pin Output Enables required:        0

Synthesized logic cells:                         9/1728   (  0%)

Logic Cell and Embedded Cell Counts

Column:  01  02  03  04  05  06  07  08  09  10  11  12  13  14  15  16  17  18  EA  19  20  21  22  23  24  25  26  27  28  29  30  31  32  33  34  35  36  Total(LC/EC)
 A:      7   7   0   0   0   8   7   1   1   0   0   0   8   1   1   0   4   1   0   1   0   0   0   0   0   0   0   0   0   0   0   0   0   0   0   0   0     47/0  
 B:      0   0   7   4   5   0   0   0   0   1   1   8   0   6   6   7   0   1   0   0   2   0   0   0   0   0   0   0   0   0   0   0   0   0   0   0   0     48/0  
 C:      0   0   0   0   0   0   0   0   0   0   0   0   0   0   0   0   0   0   0   0   0   0   0   0   0   0   0   0   0   0   0   0   0   0   0   0   0      0/0  
 D:      0   0   0   0   0   0   0   0   0   0   0   0   0   0   0   0   0   0   0   0   0   0   0   0   0   0   0   0   0   0   0   0   0   0   0   0   0      0/0  
 E:      0   0   0   0   0   0   0   0   0   0   0   0   0   0   0   0   0   0   0   0   0   0   0   0   0   0   0   0   0   0   0   0   0   0   0   0   0      0/0  
 F:      0   0   0   0   0   0   0   0   0   0   0   0   0   0   0   0   0   0   0   0   0   0   0   0   0   0   0   0   0   0   0   0   0   0   0   0   0      0/0  

Total:   7   7   7   4   5   8   7   1   1   1   1   8   8   7   7   7   4   2   0   1   2   0   0   0   0   0   0   0   0   0   0   0   0   0   0   0   0     95/0  



Device-Specific Information:                             z:\lab17\lab17_10.rpt
lab17_10

** INPUTS **

                                                    Fan-In    Fan-Out
 Pin     LC     EC   Row  Col  Primitive    Code      INP  FBK  OUT  FBK  Name
 126      -     -    -    --      INPUT                 0    0    0   17  A1
 124      -     -    -    --      INPUT                 0    0    0   14  A2
  54      -     -    -    --      INPUT                 0    0    0   22  A3
  56      -     -    -    --      INPUT                 0    0    0   16  A4
 125      -     -    -    --      INPUT                 0    0    0    9  B1
   8      -     -    A    --      INPUT                 0    0    0    7  B2
  55      -     -    -    --      INPUT                 0    0    0    9  B3
   7      -     -    A    --      INPUT                 0    0    0    7  B4
  99      -     -    B    --      INPUT                 0    0    0    8  B5
  98      -     -    B    --      INPUT                 0    0    0    7  B6
  10      -     -    B    --      INPUT                 0    0    0    9  B7
   9      -     -    B    --      INPUT                 0    0    0    6  B8
 100      -     -    A    --      INPUT                 0    0    0    3  C1
 109      -     -    -    01      INPUT                 0    0    0    2  C2
 102      -     -    A    --      INPUT                 0    0    0    3  C3
 111      -     -    -    03      INPUT                 0    0    0    2  C4
 101      -     -    A    --      INPUT                 0    0    0    2  D1
  68      -     -    -    07      INPUT                 0    0    0    2  D2


Code:

s = Synthesized pin or logic cell
+ = Synchronous flipflop
/ = Slow slew-rate output
! = NOT gate push-back
r = Fitter-inserted logic cell
* = PCI I/O is enabled
@ = Uses single-pin Clock Enable
& = Uses single-pin Output Enable


Device-Specific Information:                             z:\lab17\lab17_10.rpt
lab17_10

** OUTPUTS **

       Fed By Fed By                                Fan-In    Fan-Out
 Pin     LC     EC   Row  Col  Primitive    Code      INP  FBK  OUT  FBK  Name
 117      -     -    -    08     OUTPUT                 0    1    0    0  P1
 116      -     -    -    07     OUTPUT                 0    1    0    0  P2
  73      -     -    -    01     OUTPUT                 0    1    0    0  P3
 110      -     -    -    02     OUTPUT                 0    1    0    0  P4
  64      -     -    -    10     OUTPUT                 0    1    0    0  P5
  81      -     -    F    --     OUTPUT                 0    1    0    0  P6
  97      -     -    C    --     OUTPUT                 0    1    0    0  P7
  72      -     -    -    03     OUTPUT                 0    1    0    0  P8
 112      -     -    -    04     OUTPUT                 0    1    0    0  P9
  63      -     -    -    11     OUTPUT                 0    1    0    0  P10
 114      -     -    -    06     OUTPUT                 0    1    0    0  P11
  70      -     -    -    05     OUTPUT                 0    1    0    0  P12


Code:

s = Synthesized pin or logic cell
+ = Synchronous flipflop
/ = Slow slew-rate output
! = NOT gate push-back
r = Fitter-inserted logic cell
* = PCI I/O is enabled
@ = Uses single-pin Clock Enable
& = Uses single-pin Output Enable


Device-Specific Information:                             z:\lab17\lab17_10.rpt
lab17_10

** BURIED LOGIC **

                                                    Fan-In    Fan-Out
 IOC     LC     EC   Row  Col  Primitive    Code      INP  FBK  OUT  FBK  Name
   -      4     -    A    15        OR2    s   !       3    0    0    1  A3~1
   -      1     -    A    19        OR2    s           3    0    0    1  A3~2
   -      2     -    B    20        OR2    s           3    0    0    1  B7~1
   -      3     -    B    15        OR2        !       0    2    0    4  |lab17_9_2:2|lab17_9:1|lab17_9_sum6:62|lab17_9_sum:2|summator:1|half-summator:2|p (|lab17_9_2:2|lab17_9:1|lab17_9_sum6:62|lab17_9_sum:2|summator:1|half-summator:2|:4)
   -      2     -    B    15        OR2                0    4    0    3  |lab17_9_2:2|lab17_9:1|lab17_9_sum6:62|lab17_9_sum:2|summator:1|half-summator:2|s (|lab17_9_2:2|lab17_9:1|lab17_9_sum6:62|lab17_9_sum:2|summator:1|half-summator:2|:5)
   -      5     -    B    03        OR2                0    4    0    2  |lab17_9_2:2|lab17_9:1|lab17_9_sum6:62|lab17_9_sum:2|summator:2|half-summator:2|p (|lab17_9_2:2|lab17_9:1|lab17_9_sum6:62|lab17_9_sum:2|summator:2|half-summator:2|:4)
   -      2     -    B    03        OR2                0    3    1    0  |lab17_9_2:2|lab17_9:1|lab17_9_sum6:62|lab17_9_sum:2|summator:3|half-summator:2|s (|lab17_9_2:2|lab17_9:1|lab17_9_sum6:62|lab17_9_sum:2|summator:3|half-summator:2|:5)
   -      6     -    B    03        OR2        !       0    3    0    2  |lab17_9_2:2|lab17_9:1|lab17_9_sum6:62|lab17_9_sum:2|summator:3|p (|lab17_9_2:2|lab17_9:1|lab17_9_sum6:62|lab17_9_sum:2|summator:3|:3)
   -      7     -    B    03        OR2        !       2    2    0    3  |lab17_9_2:2|lab17_9:1|lab17_9_sum6:62|lab17_9_sum:2|summator:4|half-summator:1|p (|lab17_9_2:2|lab17_9:1|lab17_9_sum6:62|lab17_9_sum:2|summator:4|half-summator:1|:4)
   -      1     -    B    10        OR2                2    2    1    0  |lab17_9_2:2|lab17_9:1|lab17_9_sum6:62|lab17_9_sum:2|summator:4|half-summator:1|s (|lab17_9_2:2|lab17_9:1|lab17_9_sum6:62|lab17_9_sum:2|summator:4|half-summator:1|:5)
   -      2     -    B    14        OR2        !       0    4    0    3  |lab17_9_2:2|lab17_9:1|lab17_9_sum6:62|summator:4|half-summator:2|s (|lab17_9_2:2|lab17_9:1|lab17_9_sum6:62|summator:4|half-summator:2|:5)
   -      6     -    B    15        OR2        !       0    4    0    3  |lab17_9_2:2|lab17_9:1|lab17_9_sum6:63|lab17_9_sum:2|summator:1|half-summator:1|s (|lab17_9_2:2|lab17_9:1|lab17_9_sum6:63|lab17_9_sum:2|summator:1|half-summator:1|:5)
   -      4     -    B    15        OR2    s           0    3    0    1  |lab17_9_2:2|lab17_9:1|lab17_9_sum6:63|lab17_9_sum:2|summator:1|p~1 (|lab17_9_2:2|lab17_9:1|lab17_9_sum6:63|lab17_9_sum:2|summator:1|~3~1)
   -      1     -    B    15        OR2        !       0    4    0    3  |lab17_9_2:2|lab17_9:1|lab17_9_sum6:63|lab17_9_sum:2|summator:1|p (|lab17_9_2:2|lab17_9:1|lab17_9_sum6:63|lab17_9_sum:2|summator:1|:3)
   -      5     -    B    15        OR2        !       0    4    0    2  |lab17_9_2:2|lab17_9:1|lab17_9_sum6:63|lab17_9_sum:2|summator:2|half-summator:1|p (|lab17_9_2:2|lab17_9:1|lab17_9_sum6:63|lab17_9_sum:2|summator:2|half-summator:1|:4)
   -      1     -    B    18        OR2                0    4    0    3  |lab17_9_2:2|lab17_9:1|lab17_9_sum6:63|lab17_9_sum:2|summator:2|half-summator:1|s (|lab17_9_2:2|lab17_9:1|lab17_9_sum6:63|lab17_9_sum:2|summator:2|half-summator:1|:5)
   -      4     -    B    14        OR2        !       2    2    0    1  |lab17_9_2:2|lab17_9:1|lab17_9_sum:26|summator:1|half-summator:2|p (|lab17_9_2:2|lab17_9:1|lab17_9_sum:26|summator:1|half-summator:2|:4)
   -      5     -    B    14        OR2                2    2    0    3  |lab17_9_2:2|lab17_9:1|lab17_9_sum:26|summator:1|half-summator:2|s (|lab17_9_2:2|lab17_9:1|lab17_9_sum:26|summator:1|half-summator:2|:5)
   -      1     -    B    16        OR2                4    0    0    2  |lab17_9_2:2|lab17_9:1|lab17_9_sum:26|summator:2|half-summator:1|s (|lab17_9_2:2|lab17_9:1|lab17_9_sum:26|summator:2|half-summator:1|:5)
   -      2     -    B    16        OR2        !       1    3    0    2  |lab17_9_2:2|lab17_9:1|lab17_9_sum:26|summator:2|half-summator:2|p (|lab17_9_2:2|lab17_9:1|lab17_9_sum:26|summator:2|half-summator:2|:4)
   -      5     -    B    16        OR2                1    3    0    2  |lab17_9_2:2|lab17_9:1|lab17_9_sum:26|summator:2|half-summator:2|s (|lab17_9_2:2|lab17_9:1|lab17_9_sum:26|summator:2|half-summator:2|:5)
   -      6     -    B    14        OR2    s           3    0    0    2  |lab17_9_2:2|lab17_9:1|lab17_9_sum:26|summator:2|p~1 (|lab17_9_2:2|lab17_9:1|lab17_9_sum:26|summator:2|~3~1)
   -      4     -    B    16        OR2        !       4    0    0    2  |lab17_9_2:2|lab17_9:1|lab17_9_sum:26|summator:3|half-summator:1|p (|lab17_9_2:2|lab17_9:1|lab17_9_sum:26|summator:3|half-summator:1|:4)
   -      3     -    B    16        OR2        !       2    2    0    2  |lab17_9_2:2|lab17_9:1|lab17_9_sum:26|summator:3|half-summator:2|s (|lab17_9_2:2|lab17_9:1|lab17_9_sum:26|summator:3|half-summator:2|:5)
   -      6     -    B    16        OR2        !       4    0    0    3  |lab17_9_2:2|lab17_9:1|lab17_9_sum:26|summator:4|half-summator:1|p (|lab17_9_2:2|lab17_9:1|lab17_9_sum:26|summator:4|half-summator:1|:4)
   -      4     -    B    03        OR2        !       4    0    0    3  |lab17_9_2:2|lab17_9:1|lab17_9_sum:26|summator:4|half-summator:1|s (|lab17_9_2:2|lab17_9:1|lab17_9_sum:26|summator:4|half-summator:1|:5)
   -      7     -    B    16        OR2        !       2    0    0    1  |lab17_9_2:2|lab17_9:1|:22
   -      5     -    B    05        OR2                0    3    0    2  |lab17_9_2:2|lab17_9:2|lab17_9_sum6:62|lab17_9_sum:2|summator:1|half-summator:2|p (|lab17_9_2:2|lab17_9:2|lab17_9_sum6:62|lab17_9_sum:2|summator:1|half-summator:2|:4)
   -      1     -    B    11        OR2                0    4    1    0  |lab17_9_2:2|lab17_9:2|lab17_9_sum6:62|lab17_9_sum:2|summator:1|half-summator:2|s (|lab17_9_2:2|lab17_9:2|lab17_9_sum6:62|lab17_9_sum:2|summator:1|half-summator:2|:5)
   -      2     -    B    04        OR2                0    4    0    2  |lab17_9_2:2|lab17_9:2|lab17_9_sum6:62|lab17_9_sum:2|summator:2|half-summator:2|p (|lab17_9_2:2|lab17_9:2|lab17_9_sum6:62|lab17_9_sum:2|summator:2|half-summator:2|:4)
   -      1     -    B    04        OR2                0    4    1    0  |lab17_9_2:2|lab17_9:2|lab17_9_sum6:62|lab17_9_sum:2|summator:2|half-summator:2|s (|lab17_9_2:2|lab17_9:2|lab17_9_sum6:62|lab17_9_sum:2|summator:2|half-summator:2|:5)
   -      3     -    B    04        OR2                0    3    1    0  |lab17_9_2:2|lab17_9:2|lab17_9_sum6:62|lab17_9_sum:2|summator:3|half-summator:2|s (|lab17_9_2:2|lab17_9:2|lab17_9_sum6:62|lab17_9_sum:2|summator:3|half-summator:2|:5)
   -      3     -    B    03        OR2        !       2    2    0    3  |lab17_9_2:2|lab17_9:2|lab17_9_sum6:62|lab17_9_sum:2|summator:4|half-summator:1|p (|lab17_9_2:2|lab17_9:2|lab17_9_sum6:62|lab17_9_sum:2|summator:4|half-summator:1|:4)
   -      1     -    B    03        OR2                2    2    1    0  |lab17_9_2:2|lab17_9:2|lab17_9_sum6:62|lab17_9_sum:2|summator:4|half-summator:1|s (|lab17_9_2:2|lab17_9:2|lab17_9_sum6:62|lab17_9_sum:2|summator:4|half-summator:1|:5)
   -      2     -    B    05        OR2                0    3    1    0  |lab17_9_2:2|lab17_9:2|lab17_9_sum6:62|summator:3|half-summator:2|s (|lab17_9_2:2|lab17_9:2|lab17_9_sum6:62|summator:3|half-summator:2|:5)
   -      2     -    B    12        OR2    s   !       2    2    0    1  |lab17_9_2:2|lab17_9:2|lab17_9_sum6:62|summator:4|half-summator:2|s~1 (|lab17_9_2:2|lab17_9:2|lab17_9_sum6:62|summator:4|half-summator:2|~5~1)
   -      3     -    B    05       AND2    s   !       2    1    0    1  |lab17_9_2:2|lab17_9:2|lab17_9_sum6:62|summator:4|half-summator:2|s~2 (|lab17_9_2:2|lab17_9:2|lab17_9_sum6:62|summator:4|half-summator:2|~5~2)
   -      1     -    B    05        OR2                0    4    1    0  |lab17_9_2:2|lab17_9:2|lab17_9_sum6:62|summator:4|half-summator:2|s (|lab17_9_2:2|lab17_9:2|lab17_9_sum6:62|summator:4|half-summator:2|:5)
   -      4     -    B    05        OR2        !       0    3    0    2  |lab17_9_2:2|lab17_9:2|lab17_9_sum6:63|lab17_9_sum:2|summator:1|p (|lab17_9_2:2|lab17_9:2|lab17_9_sum6:63|lab17_9_sum:2|summator:1|:3)
   -      1     -    B    14        OR2        !       0    4    0    2  |lab17_9_2:2|lab17_9:2|lab17_9_sum6:63|lab17_9_sum:2|summator:2|half-summator:1|p (|lab17_9_2:2|lab17_9:2|lab17_9_sum6:63|lab17_9_sum:2|summator:2|half-summator:1|:4)
   -      3     -    B    14        OR2                0    4    0    2  |lab17_9_2:2|lab17_9:2|lab17_9_sum6:63|lab17_9_sum:2|summator:2|half-summator:1|s (|lab17_9_2:2|lab17_9:2|lab17_9_sum6:63|lab17_9_sum:2|summator:2|half-summator:1|:5)
   -      1     -    B    20        OR2                2    2    0    2  |lab17_9_2:2|lab17_9:2|lab17_9_sum:26|summator:1|half-summator:2|s (|lab17_9_2:2|lab17_9:2|lab17_9_sum:26|summator:1|half-summator:2|:5)
   -      4     -    B    12        OR2        !       4    0    0    3  |lab17_9_2:2|lab17_9:2|lab17_9_sum:26|summator:2|half-summator:1|s (|lab17_9_2:2|lab17_9:2|lab17_9_sum:26|summator:2|half-summator:1|:5)
   -      3     -    B    12        OR2        !       0    2    0    1  |lab17_9_2:2|lab17_9:2|lab17_9_sum:26|summator:2|half-summator:2|p (|lab17_9_2:2|lab17_9:2|lab17_9_sum:26|summator:2|half-summator:2|:4)
   -      1     -    B    12        OR2        !       0    2    0    3  |lab17_9_2:2|lab17_9:2|lab17_9_sum:26|summator:2|half-summator:2|s (|lab17_9_2:2|lab17_9:2|lab17_9_sum:26|summator:2|half-summator:2|:5)
   -      5     -    B    12        OR2        !       2    2    0    2  |lab17_9_2:2|lab17_9:2|lab17_9_sum:26|summator:3|half-summator:2|s (|lab17_9_2:2|lab17_9:2|lab17_9_sum:26|summator:3|half-summator:2|:5)
   -      8     -    B    12        OR2        !       2    2    0    2  |lab17_9_2:2|lab17_9:2|lab17_9_sum:26|summator:3|p (|lab17_9_2:2|lab17_9:2|lab17_9_sum:26|summator:3|:3)
   -      7     -    B    12        OR2        !       4    0    0    3  |lab17_9_2:2|lab17_9:2|lab17_9_sum:26|summator:4|half-summator:1|p (|lab17_9_2:2|lab17_9:2|lab17_9_sum:26|summator:4|half-summator:1|:4)
   -      4     -    B    04        OR2        !       4    0    0    3  |lab17_9_2:2|lab17_9:2|lab17_9_sum:26|summator:4|half-summator:1|s (|lab17_9_2:2|lab17_9:2|lab17_9_sum:26|summator:4|half-summator:1|:5)
   -      6     -    B    12        OR2        !       2    0    0    2  |lab17_9_2:2|lab17_9:2|:22
   -      1     -    A    01        OR2        !       0    2    0    4  |lab17_9_2:31|lab17_9:1|lab17_9_sum6:62|lab17_9_sum:2|summator:2|half-summator:2|p (|lab17_9_2:31|lab17_9:1|lab17_9_sum6:62|lab17_9_sum:2|summator:2|half-summator:2|:4)
   -      2     -    A    07        OR2                1    2    1    0  |lab17_9_2:31|lab17_9:1|lab17_9_sum6:62|lab17_9_sum:2|summator:3|half-summator:2|s (|lab17_9_2:31|lab17_9:1|lab17_9_sum6:62|lab17_9_sum:2|summator:3|half-summator:2|:5)
   -      4     -    A    07        OR2        !       1    2    0    3  |lab17_9_2:31|lab17_9:1|lab17_9_sum6:62|lab17_9_sum:2|summator:3|p (|lab17_9_2:31|lab17_9:1|lab17_9_sum6:62|lab17_9_sum:2|summator:3|:3)
   -      3     -    A    07        OR2        !       4    0    0    2  |lab17_9_2:31|lab17_9:1|lab17_9_sum6:62|lab17_9_sum:2|summator:4|half-summator:1|p (|lab17_9_2:31|lab17_9:1|lab17_9_sum6:62|lab17_9_sum:2|summator:4|half-summator:1|:4)
   -      1     -    A    08        OR2                4    0    1    0  |lab17_9_2:31|lab17_9:1|lab17_9_sum6:62|lab17_9_sum:2|summator:4|half-summator:1|s (|lab17_9_2:31|lab17_9:1|lab17_9_sum6:62|lab17_9_sum:2|summator:4|half-summator:1|:5)
   -      7     -    A    02        OR2                0    3    0    3  |lab17_9_2:31|lab17_9:1|lab17_9_sum6:62|summator:3|half-summator:2|s (|lab17_9_2:31|lab17_9:1|lab17_9_sum6:62|summator:3|half-summator:2|:5)
   -      1     -    A    13        OR2                0    4    0    3  |lab17_9_2:31|lab17_9:1|lab17_9_sum6:62|summator:4|half-summator:2|s (|lab17_9_2:31|lab17_9:1|lab17_9_sum6:62|summator:4|half-summator:2|:5)
   -      3     -    A    13        OR2        !       1    2    0    2  |lab17_9_2:31|lab17_9:1|lab17_9_sum6:63|lab17_9_sum:2|summator:1|half-summator:1|s (|lab17_9_2:31|lab17_9:1|lab17_9_sum6:63|lab17_9_sum:2|summator:1|half-summator:1|:5)
   -      8     -    A    13        OR2        !       1    3    0    1  |lab17_9_2:31|lab17_9:1|lab17_9_sum6:63|lab17_9_sum:2|summator:1|half-summator:2|p (|lab17_9_2:31|lab17_9:1|lab17_9_sum6:63|lab17_9_sum:2|summator:1|half-summator:2|:4)
   -      2     -    A    14        OR2        !       1    3    0    4  |lab17_9_2:31|lab17_9:1|lab17_9_sum6:63|lab17_9_sum:2|summator:1|half-summator:2|s (|lab17_9_2:31|lab17_9:1|lab17_9_sum6:63|lab17_9_sum:2|summator:1|half-summator:2|:5)
   -      7     -    A    13        OR2        !       1    3    0    2  |lab17_9_2:31|lab17_9:1|lab17_9_sum6:63|lab17_9_sum:2|summator:1|p (|lab17_9_2:31|lab17_9:1|lab17_9_sum6:63|lab17_9_sum:2|summator:1|:3)
   -      7     -    A    01        OR2                1    2    0    3  |lab17_9_2:31|lab17_9:1|lab17_9_sum6:63|lab17_9_sum:2|summator:2|half-summator:2|s (|lab17_9_2:31|lab17_9:1|lab17_9_sum6:63|lab17_9_sum:2|summator:2|half-summator:2|:5)
   -      7     -    A    07        OR2        !       1    2    0    2  |lab17_9_2:31|lab17_9:1|lab17_9_sum6:63|lab17_9_sum:2|summator:3|half-summator:2|s (|lab17_9_2:31|lab17_9:1|lab17_9_sum6:63|lab17_9_sum:2|summator:3|half-summator:2|:5)
   -      1     -    A    07        OR2        !       1    2    0    3  |lab17_9_2:31|lab17_9:1|lab17_9_sum6:63|lab17_9_sum:2|summator:3|p (|lab17_9_2:31|lab17_9:1|lab17_9_sum6:63|lab17_9_sum:2|summator:3|:3)
   -      6     -    A    07       AND2                3    0    0    2  |lab17_9_2:31|lab17_9:1|lab17_9_sum6:63|lab17_9_sum:2|summator:4|half-summator:1|p (|lab17_9_2:31|lab17_9:1|lab17_9_sum6:63|lab17_9_sum:2|summator:4|half-summator:1|:4)
   -      4     -    A    13        OR2                2    2    0    2  |lab17_9_2:31|lab17_9:1|lab17_9_sum6:63|summator:3|half-summator:2|s (|lab17_9_2:31|lab17_9:1|lab17_9_sum6:63|summator:3|half-summator:2|:5)
   -      6     -    A    13        OR2                2    2    0    1  |lab17_9_2:31|lab17_9:1|lab17_9_sum6:63|summator:4|half-summator:2|:3
   -      5     -    A    13        OR2                4    0    0    3  |lab17_9_2:31|lab17_9:1|lab17_9_sum:26|summator:2|half-summator:1|s (|lab17_9_2:31|lab17_9:1|lab17_9_sum:26|summator:2|half-summator:1|:5)
   -      2     -    A    13        OR2        !       1    3    0    2  |lab17_9_2:31|lab17_9:1|lab17_9_sum:26|summator:2|p (|lab17_9_2:31|lab17_9:1|lab17_9_sum:26|summator:2|:3)
   -      1     -    A    17        OR2                2    2    0    3  |lab17_9_2:31|lab17_9:1|lab17_9_sum:26|summator:3|half-summator:2|s (|lab17_9_2:31|lab17_9:1|lab17_9_sum:26|summator:3|half-summator:2|:5)
   -      3     -    A    17        OR2        !       2    2    0    3  |lab17_9_2:31|lab17_9:1|lab17_9_sum:26|summator:3|p (|lab17_9_2:31|lab17_9:1|lab17_9_sum:26|summator:3|:3)
   -      4     -    A    17       AND2                4    0    0    2  |lab17_9_2:31|lab17_9:1|lab17_9_sum:26|summator:4|half-summator:1|p (|lab17_9_2:31|lab17_9:1|lab17_9_sum:26|summator:4|half-summator:1|:4)
   -      5     -    A    07        OR2                4    0    0    2  |lab17_9_2:31|lab17_9:1|lab17_9_sum:26|summator:4|half-summator:1|s (|lab17_9_2:31|lab17_9:1|lab17_9_sum:26|summator:4|half-summator:1|:5)
   -      2     -    A    17        OR2        !       2    0    0    2  |lab17_9_2:31|lab17_9:1|:22
   -      2     -    A    09        OR2        !       0    4    0    5  |lab17_9_2:31|lab17_9:2|lab17_9_sum6:62|lab17_9_sum:2|summator:1|half-summator:2|p (|lab17_9_2:31|lab17_9:2|lab17_9_sum6:62|lab17_9_sum:2|summator:1|half-summator:2|:4)
   -      3     -    A    02        OR2                0    4    0    3  |lab17_9_2:31|lab17_9:2|lab17_9_sum6:62|lab17_9_sum:2|summator:1|half-summator:2|s (|lab17_9_2:31|lab17_9:2|lab17_9_sum6:62|lab17_9_sum:2|summator:1|half-summator:2|:5)
   -      5     -    A    01        OR2                0    4    1    0  |lab17_9_2:31|lab17_9:2|lab17_9_sum6:62|lab17_9_sum:2|summator:3|half-summator:2|s (|lab17_9_2:31|lab17_9:2|lab17_9_sum6:62|lab17_9_sum:2|summator:3|half-summator:2|:5)
   -      2     -    A    01        OR2        !       0    4    0    4  |lab17_9_2:31|lab17_9:2|lab17_9_sum6:62|lab17_9_sum:2|summator:3|p (|lab17_9_2:31|lab17_9:2|lab17_9_sum6:62|lab17_9_sum:2|summator:3|:3)
   -      4     -    A    01        OR2        !       2    2    0    2  |lab17_9_2:31|lab17_9:2|lab17_9_sum6:62|lab17_9_sum:2|summator:4|half-summator:1|p (|lab17_9_2:31|lab17_9:2|lab17_9_sum6:62|lab17_9_sum:2|summator:4|half-summator:1|:4)
   -      3     -    A    01        OR2                2    2    1    0  |lab17_9_2:31|lab17_9:2|lab17_9_sum6:62|lab17_9_sum:2|summator:4|half-summator:1|s (|lab17_9_2:31|lab17_9:2|lab17_9_sum6:62|lab17_9_sum:2|summator:4|half-summator:1|:5)
   -      2     -    A    06        OR2    s   !       2    2    0    1  |lab17_9_2:31|lab17_9:2|lab17_9_sum6:62|summator:4|half-summator:2|s~1 (|lab17_9_2:31|lab17_9:2|lab17_9_sum6:62|summator:4|half-summator:2|~5~1)
   -      5     -    A    06        OR2    s           0    4    0    2  |lab17_9_2:31|lab17_9:2|lab17_9_sum6:62|summator:4|half-summator:2|s~2 (|lab17_9_2:31|lab17_9:2|lab17_9_sum6:62|summator:4|half-summator:2|~5~2)
   -      5     -    A    02        OR2        !       0    4    0    1  |lab17_9_2:31|lab17_9:2|lab17_9_sum6:63|lab17_9_sum:2|summator:1|half-summator:2|s (|lab17_9_2:31|lab17_9:2|lab17_9_sum6:63|lab17_9_sum:2|summator:1|half-summator:2|:5)
   -      1     -    A    02        OR2        !       0    4    0    3  |lab17_9_2:31|lab17_9:2|lab17_9_sum6:63|lab17_9_sum:2|summator:1|p (|lab17_9_2:31|lab17_9:2|lab17_9_sum6:63|lab17_9_sum:2|summator:1|:3)
   -      4     -    A    02        OR2                0    2    0    4  |lab17_9_2:31|lab17_9:2|lab17_9_sum6:63|lab17_9_sum:2|summator:2|half-summator:1|s (|lab17_9_2:31|lab17_9:2|lab17_9_sum6:63|lab17_9_sum:2|summator:2|half-summator:1|:5)
   -      1     -    A    06        OR2                2    2    0    5  |lab17_9_2:31|lab17_9:2|lab17_9_sum:26|summator:1|half-summator:2|s (|lab17_9_2:31|lab17_9:2|lab17_9_sum:26|summator:1|half-summator:2|:5)
   -      8     -    A    06        OR2                4    0    0    3  |lab17_9_2:31|lab17_9:2|lab17_9_sum:26|summator:2|half-summator:1|s (|lab17_9_2:31|lab17_9:2|lab17_9_sum:26|summator:2|half-summator:1|:5)
   -      7     -    A    06        OR2        !       1    3    0    1  |lab17_9_2:31|lab17_9:2|lab17_9_sum:26|summator:2|half-summator:2|p (|lab17_9_2:31|lab17_9:2|lab17_9_sum:26|summator:2|half-summator:2|:4)
   -      3     -    A    06        OR2                1    3    0    3  |lab17_9_2:31|lab17_9:2|lab17_9_sum:26|summator:2|half-summator:2|s (|lab17_9_2:31|lab17_9:2|lab17_9_sum:26|summator:2|half-summator:2|:5)
   -      6     -    A    06        OR2        !       4    0    0    2  |lab17_9_2:31|lab17_9:2|lab17_9_sum:26|summator:3|half-summator:1|p (|lab17_9_2:31|lab17_9:2|lab17_9_sum:26|summator:3|half-summator:1|:4)
   -      2     -    A    02        OR2        !       2    2    0    3  |lab17_9_2:31|lab17_9:2|lab17_9_sum:26|summator:3|half-summator:2|s (|lab17_9_2:31|lab17_9:2|lab17_9_sum:26|summator:3|half-summator:2|:5)
   -      2     -    A    18        OR2        !       4    0    0    4  |lab17_9_2:31|lab17_9:2|lab17_9_sum:26|summator:4|half-summator:1|p (|lab17_9_2:31|lab17_9:2|lab17_9_sum:26|summator:4|half-summator:1|:4)
   -      6     -    A    01        OR2        !       4    0    0    2  |lab17_9_2:31|lab17_9:2|lab17_9_sum:26|summator:4|half-summator:1|s (|lab17_9_2:31|lab17_9:2|lab17_9_sum:26|summator:4|half-summator:1|:5)
   -      6     -    A    02        OR2        !       2    0    0    1  |lab17_9_2:31|lab17_9:2|:22
   -      4     -    A    06       AND2                2    0    0    1  |lab17_9_2:31|lab17_9:2|:24


Code:

s = Synthesized pin or logic cell
+ = Synchronous flipflop
/ = Slow slew-rate output
! = NOT gate push-back
r = Fitter-inserted logic cell
* = PCI I/O is enabled
p = Packed register


Device-Specific Information:                             z:\lab17\lab17_10.rpt
lab17_10

** FASTTRACK INTERCONNECT UTILIZATION **

Row FastTrack Interconnect:

          Global         Left Half-      Right Half-
         FastTrack       FastTrack       FastTrack 
Row     Interconnect    Interconnect    Interconnect    Input Pins     Output Pins     Bidir Pins
A:       6/144(  4%)    19/ 72( 26%)     0/ 72(  0%)    5/16( 31%)      0/16(  0%)     0/16(  0%)
B:       6/144(  4%)    23/ 72( 31%)     0/ 72(  0%)    4/16( 25%)      0/16(  0%)     0/16(  0%)
C:       0/144(  0%)     1/ 72(  1%)     0/ 72(  0%)    0/16(  0%)      1/16(  6%)     0/16(  0%)
D:       0/144(  0%)     0/ 72(  0%)     0/ 72(  0%)    0/16(  0%)      0/16(  0%)     0/16(  0%)
E:       0/144(  0%)     0/ 72(  0%)     0/ 72(  0%)    0/16(  0%)      0/16(  0%)     0/16(  0%)
F:       0/144(  0%)     1/ 72(  1%)     0/ 72(  0%)    0/16(  0%)      1/16(  6%)     0/16(  0%)


Column FastTrack Interconnect:

         FastTrack                                 
Column  Interconnect    Input Pins     Output Pins     Bidir Pins
01:      2/24(  8%)     1/4( 25%)      1/4( 25%)       0/4(  0%)
02:      5/24( 20%)     0/4(  0%)      1/4( 25%)       0/4(  0%)
03:      4/24( 16%)     1/4( 25%)      1/4( 25%)       0/4(  0%)
04:      1/24(  4%)     0/4(  0%)      1/4( 25%)       0/4(  0%)
05:      3/24( 12%)     0/4(  0%)      1/4( 25%)       0/4(  0%)
06:      1/24(  4%)     0/4(  0%)      1/4( 25%)       0/4(  0%)
07:      2/24(  8%)     1/4( 25%)      1/4( 25%)       0/4(  0%)
08:      1/24(  4%)     0/4(  0%)      1/4( 25%)       0/4(  0%)
09:      1/24(  4%)     0/4(  0%)      0/4(  0%)       0/4(  0%)
10:      1/24(  4%)     0/4(  0%)      1/4( 25%)       0/4(  0%)
11:      1/24(  4%)     0/4(  0%)      1/4( 25%)       0/4(  0%)
12:      0/24(  0%)     0/4(  0%)      0/4(  0%)       0/4(  0%)
13:      0/24(  0%)     0/4(  0%)      0/4(  0%)       0/4(  0%)
14:      0/24(  0%)     0/4(  0%)      0/4(  0%)       0/4(  0%)
15:      0/24(  0%)     0/4(  0%)      0/4(  0%)       0/4(  0%)
16:      0/24(  0%)     0/4(  0%)      0/4(  0%)       0/4(  0%)
17:      0/24(  0%)     0/4(  0%)      0/4(  0%)       0/4(  0%)
18:      0/24(  0%)     0/4(  0%)      0/4(  0%)       0/4(  0%)
19:      0/24(  0%)     0/4(  0%)      0/4(  0%)       0/4(  0%)
20:      0/24(  0%)     0/4(  0%)      0/4(  0%)       0/4(  0%)
21:      0/24(  0%)     0/4(  0%)      0/4(  0%)       0/4(  0%)
22:      0/24(  0%)     0/4(  0%)      0/4(  0%)       0/4(  0%)
23:      0/24(  0%)     0/4(  0%)      0/4(  0%)       0/4(  0%)
24:      0/24(  0%)     0/4(  0%)      0/4(  0%)       0/4(  0%)
25:      0/24(  0%)     0/4(  0%)      0/4(  0%)       0/4(  0%)
26:      0/24(  0%)     0/4(  0%)      0/4(  0%)       0/4(  0%)
27:      0/24(  0%)     0/4(  0%)      0/4(  0%)       0/4(  0%)
28:      0/24(  0%)     0/4(  0%)      0/4(  0%)       0/4(  0%)
29:      0/24(  0%)     0/4(  0%)      0/4(  0%)       0/4(  0%)
30:      0/24(  0%)     0/4(  0%)      0/4(  0%)       0/4(  0%)
31:      0/24(  0%)     0/4(  0%)      0/4(  0%)       0/4(  0%)
32:      0/24(  0%)     0/4(  0%)      0/4(  0%)       0/4(  0%)
33:      0/24(  0%)     0/4(  0%)      0/4(  0%)       0/4(  0%)
34:      0/24(  0%)     0/4(  0%)      0/4(  0%)       0/4(  0%)
35:      0/24(  0%)     0/4(  0%)      0/4(  0%)       0/4(  0%)
36:      0/24(  0%)     0/4(  0%)      0/4(  0%)       0/4(  0%)
EA:      0/24(  0%)     0/4(  0%)      0/4(  0%)       0/4(  0%)


Device-Specific Information:                             z:\lab17\lab17_10.rpt
lab17_10

** EQUATIONS **

A1       : INPUT;
A2       : INPUT;
A3       : INPUT;
A4       : INPUT;
B1       : INPUT;
B2       : INPUT;
B3       : INPUT;
B4       : INPUT;
B5       : INPUT;
B6       : INPUT;
B7       : INPUT;
B8       : INPUT;
C1       : INPUT;
C2       : INPUT;
C3       : INPUT;
C4       : INPUT;
D1       : INPUT;
D2       : INPUT;

-- Node name is 'A3~1' 
-- Equation name is 'A3~1', location is LC4_A15, type is buried.
-- synthesized logic cell 
!_LC4_A15 = _LC4_A15~NOT;
_LC4_A15~NOT = LCELL( _EQ001);
  _EQ001 = !A4
         # !A3
         # !B1;

-- Node name is 'A3~2' 
-- Equation name is 'A3~2', location is LC1_A19, type is buried.
-- synthesized logic cell 
_LC1_A19 = LCELL( _EQ002);
  _EQ002 = !A4
         # !A3
         # !B3;

-- Node name is 'B7~1' 
-- Equation name is 'B7~1', location is LC2_B20, type is buried.
-- synthesized logic cell 
_LC2_B20 = LCELL( _EQ003);
  _EQ003 = !A4
         # !A3
         # !B7;

-- Node name is 'P1' 
-- Equation name is 'P1', type is output 
P1       =  _LC1_A8;

-- Node name is 'P2' 
-- Equation name is 'P2', type is output 
P2       =  _LC2_A7;

-- Node name is 'P3' 
-- Equation name is 'P3', type is output 
P3       =  _LC3_A1;

-- Node name is 'P4' 
-- Equation name is 'P4', type is output 
P4       =  _LC5_A1;

-- Node name is 'P5' 
-- Equation name is 'P5', type is output 
P5       =  _LC1_B10;

-- Node name is 'P6' 
-- Equation name is 'P6', type is output 
P6       =  _LC2_B3;

-- Node name is 'P7' 
-- Equation name is 'P7', type is output 
P7       =  _LC1_B3;

-- Node name is 'P8' 
-- Equation name is 'P8', type is output 
P8       =  _LC3_B4;

-- Node name is 'P9' 
-- Equation name is 'P9', type is output 
P9       =  _LC1_B4;

-- Node name is 'P10' 
-- Equation name is 'P10', type is output 
P10      =  _LC1_B11;

-- Node name is 'P11' 
-- Equation name is 'P11', type is output 
P11      =  _LC2_B5;

-- Node name is 'P12' 
-- Equation name is 'P12', type is output 
P12      =  _LC1_B5;

-- Node name is '|lab17_9_2:2|lab17_9:1|lab17_9_sum6:62|lab17_9_sum:2|summator:1|half-summator:2|:4' = '|lab17_9_2:2|lab17_9:1|lab17_9_sum6:62|lab17_9_sum:2|summator:1|half-summator:2|p' 
-- Equation name is '_LC3_B15', type is buried 
!_LC3_B15 = _LC3_B15~NOT;
_LC3_B15~NOT = LCELL( _EQ004);
  _EQ004 = !_LC5_B3
         # !_LC6_B15;

-- Node name is '|lab17_9_2:2|lab17_9:1|lab17_9_sum6:62|lab17_9_sum:2|summator:1|half-summator:2|:5' = '|lab17_9_2:2|lab17_9:1|lab17_9_sum6:62|lab17_9_sum:2|summator:1|half-summator:2|s' 
-- Equation name is '_LC2_B15', type is buried 
_LC2_B15 = LCELL( _EQ005);
  _EQ005 = !_LC3_B15 &  _LC5_B3
         # !_LC3_B15 & !_LC5_B15 &  _LC6_B15
         # !_LC3_B15 &  _LC5_B15 & !_LC6_B15;

-- Node name is '|lab17_9_2:2|lab17_9:1|lab17_9_sum6:62|lab17_9_sum:2|summator:2|half-summator:2|:4' = '|lab17_9_2:2|lab17_9:1|lab17_9_sum6:62|lab17_9_sum:2|summator:2|half-summator:2|p' 
-- Equation name is '_LC5_B3', type is buried 
_LC5_B3  = LCELL( _EQ006);
  _EQ006 =  _LC1_B18 &  _LC3_A2 &  _LC4_B3
         #  _LC1_B18 &  _LC3_A2 &  _LC7_B3
         #  _LC1_B18 &  _LC4_B3 &  _LC7_B3;

-- Node name is '|lab17_9_2:2|lab17_9:1|lab17_9_sum6:62|lab17_9_sum:2|summator:3|half-summator:2|:5' = '|lab17_9_2:2|lab17_9:1|lab17_9_sum6:62|lab17_9_sum:2|summator:3|half-summator:2|s' 
-- Equation name is '_LC2_B3', type is buried 
_LC2_B3  = LCELL( _EQ007);
  _EQ007 =  _LC3_A2 & !_LC4_B3 & !_LC7_B3
         # !_LC3_A2 &  _LC4_B3 & !_LC7_B3
         #  _LC3_A2 &  _LC4_B3 &  _LC7_B3
         # !_LC3_A2 & !_LC4_B3 &  _LC7_B3;

-- Node name is '|lab17_9_2:2|lab17_9:1|lab17_9_sum6:62|lab17_9_sum:2|summator:3|:3' = '|lab17_9_2:2|lab17_9:1|lab17_9_sum6:62|lab17_9_sum:2|summator:3|p' 
-- Equation name is '_LC6_B3', type is buried 
!_LC6_B3 = _LC6_B3~NOT;
_LC6_B3~NOT = LCELL( _EQ008);
  _EQ008 = !_LC3_A2 & !_LC4_B3
         # !_LC3_A2 & !_LC7_B3
         # !_LC4_B3 & !_LC7_B3;

-- Node name is '|lab17_9_2:2|lab17_9:1|lab17_9_sum6:62|lab17_9_sum:2|summator:4|half-summator:1|:4' = '|lab17_9_2:2|lab17_9:1|lab17_9_sum6:62|lab17_9_sum:2|summator:4|half-summator:1|p' 
-- Equation name is '_LC7_B3', type is buried 
!_LC7_B3 = _LC7_B3~NOT;
_LC7_B3~NOT = LCELL( _EQ009);
  _EQ009 = !_LC2_A1 & !_LC4_A2
         #  _LC2_A1 &  _LC4_A2
         # !B5
         # !A1;

-- Node name is '|lab17_9_2:2|lab17_9:1|lab17_9_sum6:62|lab17_9_sum:2|summator:4|half-summator:1|:5' = '|lab17_9_2:2|lab17_9:1|lab17_9_sum6:62|lab17_9_sum:2|summator:4|half-summator:1|s' 
-- Equation name is '_LC1_B10', type is buried 
_LC1_B10 = LCELL( _EQ010);
  _EQ010 =  A1 &  B5 & !_LC2_A1 & !_LC4_A2
         #  A1 &  B5 &  _LC2_A1 &  _LC4_A2
         # !B5 & !_LC2_A1 &  _LC4_A2
         # !B5 &  _LC2_A1 & !_LC4_A2
         # !A1 & !_LC2_A1 &  _LC4_A2
         # !A1 &  _LC2_A1 & !_LC4_A2;

-- Node name is '|lab17_9_2:2|lab17_9:1|lab17_9_sum6:62|summator:4|half-summator:2|:5' = '|lab17_9_2:2|lab17_9:1|lab17_9_sum6:62|summator:4|half-summator:2|s' 
-- Equation name is '_LC2_B14', type is buried 
!_LC2_B14 = _LC2_B14~NOT;
_LC2_B14~NOT = LCELL( _EQ011);
  _EQ011 =  _LC1_B15 &  _LC3_B15 &  _LC5_B14
         #  _LC3_B15 &  _LC4_B14 &  _LC5_B14
         # !_LC4_B14 & !_LC5_B14
         # !_LC1_B15 & !_LC3_B15 & !_LC4_B14;

-- Node name is '|lab17_9_2:2|lab17_9:1|lab17_9_sum6:63|lab17_9_sum:2|summator:1|half-summator:1|:5' = '|lab17_9_2:2|lab17_9:1|lab17_9_sum6:63|lab17_9_sum:2|summator:1|half-summator:1|s' 
-- Equation name is '_LC6_B15', type is buried 
!_LC6_B15 = _LC6_B15~NOT;
_LC6_B15~NOT = LCELL( _EQ012);
  _EQ012 =  _LC1_A6 &  _LC2_A9 & !_LC5_A6 &  _LC5_B16
         # !_LC1_A6 &  _LC5_A6 &  _LC5_B16
         # !_LC2_A9 &  _LC5_A6 &  _LC5_B16
         #  _LC1_A6 &  _LC2_A9 &  _LC5_A6 & !_LC5_B16
         # !_LC1_A6 & !_LC5_A6 & !_LC5_B16
         # !_LC2_A9 & !_LC5_A6 & !_LC5_B16;

-- Node name is '|lab17_9_2:2|lab17_9:1|lab17_9_sum6:63|lab17_9_sum:2|summator:1|:3' = '|lab17_9_2:2|lab17_9:1|lab17_9_sum6:63|lab17_9_sum:2|summator:1|p' 
-- Equation name is '_LC1_B15', type is buried 
!_LC1_B15 = _LC1_B15~NOT;
_LC1_B15~NOT = LCELL( _EQ013);
  _EQ013 =  _LC4_B15 & !_LC6_B15
         #  _LC4_B15 & !_LC5_B15
         # !_LC5_B16 & !_LC6_B15
         # !_LC5_B15 & !_LC5_B16;

-- Node name is '|lab17_9_2:2|lab17_9:1|lab17_9_sum6:63|lab17_9_sum:2|summator:1|~3~1' = '|lab17_9_2:2|lab17_9:1|lab17_9_sum6:63|lab17_9_sum:2|summator:1|p~1' 
-- Equation name is '_LC4_B15', type is buried 
-- synthesized logic cell 
_LC4_B15 = LCELL( _EQ014);
  _EQ014 =  _LC1_A6 &  _LC2_A9 &  _LC5_A6
         # !_LC1_A6 & !_LC5_A6
         # !_LC2_A9 & !_LC5_A6;

-- Node name is '|lab17_9_2:2|lab17_9:1|lab17_9_sum6:63|lab17_9_sum:2|summator:2|half-summator:1|:4' = '|lab17_9_2:2|lab17_9:1|lab17_9_sum6:63|lab17_9_sum:2|summator:2|half-summator:1|p' 
-- Equation name is '_LC5_B15', type is buried 
!_LC5_B15 = _LC5_B15~NOT;
_LC5_B15~NOT = LCELL( _EQ015);
  _EQ015 =  _LC1_A6 &  _LC2_A9
         # !_LC1_A2 & !_LC1_A6 & !_LC2_A9
         #  _LC1_A2 &  _LC1_A6
         # !_LC3_B16;

-- Node name is '|lab17_9_2:2|lab17_9:1|lab17_9_sum6:63|lab17_9_sum:2|summator:2|half-summator:1|:5' = '|lab17_9_2:2|lab17_9:1|lab17_9_sum6:63|lab17_9_sum:2|summator:2|half-summator:1|s' 
-- Equation name is '_LC1_B18', type is buried 
_LC1_B18 = LCELL( _EQ016);
  _EQ016 =  _LC1_A6 &  _LC2_A9 &  _LC3_B16
         # !_LC1_A2 & !_LC1_A6 & !_LC2_A9 &  _LC3_B16
         #  _LC1_A2 &  _LC1_A6 &  _LC3_B16
         #  _LC1_A2 & !_LC1_A6 & !_LC3_B16
         # !_LC1_A2 &  _LC1_A6 & !_LC2_A9 & !_LC3_B16
         # !_LC1_A6 &  _LC2_A9 & !_LC3_B16;

-- Node name is '|lab17_9_2:2|lab17_9:1|lab17_9_sum:26|summator:1|half-summator:2|:4' = '|lab17_9_2:2|lab17_9:1|lab17_9_sum:26|summator:1|half-summator:2|p' 
-- Equation name is '_LC4_B14', type is buried 
!_LC4_B14 = _LC4_B14~NOT;
_LC4_B14~NOT = LCELL( _EQ017);
  _EQ017 = !_LC2_B16 &  _LC6_B14
         # !B6
         # !A4;

-- Node name is '|lab17_9_2:2|lab17_9:1|lab17_9_sum:26|summator:1|half-summator:2|:5' = '|lab17_9_2:2|lab17_9:1|lab17_9_sum:26|summator:1|half-summator:2|s' 
-- Equation name is '_LC5_B14', type is buried 
_LC5_B14 = LCELL( _EQ018);
  _EQ018 =  A4 &  B6 & !_LC2_B16 &  _LC6_B14
         # !B6 &  _LC2_B16
         # !A4 &  _LC2_B16
         # !A4 &  B6 & !_LC6_B14;

-- Node name is '|lab17_9_2:2|lab17_9:1|lab17_9_sum:26|summator:2|half-summator:1|:5' = '|lab17_9_2:2|lab17_9:1|lab17_9_sum:26|summator:2|half-summator:1|s' 
-- Equation name is '_LC1_B16', type is buried 
_LC1_B16 = LCELL( _EQ019);
  _EQ019 =  A3 & !B5 &  B6
         #  A3 & !A4 &  B6
         #  A4 &  B5 & !B6
         # !A3 &  A4 &  B5;

-- Node name is '|lab17_9_2:2|lab17_9:1|lab17_9_sum:26|summator:2|half-summator:2|:4' = '|lab17_9_2:2|lab17_9:1|lab17_9_sum:26|summator:2|half-summator:2|p' 
-- Equation name is '_LC2_B16', type is buried 
!_LC2_B16 = _LC2_B16~NOT;
_LC2_B16~NOT = LCELL( _EQ020);
  _EQ020 = !_LC4_B16 & !_LC6_B16
         #  A3 & !_LC4_B16
         # !_LC1_B16;

-- Node name is '|lab17_9_2:2|lab17_9:1|lab17_9_sum:26|summator:2|half-summator:2|:5' = '|lab17_9_2:2|lab17_9:1|lab17_9_sum:26|summator:2|half-summator:2|s' 
-- Equation name is '_LC5_B16', type is buried 
_LC5_B16 = LCELL( _EQ021);
  _EQ021 = !_LC1_B16 &  _LC4_B16
         # !A3 & !_LC1_B16 &  _LC6_B16
         #  _LC1_B16 & !_LC4_B16 & !_LC6_B16
         #  A3 &  _LC1_B16 & !_LC4_B16;

-- Node name is '|lab17_9_2:2|lab17_9:1|lab17_9_sum:26|summator:2|~3~1' = '|lab17_9_2:2|lab17_9:1|lab17_9_sum:26|summator:2|p~1' 
-- Equation name is '_LC6_B14', type is buried 
-- synthesized logic cell 
_LC6_B14 = LCELL( _EQ022);
  _EQ022 = !A4
         # !A3
         # !B5;

-- Node name is '|lab17_9_2:2|lab17_9:1|lab17_9_sum:26|summator:3|half-summator:1|:4' = '|lab17_9_2:2|lab17_9:1|lab17_9_sum:26|summator:3|half-summator:1|p' 
-- Equation name is '_LC4_B16', type is buried 
!_LC4_B16 = _LC4_B16~NOT;
_LC4_B16~NOT = LCELL( _EQ023);
  _EQ023 = !B5
         # !A3
         # !B6
         # !A2;

-- Node name is '|lab17_9_2:2|lab17_9:1|lab17_9_sum:26|summator:3|half-summator:2|:5' = '|lab17_9_2:2|lab17_9:1|lab17_9_sum:26|summator:3|half-summator:2|s' 
-- Equation name is '_LC3_B16', type is buried 
!_LC3_B16 = _LC3_B16~NOT;
_LC3_B16~NOT = LCELL( _EQ024);
  _EQ024 = !A3 &  _LC6_B16
         # !B5 & !_LC6_B16 & !_LC7_B16
         # !A3 & !_LC7_B16
         #  A3 &  B5 & !_LC6_B16 &  _LC7_B16;

-- Node name is '|lab17_9_2:2|lab17_9:1|lab17_9_sum:26|summator:4|half-summator:1|:4' = '|lab17_9_2:2|lab17_9:1|lab17_9_sum:26|summator:4|half-summator:1|p' 
-- Equation name is '_LC6_B16', type is buried 
!_LC6_B16 = _LC6_B16~NOT;
_LC6_B16~NOT = LCELL( _EQ025);
  _EQ025 = !B6
         # !A1
         # !B5
         # !A2;

-- Node name is '|lab17_9_2:2|lab17_9:1|lab17_9_sum:26|summator:4|half-summator:1|:5' = '|lab17_9_2:2|lab17_9:1|lab17_9_sum:26|summator:4|half-summator:1|s' 
-- Equation name is '_LC4_B3', type is buried 
!_LC4_B3 = _LC4_B3~NOT;
_LC4_B3~NOT = LCELL( _EQ026);
  _EQ026 =  A1 &  A2 &  B5 &  B6
         # !B5 & !B6
         # !A1 & !B5
         # !A2 & !B6
         # !A1 & !A2;

-- Node name is '|lab17_9_2:2|lab17_9:1|:22' 
-- Equation name is '_LC7_B16', type is buried 
!_LC7_B16 = _LC7_B16~NOT;
_LC7_B16~NOT = LCELL( _EQ027);
  _EQ027 = !B6
         # !A2;

-- Node name is '|lab17_9_2:2|lab17_9:2|lab17_9_sum6:62|lab17_9_sum:2|summator:1|half-summator:2|:4' = '|lab17_9_2:2|lab17_9:2|lab17_9_sum6:62|lab17_9_sum:2|summator:1|half-summator:2|p' 
-- Equation name is '_LC5_B5', type is buried 
_LC5_B5  = LCELL( _EQ028);
  _EQ028 = !_LC1_B12 &  _LC2_B4 &  _LC2_B14
         #  _LC1_B12 &  _LC2_B4 & !_LC2_B14;

-- Node name is '|lab17_9_2:2|lab17_9:2|lab17_9_sum6:62|lab17_9_sum:2|summator:1|half-summator:2|:5' = '|lab17_9_2:2|lab17_9:2|lab17_9_sum6:62|lab17_9_sum:2|summator:1|half-summator:2|s' 
-- Equation name is '_LC1_B11', type is buried 
_LC1_B11 = LCELL( _EQ029);
  _EQ029 =  _LC1_B12 &  _LC1_B14 &  _LC2_B14
         # !_LC1_B12 &  _LC1_B14 & !_LC2_B14
         #  _LC1_B12 &  _LC2_B4 &  _LC2_B14
         # !_LC1_B12 &  _LC2_B4 & !_LC2_B14
         # !_LC1_B12 & !_LC1_B14 & !_LC2_B4 &  _LC2_B14
         #  _LC1_B12 & !_LC1_B14 & !_LC2_B4 & !_LC2_B14;

-- Node name is '|lab17_9_2:2|lab17_9:2|lab17_9_sum6:62|lab17_9_sum:2|summator:2|half-summator:2|:4' = '|lab17_9_2:2|lab17_9:2|lab17_9_sum6:62|lab17_9_sum:2|summator:2|half-summator:2|p' 
-- Equation name is '_LC2_B4', type is buried 
_LC2_B4  = LCELL( _EQ030);
  _EQ030 =  _LC2_B15 &  _LC3_B3 &  _LC3_B14
         #  _LC3_B3 &  _LC3_B14 &  _LC4_B4
         #  _LC2_B15 &  _LC3_B14 &  _LC4_B4;

-- Node name is '|lab17_9_2:2|lab17_9:2|lab17_9_sum6:62|lab17_9_sum:2|summator:2|half-summator:2|:5' = '|lab17_9_2:2|lab17_9:2|lab17_9_sum6:62|lab17_9_sum:2|summator:2|half-summator:2|s' 
-- Equation name is '_LC1_B4', type is buried 
_LC1_B4  = LCELL( _EQ031);
  _EQ031 =  _LC2_B15 &  _LC3_B3 & !_LC3_B14
         #  _LC3_B3 & !_LC3_B14 &  _LC4_B4
         #  _LC2_B15 & !_LC3_B14 &  _LC4_B4
         # !_LC2_B15 &  _LC3_B14 & !_LC4_B4
         # !_LC2_B15 & !_LC3_B3 &  _LC3_B14
         # !_LC3_B3 &  _LC3_B14 & !_LC4_B4;

-- Node name is '|lab17_9_2:2|lab17_9:2|lab17_9_sum6:62|lab17_9_sum:2|summator:3|half-summator:2|:5' = '|lab17_9_2:2|lab17_9:2|lab17_9_sum6:62|lab17_9_sum:2|summator:3|half-summator:2|s' 
-- Equation name is '_LC3_B4', type is buried 
_LC3_B4  = LCELL( _EQ032);
  _EQ032 =  _LC2_B15 & !_LC3_B3 & !_LC4_B4
         # !_LC2_B15 & !_LC3_B3 &  _LC4_B4
         #  _LC2_B15 &  _LC3_B3 &  _LC4_B4
         # !_LC2_B15 &  _LC3_B3 & !_LC4_B4;

-- Node name is '|lab17_9_2:2|lab17_9:2|lab17_9_sum6:62|lab17_9_sum:2|summator:4|half-summator:1|:4' = '|lab17_9_2:2|lab17_9:2|lab17_9_sum6:62|lab17_9_sum:2|summator:4|half-summator:1|p' 
-- Equation name is '_LC3_B3', type is buried 
!_LC3_B3 = _LC3_B3~NOT;
_LC3_B3~NOT = LCELL( _EQ033);
  _EQ033 = !_LC1_B18 & !_LC6_B3
         #  _LC1_B18 &  _LC6_B3
         # !B7
         # !A1;

-- Node name is '|lab17_9_2:2|lab17_9:2|lab17_9_sum6:62|lab17_9_sum:2|summator:4|half-summator:1|:5' = '|lab17_9_2:2|lab17_9:2|lab17_9_sum6:62|lab17_9_sum:2|summator:4|half-summator:1|s' 
-- Equation name is '_LC1_B3', type is buried 
_LC1_B3  = LCELL( _EQ034);
  _EQ034 =  A1 &  B7 & !_LC1_B18 & !_LC6_B3
         #  A1 &  B7 &  _LC1_B18 &  _LC6_B3
         # !B7 & !_LC1_B18 &  _LC6_B3
         # !B7 &  _LC1_B18 & !_LC6_B3
         # !A1 & !_LC1_B18 &  _LC6_B3
         # !A1 &  _LC1_B18 & !_LC6_B3;

-- Node name is '|lab17_9_2:2|lab17_9:2|lab17_9_sum6:62|summator:3|half-summator:2|:5' = '|lab17_9_2:2|lab17_9:2|lab17_9_sum6:62|summator:3|half-summator:2|s' 
-- Equation name is '_LC2_B5', type is buried 
_LC2_B5  = LCELL( _EQ035);
  _EQ035 = !_LC1_B20 &  _LC4_B5
         # !_LC1_B20 &  _LC5_B5
         #  _LC1_B20 & !_LC4_B5 & !_LC5_B5;

-- Node name is '|lab17_9_2:2|lab17_9:2|lab17_9_sum6:62|summator:4|half-summator:2|:5' = '|lab17_9_2:2|lab17_9:2|lab17_9_sum6:62|summator:4|half-summator:2|s' 
-- Equation name is '_LC1_B5', type is buried 
_LC1_B5  = LCELL( _EQ036);
  _EQ036 =  _LC1_B20 &  _LC4_B5 & !_LC5_B5
         # !_LC3_B5 & !_LC5_B5
         # !_LC1_B20 & !_LC3_B5
         #  _LC1_B20 &  _LC3_B5 & !_LC4_B5 &  _LC5_B5;

-- Node name is '|lab17_9_2:2|lab17_9:2|lab17_9_sum6:62|summator:4|half-summator:2|~5~1' = '|lab17_9_2:2|lab17_9:2|lab17_9_sum6:62|summator:4|half-summator:2|s~1' 
-- Equation name is '_LC2_B12', type is buried 
-- synthesized logic cell 
!_LC2_B12 = _LC2_B12~NOT;
_LC2_B12~NOT = LCELL( _EQ037);
  _EQ037 =  A3 &  B7
         # !A3 &  _LC4_B12 &  _LC7_B12;

-- Node name is '|lab17_9_2:2|lab17_9:2|lab17_9_sum6:62|summator:4|half-summator:2|~5~2' = '|lab17_9_2:2|lab17_9:2|lab17_9_sum6:62|summator:4|half-summator:2|s~2' 
-- Equation name is '_LC3_B5', type is buried 
-- synthesized logic cell 
!_LC3_B5 = _LC3_B5~NOT;
_LC3_B5~NOT = LCELL( _EQ038);
  _EQ038 =  A4 &  B8 & !_LC2_B12;

-- Node name is '|lab17_9_2:2|lab17_9:2|lab17_9_sum6:63|lab17_9_sum:2|summator:1|:3' = '|lab17_9_2:2|lab17_9:2|lab17_9_sum6:63|lab17_9_sum:2|summator:1|p' 
-- Equation name is '_LC4_B5', type is buried 
!_LC4_B5 = _LC4_B5~NOT;
_LC4_B5~NOT = LCELL( _EQ039);
  _EQ039 = !_LC1_B12 & !_LC2_B14
         # !_LC1_B14 & !_LC2_B14
         # !_LC1_B12 & !_LC1_B14;

-- Node name is '|lab17_9_2:2|lab17_9:2|lab17_9_sum6:63|lab17_9_sum:2|summator:2|half-summator:1|:4' = '|lab17_9_2:2|lab17_9:2|lab17_9_sum6:63|lab17_9_sum:2|summator:2|half-summator:1|p' 
-- Equation name is '_LC1_B14', type is buried 
!_LC1_B14 = _LC1_B14~NOT;
_LC1_B14~NOT = LCELL( _EQ040);
  _EQ040 =  _LC3_B15 &  _LC5_B14
         # !_LC1_B15 & !_LC3_B15 & !_LC5_B14
         #  _LC1_B15 &  _LC5_B14
         # !_LC5_B12;

-- Node name is '|lab17_9_2:2|lab17_9:2|lab17_9_sum6:63|lab17_9_sum:2|summator:2|half-summator:1|:5' = '|lab17_9_2:2|lab17_9:2|lab17_9_sum6:63|lab17_9_sum:2|summator:2|half-summator:1|s' 
-- Equation name is '_LC3_B14', type is buried 
_LC3_B14 = LCELL( _EQ041);
  _EQ041 =  _LC1_B15 & !_LC5_B12 & !_LC5_B14
         # !_LC1_B15 & !_LC3_B15 & !_LC5_B12 &  _LC5_B14
         #  _LC3_B15 & !_LC5_B12 & !_LC5_B14
         #  _LC3_B15 &  _LC5_B12 &  _LC5_B14
         # !_LC1_B15 & !_LC3_B15 &  _LC5_B12 & !_LC5_B14
         #  _LC1_B15 &  _LC5_B12 &  _LC5_B14;

-- Node name is '|lab17_9_2:2|lab17_9:2|lab17_9_sum:26|summator:1|half-summator:2|:5' = '|lab17_9_2:2|lab17_9:2|lab17_9_sum:26|summator:1|half-summator:2|s' 
-- Equation name is '_LC1_B20', type is buried 
_LC1_B20 = LCELL( _EQ042);
  _EQ042 =  A4 &  B8 &  _LC2_B20 & !_LC3_B12
         # !B8 &  _LC3_B12
         # !A4 &  _LC3_B12
         # !A4 &  B8 & !_LC2_B20;

-- Node name is '|lab17_9_2:2|lab17_9:2|lab17_9_sum:26|summator:2|half-summator:1|:5' = '|lab17_9_2:2|lab17_9:2|lab17_9_sum:26|summator:2|half-summator:1|s' 
-- Equation name is '_LC4_B12', type is buried 
!_LC4_B12 = _LC4_B12~NOT;
_LC4_B12~NOT = LCELL( _EQ043);
  _EQ043 =  A3 &  A4 &  B7 &  B8
         # !B7 & !B8
         # !A3 & !B7
         # !A4 & !B8
         # !A3 & !A4;

-- Node name is '|lab17_9_2:2|lab17_9:2|lab17_9_sum:26|summator:2|half-summator:2|:4' = '|lab17_9_2:2|lab17_9:2|lab17_9_sum:26|summator:2|half-summator:2|p' 
-- Equation name is '_LC3_B12', type is buried 
!_LC3_B12 = _LC3_B12~NOT;
_LC3_B12~NOT = LCELL( _EQ044);
  _EQ044 = !_LC4_B12
         # !_LC8_B12;

-- Node name is '|lab17_9_2:2|lab17_9:2|lab17_9_sum:26|summator:2|half-summator:2|:5' = '|lab17_9_2:2|lab17_9:2|lab17_9_sum:26|summator:2|half-summator:2|s' 
-- Equation name is '_LC1_B12', type is buried 
!_LC1_B12 = _LC1_B12~NOT;
_LC1_B12~NOT = LCELL( _EQ045);
  _EQ045 =  _LC4_B12 &  _LC8_B12
         # !_LC4_B12 & !_LC8_B12;

-- Node name is '|lab17_9_2:2|lab17_9:2|lab17_9_sum:26|summator:3|half-summator:2|:5' = '|lab17_9_2:2|lab17_9:2|lab17_9_sum:26|summator:3|half-summator:2|s' 
-- Equation name is '_LC5_B12', type is buried 
!_LC5_B12 = _LC5_B12~NOT;
_LC5_B12~NOT = LCELL( _EQ046);
  _EQ046 = !A3 &  _LC7_B12
         # !B7 & !_LC6_B12 & !_LC7_B12
         # !A3 & !_LC6_B12
         #  A3 &  B7 &  _LC6_B12 & !_LC7_B12;

-- Node name is '|lab17_9_2:2|lab17_9:2|lab17_9_sum:26|summator:3|:3' = '|lab17_9_2:2|lab17_9:2|lab17_9_sum:26|summator:3|p' 
-- Equation name is '_LC8_B12', type is buried 
!_LC8_B12 = _LC8_B12~NOT;
_LC8_B12~NOT = LCELL( _EQ047);
  _EQ047 = !B7 & !_LC7_B12
         #  A3 & !B7
         # !A3 & !_LC7_B12
         # !_LC6_B12 & !_LC7_B12
         #  A3 & !_LC6_B12;

-- Node name is '|lab17_9_2:2|lab17_9:2|lab17_9_sum:26|summator:4|half-summator:1|:4' = '|lab17_9_2:2|lab17_9:2|lab17_9_sum:26|summator:4|half-summator:1|p' 
-- Equation name is '_LC7_B12', type is buried 
!_LC7_B12 = _LC7_B12~NOT;
_LC7_B12~NOT = LCELL( _EQ048);
  _EQ048 = !B7
         # !A2
         # !B8
         # !A1;

-- Node name is '|lab17_9_2:2|lab17_9:2|lab17_9_sum:26|summator:4|half-summator:1|:5' = '|lab17_9_2:2|lab17_9:2|lab17_9_sum:26|summator:4|half-summator:1|s' 
-- Equation name is '_LC4_B4', type is buried 
!_LC4_B4 = _LC4_B4~NOT;
_LC4_B4~NOT = LCELL( _EQ049);
  _EQ049 =  A1 &  A2 &  B7 &  B8
         # !B7 & !B8
         # !A2 & !B8
         # !A1 & !B7
         # !A1 & !A2;

-- Node name is '|lab17_9_2:2|lab17_9:2|:22' 
-- Equation name is '_LC6_B12', type is buried 
!_LC6_B12 = _LC6_B12~NOT;
_LC6_B12~NOT = LCELL( _EQ050);
  _EQ050 = !B8
         # !A2;

-- Node name is '|lab17_9_2:31|lab17_9:1|lab17_9_sum6:62|lab17_9_sum:2|summator:2|half-summator:2|:4' = '|lab17_9_2:31|lab17_9:1|lab17_9_sum6:62|lab17_9_sum:2|summator:2|half-summator:2|p' 
-- Equation name is '_LC1_A1', type is buried 
!_LC1_A1 = _LC1_A1~NOT;
_LC1_A1~NOT = LCELL( _EQ051);
  _EQ051 = !_LC7_A1
         # !_LC4_A7;

-- Node name is '|lab17_9_2:31|lab17_9:1|lab17_9_sum6:62|lab17_9_sum:2|summator:3|half-summator:2|:5' = '|lab17_9_2:31|lab17_9:1|lab17_9_sum6:62|lab17_9_sum:2|summator:3|half-summator:2|s' 
-- Equation name is '_LC2_A7', type is buried 
_LC2_A7  = LCELL( _EQ052);
  _EQ052 =  D2 & !_LC3_A7 & !_LC7_A7
         # !D2 & !_LC3_A7 &  _LC7_A7
         #  D2 &  _LC3_A7 &  _LC7_A7
         # !D2 &  _LC3_A7 & !_LC7_A7;

-- Node name is '|lab17_9_2:31|lab17_9:1|lab17_9_sum6:62|lab17_9_sum:2|summator:3|:3' = '|lab17_9_2:31|lab17_9:1|lab17_9_sum6:62|lab17_9_sum:2|summator:3|p' 
-- Equation name is '_LC4_A7', type is buried 
!_LC4_A7 = _LC4_A7~NOT;
_LC4_A7~NOT = LCELL( _EQ053);
  _EQ053 = !D2 & !_LC7_A7
         # !D2 & !_LC3_A7
         # !_LC3_A7 & !_LC7_A7;

-- Node name is '|lab17_9_2:31|lab17_9:1|lab17_9_sum6:62|lab17_9_sum:2|summator:4|half-summator:1|:4' = '|lab17_9_2:31|lab17_9:1|lab17_9_sum6:62|lab17_9_sum:2|summator:4|half-summator:1|p' 
-- Equation name is '_LC3_A7', type is buried 
!_LC3_A7 = _LC3_A7~NOT;
_LC3_A7~NOT = LCELL( _EQ054);
  _EQ054 = !D1
         #  A1 &  B1 &  C1
         # !A1 & !C1
         # !B1 & !C1;

-- Node name is '|lab17_9_2:31|lab17_9:1|lab17_9_sum6:62|lab17_9_sum:2|summator:4|half-summator:1|:5' = '|lab17_9_2:31|lab17_9:1|lab17_9_sum6:62|lab17_9_sum:2|summator:4|half-summator:1|s' 
-- Equation name is '_LC1_A8', type is buried 
_LC1_A8  = LCELL( _EQ055);
  _EQ055 =  A1 &  B1 & !C1 & !D1
         # !A1 &  C1 & !D1
         # !B1 &  C1 & !D1
         #  A1 &  B1 &  C1 &  D1
         # !A1 & !C1 &  D1
         # !B1 & !C1 &  D1;

-- Node name is '|lab17_9_2:31|lab17_9:1|lab17_9_sum6:62|summator:3|half-summator:2|:5' = '|lab17_9_2:31|lab17_9:1|lab17_9_sum6:62|summator:3|half-summator:2|s' 
-- Equation name is '_LC7_A2', type is buried 
_LC7_A2  = LCELL( _EQ056);
  _EQ056 =  _LC1_A1 &  _LC2_A14 & !_LC4_A13
         # !_LC1_A1 &  _LC4_A13
         # !_LC2_A14 &  _LC4_A13;

-- Node name is '|lab17_9_2:31|lab17_9:1|lab17_9_sum6:62|summator:4|half-summator:2|:5' = '|lab17_9_2:31|lab17_9:1|lab17_9_sum6:62|summator:4|half-summator:2|s' 
-- Equation name is '_LC1_A13', type is buried 
_LC1_A13 = LCELL( _EQ057);
  _EQ057 = !_LC1_A1 &  _LC6_A13
         # !_LC2_A14 &  _LC6_A13
         # !_LC4_A13 &  _LC6_A13
         #  _LC1_A1 &  _LC2_A14 &  _LC4_A13 & !_LC6_A13;

-- Node name is '|lab17_9_2:31|lab17_9:1|lab17_9_sum6:63|lab17_9_sum:2|summator:1|half-summator:1|:5' = '|lab17_9_2:31|lab17_9:1|lab17_9_sum6:63|lab17_9_sum:2|summator:1|half-summator:1|s' 
-- Equation name is '_LC3_A13', type is buried 
!_LC3_A13 = _LC3_A13~NOT;
_LC3_A13~NOT = LCELL( _EQ058);
  _EQ058 =  C4 &  _LC3_A17 & !_LC5_A13
         #  C4 & !_LC3_A17 &  _LC5_A13
         # !C4 & !_LC3_A17 & !_LC5_A13
         # !C4 &  _LC3_A17 &  _LC5_A13;

-- Node name is '|lab17_9_2:31|lab17_9:1|lab17_9_sum6:63|lab17_9_sum:2|summator:1|half-summator:2|:4' = '|lab17_9_2:31|lab17_9:1|lab17_9_sum6:63|lab17_9_sum:2|summator:1|half-summator:2|p' 
-- Equation name is '_LC8_A13', type is buried 
!_LC8_A13 = _LC8_A13~NOT;
_LC8_A13~NOT = LCELL( _EQ059);
  _EQ059 = !C3 & !_LC1_A17
         # !C3 & !_LC1_A7
         # !_LC1_A7 & !_LC1_A17
         # !_LC3_A13;

-- Node name is '|lab17_9_2:31|lab17_9:1|lab17_9_sum6:63|lab17_9_sum:2|summator:1|half-summator:2|:5' = '|lab17_9_2:31|lab17_9:1|lab17_9_sum6:63|lab17_9_sum:2|summator:1|half-summator:2|s' 
-- Equation name is '_LC2_A14', type is buried 
!_LC2_A14 = _LC2_A14~NOT;
_LC2_A14~NOT = LCELL( _EQ060);
  _EQ060 = !C3 & !_LC1_A17 & !_LC3_A13
         # !C3 & !_LC1_A7 & !_LC3_A13
         # !_LC1_A7 & !_LC1_A17 & !_LC3_A13
         #  C3 &  _LC1_A7 &  _LC3_A13
         #  _LC1_A7 &  _LC1_A17 &  _LC3_A13
         #  C3 &  _LC1_A17 &  _LC3_A13;

-- Node name is '|lab17_9_2:31|lab17_9:1|lab17_9_sum6:63|lab17_9_sum:2|summator:1|:3' = '|lab17_9_2:31|lab17_9:1|lab17_9_sum6:63|lab17_9_sum:2|summator:1|p' 
-- Equation name is '_LC7_A13', type is buried 
!_LC7_A13 = _LC7_A13~NOT;
_LC7_A13~NOT = LCELL( _EQ061);
  _EQ061 = !_LC3_A17 & !_LC5_A13 & !_LC8_A13
         #  _LC3_A17 &  _LC5_A13 & !_LC8_A13
         # !C4 & !_LC8_A13;

-- Node name is '|lab17_9_2:31|lab17_9:1|lab17_9_sum6:63|lab17_9_sum:2|summator:2|half-summator:2|:5' = '|lab17_9_2:31|lab17_9:1|lab17_9_sum6:63|lab17_9_sum:2|summator:2|half-summator:2|s' 
-- Equation name is '_LC7_A1', type is buried 
_LC7_A1  = LCELL( _EQ062);
  _EQ062 =  C3 &  _LC1_A7 &  _LC1_A17
         # !C3 &  _LC1_A7 & !_LC1_A17
         #  C3 & !_LC1_A7 & !_LC1_A17
         # !C3 & !_LC1_A7 &  _LC1_A17;

-- Node name is '|lab17_9_2:31|lab17_9:1|lab17_9_sum6:63|lab17_9_sum:2|summator:3|half-summator:2|:5' = '|lab17_9_2:31|lab17_9:1|lab17_9_sum6:63|lab17_9_sum:2|summator:3|half-summator:2|s' 
-- Equation name is '_LC7_A7', type is buried 
!_LC7_A7 = _LC7_A7~NOT;
_LC7_A7~NOT = LCELL( _EQ063);
  _EQ063 =  C2 & !_LC5_A7 &  _LC6_A7
         # !C2 &  _LC5_A7 &  _LC6_A7
         #  C2 &  _LC5_A7 & !_LC6_A7
         # !C2 & !_LC5_A7 & !_LC6_A7;

-- Node name is '|lab17_9_2:31|lab17_9:1|lab17_9_sum6:63|lab17_9_sum:2|summator:3|:3' = '|lab17_9_2:31|lab17_9:1|lab17_9_sum6:63|lab17_9_sum:2|summator:3|p' 
-- Equation name is '_LC1_A7', type is buried 
!_LC1_A7 = _LC1_A7~NOT;
_LC1_A7~NOT = LCELL( _EQ064);
  _EQ064 = !C2 & !_LC5_A7
         # !C2 & !_LC6_A7
         # !_LC5_A7 & !_LC6_A7;

-- Node name is '|lab17_9_2:31|lab17_9:1|lab17_9_sum6:63|lab17_9_sum:2|summator:4|half-summator:1|:4' = '|lab17_9_2:31|lab17_9:1|lab17_9_sum6:63|lab17_9_sum:2|summator:4|half-summator:1|p' 
-- Equation name is '_LC6_A7', type is buried 
_LC6_A7  = LCELL( _EQ065);
  _EQ065 =  A1 &  B1 &  C1;

-- Node name is '|lab17_9_2:31|lab17_9:1|lab17_9_sum6:63|summator:3|half-summator:2|:5' = '|lab17_9_2:31|lab17_9:1|lab17_9_sum6:63|summator:3|half-summator:2|s' 
-- Equation name is '_LC4_A13', type is buried 
_LC4_A13 = LCELL( _EQ066);
  _EQ066 =  A4 &  B2 & !_LC2_A13 & !_LC7_A13
         # !A4 &  _LC2_A13 & !_LC7_A13
         # !B2 &  _LC2_A13 & !_LC7_A13
         # !A4 & !_LC2_A13 &  _LC7_A13
         # !B2 & !_LC2_A13 &  _LC7_A13
         #  A4 &  B2 &  _LC2_A13 &  _LC7_A13;

-- Node name is '|lab17_9_2:31|lab17_9:1|lab17_9_sum6:63|summator:4|half-summator:2|:3' 
-- Equation name is '_LC6_A13', type is buried 
_LC6_A13 = LCELL( _EQ067);
  _EQ067 = !A4 &  _LC2_A13 &  _LC7_A13
         # !B2 &  _LC2_A13 &  _LC7_A13
         #  A4 &  B2 &  _LC7_A13
         #  A4 &  B2 &  _LC2_A13;

-- Node name is '|lab17_9_2:31|lab17_9:1|lab17_9_sum:26|summator:2|half-summator:1|:5' = '|lab17_9_2:31|lab17_9:1|lab17_9_sum:26|summator:2|half-summator:1|s' 
-- Equation name is '_LC5_A13', type is buried 
_LC5_A13 = LCELL( _EQ068);
  _EQ068 =  A3 & !A4 &  B2
         #  A3 & !B1 &  B2
         # !A3 &  A4 &  B1
         #  A4 &  B1 & !B2;

-- Node name is '|lab17_9_2:31|lab17_9:1|lab17_9_sum:26|summator:2|:3' = '|lab17_9_2:31|lab17_9:1|lab17_9_sum:26|summator:2|p' 
-- Equation name is '_LC2_A13', type is buried 
!_LC2_A13 = _LC2_A13~NOT;
_LC2_A13~NOT = LCELL( _EQ069);
  _EQ069 = !_LC4_A15 & !_LC5_A13
         # !_LC3_A17 & !_LC4_A15
         # !B2 & !_LC5_A13
         # !B2 & !_LC3_A17;

-- Node name is '|lab17_9_2:31|lab17_9:1|lab17_9_sum:26|summator:3|half-summator:2|:5' = '|lab17_9_2:31|lab17_9:1|lab17_9_sum:26|summator:3|half-summator:2|s' 
-- Equation name is '_LC1_A17', type is buried 
_LC1_A17 = LCELL( _EQ070);
  _EQ070 =  A3 &  B1 & !_LC2_A17
         #  A3 &  _LC4_A17
         # !A3 &  _LC2_A17 & !_LC4_A17
         # !B1 &  _LC2_A17 & !_LC4_A17
         #  A3 & !B1 &  _LC2_A17;

-- Node name is '|lab17_9_2:31|lab17_9:1|lab17_9_sum:26|summator:3|:3' = '|lab17_9_2:31|lab17_9:1|lab17_9_sum:26|summator:3|p' 
-- Equation name is '_LC3_A17', type is buried 
!_LC3_A17 = _LC3_A17~NOT;
_LC3_A17~NOT = LCELL( _EQ071);
  _EQ071 = !A3 & !_LC4_A17
         # !B1 & !_LC4_A17
         #  A3 & !B1
         # !_LC2_A17 & !_LC4_A17
         #  A3 & !_LC2_A17;

-- Node name is '|lab17_9_2:31|lab17_9:1|lab17_9_sum:26|summator:4|half-summator:1|:4' = '|lab17_9_2:31|lab17_9:1|lab17_9_sum:26|summator:4|half-summator:1|p' 
-- Equation name is '_LC4_A17', type is buried 
_LC4_A17 = LCELL( _EQ072);
  _EQ072 =  A1 &  A2 &  B1 &  B2;

-- Node name is '|lab17_9_2:31|lab17_9:1|lab17_9_sum:26|summator:4|half-summator:1|:5' = '|lab17_9_2:31|lab17_9:1|lab17_9_sum:26|summator:4|half-summator:1|s' 
-- Equation name is '_LC5_A7', type is buried 
_LC5_A7  = LCELL( _EQ073);
  _EQ073 = !A1 &  A2 &  B1
         #  A2 &  B1 & !B2
         #  A1 & !B1 &  B2
         #  A1 & !A2 &  B2;

-- Node name is '|lab17_9_2:31|lab17_9:1|:22' 
-- Equation name is '_LC2_A17', type is buried 
!_LC2_A17 = _LC2_A17~NOT;
_LC2_A17~NOT = LCELL( _EQ074);
  _EQ074 = !B2
         # !A2;

-- Node name is '|lab17_9_2:31|lab17_9:2|lab17_9_sum6:62|lab17_9_sum:2|summator:1|half-summator:2|:4' = '|lab17_9_2:31|lab17_9:2|lab17_9_sum6:62|lab17_9_sum:2|summator:1|half-summator:2|p' 
-- Equation name is '_LC2_A9', type is buried 
!_LC2_A9 = _LC2_A9~NOT;
_LC2_A9~NOT = LCELL( _EQ075);
  _EQ075 = !_LC2_A1
         # !_LC4_A2
         #  _LC1_A13 &  _LC3_A6
         # !_LC1_A13 & !_LC3_A6;

-- Node name is '|lab17_9_2:31|lab17_9:2|lab17_9_sum6:62|lab17_9_sum:2|summator:1|half-summator:2|:5' = '|lab17_9_2:31|lab17_9:2|lab17_9_sum6:62|lab17_9_sum:2|summator:1|half-summator:2|s' 
-- Equation name is '_LC3_A2', type is buried 
_LC3_A2  = LCELL( _EQ076);
  _EQ076 =  _LC2_A1 & !_LC2_A9 &  _LC4_A2
         # !_LC2_A9 &  _LC5_A2;

-- Node name is '|lab17_9_2:31|lab17_9:2|lab17_9_sum6:62|lab17_9_sum:2|summator:3|half-summator:2|:5' = '|lab17_9_2:31|lab17_9:2|lab17_9_sum6:62|lab17_9_sum:2|summator:3|half-summator:2|s' 
-- Equation name is '_LC5_A1', type is buried 
_LC5_A1  = LCELL( _EQ077);
  _EQ077 = !_LC1_A1 & !_LC2_A14 & !_LC4_A1 &  _LC6_A1
         #  _LC1_A1 &  _LC2_A14 & !_LC4_A1 &  _LC6_A1
         # !_LC1_A1 &  _LC2_A14 & !_LC4_A1 & !_LC6_A1
         #  _LC1_A1 & !_LC2_A14 & !_LC4_A1 & !_LC6_A1
         # !_LC1_A1 &  _LC2_A14 &  _LC4_A1 &  _LC6_A1
         #  _LC1_A1 & !_LC2_A14 &  _LC4_A1 &  _LC6_A1
         # !_LC1_A1 & !_LC2_A14 &  _LC4_A1 & !_LC6_A1
         #  _LC1_A1 &  _LC2_A14 &  _LC4_A1 & !_LC6_A1;

-- Node name is '|lab17_9_2:31|lab17_9:2|lab17_9_sum6:62|lab17_9_sum:2|summator:3|:3' = '|lab17_9_2:31|lab17_9:2|lab17_9_sum6:62|lab17_9_sum:2|summator:3|p' 
-- Equation name is '_LC2_A1', type is buried 
!_LC2_A1 = _LC2_A1~NOT;
_LC2_A1~NOT = LCELL( _EQ078);
  _EQ078 = !_LC1_A1 & !_LC2_A14 & !_LC6_A1
         #  _LC1_A1 &  _LC2_A14 & !_LC6_A1
         # !_LC1_A1 & !_LC2_A14 & !_LC4_A1
         #  _LC1_A1 &  _LC2_A14 & !_LC4_A1
         # !_LC4_A1 & !_LC6_A1;

-- Node name is '|lab17_9_2:31|lab17_9:2|lab17_9_sum6:62|lab17_9_sum:2|summator:4|half-summator:1|:4' = '|lab17_9_2:31|lab17_9:2|lab17_9_sum6:62|lab17_9_sum:2|summator:4|half-summator:1|p' 
-- Equation name is '_LC4_A1', type is buried 
!_LC4_A1 = _LC4_A1~NOT;
_LC4_A1~NOT = LCELL( _EQ079);
  _EQ079 = !_LC4_A7 & !_LC7_A1
         #  _LC4_A7 &  _LC7_A1
         # !B3
         # !A1;

-- Node name is '|lab17_9_2:31|lab17_9:2|lab17_9_sum6:62|lab17_9_sum:2|summator:4|half-summator:1|:5' = '|lab17_9_2:31|lab17_9:2|lab17_9_sum6:62|lab17_9_sum:2|summator:4|half-summator:1|s' 
-- Equation name is '_LC3_A1', type is buried 
_LC3_A1  = LCELL( _EQ080);
  _EQ080 =  A1 &  B3 & !_LC4_A7 & !_LC7_A1
         #  A1 &  B3 &  _LC4_A7 &  _LC7_A1
         # !B3 &  _LC4_A7 & !_LC7_A1
         # !B3 & !_LC4_A7 &  _LC7_A1
         # !A1 &  _LC4_A7 & !_LC7_A1
         # !A1 & !_LC4_A7 &  _LC7_A1;

-- Node name is '|lab17_9_2:31|lab17_9:2|lab17_9_sum6:62|summator:4|half-summator:2|~5~1' = '|lab17_9_2:31|lab17_9:2|lab17_9_sum6:62|summator:4|half-summator:2|s~1' 
-- Equation name is '_LC2_A6', type is buried 
-- synthesized logic cell 
!_LC2_A6 = _LC2_A6~NOT;
_LC2_A6~NOT = LCELL( _EQ081);
  _EQ081 =  A3 &  B3
         # !A3 &  _LC2_A18 &  _LC8_A6;

-- Node name is '|lab17_9_2:31|lab17_9:2|lab17_9_sum6:62|summator:4|half-summator:2|~5~2' = '|lab17_9_2:31|lab17_9:2|lab17_9_sum6:62|summator:4|half-summator:2|s~2' 
-- Equation name is '_LC5_A6', type is buried 
-- synthesized logic cell 
_LC5_A6  = LCELL( _EQ082);
  _EQ082 =  _LC1_A2 &  _LC1_A6
         # !_LC2_A6 &  _LC4_A6;

-- Node name is '|lab17_9_2:31|lab17_9:2|lab17_9_sum6:63|lab17_9_sum:2|summator:1|half-summator:2|:5' = '|lab17_9_2:31|lab17_9:2|lab17_9_sum6:63|lab17_9_sum:2|summator:1|half-summator:2|s' 
-- Equation name is '_LC5_A2', type is buried 
!_LC5_A2 = _LC5_A2~NOT;
_LC5_A2~NOT = LCELL( _EQ083);
  _EQ083 =  _LC1_A13 &  _LC2_A2 & !_LC3_A6 &  _LC7_A2
         # !_LC1_A13 &  _LC2_A2 &  _LC3_A6 &  _LC7_A2
         #  _LC1_A13 &  _LC3_A6 & !_LC7_A2
         # !_LC1_A13 & !_LC3_A6 & !_LC7_A2
         #  _LC1_A13 & !_LC2_A2 &  _LC3_A6
         # !_LC1_A13 & !_LC2_A2 & !_LC3_A6;

-- Node name is '|lab17_9_2:31|lab17_9:2|lab17_9_sum6:63|lab17_9_sum:2|summator:1|:3' = '|lab17_9_2:31|lab17_9:2|lab17_9_sum6:63|lab17_9_sum:2|summator:1|p' 
-- Equation name is '_LC1_A2', type is buried 
!_LC1_A2 = _LC1_A2~NOT;
_LC1_A2~NOT = LCELL( _EQ084);
  _EQ084 = !_LC1_A13 & !_LC3_A6
         # !_LC1_A13 & !_LC7_A2
         # !_LC3_A6 & !_LC7_A2
         # !_LC1_A13 & !_LC2_A2
         # !_LC2_A2 & !_LC3_A6;

-- Node name is '|lab17_9_2:31|lab17_9:2|lab17_9_sum6:63|lab17_9_sum:2|summator:2|half-summator:1|:5' = '|lab17_9_2:31|lab17_9:2|lab17_9_sum6:63|lab17_9_sum:2|summator:2|half-summator:1|s' 
-- Equation name is '_LC4_A2', type is buried 
_LC4_A2  = LCELL( _EQ085);
  _EQ085 =  _LC2_A2 & !_LC7_A2
         # !_LC2_A2 &  _LC7_A2;

-- Node name is '|lab17_9_2:31|lab17_9:2|lab17_9_sum:26|summator:1|half-summator:2|:5' = '|lab17_9_2:31|lab17_9:2|lab17_9_sum:26|summator:1|half-summator:2|s' 
-- Equation name is '_LC1_A6', type is buried 
_LC1_A6  = LCELL( _EQ086);
  _EQ086 =  A4 &  B4 &  _LC1_A19 & !_LC7_A6
         # !B4 &  _LC7_A6
         # !A4 &  _LC7_A6
         # !A4 &  B4 & !_LC1_A19;

-- Node name is '|lab17_9_2:31|lab17_9:2|lab17_9_sum:26|summator:2|half-summator:1|:5' = '|lab17_9_2:31|lab17_9:2|lab17_9_sum:26|summator:2|half-summator:1|s' 
-- Equation name is '_LC8_A6', type is buried 
_LC8_A6  = LCELL( _EQ087);
  _EQ087 =  A3 & !A4 &  B4
         #  A3 & !B3 &  B4
         #  A4 &  B3 & !B4
         # !A3 &  A4 &  B3;

-- Node name is '|lab17_9_2:31|lab17_9:2|lab17_9_sum:26|summator:2|half-summator:2|:4' = '|lab17_9_2:31|lab17_9:2|lab17_9_sum:26|summator:2|half-summator:2|p' 
-- Equation name is '_LC7_A6', type is buried 
!_LC7_A6 = _LC7_A6~NOT;
_LC7_A6~NOT = LCELL( _EQ088);
  _EQ088 = !_LC2_A18 & !_LC6_A6
         #  A3 & !_LC6_A6
         # !_LC8_A6;

-- Node name is '|lab17_9_2:31|lab17_9:2|lab17_9_sum:26|summator:2|half-summator:2|:5' = '|lab17_9_2:31|lab17_9:2|lab17_9_sum:26|summator:2|half-summator:2|s' 
-- Equation name is '_LC3_A6', type is buried 
_LC3_A6  = LCELL( _EQ089);
  _EQ089 =  _LC6_A6 & !_LC8_A6
         # !A3 &  _LC2_A18 & !_LC8_A6
         # !_LC2_A18 & !_LC6_A6 &  _LC8_A6
         #  A3 & !_LC6_A6 &  _LC8_A6;

-- Node name is '|lab17_9_2:31|lab17_9:2|lab17_9_sum:26|summator:3|half-summator:1|:4' = '|lab17_9_2:31|lab17_9:2|lab17_9_sum:26|summator:3|half-summator:1|p' 
-- Equation name is '_LC6_A6', type is buried 
!_LC6_A6 = _LC6_A6~NOT;
_LC6_A6~NOT = LCELL( _EQ090);
  _EQ090 = !A3
         # !B3
         # !B4
         # !A2;

-- Node name is '|lab17_9_2:31|lab17_9:2|lab17_9_sum:26|summator:3|half-summator:2|:5' = '|lab17_9_2:31|lab17_9:2|lab17_9_sum:26|summator:3|half-summator:2|s' 
-- Equation name is '_LC2_A2', type is buried 
!_LC2_A2 = _LC2_A2~NOT;
_LC2_A2~NOT = LCELL( _EQ091);
  _EQ091 = !A3 &  _LC2_A18
         # !A3 & !_LC6_A2
         # !B3 & !_LC2_A18 & !_LC6_A2
         #  A3 &  B3 & !_LC2_A18 &  _LC6_A2;

-- Node name is '|lab17_9_2:31|lab17_9:2|lab17_9_sum:26|summator:4|half-summator:1|:4' = '|lab17_9_2:31|lab17_9:2|lab17_9_sum:26|summator:4|half-summator:1|p' 
-- Equation name is '_LC2_A18', type is buried 
!_LC2_A18 = _LC2_A18~NOT;
_LC2_A18~NOT = LCELL( _EQ092);
  _EQ092 = !B4
         # !A1
         # !B3
         # !A2;

-- Node name is '|lab17_9_2:31|lab17_9:2|lab17_9_sum:26|summator:4|half-summator:1|:5' = '|lab17_9_2:31|lab17_9:2|lab17_9_sum:26|summator:4|half-summator:1|s' 
-- Equation name is '_LC6_A1', type is buried 
!_LC6_A1 = _LC6_A1~NOT;
_LC6_A1~NOT = LCELL( _EQ093);
  _EQ093 =  A1 &  A2 &  B3 &  B4
         # !B3 & !B4
         # !A1 & !B3
         # !A2 & !B4
         # !A1 & !A2;

-- Node name is '|lab17_9_2:31|lab17_9:2|:22' 
-- Equation name is '_LC6_A2', type is buried 
!_LC6_A2 = _LC6_A2~NOT;
_LC6_A2~NOT = LCELL( _EQ094);
  _EQ094 = !B4
         # !A2;

-- Node name is '|lab17_9_2:31|lab17_9:2|:24' 
-- Equation name is '_LC4_A6', type is buried 
_LC4_A6  = LCELL( _EQ095);
  _EQ095 =  A4 &  B4;



Project Information                                      z:\lab17\lab17_10.rpt

** COMPILATION SETTINGS & TIMES **

Processing Menu Commands
------------------------

Design Doctor                             = off

Logic Synthesis:

   Synthesis Type Used                    = Multi-Level

   Default Synthesis Style                = NORMAL

      Logic option settings in 'NORMAL' style for 'FLEX10KE' family

      CARRY_CHAIN                         = ignore
      CARRY_CHAIN_LENGTH                  = 32
      CASCADE_CHAIN                       = ignore
      CASCADE_CHAIN_LENGTH                = 2
      DECOMPOSE_GATES                     = on
      DUPLICATE_LOGIC_EXTRACTION          = on
      MINIMIZATION                        = full
      MULTI_LEVEL_FACTORING               = on
      NOT_GATE_PUSH_BACK                  = on
      REDUCE_LOGIC                        = on
      REFACTORIZATION                     = on
      REGISTER_OPTIMIZATION               = on
      RESYNTHESIZE_NETWORK                = on
      SLOW_SLEW_RATE                      = off
      SUBFACTOR_EXTRACTION                = on
      IGNORE_SOFT_BUFFERS                 = on
      USE_LPM_FOR_AHDL_OPERATORS          = off

   Other logic synthesis settings:

      Automatic Global Clock              = on
      Automatic Global Clear              = on
      Automatic Global Preset             = on
      Automatic Global Output Enable      = on
      Automatic Fast I/O                  = off
      Automatic Register Packing          = off
      Automatic Open-Drain Pins           = on
      Automatic Implement in EAB          = off
      Optimize                            = 5

Default Timing Specifications: None

Cut All Bidir Feedback Timing Paths       = on
Cut All Clear & Preset Timing Paths       = on

Ignore Timing Assignments                 = off

Functional SNF Extractor                  = off

Linked SNF Extractor                      = off
Timing SNF Extractor                      = on
Optimize Timing SNF                       = off
Generate AHDL TDO File                    = off
Fitter Settings                           = NORMAL
Smart Recompile                           = off
Total Recompile                           = off

Interfaces Menu Commands
------------------------

EDIF Netlist Writer                       = off
Verilog Netlist Writer                    = off
VHDL Netlist Writer                       = off

Compilation Times
-----------------

   Compiler Netlist Extractor             00:00:01
   Database Builder                       00:00:00
   Logic Synthesizer                      00:00:01
   Partitioner                            00:00:00
   Fitter                                 00:00:01
   Timing SNF Extractor                   00:00:00
   --------------------------             --------
   Total Time                             00:00:03


Memory Allocated
-----------------

Peak memory allocated during compilation  = 23,665K
