Project Information                                       z:\lab17\lab17_3.rpt

MAX+plus II Compiler Report File
Version 9.01 07/30/98
Compiled: 12/02/20 20:03:06

Copyright (C) 1988-1998 Altera Corporation
Any megafunction design, and related net list (encrypted or decrypted),
support information, device programming or simulation file, and any other
associated documentation or information provided by Altera or a partner
under Altera's Megafunction Partnership Program may be used only to
program PLD devices (but not masked PLD devices) from Altera.  Any other
use of such megafunction design, net list, support information, device
programming or simulation file, or any other related documentation or
information is prohibited for any other purpose, including, but not
limited to modification, reverse engineering, de-compiling, or use with
any other silicon devices, unless such use is explicitly licensed under
a separate agreement with Altera or a megafunction partner.  Title to
the intellectual property, including patents, copyrights, trademarks,
trade secrets, or maskworks, embodied in any such megafunction design,
net list, support information, device programming or simulation file, or
any other related documentation or information provided by Altera or a
megafunction partner, remains with Altera, the megafunction partner, or
their respective licensors.  No other licenses, including any licenses
needed under any third party's intellectual property, are provided herein.



***** Project compilation was successful




** DEVICE SUMMARY **

Chip/                     Input   Output   Bidir         Shareable
POF       Device          Pins    Pins     Pins     LCs  Expanders  % Utilized

lab17_3   EPM7032LC44-6    14       9        0      20      0           62 %

User Pins:                 14       9        0  



Project Information                                       z:\lab17\lab17_3.rpt

** FILE HIERARCHY **



|74181:1|


Device-Specific Information:                              z:\lab17\lab17_3.rpt
lab17_3

***** Logic for device 'lab17_3' compiled without errors.




Device: EPM7032LC44-6

Device Options:
    Turbo Bit                                    = ON
    Security Bit                                 = OFF

                                         R  R  
                                         E  E  
                                         S  S  
                                         E  E  
                                         R  R  
              A        V  G  G  G  G  G  V  V  
              1  S  S  C  N  N  N  N  N  E  E  
              N  1  0  C  D  D  D  D  D  D  D  
            -----------------------------------_ 
          /   6  5  4  3  2  1 44 43 42 41 40   | 
      S3 |  7                                39 | RESERVED 
      S2 |  8                                38 | F0N 
     B1N |  9                                37 | F3N 
     GND | 10                                36 | RESERVED 
       M | 11                                35 | VCC 
      CN | 12         EPM7032LC44-6          34 | F2N 
     B3N | 13                                33 | F1N 
     B2N | 14                                32 | RESERVED 
     VCC | 15                                31 | RESERVED 
     B0N | 16                                30 | GND 
     A3N | 17                                29 | RESERVED 
         |_  18 19 20 21 22 23 24 25 26 27 28  _| 
           ------------------------------------ 
              A  A  A  R  G  V  G  C  N  R  P  
              2  0  E  E  N  C  N  N  C  E  N  
              N  N  Q  S  D  C     4  N  S     
                    B  E              4  E     
                       R                 R     
                       V                 V     
                       E                 E     
                       D                 D     


N.C. = Not Connected.
VCC = Dedicated power pin, which MUST be connected to VCC.
GND = Dedicated ground pin or unused dedicated input, which MUST be connected to GND.
RESERVED = Unused I/O pin, which MUST be left unconnected.



Device-Specific Information:                              z:\lab17\lab17_3.rpt
lab17_3

** RESOURCE USAGE **

                                                Shareable     External
Logic Array Block     Logic Cells   I/O Pins    Expanders   Interconnect

A:     LC1 - LC16     4/16( 25%)  15/16( 93%)   0/16(  0%)  12/36( 33%) 
B:    LC17 - LC32    16/16(100%)   8/16( 50%)   2/16( 12%)  23/36( 63%) 


Total dedicated input pins used:                 0/4      (  0%)
Total I/O pins used:                            23/32     ( 71%)
Total logic cells used:                         20/32     ( 62%)
Total shareable expanders used:                  0/32     (  0%)
Total Turbo logic cells used:                   20/32     ( 62%)
Total shareable expanders not available (n/a):   2/32     (  6%)
Average fan-in:                                  5.40
Total fan-in:                                   108

Total input pins required:                      14
Total output pins required:                      9
Total bidirectional pins required:               0
Total logic cells required:                     20
Total flipflops required:                        0
Total product terms required:                   61
Total logic cells lending parallel expanders:    0
Total shareable expanders in database:           0

Synthesized logic cells:                         0/  32   (  0%)



Device-Specific Information:                              z:\lab17\lab17_3.rpt
lab17_3

** INPUTS **

                                         Shareable
                                         Expanders     Fan-In    Fan-Out
 Pin     LC  LAB  Primitive    Code   Total Shared n/a INP  FBK  OUT  FBK  Name
  19   (14)  (A)      INPUT               0      0   0    0    0    0    2  A0N
   6    (3)  (A)      INPUT               0      0   0    0    0    1    2  A1N
  18   (13)  (A)      INPUT               0      0   0    0    0    1    2  A2N
  17   (12)  (A)      INPUT               0      0   0    0    0    1    2  A3N
  16   (11)  (A)      INPUT               0      0   0    0    0    0    2  B0N
   9    (6)  (A)      INPUT               0      0   0    0    0    1    2  B1N
  14   (10)  (A)      INPUT               0      0   0    0    0    1    2  B2N
  13    (9)  (A)      INPUT               0      0   0    0    0    1    2  B3N
  12    (8)  (A)      INPUT               0      0   0    0    0    3    3  CN
  11    (7)  (A)      INPUT               0      0   0    0    0    1    3  M
   4    (1)  (A)      INPUT               0      0   0    0    0    0    4  S0
   5    (2)  (A)      INPUT               0      0   0    0    0    0    4  S1
   8    (5)  (A)      INPUT               0      0   0    0    0    3    4  S2
   7    (4)  (A)      INPUT               0      0   0    0    0    3    4  S3


Code:

s = Synthesized pin or logic cell
t = Turbo logic cell
+ = Synchronous flipflop
! = NOT gate push-back
r = Fitter-inserted logic cell


Device-Specific Information:                              z:\lab17\lab17_3.rpt
lab17_3

** OUTPUTS **

                                         Shareable
                                         Expanders     Fan-In    Fan-Out
 Pin     LC  LAB  Primitive    Code   Total Shared n/a INP  FBK  OUT  FBK  Name
  20     15    A     OUTPUT      t        0      0   0    0    4    0    0  AEQB
  25     31    B     OUTPUT      t        1      0   1    1    8    0    0  CN4
  38     20    B     OUTPUT      t        0      0   0    2    2    1    0  F0N
  33     24    B     OUTPUT      t        0      0   0    4    3    1    0  F1N
  34     23    B     OUTPUT      t        0      0   0    4    3    1    0  F2N
  37     21    B     OUTPUT      t        0      0   0    4    3    1    0  F3N
  24     32    B     OUTPUT      t        0      0   0    0    7    0    0  GN
  26     30    B     OUTPUT      t        1      0   1    1    8    0    0  NCN4
  28     28    B     OUTPUT      t        0      0   0    0    4    0    0  PN


Code:

s = Synthesized pin or logic cell
t = Turbo logic cell
+ = Synchronous flipflop
! = NOT gate push-back
r = Fitter-inserted logic cell


Device-Specific Information:                              z:\lab17\lab17_3.rpt
lab17_3

** BURIED LOGIC **

                                         Shareable
                                         Expanders     Fan-In    Fan-Out
 Pin     LC  LAB  Primitive    Code   Total Shared n/a INP  FBK  OUT  FBK  Name
 (17)    12    A       SOFT      t        0      0   0    4    0    4    3  |74181:1|:37
 (12)     8    A       SOFT      t        0      0   0    4    0    4    3  |74181:1|:38
 (21)    16    A       SOFT      t        0      0   0    4    0    4    2  |74181:1|:39
 (32)    25    B       SOFT      t        0      0   0    4    0    5    2  |74181:1|:40
 (27)    29    B       SOFT      t        0      0   0    4    0    4    1  |74181:1|:41
 (41)    17    B       SOFT      t        0      0   0    4    0    5    1  |74181:1|:42
 (40)    18    B       SOFT      t        0      0   0    4    0    5    0  |74181:1|:49
 (39)    19    B       SOFT      t        0      0   0    4    0    4    0  |74181:1|:50
 (36)    22    B       SOFT      t        0      0   0    2    6    1    0  |74181:1|:76
 (31)    26    B       SOFT      t        0      0   0    2    2    1    0  |74181:1|:88
 (29)    27    B       SOFT      t        0      0   0    2    4    1    0  |74181:1|:89


Code:

s = Synthesized pin or logic cell
t = Turbo logic cell
+ = Synchronous flipflop
! = NOT gate push-back
r = Fitter-inserted logic cell


Device-Specific Information:                              z:\lab17\lab17_3.rpt
lab17_3

** LOGIC CELL INTERCONNECTIONS **

Logic Array Block 'A':

                 Logic cells placed in LAB 'A'
        +------- LC15 AEQB
        | +----- LC12 |74181:1|:37
        | | +--- LC8 |74181:1|:38
        | | | +- LC16 |74181:1|:39
        | | | | 
        | | | |   Other LABs fed by signals
        | | | |   that feed LAB 'A'
LC      | | | | | A B |     Logic cells that feed LAB 'A':

Pin
19   -> - * * - | * - | <-- A0N
6    -> - - - * | * * | <-- A1N
16   -> - * * - | * - | <-- B0N
9    -> - - - * | * * | <-- B1N
4    -> - * - * | * * | <-- S0
5    -> - * - * | * * | <-- S1
8    -> - - * - | * * | <-- S2
7    -> - - * - | * * | <-- S3
LC20 -> * - - - | * - | <-- F0N
LC24 -> * - - - | * - | <-- F1N
LC23 -> * - - - | * - | <-- F2N
LC21 -> * - - - | * - | <-- F3N


* = The logic cell or pin is an input to the logic cell (or LAB) through the PIA.
- = The logic cell or pin is not an input to the logic cell (or LAB).


Device-Specific Information:                              z:\lab17\lab17_3.rpt
lab17_3

** LOGIC CELL INTERCONNECTIONS **

Logic Array Block 'B':

                                         Logic cells placed in LAB 'B'
        +------------------------------- LC31 CN4
        | +----------------------------- LC20 F0N
        | | +--------------------------- LC24 F1N
        | | | +------------------------- LC23 F2N
        | | | | +----------------------- LC21 F3N
        | | | | | +--------------------- LC32 GN
        | | | | | | +------------------- LC30 NCN4
        | | | | | | | +----------------- LC28 PN
        | | | | | | | | +--------------- LC25 |74181:1|:40
        | | | | | | | | | +------------- LC29 |74181:1|:41
        | | | | | | | | | | +----------- LC17 |74181:1|:42
        | | | | | | | | | | | +--------- LC18 |74181:1|:49
        | | | | | | | | | | | | +------- LC19 |74181:1|:50
        | | | | | | | | | | | | | +----- LC22 |74181:1|:76
        | | | | | | | | | | | | | | +--- LC26 |74181:1|:88
        | | | | | | | | | | | | | | | +- LC27 |74181:1|:89
        | | | | | | | | | | | | | | | | 
        | | | | | | | | | | | | | | | |   Other LABs fed by signals
        | | | | | | | | | | | | | | | |   that feed LAB 'B'
LC      | | | | | | | | | | | | | | | | | A B |     Logic cells that feed LAB 'B':
LC25 -> * - * - - * * * - - - - - * - * | - * | <-- |74181:1|:40
LC29 -> * - - * - * * - - - - - - * - - | - * | <-- |74181:1|:41
LC17 -> * - - * - * * * - - - - - * - - | - * | <-- |74181:1|:42
LC18 -> * - - - * * * * - - - - - - - - | - * | <-- |74181:1|:49
LC19 -> * - - - * * * - - - - - - - - - | - * | <-- |74181:1|:50
LC22 -> - - - - * - - - - - - - - - - - | - * | <-- |74181:1|:76
LC26 -> - - * - - - - - - - - - - - - - | - * | <-- |74181:1|:88
LC27 -> - - - * - - - - - - - - - - - - | - * | <-- |74181:1|:89

Pin
6    -> - - * - - - - - * - - - - - - - | * * | <-- A1N
18   -> - - - * - - - - - * * - - - - - | - * | <-- A2N
17   -> - - - - * - - - - - - * * - - - | - * | <-- A3N
9    -> - - * - - - - - * - - - - - - - | * * | <-- B1N
14   -> - - - * - - - - - * * - - - - - | - * | <-- B2N
13   -> - - - - * - - - - - - * * - - - | - * | <-- B3N
12   -> * * - - - - * - - - - - - * * * | - * | <-- CN
11   -> - * - - - - - - - - - - - * * * | - * | <-- M
4    -> - - - - - - - - - * - - * - - - | * * | <-- S0
5    -> - - - - - - - - - * - - * - - - | * * | <-- S1
8    -> - - * * * - - - * - * * - - - - | * * | <-- S2
7    -> - - * * * - - - * - * * - - - - | * * | <-- S3
LC12 -> * * - - - * * - - - - - - * * * | - * | <-- |74181:1|:37
LC8  -> * * - - - - * * - - - - - * * * | - * | <-- |74181:1|:38
LC16 -> * - * - - * * - - - - - - * - * | - * | <-- |74181:1|:39


* = The logic cell or pin is an input to the logic cell (or LAB) through the PIA.
- = The logic cell or pin is not an input to the logic cell (or LAB).


Device-Specific Information:                              z:\lab17\lab17_3.rpt
lab17_3

** EQUATIONS **

A0N      : INPUT;
A1N      : INPUT;
A2N      : INPUT;
A3N      : INPUT;
B0N      : INPUT;
B1N      : INPUT;
B2N      : INPUT;
B3N      : INPUT;
CN       : INPUT;
M        : INPUT;
S0       : INPUT;
S1       : INPUT;
S2       : INPUT;
S3       : INPUT;

-- Node name is 'AEQB' 
-- Equation name is 'AEQB', location is LC015, type is output.
 AEQB    = LCELL( _EQ001 $  GND);
  _EQ001 =  F0N &  F1N &  F2N &  F3N;

-- Node name is 'CN4' 
-- Equation name is 'CN4', location is LC031, type is output.
 CN4     = LCELL( _EQ002 $  _LC019);
  _EQ002 =  CN &  _LC008 &  _LC017 &  _LC018 & !_LC019 &  _LC025
         #  _LC012 &  _LC017 &  _LC018 & !_LC019 &  _LC025
         #  _LC016 &  _LC017 &  _LC018 & !_LC019
         #  _LC018 & !_LC019 &  _LC029;

-- Node name is 'F0N' 
-- Equation name is 'F0N', location is LC020, type is output.
 F0N     = LCELL( _EQ003 $  _LC008);
  _EQ003 =  CN &  _LC012 & !M
         # !_LC012 &  M
         # !CN & !_LC012;

-- Node name is 'F1N' 
-- Equation name is 'F1N', location is LC024, type is output.
 F1N     = LCELL( _EQ004 $  _LC026);
  _EQ004 =  A1N &  B1N &  _LC016 &  S3
         #  A1N & !B1N &  _LC016 &  S2
         # !_LC016 &  _LC025;

-- Node name is 'F2N' 
-- Equation name is 'F2N', location is LC023, type is output.
 F2N     = LCELL( _EQ005 $  _LC027);
  _EQ005 =  A2N &  B2N &  _LC029 &  S3
         #  A2N & !B2N &  _LC029 &  S2
         #  _LC017 & !_LC029;

-- Node name is 'F3N' 
-- Equation name is 'F3N', location is LC021, type is output.
 F3N     = LCELL( _EQ006 $  _LC022);
  _EQ006 =  A3N &  B3N &  _LC019 &  S3
         #  A3N & !B3N &  _LC019 &  S2
         #  _LC018 & !_LC019;

-- Node name is 'GN' 
-- Equation name is 'GN', location is LC032, type is output.
 GN      = LCELL( _EQ007 $ !_LC019);
  _EQ007 =  _LC012 &  _LC017 &  _LC018 & !_LC019 &  _LC025
         #  _LC016 &  _LC017 &  _LC018 & !_LC019
         #  _LC018 & !_LC019 &  _LC029;

-- Node name is 'NCN4' 
-- Equation name is 'NCN4', location is LC030, type is output.
 NCN4    = LCELL( _EQ008 $ !_LC019);
  _EQ008 =  CN &  _LC008 &  _LC017 &  _LC018 & !_LC019 &  _LC025
         #  _LC012 &  _LC017 &  _LC018 & !_LC019 &  _LC025
         #  _LC016 &  _LC017 &  _LC018 & !_LC019
         #  _LC018 & !_LC019 &  _LC029;

-- Node name is 'PN' 
-- Equation name is 'PN', location is LC028, type is output.
 PN      = LCELL( _EQ009 $  VCC);
  _EQ009 =  _LC008 &  _LC017 &  _LC018 &  _LC025;

-- Node name is '|74181:1|:37' 
-- Equation name is '_LC012', type is buried 
_LC012   = LCELL( _EQ010 $ !A0N);
  _EQ010 = !A0N &  B0N &  S0
         # !A0N & !B0N &  S1;

-- Node name is '|74181:1|:38' 
-- Equation name is '_LC008', type is buried 
_LC008   = LCELL( _EQ011 $  VCC);
  _EQ011 =  A0N &  B0N &  S3
         #  A0N & !B0N &  S2;

-- Node name is '|74181:1|:39' 
-- Equation name is '_LC016', type is buried 
_LC016   = LCELL( _EQ012 $ !A1N);
  _EQ012 = !A1N &  B1N &  S0
         # !A1N & !B1N &  S1;

-- Node name is '|74181:1|:40' 
-- Equation name is '_LC025', type is buried 
_LC025   = LCELL( _EQ013 $  VCC);
  _EQ013 =  A1N &  B1N &  S3
         #  A1N & !B1N &  S2;

-- Node name is '|74181:1|:41' 
-- Equation name is '_LC029', type is buried 
_LC029   = LCELL( _EQ014 $ !A2N);
  _EQ014 = !A2N &  B2N &  S0
         # !A2N & !B2N &  S1;

-- Node name is '|74181:1|:42' 
-- Equation name is '_LC017', type is buried 
_LC017   = LCELL( _EQ015 $  VCC);
  _EQ015 =  A2N &  B2N &  S3
         #  A2N & !B2N &  S2;

-- Node name is '|74181:1|:49' 
-- Equation name is '_LC018', type is buried 
_LC018   = LCELL( _EQ016 $  VCC);
  _EQ016 =  A3N &  B3N &  S3
         #  A3N & !B3N &  S2;

-- Node name is '|74181:1|:50' 
-- Equation name is '_LC019', type is buried 
_LC019   = LCELL( _EQ017 $ !A3N);
  _EQ017 = !A3N &  B3N &  S0
         # !A3N & !B3N &  S1;

-- Node name is '|74181:1|:76' 
-- Equation name is '_LC022', type is buried 
_LC022   = LCELL( _EQ018 $  VCC);
  _EQ018 =  CN &  _LC008 &  _LC017 &  _LC025 & !M
         #  _LC012 &  _LC017 &  _LC025 & !M
         #  _LC016 &  _LC017 & !M
         #  _LC029 & !M;

-- Node name is '|74181:1|:88' 
-- Equation name is '_LC026', type is buried 
_LC026   = LCELL( _EQ019 $  VCC);
  _EQ019 =  CN &  _LC008 & !M
         #  _LC012 & !M;

-- Node name is '|74181:1|:89' 
-- Equation name is '_LC027', type is buried 
_LC027   = LCELL( _EQ020 $  VCC);
  _EQ020 =  CN &  _LC008 &  _LC025 & !M
         #  _LC012 &  _LC025 & !M
         #  _LC016 & !M;



--     Shareable expanders that are duplicated in multiple LABs:
--     (none)




Project Information                                       z:\lab17\lab17_3.rpt

** COMPILATION SETTINGS & TIMES **

Processing Menu Commands
------------------------

Design Doctor                             = off

Logic Synthesis:

   Synthesis Type Used                    = Standard

   Default Synthesis Style                = NORMAL

      Logic option settings in 'NORMAL' style for 'MAX7000' family

      DECOMPOSE_GATES                     = on
      DUPLICATE_LOGIC_EXTRACTION          = on
      MINIMIZATION                        = full
      MULTI_LEVEL_FACTORING               = on
      NOT_GATE_PUSH_BACK                  = on
      PARALLEL_EXPANDERS                  = off
      REDUCE_LOGIC                        = on
      REFACTORIZATION                     = on
      REGISTER_OPTIMIZATION               = on
      RESYNTHESIZE_NETWORK                = on
      SLOW_SLEW_RATE                      = off
      SOFT_BUFFER_INSERTION               = on
      SUBFACTOR_EXTRACTION                = on
      TURBO_BIT                           = on
      XOR_SYNTHESIS                       = on
      IGNORE_SOFT_BUFFERS                 = off
      USE_LPM_FOR_AHDL_OPERATORS          = off

   Other logic synthesis settings:

      Automatic Global Clock              = on
      Automatic Global Clear              = on
      Automatic Global Preset             = on
      Automatic Global Output Enable      = on
      Automatic Fast I/O                  = off
      Automatic Register Packing          = off
      Automatic Open-Drain Pins           = on
      Automatic Implement in EAB          = off
      One-Hot State Machine Encoding      = off
      Optimize                            = 5

Default Timing Specifications: None

Cut All Bidir Feedback Timing Paths       = on
Cut All Clear & Preset Timing Paths       = on

Ignore Timing Assignments                 = off

Functional SNF Extractor                  = off

Linked SNF Extractor                      = off
Timing SNF Extractor                      = on
Optimize Timing SNF                       = off
Generate AHDL TDO File                    = off
Fitter Settings                           = NORMAL
Smart Recompile                           = off
Total Recompile                           = off

Interfaces Menu Commands
------------------------

EDIF Netlist Writer                       = off
Verilog Netlist Writer                    = off
VHDL Netlist Writer                       = off

Compilation Times
-----------------

   Compiler Netlist Extractor             00:00:00
   Database Builder                       00:00:00
   Logic Synthesizer                      00:00:00
   Partitioner                            00:00:00
   Fitter                                 00:00:00
   Timing SNF Extractor                   00:00:00
   Assembler                              00:00:00
   --------------------------             --------
   Total Time                             00:00:00


Memory Allocated
-----------------

Peak memory allocated during compilation  = 4,429K
