 12:26, 19 февраля 2021 г.
 Simulation has been initialized
 Selected Top-Level: TESTBENCH_FOR_ALU_32
 Simulation has been stopped
 13:04, 19 февраля 2021 г.
 Simulation has been initialized
 Selected Top-Level: ALU_32 (behaviour)
 Simulation has been stopped
 13:06, 19 февраля 2021 г.
 Simulation has been initialized
 Selected Top-Level: ALU_32 (behaviour)
 Simulation has been stopped
 14:00, 19 февраля 2021 г.
 Simulation has been initialized
 Selected Top-Level: ALU_32 (behaviour)
 Simulation has been stopped
 14:09, 19 февраля 2021 г.
 Simulation has been initialized
 Selected Top-Level: TESTBENCH_FOR_ALU_32
 Simulation has been stopped
