Project Information                                   z:\lab15\data_transf.rpt

MAX+plus II Compiler Report File
Version 9.01 07/30/98
Compiled: 11/26/20 01:07:21

Copyright (C) 1988-1998 Altera Corporation
Any megafunction design, and related net list (encrypted or decrypted),
support information, device programming or simulation file, and any other
associated documentation or information provided by Altera or a partner
under Altera's Megafunction Partnership Program may be used only to
program PLD devices (but not masked PLD devices) from Altera.  Any other
use of such megafunction design, net list, support information, device
programming or simulation file, or any other related documentation or
information is prohibited for any other purpose, including, but not
limited to modification, reverse engineering, de-compiling, or use with
any other silicon devices, unless such use is explicitly licensed under
a separate agreement with Altera or a megafunction partner.  Title to
the intellectual property, including patents, copyrights, trademarks,
trade secrets, or maskworks, embodied in any such megafunction design,
net list, support information, device programming or simulation file, or
any other related documentation or information provided by Altera or a
megafunction partner, remains with Altera, the megafunction partner, or
their respective licensors.  No other licenses, including any licenses
needed under any third party's intellectual property, are provided herein.



***** Project compilation was successful




** DEVICE SUMMARY **

Chip/                     Input   Output   Bidir         Shareable
POF       Device          Pins    Pins     Pins     LCs  Expanders  % Utilized

data_transf
      EPM7032LC44-6        18       9        0      9       0           28 %

User Pins:                 18       9        0  



Device-Specific Information:                          z:\lab15\data_transf.rpt
data_transf

***** Logic for device 'data_transf' compiled without errors.




Device: EPM7032LC44-6

Device Options:
    Turbo Bit                                    = ON
    Security Bit                                 = OFF

                                               
                                               
                                               
                                               
                                               
                    E  V  G  G  G  G  G  E  E  
              X  X  R  C  N  N  N  N  N  R  R  
              0  8  0  C  D  D  D  D  D  7  8  
            -----------------------------------_ 
          /   6  5  4  3  2  1 44 43 42 41 40   | 
      X1 |  7                                39 | OUT3 
      X2 |  8                                38 | OUT2 
      X3 |  9                                37 | OUT8 
     GND | 10                                36 | OUT4 
      X4 | 11                                35 | VCC 
      X5 | 12         EPM7032LC44-6          34 | OUT7 
      X6 | 13                                33 | OUT1 
      X7 | 14                                32 | OUT6 
     VCC | 15                                31 | OUT5 
     ER5 | 16                                30 | GND 
     ER1 | 17                                29 | OUT0 
         |_  18 19 20 21 22 23 24 25 26 27 28  _| 
           ------------------------------------ 
              E  E  E  E  G  V  R  R  R  R  R  
              R  R  R  R  N  C  E  E  E  E  E  
              2  3  4  6  D  C  S  S  S  S  S  
                                E  E  E  E  E  
                                R  R  R  R  R  
                                V  V  V  V  V  
                                E  E  E  E  E  
                                D  D  D  D  D  


N.C. = Not Connected.
VCC = Dedicated power pin, which MUST be connected to VCC.
GND = Dedicated ground pin or unused dedicated input, which MUST be connected to GND.
RESERVED = Unused I/O pin, which MUST be left unconnected.



Device-Specific Information:                          z:\lab15\data_transf.rpt
data_transf

** RESOURCE USAGE **

                                                Shareable     External
Logic Array Block     Logic Cells   I/O Pins    Expanders   Interconnect

A:     LC1 - LC16     0/16(  0%)  16/16(100%)   0/16(  0%)   0/36(  0%) 
B:    LC17 - LC32     9/16( 56%)  11/16( 68%)   0/16(  0%)  18/36( 50%) 


Total dedicated input pins used:                 0/4      (  0%)
Total I/O pins used:                            27/32     ( 84%)
Total logic cells used:                          9/32     ( 28%)
Total shareable expanders used:                  0/32     (  0%)
Total Turbo logic cells used:                    9/32     ( 28%)
Total shareable expanders not available (n/a):   0/32     (  0%)
Average fan-in:                                  2.00
Total fan-in:                                    18

Total input pins required:                      18
Total output pins required:                      9
Total bidirectional pins required:               0
Total logic cells required:                      9
Total flipflops required:                        0
Total product terms required:                   18
Total logic cells lending parallel expanders:    0
Total shareable expanders in database:           0

Synthesized logic cells:                         0/  32   (  0%)



Device-Specific Information:                          z:\lab15\data_transf.rpt
data_transf

** INPUTS **

                                         Shareable
                                         Expanders     Fan-In    Fan-Out
 Pin     LC  LAB  Primitive    Code   Total Shared n/a INP  FBK  OUT  FBK  Name
   4    (1)  (A)      INPUT               0      0   0    0    0    1    0  ER0
  17   (12)  (A)      INPUT               0      0   0    0    0    1    0  ER1
  18   (13)  (A)      INPUT               0      0   0    0    0    1    0  ER2
  19   (14)  (A)      INPUT               0      0   0    0    0    1    0  ER3
  20   (15)  (A)      INPUT               0      0   0    0    0    1    0  ER4
  16   (11)  (A)      INPUT               0      0   0    0    0    1    0  ER5
  21   (16)  (A)      INPUT               0      0   0    0    0    1    0  ER6
  41   (17)  (B)      INPUT               0      0   0    0    0    1    0  ER7
  40   (18)  (B)      INPUT               0      0   0    0    0    1    0  ER8
   6    (3)  (A)      INPUT               0      0   0    0    0    1    0  X0
   7    (4)  (A)      INPUT               0      0   0    0    0    1    0  X1
   8    (5)  (A)      INPUT               0      0   0    0    0    1    0  X2
   9    (6)  (A)      INPUT               0      0   0    0    0    1    0  X3
  11    (7)  (A)      INPUT               0      0   0    0    0    1    0  X4
  12    (8)  (A)      INPUT               0      0   0    0    0    1    0  X5
  13    (9)  (A)      INPUT               0      0   0    0    0    1    0  X6
  14   (10)  (A)      INPUT               0      0   0    0    0    1    0  X7
   5    (2)  (A)      INPUT               0      0   0    0    0    1    0  X8


Code:

s = Synthesized pin or logic cell
t = Turbo logic cell
+ = Synchronous flipflop
! = NOT gate push-back
r = Fitter-inserted logic cell


Device-Specific Information:                          z:\lab15\data_transf.rpt
data_transf

** OUTPUTS **

                                         Shareable
                                         Expanders     Fan-In    Fan-Out
 Pin     LC  LAB  Primitive    Code   Total Shared n/a INP  FBK  OUT  FBK  Name
  29     27    B     OUTPUT      t        0      0   0    2    0    0    0  OUT0
  33     24    B     OUTPUT      t        0      0   0    2    0    0    0  OUT1
  38     20    B     OUTPUT      t        0      0   0    2    0    0    0  OUT2
  39     19    B     OUTPUT      t        0      0   0    2    0    0    0  OUT3
  36     22    B     OUTPUT      t        0      0   0    2    0    0    0  OUT4
  31     26    B     OUTPUT      t        0      0   0    2    0    0    0  OUT5
  32     25    B     OUTPUT      t        0      0   0    2    0    0    0  OUT6
  34     23    B     OUTPUT      t        0      0   0    2    0    0    0  OUT7
  37     21    B     OUTPUT      t        0      0   0    2    0    0    0  OUT8


Code:

s = Synthesized pin or logic cell
t = Turbo logic cell
+ = Synchronous flipflop
! = NOT gate push-back
r = Fitter-inserted logic cell


Device-Specific Information:                          z:\lab15\data_transf.rpt
data_transf

** LOGIC CELL INTERCONNECTIONS **

Logic Array Block 'B':

                           Logic cells placed in LAB 'B'
        +----------------- LC27 OUT0
        | +--------------- LC24 OUT1
        | | +------------- LC20 OUT2
        | | | +----------- LC19 OUT3
        | | | | +--------- LC22 OUT4
        | | | | | +------- LC26 OUT5
        | | | | | | +----- LC25 OUT6
        | | | | | | | +--- LC23 OUT7
        | | | | | | | | +- LC21 OUT8
        | | | | | | | | | 
        | | | | | | | | |   Other LABs fed by signals
        | | | | | | | | |   that feed LAB 'B'
LC      | | | | | | | | | | A B |     Logic cells that feed LAB 'B':

Pin
4    -> * - - - - - - - - | - * | <-- ER0
17   -> - * - - - - - - - | - * | <-- ER1
18   -> - - * - - - - - - | - * | <-- ER2
19   -> - - - * - - - - - | - * | <-- ER3
20   -> - - - - * - - - - | - * | <-- ER4
16   -> - - - - - * - - - | - * | <-- ER5
21   -> - - - - - - * - - | - * | <-- ER6
41   -> - - - - - - - * - | - * | <-- ER7
40   -> - - - - - - - - * | - * | <-- ER8
6    -> * - - - - - - - - | - * | <-- X0
7    -> - * - - - - - - - | - * | <-- X1
8    -> - - * - - - - - - | - * | <-- X2
9    -> - - - * - - - - - | - * | <-- X3
11   -> - - - - * - - - - | - * | <-- X4
12   -> - - - - - * - - - | - * | <-- X5
13   -> - - - - - - * - - | - * | <-- X6
14   -> - - - - - - - * - | - * | <-- X7
5    -> - - - - - - - - * | - * | <-- X8


* = The logic cell or pin is an input to the logic cell (or LAB) through the PIA.
- = The logic cell or pin is not an input to the logic cell (or LAB).


Device-Specific Information:                          z:\lab15\data_transf.rpt
data_transf

** EQUATIONS **

ER0      : INPUT;
ER1      : INPUT;
ER2      : INPUT;
ER3      : INPUT;
ER4      : INPUT;
ER5      : INPUT;
ER6      : INPUT;
ER7      : INPUT;
ER8      : INPUT;
X0       : INPUT;
X1       : INPUT;
X2       : INPUT;
X3       : INPUT;
X4       : INPUT;
X5       : INPUT;
X6       : INPUT;
X7       : INPUT;
X8       : INPUT;

-- Node name is 'OUT0' 
-- Equation name is 'OUT0', location is LC027, type is output.
 OUT0    = LCELL( X0 $  ER0);

-- Node name is 'OUT1' 
-- Equation name is 'OUT1', location is LC024, type is output.
 OUT1    = LCELL( X1 $  ER1);

-- Node name is 'OUT2' 
-- Equation name is 'OUT2', location is LC020, type is output.
 OUT2    = LCELL( X2 $  ER2);

-- Node name is 'OUT3' 
-- Equation name is 'OUT3', location is LC019, type is output.
 OUT3    = LCELL( X3 $  ER3);

-- Node name is 'OUT4' 
-- Equation name is 'OUT4', location is LC022, type is output.
 OUT4    = LCELL( X4 $  ER4);

-- Node name is 'OUT5' 
-- Equation name is 'OUT5', location is LC026, type is output.
 OUT5    = LCELL( X5 $  ER5);

-- Node name is 'OUT6' 
-- Equation name is 'OUT6', location is LC025, type is output.
 OUT6    = LCELL( X6 $  ER6);

-- Node name is 'OUT7' 
-- Equation name is 'OUT7', location is LC023, type is output.
 OUT7    = LCELL( X7 $  ER7);

-- Node name is 'OUT8' 
-- Equation name is 'OUT8', location is LC021, type is output.
 OUT8    = LCELL( X8 $  ER8);



--     Shareable expanders that are duplicated in multiple LABs:
--     (none)




Project Information                                   z:\lab15\data_transf.rpt

** COMPILATION SETTINGS & TIMES **

Processing Menu Commands
------------------------

Design Doctor                             = off

Logic Synthesis:

   Synthesis Type Used                    = Standard

   Default Synthesis Style                = NORMAL

      Logic option settings in 'NORMAL' style for 'MAX7000' family

      DECOMPOSE_GATES                     = on
      DUPLICATE_LOGIC_EXTRACTION          = on
      MINIMIZATION                        = full
      MULTI_LEVEL_FACTORING               = on
      NOT_GATE_PUSH_BACK                  = on
      PARALLEL_EXPANDERS                  = off
      REDUCE_LOGIC                        = on
      REFACTORIZATION                     = on
      REGISTER_OPTIMIZATION               = on
      RESYNTHESIZE_NETWORK                = on
      SLOW_SLEW_RATE                      = off
      SOFT_BUFFER_INSERTION               = on
      SUBFACTOR_EXTRACTION                = on
      TURBO_BIT                           = on
      XOR_SYNTHESIS                       = on
      IGNORE_SOFT_BUFFERS                 = off
      USE_LPM_FOR_AHDL_OPERATORS          = off

   Other logic synthesis settings:

      Automatic Global Clock              = on
      Automatic Global Clear              = on
      Automatic Global Preset             = on
      Automatic Global Output Enable      = on
      Automatic Fast I/O                  = off
      Automatic Register Packing          = off
      Automatic Open-Drain Pins           = on
      Automatic Implement in EAB          = off
      One-Hot State Machine Encoding      = off
      Optimize                            = 5

Default Timing Specifications: None

Cut All Bidir Feedback Timing Paths       = on
Cut All Clear & Preset Timing Paths       = on

Ignore Timing Assignments                 = off

Functional SNF Extractor                  = off

Linked SNF Extractor                      = off
Timing SNF Extractor                      = on
Optimize Timing SNF                       = off
Generate AHDL TDO File                    = off
Fitter Settings                           = NORMAL
Smart Recompile                           = off
Total Recompile                           = off

Interfaces Menu Commands
------------------------

EDIF Netlist Writer                       = off
Verilog Netlist Writer                    = off
VHDL Netlist Writer                       = off

Compilation Times
-----------------

   Compiler Netlist Extractor             00:00:00
   Database Builder                       00:00:00
   Logic Synthesizer                      00:00:00
   Partitioner                            00:00:00
   Fitter                                 00:00:00
   Timing SNF Extractor                   00:00:00
   Assembler                              00:00:00
   --------------------------             --------
   Total Time                             00:00:00


Memory Allocated
-----------------

Peak memory allocated during compilation  = 2,704K
