Project Information                                     z:\lab15\lab15_5_3.rpt

MAX+plus II Compiler Report File
Version 9.01 07/30/98
Compiled: 11/26/20 18:50:44

Copyright (C) 1988-1998 Altera Corporation
Any megafunction design, and related net list (encrypted or decrypted),
support information, device programming or simulation file, and any other
associated documentation or information provided by Altera or a partner
under Altera's Megafunction Partnership Program may be used only to
program PLD devices (but not masked PLD devices) from Altera.  Any other
use of such megafunction design, net list, support information, device
programming or simulation file, or any other related documentation or
information is prohibited for any other purpose, including, but not
limited to modification, reverse engineering, de-compiling, or use with
any other silicon devices, unless such use is explicitly licensed under
a separate agreement with Altera or a megafunction partner.  Title to
the intellectual property, including patents, copyrights, trademarks,
trade secrets, or maskworks, embodied in any such megafunction design,
net list, support information, device programming or simulation file, or
any other related documentation or information provided by Altera or a
megafunction partner, remains with Altera, the megafunction partner, or
their respective licensors.  No other licenses, including any licenses
needed under any third party's intellectual property, are provided herein.



***** Project compilation was successful


LAB15_5_3


** DEVICE SUMMARY **

Chip/                     Input   Output   Bidir         Shareable
POF       Device          Pins    Pins     Pins     LCs  Expanders  % Utilized

lab15_5_3
      EPM7032LC44-6        18       9        0      9       0           28 %

User Pins:                 18       9        0  



Device-Specific Information:                            z:\lab15\lab15_5_3.rpt
lab15_5_3

***** Logic for device 'lab15_5_3' compiled without errors.




Device: EPM7032LC44-6

Device Options:
    Turbo Bit                                    = ON
    Security Bit                                 = OFF

                                               
                                               
                                               
                                               
                                               
                       V  G  G  G  G  G  e  e  
              x  x     C  N  N  N  N  N  r  r  
              5  6  d  C  D  D  D  D  D  7  6  
            -----------------------------------_ 
          /   6  5  4  3  2  1 44 43 42 41 40   | 
      x4 |  7                                39 | output7 
      x3 |  8                                38 | output8 
      x2 |  9                                37 | output0 
     GND | 10                                36 | output6 
      x1 | 11                                35 | VCC 
      x0 | 12         EPM7032LC44-6          34 | output4 
      x7 | 13                                33 | output5 
     er8 | 14                                32 | output1 
     VCC | 15                                31 | output2 
     er4 | 16                                30 | GND 
     er0 | 17                                29 | output3 
         |_  18 19 20 21 22 23 24 25 26 27 28  _| 
           ------------------------------------ 
              e  e  e  e  G  V  R  R  R  R  R  
              r  r  r  r  N  C  E  E  E  E  E  
              1  2  3  5  D  C  S  S  S  S  S  
                                E  E  E  E  E  
                                R  R  R  R  R  
                                V  V  V  V  V  
                                E  E  E  E  E  
                                D  D  D  D  D  


N.C. = Not Connected.
VCC = Dedicated power pin, which MUST be connected to VCC.
GND = Dedicated ground pin or unused dedicated input, which MUST be connected to GND.
RESERVED = Unused I/O pin, which MUST be left unconnected.



Device-Specific Information:                            z:\lab15\lab15_5_3.rpt
lab15_5_3

** RESOURCE USAGE **

                                                Shareable     External
Logic Array Block     Logic Cells   I/O Pins    Expanders   Interconnect

A:     LC1 - LC16     0/16(  0%)  16/16(100%)   0/16(  0%)   0/36(  0%) 
B:    LC17 - LC32     9/16( 56%)  11/16( 68%)   0/16(  0%)  18/36( 50%) 


Total dedicated input pins used:                 0/4      (  0%)
Total I/O pins used:                            27/32     ( 84%)
Total logic cells used:                          9/32     ( 28%)
Total shareable expanders used:                  0/32     (  0%)
Total Turbo logic cells used:                    9/32     ( 28%)
Total shareable expanders not available (n/a):   0/32     (  0%)
Average fan-in:                                  2.00
Total fan-in:                                    18

Total input pins required:                      18
Total output pins required:                      9
Total bidirectional pins required:               0
Total logic cells required:                      9
Total flipflops required:                        0
Total product terms required:                   18
Total logic cells lending parallel expanders:    0
Total shareable expanders in database:           0

Synthesized logic cells:                         0/  32   (  0%)



Device-Specific Information:                            z:\lab15\lab15_5_3.rpt
lab15_5_3

** INPUTS **

                                         Shareable
                                         Expanders     Fan-In    Fan-Out
 Pin     LC  LAB  Primitive    Code   Total Shared n/a INP  FBK  OUT  FBK  Name
   4    (1)  (A)      INPUT               0      0   0    0    0    1    0  d
  17   (12)  (A)      INPUT               0      0   0    0    0    1    0  er0
  18   (13)  (A)      INPUT               0      0   0    0    0    1    0  er1
  19   (14)  (A)      INPUT               0      0   0    0    0    1    0  er2
  20   (15)  (A)      INPUT               0      0   0    0    0    1    0  er3
  16   (11)  (A)      INPUT               0      0   0    0    0    1    0  er4
  21   (16)  (A)      INPUT               0      0   0    0    0    1    0  er5
  40   (18)  (B)      INPUT               0      0   0    0    0    1    0  er6
  41   (17)  (B)      INPUT               0      0   0    0    0    1    0  er7
  14   (10)  (A)      INPUT               0      0   0    0    0    1    0  er8
  12    (8)  (A)      INPUT               0      0   0    0    0    1    0  x0
  11    (7)  (A)      INPUT               0      0   0    0    0    1    0  x1
   9    (6)  (A)      INPUT               0      0   0    0    0    1    0  x2
   8    (5)  (A)      INPUT               0      0   0    0    0    1    0  x3
   7    (4)  (A)      INPUT               0      0   0    0    0    1    0  x4
   6    (3)  (A)      INPUT               0      0   0    0    0    1    0  x5
   5    (2)  (A)      INPUT               0      0   0    0    0    1    0  x6
  13    (9)  (A)      INPUT               0      0   0    0    0    1    0  x7


Code:

s = Synthesized pin or logic cell
t = Turbo logic cell
+ = Synchronous flipflop
! = NOT gate push-back
r = Fitter-inserted logic cell


Device-Specific Information:                            z:\lab15\lab15_5_3.rpt
lab15_5_3

** OUTPUTS **

                                         Shareable
                                         Expanders     Fan-In    Fan-Out
 Pin     LC  LAB  Primitive    Code   Total Shared n/a INP  FBK  OUT  FBK  Name
  37     21    B     OUTPUT      t        0      0   0    2    0    0    0  output0
  32     25    B     OUTPUT      t        0      0   0    2    0    0    0  output1
  31     26    B     OUTPUT      t        0      0   0    2    0    0    0  output2
  29     27    B     OUTPUT      t        0      0   0    2    0    0    0  output3
  34     23    B     OUTPUT      t        0      0   0    2    0    0    0  output4
  33     24    B     OUTPUT      t        0      0   0    2    0    0    0  output5
  36     22    B     OUTPUT      t        0      0   0    2    0    0    0  output6
  39     19    B     OUTPUT      t        0      0   0    2    0    0    0  output7
  38     20    B     OUTPUT      t        0      0   0    2    0    0    0  output8


Code:

s = Synthesized pin or logic cell
t = Turbo logic cell
+ = Synchronous flipflop
! = NOT gate push-back
r = Fitter-inserted logic cell


Device-Specific Information:                            z:\lab15\lab15_5_3.rpt
lab15_5_3

** LOGIC CELL INTERCONNECTIONS **

Logic Array Block 'B':

                           Logic cells placed in LAB 'B'
        +----------------- LC21 output0
        | +--------------- LC25 output1
        | | +------------- LC26 output2
        | | | +----------- LC27 output3
        | | | | +--------- LC23 output4
        | | | | | +------- LC24 output5
        | | | | | | +----- LC22 output6
        | | | | | | | +--- LC19 output7
        | | | | | | | | +- LC20 output8
        | | | | | | | | | 
        | | | | | | | | |   Other LABs fed by signals
        | | | | | | | | |   that feed LAB 'B'
LC      | | | | | | | | | | A B |     Logic cells that feed LAB 'B':

Pin
4    -> - - - - - - - - * | - * | <-- d
17   -> * - - - - - - - - | - * | <-- er0
18   -> - * - - - - - - - | - * | <-- er1
19   -> - - * - - - - - - | - * | <-- er2
20   -> - - - * - - - - - | - * | <-- er3
16   -> - - - - * - - - - | - * | <-- er4
21   -> - - - - - * - - - | - * | <-- er5
40   -> - - - - - - * - - | - * | <-- er6
41   -> - - - - - - - * - | - * | <-- er7
14   -> - - - - - - - - * | - * | <-- er8
12   -> * - - - - - - - - | - * | <-- x0
11   -> - * - - - - - - - | - * | <-- x1
9    -> - - * - - - - - - | - * | <-- x2
8    -> - - - * - - - - - | - * | <-- x3
7    -> - - - - * - - - - | - * | <-- x4
6    -> - - - - - * - - - | - * | <-- x5
5    -> - - - - - - * - - | - * | <-- x6
13   -> - - - - - - - * - | - * | <-- x7


* = The logic cell or pin is an input to the logic cell (or LAB) through the PIA.
- = The logic cell or pin is not an input to the logic cell (or LAB).


Device-Specific Information:                            z:\lab15\lab15_5_3.rpt
lab15_5_3

** EQUATIONS **

d        : INPUT;
er0      : INPUT;
er1      : INPUT;
er2      : INPUT;
er3      : INPUT;
er4      : INPUT;
er5      : INPUT;
er6      : INPUT;
er7      : INPUT;
er8      : INPUT;
x0       : INPUT;
x1       : INPUT;
x2       : INPUT;
x3       : INPUT;
x4       : INPUT;
x5       : INPUT;
x6       : INPUT;
x7       : INPUT;

-- Node name is 'output0' 
-- Equation name is 'output0', location is LC021, type is output.
 output0 = LCELL( x0 $  er0);

-- Node name is 'output1' 
-- Equation name is 'output1', location is LC025, type is output.
 output1 = LCELL( x1 $  er1);

-- Node name is 'output2' 
-- Equation name is 'output2', location is LC026, type is output.
 output2 = LCELL( x2 $  er2);

-- Node name is 'output3' 
-- Equation name is 'output3', location is LC027, type is output.
 output3 = LCELL( x3 $  er3);

-- Node name is 'output4' 
-- Equation name is 'output4', location is LC023, type is output.
 output4 = LCELL( x4 $  er4);

-- Node name is 'output5' 
-- Equation name is 'output5', location is LC024, type is output.
 output5 = LCELL( x5 $  er5);

-- Node name is 'output6' 
-- Equation name is 'output6', location is LC022, type is output.
 output6 = LCELL( x6 $  er6);

-- Node name is 'output7' 
-- Equation name is 'output7', location is LC019, type is output.
 output7 = LCELL( x7 $  er7);

-- Node name is 'output8' 
-- Equation name is 'output8', location is LC020, type is output.
 output8 = LCELL( d $  er8);



--     Shareable expanders that are duplicated in multiple LABs:
--     (none)




Project Information                                     z:\lab15\lab15_5_3.rpt

** COMPILATION SETTINGS & TIMES **

Processing Menu Commands
------------------------

Design Doctor                             = off

Logic Synthesis:

   Synthesis Type Used                    = Standard

   Default Synthesis Style                = NORMAL

      Logic option settings in 'NORMAL' style for 'MAX7000' family

      DECOMPOSE_GATES                     = on
      DUPLICATE_LOGIC_EXTRACTION          = on
      MINIMIZATION                        = full
      MULTI_LEVEL_FACTORING               = on
      NOT_GATE_PUSH_BACK                  = on
      PARALLEL_EXPANDERS                  = off
      REDUCE_LOGIC                        = on
      REFACTORIZATION                     = on
      REGISTER_OPTIMIZATION               = on
      RESYNTHESIZE_NETWORK                = on
      SLOW_SLEW_RATE                      = off
      SOFT_BUFFER_INSERTION               = on
      SUBFACTOR_EXTRACTION                = on
      TURBO_BIT                           = on
      XOR_SYNTHESIS                       = on
      IGNORE_SOFT_BUFFERS                 = off
      USE_LPM_FOR_AHDL_OPERATORS          = off

   Other logic synthesis settings:

      Automatic Global Clock              = on
      Automatic Global Clear              = on
      Automatic Global Preset             = on
      Automatic Global Output Enable      = on
      Automatic Fast I/O                  = off
      Automatic Register Packing          = off
      Automatic Open-Drain Pins           = on
      Automatic Implement in EAB          = off
      One-Hot State Machine Encoding      = off
      Optimize                            = 5

Default Timing Specifications: None

Cut All Bidir Feedback Timing Paths       = on
Cut All Clear & Preset Timing Paths       = on

Ignore Timing Assignments                 = off

Functional SNF Extractor                  = off

Linked SNF Extractor                      = off
Timing SNF Extractor                      = on
Optimize Timing SNF                       = off
Generate AHDL TDO File                    = off
Fitter Settings                           = NORMAL
Smart Recompile                           = off
Total Recompile                           = off

Interfaces Menu Commands
------------------------

EDIF Netlist Writer                       = off
Verilog Netlist Writer                    = off
VHDL Netlist Writer                       = off

Compilation Times
-----------------

   Compiler Netlist Extractor             00:00:00
   Database Builder                       00:00:00
   Logic Synthesizer                      00:00:00
   Partitioner                            00:00:01
   Fitter                                 00:00:00
   Timing SNF Extractor                   00:00:00
   Assembler                              00:00:00
   --------------------------             --------
   Total Time                             00:00:01


Memory Allocated
-----------------

Peak memory allocated during compilation  = 4,136K
