Project Information                                       z:\lab15\lab15_5.rpt

MAX+plus II Compiler Report File
Version 9.01 07/30/98
Compiled: 11/25/20 21:54:32

Copyright (C) 1988-1998 Altera Corporation
Any megafunction design, and related net list (encrypted or decrypted),
support information, device programming or simulation file, and any other
associated documentation or information provided by Altera or a partner
under Altera's Megafunction Partnership Program may be used only to
program PLD devices (but not masked PLD devices) from Altera.  Any other
use of such megafunction design, net list, support information, device
programming or simulation file, or any other related documentation or
information is prohibited for any other purpose, including, but not
limited to modification, reverse engineering, de-compiling, or use with
any other silicon devices, unless such use is explicitly licensed under
a separate agreement with Altera or a megafunction partner.  Title to
the intellectual property, including patents, copyrights, trademarks,
trade secrets, or maskworks, embodied in any such megafunction design,
net list, support information, device programming or simulation file, or
any other related documentation or information provided by Altera or a
megafunction partner, remains with Altera, the megafunction partner, or
their respective licensors.  No other licenses, including any licenses
needed under any third party's intellectual property, are provided herein.



***** Project compilation was successful


LAB15_5


** DEVICE SUMMARY **

Chip/                     Input   Output   Bidir         Shareable
POF       Device          Pins    Pins     Pins     LCs  Expanders  % Utilized

lab15_5   EPM7032LC44-6    9        0        2      7       12          21 %

User Pins:                 9        0        2  



Device-Specific Information:                              z:\lab15\lab15_5.rpt
lab15_5

***** Logic for device 'lab15_5' compiled without errors.




Device: EPM7032LC44-6

Device Options:
    Turbo Bit                                    = ON
    Security Bit                                 = OFF

                                               
                                               
                                               
                                               
                                         e     
                       V  G  G  G  G  G  v  o  
              X  X     C  N  N  N  N  N  e  d  
              6  7  d  C  D  D  D  D  D  n  d  
            -----------------------------------_ 
          /   6  5  4  3  2  1 44 43 42 41 40   | 
      X5 |  7                                39 | RESERVED 
      X4 |  8                                38 | RESERVED 
      X3 |  9                                37 | RESERVED 
     GND | 10                                36 | RESERVED 
      X2 | 11                                35 | VCC 
      X1 | 12         EPM7032LC44-6          34 | RESERVED 
      X0 | 13                                33 | RESERVED 
RESERVED | 14                                32 | RESERVED 
     VCC | 15                                31 | RESERVED 
RESERVED | 16                                30 | GND 
RESERVED | 17                                29 | RESERVED 
         |_  18 19 20 21 22 23 24 25 26 27 28  _| 
           ------------------------------------ 
              R  R  R  R  G  V  R  R  R  R  R  
              E  E  E  E  N  C  E  E  E  E  E  
              S  S  S  S  D  C  S  S  S  S  S  
              E  E  E  E        E  E  E  E  E  
              R  R  R  R        R  R  R  R  R  
              V  V  V  V        V  V  V  V  V  
              E  E  E  E        E  E  E  E  E  
              D  D  D  D        D  D  D  D  D  


N.C. = Not Connected.
VCC = Dedicated power pin, which MUST be connected to VCC.
GND = Dedicated ground pin or unused dedicated input, which MUST be connected to GND.
RESERVED = Unused I/O pin, which MUST be left unconnected.



Device-Specific Information:                              z:\lab15\lab15_5.rpt
lab15_5

** RESOURCE USAGE **

                                                Shareable     External
Logic Array Block     Logic Cells   I/O Pins    Expanders   Interconnect

A:     LC1 - LC16     0/16(  0%)   9/16( 56%)   0/16(  0%)   0/36(  0%) 
B:    LC17 - LC32     7/16( 43%)   2/16( 12%)  16/16(100%)  15/36( 41%) 


Total dedicated input pins used:                 0/4      (  0%)
Total I/O pins used:                            11/32     ( 34%)
Total logic cells used:                          7/32     ( 21%)
Total shareable expanders used:                 12/32     ( 37%)
Total Turbo logic cells used:                    7/32     ( 21%)
Total shareable expanders not available (n/a):   4/32     ( 12%)
Average fan-in:                                  5.57
Total fan-in:                                    39

Total input pins required:                       9
Total output pins required:                      0
Total bidirectional pins required:               2
Total logic cells required:                      7
Total flipflops required:                        0
Total product terms required:                   38
Total logic cells lending parallel expanders:    0
Total shareable expanders in database:          12

Synthesized logic cells:                         5/  32   ( 15%)



Device-Specific Information:                              z:\lab15\lab15_5.rpt
lab15_5

** INPUTS **

                                         Shareable
                                         Expanders     Fan-In    Fan-Out
 Pin     LC  LAB  Primitive    Code   Total Shared n/a INP  FBK  OUT  FBK  Name
   4    (1)  (A)      INPUT               0      0   0    0    0    1    0  d
  41     17    B      BIDIR               0      0   0    2    1    1    0  even
  40     18    B      BIDIR               0      0   0    0    1    0    0  odd
  13    (9)  (A)      INPUT               0      0   0    0    0    0    1  X0
  12    (8)  (A)      INPUT               0      0   0    0    0    0    5  X1
  11    (7)  (A)      INPUT               0      0   0    0    0    0    5  X2
   9    (6)  (A)      INPUT               0      0   0    0    0    0    5  X3
   8    (5)  (A)      INPUT               0      0   0    0    0    0    5  X4
   7    (4)  (A)      INPUT               0      0   0    0    0    0    5  X5
   6    (3)  (A)      INPUT               0      0   0    0    0    0    5  X6
   5    (2)  (A)      INPUT               0      0   0    0    0    1    0  X7


Code:

s = Synthesized pin or logic cell
t = Turbo logic cell
+ = Synchronous flipflop
! = NOT gate push-back
r = Fitter-inserted logic cell


Device-Specific Information:                              z:\lab15\lab15_5.rpt
lab15_5

** OUTPUTS **

                                         Shareable
                                         Expanders     Fan-In    Fan-Out
 Pin     LC  LAB  Primitive    Code   Total Shared n/a INP  FBK  OUT  FBK  Name
  41     17    B        TRI      t        0      0   0    2    1    1    0  even
  40     18    B        TRI      t        0      0   0    0    1    0    0  odd


Code:

s = Synthesized pin or logic cell
t = Turbo logic cell
+ = Synchronous flipflop
! = NOT gate push-back
r = Fitter-inserted logic cell


Device-Specific Information:                              z:\lab15\lab15_5.rpt
lab15_5

** BURIED LOGIC **

                                         Shareable
                                         Expanders     Fan-In    Fan-Out
 Pin     LC  LAB  Primitive    Code   Total Shared n/a INP  FBK  OUT  FBK  Name
 (39)    19    B       SOFT    s t       12      0   0    7    4    1    0  ~160~1
 (38)    20    B       SOFT    s t        1      0   1    6    0    0    1  ~160~2
 (37)    21    B       SOFT    s t        1      0   1    6    0    0    1  ~160~3
 (36)    22    B       SOFT    s t        1      0   1    6    0    0    1  ~160~4
 (34)    23    B       SOFT    s t        1      0   1    6    0    0    1  ~160~5


Code:

s = Synthesized pin or logic cell
t = Turbo logic cell
+ = Synchronous flipflop
! = NOT gate push-back
r = Fitter-inserted logic cell


Device-Specific Information:                              z:\lab15\lab15_5.rpt
lab15_5

** LOGIC CELL INTERCONNECTIONS **

Logic Array Block 'B':

                       Logic cells placed in LAB 'B'
        +------------- LC17 even
        | +----------- LC18 odd
        | | +--------- LC19 ~160~1
        | | | +------- LC20 ~160~2
        | | | | +----- LC21 ~160~3
        | | | | | +--- LC22 ~160~4
        | | | | | | +- LC23 ~160~5
        | | | | | | | 
        | | | | | | |   Other LABs fed by signals
        | | | | | | |   that feed LAB 'B'
LC      | | | | | | | | A B |     Logic cells that feed LAB 'B':
LC17 -> - * - - - - - | - * | <-- even
LC19 -> * - - - - - - | - * | <-- ~160~1
LC20 -> - - * - - - - | - * | <-- ~160~2
LC21 -> - - * - - - - | - * | <-- ~160~3
LC22 -> - - * - - - - | - * | <-- ~160~4
LC23 -> - - * - - - - | - * | <-- ~160~5

Pin
4    -> * - - - - - - | - * | <-- d
13   -> - - * - - - - | - * | <-- X0
12   -> - - * * * * * | - * | <-- X1
11   -> - - * * * * * | - * | <-- X2
9    -> - - * * * * * | - * | <-- X3
8    -> - - * * * * * | - * | <-- X4
7    -> - - * * * * * | - * | <-- X5
6    -> - - * * * * * | - * | <-- X6
5    -> * - - - - - - | - * | <-- X7


* = The logic cell or pin is an input to the logic cell (or LAB) through the PIA.
- = The logic cell or pin is not an input to the logic cell (or LAB).


Device-Specific Information:                              z:\lab15\lab15_5.rpt
lab15_5

** EQUATIONS **

d        : INPUT;
X0       : INPUT;
X1       : INPUT;
X2       : INPUT;
X3       : INPUT;
X4       : INPUT;
X5       : INPUT;
X6       : INPUT;
X7       : INPUT;

-- Node name is 'even' 
-- Equation name is 'even', location is LC017, type is bidir.
even     = TRI(_LC017,  VCC);
_LC017   = LCELL( _EQ001 $  d);
  _EQ001 =  _LC019 & !X7
         # !_LC019 &  X7;

-- Node name is 'odd' 
-- Equation name is 'odd', location is LC018, type is bidir.
odd      = TRI(_LC018,  VCC);
_LC018   = LCELL(!even $  GND);

-- Node name is '~160~1' 
-- Equation name is '~160~1', location is LC019, type is buried.
-- synthesized logic cell 
_LC019   = LCELL( _EQ002 $ !X0);
  _EQ002 = !_LC020 & !_LC021 & !_LC022 & !_LC023 &  _X001 &  _X002 &  _X003 & 
              _X004 &  _X005 &  _X006 &  _X007 &  _X008 &  _X009 &  _X010 & 
              _X011 &  _X012;
  _X001  = EXP(!X1 & !X2 & !X3 & !X4 & !X5 &  X6);
  _X002  = EXP(!X1 & !X2 &  X3 &  X4 & !X5 &  X6);
  _X003  = EXP(!X1 &  X2 & !X3 &  X4 & !X5 &  X6);
  _X004  = EXP(!X1 & !X2 & !X3 & !X4 &  X5 & !X6);
  _X005  = EXP(!X1 & !X2 & !X3 &  X4 & !X5 & !X6);
  _X006  = EXP(!X1 & !X2 &  X3 & !X4 & !X5 & !X6);
  _X007  = EXP(!X1 &  X2 & !X3 & !X4 & !X5 & !X6);
  _X008  = EXP( X1 & !X2 & !X3 & !X4 & !X5 & !X6);
  _X009  = EXP(!X1 & !X2 & !X3 &  X4 &  X5 &  X6);
  _X010  = EXP(!X1 & !X2 &  X3 & !X4 &  X5 &  X6);
  _X011  = EXP(!X1 &  X2 & !X3 & !X4 &  X5 &  X6);
  _X012  = EXP(!X1 & !X2 &  X3 &  X4 &  X5 & !X6);

-- Node name is '~160~2' 
-- Equation name is '~160~2', location is LC020, type is buried.
-- synthesized logic cell 
_LC020   = LCELL( _EQ003 $  GND);
  _EQ003 =  X1 &  X2 &  X3 &  X4 &  X5 & !X6
         #  X1 &  X2 &  X3 &  X4 & !X5 &  X6
         #  X1 &  X2 &  X3 & !X4 &  X5 &  X6
         #  X1 &  X2 & !X3 &  X4 &  X5 &  X6
         #  X1 & !X2 &  X3 &  X4 &  X5 &  X6;

-- Node name is '~160~3' 
-- Equation name is '~160~3', location is LC021, type is buried.
-- synthesized logic cell 
_LC021   = LCELL( _EQ004 $  GND);
  _EQ004 = !X1 &  X2 &  X3 &  X4 &  X5 &  X6
         #  X1 &  X2 &  X3 & !X4 & !X5 & !X6
         #  X1 &  X2 & !X3 &  X4 & !X5 & !X6
         #  X1 &  X2 & !X3 & !X4 &  X5 & !X6
         #  X1 & !X2 &  X3 &  X4 & !X5 & !X6;

-- Node name is '~160~4' 
-- Equation name is '~160~4', location is LC022, type is buried.
-- synthesized logic cell 
_LC022   = LCELL( _EQ005 $  GND);
  _EQ005 =  X1 & !X2 &  X3 & !X4 &  X5 & !X6
         #  X1 & !X2 & !X3 &  X4 &  X5 & !X6
         #  X1 &  X2 & !X3 & !X4 & !X5 &  X6
         #  X1 & !X2 &  X3 & !X4 & !X5 &  X6
         #  X1 & !X2 & !X3 &  X4 & !X5 &  X6;

-- Node name is '~160~5' 
-- Equation name is '~160~5', location is LC023, type is buried.
-- synthesized logic cell 
_LC023   = LCELL( _EQ006 $  GND);
  _EQ006 =  X1 & !X2 & !X3 & !X4 &  X5 &  X6
         # !X1 &  X2 &  X3 &  X4 & !X5 & !X6
         # !X1 &  X2 &  X3 & !X4 &  X5 & !X6
         # !X1 &  X2 & !X3 &  X4 &  X5 & !X6
         # !X1 &  X2 &  X3 & !X4 & !X5 &  X6;



--     Shareable expanders that are duplicated in multiple LABs:
--     (none)




Project Information                                       z:\lab15\lab15_5.rpt

** COMPILATION SETTINGS & TIMES **

Processing Menu Commands
------------------------

Design Doctor                             = off

Logic Synthesis:

   Synthesis Type Used                    = Standard

   Default Synthesis Style                = NORMAL

      Logic option settings in 'NORMAL' style for 'MAX7000' family

      DECOMPOSE_GATES                     = on
      DUPLICATE_LOGIC_EXTRACTION          = on
      MINIMIZATION                        = full
      MULTI_LEVEL_FACTORING               = on
      NOT_GATE_PUSH_BACK                  = on
      PARALLEL_EXPANDERS                  = off
      REDUCE_LOGIC                        = on
      REFACTORIZATION                     = on
      REGISTER_OPTIMIZATION               = on
      RESYNTHESIZE_NETWORK                = on
      SLOW_SLEW_RATE                      = off
      SOFT_BUFFER_INSERTION               = on
      SUBFACTOR_EXTRACTION                = on
      TURBO_BIT                           = on
      XOR_SYNTHESIS                       = on
      IGNORE_SOFT_BUFFERS                 = off
      USE_LPM_FOR_AHDL_OPERATORS          = off

   Other logic synthesis settings:

      Automatic Global Clock              = on
      Automatic Global Clear              = on
      Automatic Global Preset             = on
      Automatic Global Output Enable      = on
      Automatic Fast I/O                  = off
      Automatic Register Packing          = off
      Automatic Open-Drain Pins           = on
      Automatic Implement in EAB          = off
      One-Hot State Machine Encoding      = off
      Optimize                            = 5

Default Timing Specifications: None

Cut All Bidir Feedback Timing Paths       = on
Cut All Clear & Preset Timing Paths       = on

Ignore Timing Assignments                 = off

Functional SNF Extractor                  = off

Linked SNF Extractor                      = off
Timing SNF Extractor                      = on
Optimize Timing SNF                       = off
Generate AHDL TDO File                    = off
Fitter Settings                           = NORMAL
Smart Recompile                           = off
Total Recompile                           = off

Interfaces Menu Commands
------------------------

EDIF Netlist Writer                       = off
Verilog Netlist Writer                    = off
VHDL Netlist Writer                       = off

Compilation Times
-----------------

   Compiler Netlist Extractor             00:00:00
   Database Builder                       00:00:00
   Logic Synthesizer                      00:00:00
   Partitioner                            00:00:00
   Fitter                                 00:00:01
   Timing SNF Extractor                   00:00:00
   Assembler                              00:00:00
   --------------------------             --------
   Total Time                             00:00:01


Memory Allocated
-----------------

Peak memory allocated during compilation  = 3,784K
