Project Information                                     z:\lab15\lab15_5_2.rpt

MAX+plus II Compiler Report File
Version 9.01 07/30/98
Compiled: 11/26/20 01:32:10

Copyright (C) 1988-1998 Altera Corporation
Any megafunction design, and related net list (encrypted or decrypted),
support information, device programming or simulation file, and any other
associated documentation or information provided by Altera or a partner
under Altera's Megafunction Partnership Program may be used only to
program PLD devices (but not masked PLD devices) from Altera.  Any other
use of such megafunction design, net list, support information, device
programming or simulation file, or any other related documentation or
information is prohibited for any other purpose, including, but not
limited to modification, reverse engineering, de-compiling, or use with
any other silicon devices, unless such use is explicitly licensed under
a separate agreement with Altera or a megafunction partner.  Title to
the intellectual property, including patents, copyrights, trademarks,
trade secrets, or maskworks, embodied in any such megafunction design,
net list, support information, device programming or simulation file, or
any other related documentation or information provided by Altera or a
megafunction partner, remains with Altera, the megafunction partner, or
their respective licensors.  No other licenses, including any licenses
needed under any third party's intellectual property, are provided herein.



***** Project compilation was successful


LAB15_5_2


** DEVICE SUMMARY **

Chip/                     Input   Output   Bidir         Shareable
POF       Device          Pins    Pins     Pins     LCs  Expanders  % Utilized

lab15_5_2
      EPM7032LC44-6        17       0        2      27      7           84 %

User Pins:                 17       0        2  



Project Information                                     z:\lab15\lab15_5_2.rpt

** FILE HIERARCHY **



|lab15_5:c1|
|lab15_5_3:d1|
|lab15_5:c2|


Device-Specific Information:                            z:\lab15\lab15_5_2.rpt
lab15_5_2

***** Logic for device 'lab15_5_2' compiled without errors.




Device: EPM7032LC44-6

Device Options:
    Turbo Bit                                    = ON
    Security Bit                                 = OFF

                                               
                                               
                                               
                                               
                    e                          
                    v  V  G  G  G  G  G  e  e  
              X  X  e  C  N  N  N  N  N  r  r  
              5  6  n  C  D  D  D  D  D  2  1  
            -----------------------------------_ 
          /   6  5  4  3  2  1 44 43 42 41 40   | 
      X4 |  7                                39 | er0 
      X3 |  8                                38 | RESERVED 
      X2 |  9                                37 | RESERVED 
     GND | 10                                36 | RESERVED 
     odd | 11                                35 | VCC 
      X1 | 12         EPM7032LC44-6          34 | RESERVED 
      X0 | 13                                33 | RESERVED 
      X7 | 14                                32 | RESERVED 
     VCC | 15                                31 | RESERVED 
     er8 | 16                                30 | GND 
     er7 | 17                                29 | RESERVED 
         |_  18 19 20 21 22 23 24 25 26 27 28  _| 
           ------------------------------------ 
              e  e  e  e  G  V  R  R  R  R  R  
              r  r  r  r  N  C  E  E  E  E  E  
              6  5  4  3  D  C  S  S  S  S  S  
                                E  E  E  E  E  
                                R  R  R  R  R  
                                V  V  V  V  V  
                                E  E  E  E  E  
                                D  D  D  D  D  


N.C. = Not Connected.
VCC = Dedicated power pin, which MUST be connected to VCC.
GND = Dedicated ground pin or unused dedicated input, which MUST be connected to GND.
RESERVED = Unused I/O pin, which MUST be left unconnected.



Device-Specific Information:                            z:\lab15\lab15_5_2.rpt
lab15_5_2

** RESOURCE USAGE **

                                                Shareable     External
Logic Array Block     Logic Cells   I/O Pins    Expanders   Interconnect

A:     LC1 - LC16    11/16( 68%)  16/16(100%)  14/16( 87%)  23/36( 63%) 
B:    LC17 - LC32    16/16(100%)   3/16( 18%)  13/16( 81%)  25/36( 69%) 


Total dedicated input pins used:                 0/4      (  0%)
Total I/O pins used:                            19/32     ( 59%)
Total logic cells used:                         27/32     ( 84%)
Total shareable expanders used:                  7/32     ( 21%)
Total Turbo logic cells used:                   27/32     ( 84%)
Total shareable expanders not available (n/a):  20/32     ( 62%)
Average fan-in:                                  6.48
Total fan-in:                                   175

Total input pins required:                      17
Total output pins required:                      0
Total bidirectional pins required:               2
Total logic cells required:                     27
Total flipflops required:                        0
Total product terms required:                  124
Total logic cells lending parallel expanders:    0
Total shareable expanders in database:           7

Synthesized logic cells:                        24/  32   ( 75%)



Device-Specific Information:                            z:\lab15\lab15_5_2.rpt
lab15_5_2

** INPUTS **

                                         Shareable
                                         Expanders     Fan-In    Fan-Out
 Pin     LC  LAB  Primitive    Code   Total Shared n/a INP  FBK  OUT  FBK  Name
  39   (19)  (B)      INPUT               0      0   0    0    0    0    1  er0
  40   (18)  (B)      INPUT               0      0   0    0    0    0    1  er1
  41   (17)  (B)      INPUT               0      0   0    0    0    0    2  er2
  21   (16)  (A)      INPUT               0      0   0    0    0    0    2  er3
  20   (15)  (A)      INPUT               0      0   0    0    0    0    7  er4
  19   (14)  (A)      INPUT               0      0   0    0    0    0    7  er5
  18   (13)  (A)      INPUT               0      0   0    0    0    0    7  er6
  17   (12)  (A)      INPUT               0      0   0    0    0    0    1  er7
  16   (11)  (A)      INPUT               0      0   0    0    0    1    0  er8
   4      1    A      BIDIR               2      0   0    1    2    1    0  even
  11      7    A      BIDIR               0      0   0    0    1    0    0  odd
  13    (9)  (A)      INPUT               0      0   0    0    0    0    2  X0
  12    (8)  (A)      INPUT               0      0   0    0    0    0   14  X1
   9    (6)  (A)      INPUT               0      0   0    0    0    0   15  X2
   8    (5)  (A)      INPUT               0      0   0    0    0    0   15  X3
   7    (4)  (A)      INPUT               0      0   0    0    0    0   20  X4
   6    (3)  (A)      INPUT               0      0   0    0    0    0   20  X5
   5    (2)  (A)      INPUT               0      0   0    0    0    0   20  X6
  14   (10)  (A)      INPUT               0      0   0    0    0    0   14  X7


Code:

s = Synthesized pin or logic cell
t = Turbo logic cell
+ = Synchronous flipflop
! = NOT gate push-back
r = Fitter-inserted logic cell


Device-Specific Information:                            z:\lab15\lab15_5_2.rpt
lab15_5_2

** OUTPUTS **

                                         Shareable
                                         Expanders     Fan-In    Fan-Out
 Pin     LC  LAB  Primitive    Code   Total Shared n/a INP  FBK  OUT  FBK  Name
   4      1    A        TRI      t        2      0   0    1    2    1    0  even
  11      7    A        TRI      t        0      0   0    0    1    0    0  odd


Code:

s = Synthesized pin or logic cell
t = Turbo logic cell
+ = Synchronous flipflop
! = NOT gate push-back
r = Fitter-inserted logic cell


Device-Specific Information:                            z:\lab15\lab15_5_2.rpt
lab15_5_2

** BURIED LOGIC **

                                         Shareable
                                         Expanders     Fan-In    Fan-Out
 Pin     LC  LAB  Primitive    Code   Total Shared n/a INP  FBK  OUT  FBK  Name
 (38)    20    B       SOFT    s t        1      0   1    7    0    0    1  |lab15_5:c1|~173~1
 (33)    24    B       SOFT    s t        1      0   1    7    0    0    1  |lab15_5:c1|~173~2
 (32)    25    B       SOFT    s t        1      0   1    7    0    0    1  |lab15_5:c1|~173~3
 (29)    27    B       SOFT    s t        1      0   1    7    0    0    1  |lab15_5:c1|~173~4
 (26)    30    B       SOFT    s t        1      0   1    7    0    0    1  |lab15_5:c1|~173~5
 (25)    31    B       SOFT    s t        1      0   1    7    0    0    1  |lab15_5:c1|~173~6
 (24)    32    B       SOFT    s t        1      0   1    7    0    0    1  |lab15_5:c1|~173~7
 (41)    17    B       SOFT    s t        1      0   1    7    0    0    1  |lab15_5:c1|~173~8
 (40)    18    B       SOFT    s t        1      0   1    7    0    0    1  |lab15_5:c1|~173~9
 (39)    19    B       SOFT    s t        1      0   1    7    0    0    1  |lab15_5:c1|~173~10
 (37)    21    B       SOFT    s t        1      0   1    7    0    0    1  |lab15_5:c1|~173~11
 (28)    28    B       SOFT    s t        1      0   1    7    0    0    1  |lab15_5:c1|~173~12
 (36)    22    B       SOFT    s t        0      0   0    7    0    0    1  |lab15_5:c1|~173~13
 (34)    23    B       SOFT      t        0      0   0    1   13    1    0  |lab15_5:c1|:175
 (31)    26    B       SOFT    s t        1      0   1    4    0    0    1  |lab15_5:c2|~110~1
 (17)    12    A       SOFT    s t        3      0   0    4    2    0    1  |lab15_5:c2|~130~1
 (12)     8    A       SOFT    s t        1      0   1    4    0    0    1  |lab15_5:c2|~130~2
 (19)    14    A       SOFT    s t        2      0   0    6    7    0    1  |lab15_5:c2|~160~1
  (5)     2    A       SOFT    s t        1      0   1    6    0    0    1  |lab15_5:c2|~160~2
  (8)     5    A       SOFT    s t        1      0   1    6    0    0    1  |lab15_5:c2|~160~3
  (9)     6    A       SOFT    s t        1      0   1    6    0    0    1  |lab15_5:c2|~160~4
 (21)    16    A       SOFT    s t        1      0   1    6    0    0    1  |lab15_5:c2|~160~5
  (6)     3    A       SOFT    s t        1      0   1    6    0    0    1  |lab15_5:c2|~160~6
  (7)     4    A       SOFT    s t        1      0   1    6    0    0    1  |lab15_5:c2|~160~7
 (27)    29    B       SOFT    s t        0      0   0    2    1    1    0  |lab15_5:c2|~173~1~2


Code:

s = Synthesized pin or logic cell
t = Turbo logic cell
+ = Synchronous flipflop
! = NOT gate push-back
r = Fitter-inserted logic cell


Device-Specific Information:                            z:\lab15\lab15_5_2.rpt
lab15_5_2

** LOGIC CELL INTERCONNECTIONS **

Logic Array Block 'A':

                               Logic cells placed in LAB 'A'
        +--------------------- LC1 even
        | +------------------- LC12 |lab15_5:c2|~130~1
        | | +----------------- LC8 |lab15_5:c2|~130~2
        | | | +--------------- LC14 |lab15_5:c2|~160~1
        | | | | +------------- LC2 |lab15_5:c2|~160~2
        | | | | | +----------- LC5 |lab15_5:c2|~160~3
        | | | | | | +--------- LC6 |lab15_5:c2|~160~4
        | | | | | | | +------- LC16 |lab15_5:c2|~160~5
        | | | | | | | | +----- LC3 |lab15_5:c2|~160~6
        | | | | | | | | | +--- LC4 |lab15_5:c2|~160~7
        | | | | | | | | | | +- LC7 odd
        | | | | | | | | | | | 
        | | | | | | | | | | |   Other LABs fed by signals
        | | | | | | | | | | |   that feed LAB 'A'
LC      | | | | | | | | | | | | A B |     Logic cells that feed LAB 'A':
LC1  -> - - - - - - - - - - * | * - | <-- even
LC12 -> - - - * - - - - - - - | * - | <-- |lab15_5:c2|~130~1
LC8  -> - * - - - - - - - - - | * - | <-- |lab15_5:c2|~130~2
LC2  -> - - - * - - - - - - - | * - | <-- |lab15_5:c2|~160~2
LC5  -> - - - * - - - - - - - | * - | <-- |lab15_5:c2|~160~3
LC6  -> - - - * - - - - - - - | * - | <-- |lab15_5:c2|~160~4
LC16 -> - - - * - - - - - - - | * - | <-- |lab15_5:c2|~160~5
LC3  -> - - - * - - - - - - - | * - | <-- |lab15_5:c2|~160~6
LC4  -> - - - * - - - - - - - | * - | <-- |lab15_5:c2|~160~7

Pin
41   -> - * * - - - - - - - - | * - | <-- er2
21   -> - * * - - - - - - - - | * - | <-- er3
20   -> - - - * * * * * * * - | * - | <-- er4
19   -> - - - * * * * * * * - | * - | <-- er5
18   -> - - - * * * * * * * - | * - | <-- er6
16   -> * - - - - - - - - - - | * - | <-- er8
9    -> - * * - - - - - - - - | * * | <-- X2
8    -> - * * - - - - - - - - | * * | <-- X3
7    -> - - - * * * * * * * - | * * | <-- X4
6    -> - - - * * * * * * * - | * * | <-- X5
5    -> - - - * * * * * * * - | * * | <-- X6
LC23 -> * - - - - - - - - - - | * - | <-- |lab15_5:c1|:175
LC26 -> - * - - - - - - - - - | * - | <-- |lab15_5:c2|~110~1
LC29 -> * - - - - - - - - - - | * - | <-- |lab15_5:c2|~173~1~2


* = The logic cell or pin is an input to the logic cell (or LAB) through the PIA.
- = The logic cell or pin is not an input to the logic cell (or LAB).


Device-Specific Information:                            z:\lab15\lab15_5_2.rpt
lab15_5_2

** LOGIC CELL INTERCONNECTIONS **

Logic Array Block 'B':

                                         Logic cells placed in LAB 'B'
        +------------------------------- LC20 |lab15_5:c1|~173~1
        | +----------------------------- LC24 |lab15_5:c1|~173~2
        | | +--------------------------- LC25 |lab15_5:c1|~173~3
        | | | +------------------------- LC27 |lab15_5:c1|~173~4
        | | | | +----------------------- LC30 |lab15_5:c1|~173~5
        | | | | | +--------------------- LC31 |lab15_5:c1|~173~6
        | | | | | | +------------------- LC32 |lab15_5:c1|~173~7
        | | | | | | | +----------------- LC17 |lab15_5:c1|~173~8
        | | | | | | | | +--------------- LC18 |lab15_5:c1|~173~9
        | | | | | | | | | +------------- LC19 |lab15_5:c1|~173~10
        | | | | | | | | | | +----------- LC21 |lab15_5:c1|~173~11
        | | | | | | | | | | | +--------- LC28 |lab15_5:c1|~173~12
        | | | | | | | | | | | | +------- LC22 |lab15_5:c1|~173~13
        | | | | | | | | | | | | | +----- LC23 |lab15_5:c1|:175
        | | | | | | | | | | | | | | +--- LC26 |lab15_5:c2|~110~1
        | | | | | | | | | | | | | | | +- LC29 |lab15_5:c2|~173~1~2
        | | | | | | | | | | | | | | | | 
        | | | | | | | | | | | | | | | |   Other LABs fed by signals
        | | | | | | | | | | | | | | | |   that feed LAB 'B'
LC      | | | | | | | | | | | | | | | | | A B |     Logic cells that feed LAB 'B':
LC20 -> - - - - - - - - - - - - - * - - | - * | <-- |lab15_5:c1|~173~1
LC24 -> - - - - - - - - - - - - - * - - | - * | <-- |lab15_5:c1|~173~2
LC25 -> - - - - - - - - - - - - - * - - | - * | <-- |lab15_5:c1|~173~3
LC27 -> - - - - - - - - - - - - - * - - | - * | <-- |lab15_5:c1|~173~4
LC30 -> - - - - - - - - - - - - - * - - | - * | <-- |lab15_5:c1|~173~5
LC31 -> - - - - - - - - - - - - - * - - | - * | <-- |lab15_5:c1|~173~6
LC32 -> - - - - - - - - - - - - - * - - | - * | <-- |lab15_5:c1|~173~7
LC17 -> - - - - - - - - - - - - - * - - | - * | <-- |lab15_5:c1|~173~8
LC18 -> - - - - - - - - - - - - - * - - | - * | <-- |lab15_5:c1|~173~9
LC19 -> - - - - - - - - - - - - - * - - | - * | <-- |lab15_5:c1|~173~10
LC21 -> - - - - - - - - - - - - - * - - | - * | <-- |lab15_5:c1|~173~11
LC28 -> - - - - - - - - - - - - - * - - | - * | <-- |lab15_5:c1|~173~12
LC22 -> - - - - - - - - - - - - - * - - | - * | <-- |lab15_5:c1|~173~13

Pin
39   -> - - - - - - - - - - - - - - * - | - * | <-- er0
40   -> - - - - - - - - - - - - - - * - | - * | <-- er1
17   -> - - - - - - - - - - - - - - - * | - * | <-- er7
13   -> - - - - - - - - - - - - - * * - | - * | <-- X0
12   -> * * * * * * * * * * * * * - * - | - * | <-- X1
9    -> * * * * * * * * * * * * * - - - | * * | <-- X2
8    -> * * * * * * * * * * * * * - - - | * * | <-- X3
7    -> * * * * * * * * * * * * * - - - | * * | <-- X4
6    -> * * * * * * * * * * * * * - - - | * * | <-- X5
5    -> * * * * * * * * * * * * * - - - | * * | <-- X6
14   -> * * * * * * * * * * * * * - - * | - * | <-- X7
LC14 -> - - - - - - - - - - - - - - - * | - * | <-- |lab15_5:c2|~160~1


* = The logic cell or pin is an input to the logic cell (or LAB) through the PIA.
- = The logic cell or pin is not an input to the logic cell (or LAB).


Device-Specific Information:                            z:\lab15\lab15_5_2.rpt
lab15_5_2

** EQUATIONS **

er0      : INPUT;
er1      : INPUT;
er2      : INPUT;
er3      : INPUT;
er4      : INPUT;
er5      : INPUT;
er6      : INPUT;
er7      : INPUT;
er8      : INPUT;
X0       : INPUT;
X1       : INPUT;
X2       : INPUT;
X3       : INPUT;
X4       : INPUT;
X5       : INPUT;
X6       : INPUT;
X7       : INPUT;

-- Node name is 'even' 
-- Equation name is 'even', location is LC001, type is bidir.
even     = TRI(_LC001,  VCC);
_LC001   = LCELL( _EQ001 $ !_LC029);
  _EQ001 =  _X001 &  _X002;
  _X001  = EXP(!er8 & !_LC023);
  _X002  = EXP( er8 &  _LC023);

-- Node name is 'odd' 
-- Equation name is 'odd', location is LC007, type is bidir.
odd      = TRI(_LC007,  VCC);
_LC007   = LCELL(!even $  GND);

-- Node name is '|lab15_5:c1|~173~1' 
-- Equation name is '_LC020', type is buried 
-- synthesized logic cell 
_LC020   = LCELL( _EQ002 $  GND);
  _EQ002 =  X1 &  X2 &  X3 &  X4 &  X5 &  X6 &  X7
         #  X1 &  X2 &  X3 &  X4 &  X5 & !X6 & !X7
         #  X1 &  X2 &  X3 &  X4 & !X5 &  X6 & !X7
         #  X1 &  X2 &  X3 & !X4 &  X5 &  X6 & !X7
         #  X1 &  X2 &  X3 &  X4 & !X5 & !X6 &  X7;

-- Node name is '|lab15_5:c1|~173~2' 
-- Equation name is '_LC024', type is buried 
-- synthesized logic cell 
_LC024   = LCELL( _EQ003 $  GND);
  _EQ003 =  X1 &  X2 &  X3 & !X4 &  X5 & !X6 &  X7
         #  X1 &  X2 &  X3 & !X4 & !X5 &  X6 &  X7
         #  X1 &  X2 & !X3 &  X4 &  X5 &  X6 & !X7
         #  X1 &  X2 & !X3 &  X4 &  X5 & !X6 &  X7
         #  X1 &  X2 & !X3 &  X4 & !X5 &  X6 &  X7;

-- Node name is '|lab15_5:c1|~173~3' 
-- Equation name is '_LC025', type is buried 
-- synthesized logic cell 
_LC025   = LCELL( _EQ004 $  GND);
  _EQ004 =  X1 &  X2 & !X3 & !X4 &  X5 &  X6 &  X7
         #  X1 & !X2 &  X3 &  X4 &  X5 &  X6 & !X7
         #  X1 & !X2 &  X3 &  X4 &  X5 & !X6 &  X7
         #  X1 & !X2 &  X3 &  X4 & !X5 &  X6 &  X7
         #  X1 & !X2 &  X3 & !X4 &  X5 &  X6 &  X7;

-- Node name is '|lab15_5:c1|~173~4' 
-- Equation name is '_LC027', type is buried 
-- synthesized logic cell 
_LC027   = LCELL( _EQ005 $  GND);
  _EQ005 =  X1 & !X2 & !X3 &  X4 &  X5 &  X6 &  X7
         # !X1 &  X2 &  X3 &  X4 &  X5 &  X6 & !X7
         # !X1 &  X2 &  X3 &  X4 &  X5 & !X6 &  X7
         # !X1 &  X2 &  X3 &  X4 & !X5 &  X6 &  X7
         # !X1 &  X2 &  X3 & !X4 &  X5 &  X6 &  X7;

-- Node name is '|lab15_5:c1|~173~5' 
-- Equation name is '_LC030', type is buried 
-- synthesized logic cell 
_LC030   = LCELL( _EQ006 $  GND);
  _EQ006 = !X1 &  X2 & !X3 &  X4 &  X5 &  X6 &  X7
         # !X1 & !X2 &  X3 &  X4 &  X5 &  X6 &  X7
         #  X1 &  X2 &  X3 & !X4 & !X5 & !X6 & !X7
         #  X1 &  X2 & !X3 &  X4 & !X5 & !X6 & !X7
         #  X1 &  X2 & !X3 & !X4 &  X5 & !X6 & !X7;

-- Node name is '|lab15_5:c1|~173~6' 
-- Equation name is '_LC031', type is buried 
-- synthesized logic cell 
_LC031   = LCELL( _EQ007 $  GND);
  _EQ007 =  X1 &  X2 & !X3 & !X4 & !X5 &  X6 & !X7
         #  X1 & !X2 &  X3 &  X4 & !X5 & !X6 & !X7
         #  X1 & !X2 &  X3 & !X4 &  X5 & !X6 & !X7
         #  X1 & !X2 &  X3 & !X4 & !X5 &  X6 & !X7
         #  X1 & !X2 & !X3 &  X4 &  X5 & !X6 & !X7;

-- Node name is '|lab15_5:c1|~173~7' 
-- Equation name is '_LC032', type is buried 
-- synthesized logic cell 
_LC032   = LCELL( _EQ008 $  GND);
  _EQ008 =  X1 & !X2 & !X3 &  X4 & !X5 &  X6 & !X7
         #  X1 & !X2 & !X3 & !X4 &  X5 &  X6 & !X7
         #  X1 &  X2 & !X3 & !X4 & !X5 & !X6 &  X7
         #  X1 & !X2 &  X3 & !X4 & !X5 & !X6 &  X7
         #  X1 & !X2 & !X3 &  X4 & !X5 & !X6 &  X7;

-- Node name is '|lab15_5:c1|~173~8' 
-- Equation name is '_LC017', type is buried 
-- synthesized logic cell 
_LC017   = LCELL( _EQ009 $  GND);
  _EQ009 =  X1 & !X2 & !X3 & !X4 &  X5 & !X6 &  X7
         #  X1 & !X2 & !X3 & !X4 & !X5 &  X6 &  X7
         # !X1 &  X2 &  X3 &  X4 & !X5 & !X6 & !X7
         # !X1 &  X2 &  X3 & !X4 &  X5 & !X6 & !X7
         # !X1 &  X2 &  X3 & !X4 & !X5 &  X6 & !X7;

-- Node name is '|lab15_5:c1|~173~9' 
-- Equation name is '_LC018', type is buried 
-- synthesized logic cell 
_LC018   = LCELL( _EQ010 $  GND);
  _EQ010 = !X1 &  X2 & !X3 &  X4 &  X5 & !X6 & !X7
         # !X1 &  X2 & !X3 &  X4 & !X5 &  X6 & !X7
         # !X1 &  X2 & !X3 & !X4 &  X5 &  X6 & !X7
         # !X1 &  X2 &  X3 & !X4 & !X5 & !X6 &  X7
         # !X1 &  X2 & !X3 &  X4 & !X5 & !X6 &  X7;

-- Node name is '|lab15_5:c1|~173~10' 
-- Equation name is '_LC019', type is buried 
-- synthesized logic cell 
_LC019   = LCELL( _EQ011 $  GND);
  _EQ011 = !X1 &  X2 & !X3 & !X4 &  X5 & !X6 &  X7
         # !X1 &  X2 & !X3 & !X4 & !X5 &  X6 &  X7
         # !X1 & !X2 &  X3 &  X4 &  X5 & !X6 & !X7
         # !X1 & !X2 &  X3 &  X4 & !X5 &  X6 & !X7
         # !X1 & !X2 &  X3 & !X4 &  X5 &  X6 & !X7;

-- Node name is '|lab15_5:c1|~173~11' 
-- Equation name is '_LC021', type is buried 
-- synthesized logic cell 
_LC021   = LCELL( _EQ012 $  GND);
  _EQ012 = !X1 & !X2 &  X3 &  X4 & !X5 & !X6 &  X7
         # !X1 & !X2 &  X3 & !X4 &  X5 & !X6 &  X7
         # !X1 & !X2 &  X3 & !X4 & !X5 &  X6 &  X7
         # !X1 & !X2 & !X3 &  X4 &  X5 &  X6 & !X7
         # !X1 & !X2 & !X3 &  X4 &  X5 & !X6 &  X7;

-- Node name is '|lab15_5:c1|~173~12' 
-- Equation name is '_LC028', type is buried 
-- synthesized logic cell 
_LC028   = LCELL( _EQ013 $  GND);
  _EQ013 = !X1 & !X2 & !X3 &  X4 & !X5 &  X6 &  X7
         # !X1 & !X2 & !X3 & !X4 &  X5 &  X6 &  X7
         #  X1 & !X2 & !X3 & !X4 & !X5 & !X6 & !X7
         # !X1 &  X2 & !X3 & !X4 & !X5 & !X6 & !X7
         # !X1 & !X2 &  X3 & !X4 & !X5 & !X6 & !X7;

-- Node name is '|lab15_5:c1|~173~13' 
-- Equation name is '_LC022', type is buried 
-- synthesized logic cell 
_LC022   = LCELL( _EQ014 $  GND);
  _EQ014 = !X1 & !X2 & !X3 &  X4 & !X5 & !X6 & !X7
         # !X1 & !X2 & !X3 & !X4 &  X5 & !X6 & !X7
         # !X1 & !X2 & !X3 & !X4 & !X5 &  X6 & !X7
         # !X1 & !X2 & !X3 & !X4 & !X5 & !X6 &  X7;

-- Node name is '|lab15_5:c1|:175' 
-- Equation name is '_LC023', type is buried 
_LC023   = LCELL( _EQ015 $ !X0);
  _EQ015 = !_LC017 & !_LC018 & !_LC019 & !_LC020 & !_LC021 & !_LC022 & 
             !_LC024 & !_LC025 & !_LC027 & !_LC028 & !_LC030 & !_LC031 & 
             !_LC032;

-- Node name is '|lab15_5:c2|~110~1' 
-- Equation name is '_LC026', type is buried 
-- synthesized logic cell 
_LC026   = LCELL( _EQ016 $  X0);
  _EQ016 =  er0 &  er1 &  X1
         #  er0 & !er1 & !X1
         # !er0 & !er1 &  X1
         # !er0 &  er1 & !X1;

-- Node name is '|lab15_5:c2|~130~1' 
-- Equation name is '_LC012', type is buried 
-- synthesized logic cell 
_LC012   = LCELL( _EQ017 $ !_LC026);
  _EQ017 = !_LC008 &  _X003 &  _X004 &  _X005;
  _X003  = EXP( er2 & !er3 & !X2 & !X3);
  _X004  = EXP(!er2 & !er3 & !X2 &  X3);
  _X005  = EXP(!er2 &  er3 & !X2 & !X3);

-- Node name is '|lab15_5:c2|~130~2' 
-- Equation name is '_LC008', type is buried 
-- synthesized logic cell 
_LC008   = LCELL( _EQ018 $  GND);
  _EQ018 =  er2 & !er3 &  X2 &  X3
         # !er2 &  er3 &  X2 &  X3
         #  er2 &  er3 &  X2 & !X3
         #  er2 &  er3 & !X2 &  X3
         # !er2 & !er3 &  X2 & !X3;

-- Node name is '|lab15_5:c2|~160~1' 
-- Equation name is '_LC014', type is buried 
-- synthesized logic cell 
_LC014   = LCELL( _EQ019 $ !_LC012);
  _EQ019 = !_LC002 & !_LC003 & !_LC004 & !_LC005 & !_LC006 & !_LC016 &  _X006 & 
              _X007;
  _X006  = EXP(!er4 & !er5 & !er6 & !X4 & !X5 &  X6);
  _X007  = EXP(!er4 & !er5 &  er6 & !X4 & !X5 & !X6);

-- Node name is '|lab15_5:c2|~160~2' 
-- Equation name is '_LC002', type is buried 
-- synthesized logic cell 
_LC002   = LCELL( _EQ020 $  GND);
  _EQ020 =  er4 &  er5 & !er6 &  X4 &  X5 &  X6
         #  er4 & !er5 &  er6 &  X4 &  X5 &  X6
         #  er4 &  er5 &  er6 &  X4 &  X5 & !X6
         #  er4 &  er5 &  er6 &  X4 & !X5 &  X6
         # !er4 &  er5 &  er6 &  X4 &  X5 &  X6;

-- Node name is '|lab15_5:c2|~160~3' 
-- Equation name is '_LC005', type is buried 
-- synthesized logic cell 
_LC005   = LCELL( _EQ021 $  GND);
  _EQ021 =  er4 &  er5 &  er6 & !X4 &  X5 &  X6
         #  er4 & !er5 & !er6 &  X4 &  X5 & !X6
         #  er4 &  er5 & !er6 &  X4 & !X5 & !X6
         #  er4 & !er5 & !er6 &  X4 & !X5 &  X6
         # !er4 &  er5 & !er6 &  X4 &  X5 & !X6;

-- Node name is '|lab15_5:c2|~160~4' 
-- Equation name is '_LC006', type is buried 
-- synthesized logic cell 
_LC006   = LCELL( _EQ022 $  GND);
  _EQ022 = !er4 & !er5 & !er6 &  X4 &  X5 &  X6
         # !er4 &  er5 & !er6 &  X4 & !X5 &  X6
         # !er4 & !er5 &  er6 &  X4 & !X5 &  X6
         #  er4 & !er5 &  er6 &  X4 & !X5 & !X6
         # !er4 & !er5 &  er6 &  X4 &  X5 & !X6;

-- Node name is '|lab15_5:c2|~160~5' 
-- Equation name is '_LC016', type is buried 
-- synthesized logic cell 
_LC016   = LCELL( _EQ023 $  GND);
  _EQ023 = !er4 &  er5 &  er6 &  X4 & !X5 & !X6
         #  er4 &  er5 & !er6 & !X4 &  X5 & !X6
         #  er4 & !er5 & !er6 & !X4 &  X5 &  X6
         #  er4 &  er5 & !er6 & !X4 & !X5 &  X6
         #  er4 & !er5 &  er6 & !X4 & !X5 &  X6;

-- Node name is '|lab15_5:c2|~160~6' 
-- Equation name is '_LC003', type is buried 
-- synthesized logic cell 
_LC003   = LCELL( _EQ024 $  GND);
  _EQ024 =  er4 & !er5 &  er6 & !X4 &  X5 & !X6
         #  er4 &  er5 &  er6 & !X4 & !X5 & !X6
         # !er4 &  er5 & !er6 & !X4 &  X5 &  X6
         # !er4 & !er5 &  er6 & !X4 &  X5 &  X6
         # !er4 &  er5 &  er6 & !X4 &  X5 & !X6;

-- Node name is '|lab15_5:c2|~160~7' 
-- Equation name is '_LC004', type is buried 
-- synthesized logic cell 
_LC004   = LCELL( _EQ025 $  GND);
  _EQ025 = !er4 &  er5 &  er6 & !X4 & !X5 &  X6
         # !er4 & !er5 & !er6 &  X4 & !X5 & !X6
         #  er4 & !er5 & !er6 & !X4 & !X5 & !X6
         # !er4 & !er5 & !er6 & !X4 &  X5 & !X6
         # !er4 &  er5 & !er6 & !X4 & !X5 & !X6;

-- Node name is '|lab15_5:c2|~173~1~2' 
-- Equation name is '_LC029', type is buried 
-- synthesized logic cell 
_LC029   = LCELL( _EQ026 $  GND);
  _EQ026 =  er7 & !_LC014 &  X7
         # !er7 &  _LC014 &  X7
         #  er7 &  _LC014 & !X7
         # !er7 & !_LC014 & !X7;



--     Shareable expanders that are duplicated in multiple LABs:
--     (none)




Project Information                                     z:\lab15\lab15_5_2.rpt

** COMPILATION SETTINGS & TIMES **

Processing Menu Commands
------------------------

Design Doctor                             = off

Logic Synthesis:

   Synthesis Type Used                    = Standard

   Default Synthesis Style                = NORMAL

      Logic option settings in 'NORMAL' style for 'MAX7000' family

      DECOMPOSE_GATES                     = on
      DUPLICATE_LOGIC_EXTRACTION          = on
      MINIMIZATION                        = full
      MULTI_LEVEL_FACTORING               = on
      NOT_GATE_PUSH_BACK                  = on
      PARALLEL_EXPANDERS                  = off
      REDUCE_LOGIC                        = on
      REFACTORIZATION                     = on
      REGISTER_OPTIMIZATION               = on
      RESYNTHESIZE_NETWORK                = on
      SLOW_SLEW_RATE                      = off
      SOFT_BUFFER_INSERTION               = on
      SUBFACTOR_EXTRACTION                = on
      TURBO_BIT                           = on
      XOR_SYNTHESIS                       = on
      IGNORE_SOFT_BUFFERS                 = off
      USE_LPM_FOR_AHDL_OPERATORS          = off

   Other logic synthesis settings:

      Automatic Global Clock              = on
      Automatic Global Clear              = on
      Automatic Global Preset             = on
      Automatic Global Output Enable      = on
      Automatic Fast I/O                  = off
      Automatic Register Packing          = off
      Automatic Open-Drain Pins           = on
      Automatic Implement in EAB          = off
      One-Hot State Machine Encoding      = off
      Optimize                            = 5

Default Timing Specifications: None

Cut All Bidir Feedback Timing Paths       = on
Cut All Clear & Preset Timing Paths       = on

Ignore Timing Assignments                 = off

Functional SNF Extractor                  = off

Linked SNF Extractor                      = off
Timing SNF Extractor                      = on
Optimize Timing SNF                       = off
Generate AHDL TDO File                    = off
Fitter Settings                           = NORMAL
Smart Recompile                           = off
Total Recompile                           = off

Interfaces Menu Commands
------------------------

EDIF Netlist Writer                       = off
Verilog Netlist Writer                    = off
VHDL Netlist Writer                       = off

Compilation Times
-----------------

   Compiler Netlist Extractor             00:00:00
   Database Builder                       00:00:00
   Logic Synthesizer                      00:00:01
   Partitioner                            00:00:00
   Fitter                                 00:00:00
   Timing SNF Extractor                   00:00:01
   Assembler                              00:00:00
   --------------------------             --------
   Total Time                             00:00:02


Memory Allocated
-----------------

Peak memory allocated during compilation  = 3,666K
