Design: 15:11, 25 марта 2021 г.
Design: Opening design "Z:\lab23\project\project3.adf"
ELBREAD: Elaboration process.
ELBREAD: Elaboration time 0.2 [s].
ELBREAD: Elaboration process.
ELBREAD: Elaboration time 0.2 [s].
KERNEL: Main thread initiated.
KERNEL: Kernel process initialization phase.
KERNEL: Kernel process initialization done.
15:13, 25 марта 2021 г.
Simulation has been initialized
Selected Top-Level: dp32_test (structure)
KERNEL: stopped at time: 100 ns
ELBREAD: Elaboration process.
ELBREAD: Elaboration time 0.4 [s].
KERNEL: Main thread initiated.
KERNEL: Kernel process initialization phase.
KERNEL: Kernel process initialization done.
15:13, 25 марта 2021 г.
Simulation has been initialized
Selected Top-Level: dp32_test (structure)
Simulation has been stopped
