Project Information               k:\polytekh\max+plusii\lab20\vhdl\dff8ds.rpt

MAX+plus II Compiler Report File
Version 9.01 07/30/98
Compiled: 09/30/13 02:19:38

Copyright (C) 1988-1998 Altera Corporation
Any megafunction design, and related net list (encrypted or decrypted),
support information, device programming or simulation file, and any other
associated documentation or information provided by Altera or a partner
under Altera's Megafunction Partnership Program may be used only to
program PLD devices (but not masked PLD devices) from Altera.  Any other
use of such megafunction design, net list, support information, device
programming or simulation file, or any other related documentation or
information is prohibited for any other purpose, including, but not
limited to modification, reverse engineering, de-compiling, or use with
any other silicon devices, unless such use is explicitly licensed under
a separate agreement with Altera or a megafunction partner.  Title to
the intellectual property, including patents, copyrights, trademarks,
trade secrets, or maskworks, embodied in any such megafunction design,
net list, support information, device programming or simulation file, or
any other related documentation or information provided by Altera or a
megafunction partner, remains with Altera, the megafunction partner, or
their respective licensors.  No other licenses, including any licenses
needed under any third party's intellectual property, are provided herein.



***** Project compilation was successful


DFF8DS


** DEVICE SUMMARY **

Chip/                     Input Output Bidir  Memory  Memory  			 LCs
POF       Device          Pins  Pins   Pins   Bits % Utilized  LCs  % Utilized

dff8ds    EPF10K10LC84-3   18     0      20   0         0  %    20       3  %

User Pins:                 18     0      20 



Project Information               k:\polytekh\max+plusii\lab20\vhdl\dff8ds.rpt

** FILE HIERARCHY **



|rstrigger:rstr|
|mux8x2:mx|
|aa5or2:clkor|
|aa5dff:dff0|
|aa5dff:dff1|
|aa5dff:dff2|
|aa5dff:dff3|
|aa5dff:dff4|
|aa5dff:dff5|
|aa5dff:dff6|
|aa5dff:dff7|
|aa5delay:del1|
|aa5delay:del2|


Device-Specific Information:      k:\polytekh\max+plusii\lab20\vhdl\dff8ds.rpt
dff8ds

***** Logic for device 'dff8ds' compiled without errors.




Device: EPF10K10LC84-3

FLEX 10K Configuration Scheme: Passive Serial

Device Options:
    User-Supplied Start-Up Clock               = OFF
    Auto-Restart Configuration on Frame Error  = OFF
    Release Clears Before Tri-States           = OFF
    Enable Chip_Wide Reset                     = OFF
    Enable Chip-Wide Output Enable             = OFF
    Enable INIT_DONE Output                    = OFF
    JTAG User Code                             = 7f

                                                                         ^     
                T  T  T  T  T  T                                         C     
                M  M  M  M  M  M        R           R     R  R  R  R     O     
                P  P  P  P  P  P        E           E     E  E  E  E     N     
                _  _  _  _  _  _     V  S           S  G  S  S  S  S     F     
                M  M  M  M  M  M     C  E           E  N  E  E  E  E     _  ^  
                U  U  U  U  U  U     C  R           R  D  R  R  R  R  #  D  n  
                X  X  X  X  X  X  D  I  V  D  D  D  V  I  V  V  V  V  T  O  C  
                Q  Q  Q  Q  Q  Q  B  N  E  F  F  F  E  N  E  E  E  E  C  N  E  
                3  2  0  4  6  5  1  T  D  2  5  1  D  T  D  D  D  D  K  E  O  
              -----------------------------------------------------------------_ 
            /  11 10  9  8  7  6  5  4  3  2  1 84 83 82 81 80 79 78 77 76 75   | 
    ^DATA0 | 12                                                              74 | #TDO 
     ^DCLK | 13                                                              73 | TMP_CLK 
      ^nCE | 14                                                              72 | RESERVED 
      #TDI | 15                                                              71 | TMP_CLK2 
        Q5 | 16                                                              70 | Q4 
        Q6 | 17                                                              69 | TMP_MUXQ7 
 TMP_MUXQ1 | 18                                                              68 | GNDINT 
        Q7 | 19                                                              67 | RESERVED 
    VCCINT | 20                                                              66 | RESERVED 
  RESERVED | 21                                                              65 | RESERVED 
        Q3 | 22                        EPF10K10LC84-3                        64 | RESERVED 
        Q2 | 23                                                              63 | VCCINT 
        Q1 | 24                                                              62 | TMP_T 
        Q0 | 25                                                              61 | DF7 
    GNDINT | 26                                                              60 | TMP_CLK1 
       DB6 | 27                                                              59 | DF0 
      CLKB | 28                                                              58 | DB7 
      CLKF | 29                                                              57 | #TMS 
       DB0 | 30                                                              56 | #nTRST 
    ^MSEL0 | 31                                                              55 | ^nSTATUS 
    ^MSEL1 | 32                                                              54 | RESERVED 
           |_  33 34 35 36 37 38 39 40 41 42 43 44 45 46 47 48 49 50 51 52 53  _| 
             ------------------------------------------------------------------ 
                V  ^  D  D  D  D  R  V  G  D  D  D  V  G  R  R  R  R  R  R  R  
                C  n  B  B  B  B  E  C  N  F  F  F  C  N  E  E  E  E  E  E  E  
                C  C  3  2  4  5  S  C  D  4  6  3  C  D  S  S  S  S  S  S  S  
                I  O              E  I  I           I  I  E  E  E  E  E  E  E  
                N  N              R  N  N           N  N  R  R  R  R  R  R  R  
                T  F              V  T  T           T  T  V  V  V  V  V  V  V  
                   I              E                       E  E  E  E  E  E  E  
                   G              D                       D  D  D  D  D  D  D  
                                                                               
                                                                               


N.C. = Not Connected.
VCCINT = Dedicated power pin, which MUST be connected to VCC (5.0 volts).
VCCIO = Dedicated power pin, which MUST be connected to VCC (5.0 volts).
GNDINT = Dedicated ground pin or unused dedicated input, which MUST be connected to GND.
GNDIO = Dedicated ground pin, which MUST be connected to GND.
RESERVED = Unused I/O pin, which MUST be left unconnected.

^ = Dedicated configuration pin.
+ = Reserved configuration pin, which is tri-stated during user mode.
* = Reserved configuration pin, which drives out in user mode.
PDn = Power Down pin. 
@ = Special-purpose pin. 
# = JTAG Boundary-Scan Testing/In-System Programming or Configuration Pin. The JTAG inputs (TMS, TCK, TDI) should be tied to VCC when not in use.
& = JTAG pin used for I/O. When used as user I/O, JTAG pins must be kept stable before and during configuration.  JTAG pin stability prevents accidental loading of JTAG instructions.


Device-Specific Information:      k:\polytekh\max+plusii\lab20\vhdl\dff8ds.rpt
dff8ds

** RESOURCE USAGE **

Logic                Column       Row                                   
Array                Interconnect Interconnect         Clears/     External  
Block   Logic Cells  Driven       Driven       Clocks  Presets   Interconnect
A1       8/ 8(100%)   4/ 8( 50%)   4/ 8( 50%)    1/2    0/2       9/22( 40%)   
A14      1/ 8( 12%)   0/ 8(  0%)   1/ 8( 12%)    0/2    0/2       1/22(  4%)   
C2       4/ 8( 50%)   4/ 8( 50%)   0/ 8(  0%)    0/2    0/2       9/22( 40%)   
C3       4/ 8( 50%)   4/ 8( 50%)   0/ 8(  0%)    0/2    0/2       9/22( 40%)   
C13      2/ 8( 25%)   0/ 8(  0%)   2/ 8( 25%)    0/2    0/2       2/22(  9%)   
C15      1/ 8( 12%)   1/ 8( 12%)   0/ 8(  0%)    0/2    0/2       1/22(  4%)   


Embedded             Column       Row                                   
Array     Embedded   Interconnect Interconnect         Read/      External  
Block     Cells      Driven       Driven       Clocks  Write    Interconnect


Total dedicated input pins used:                 6/6      (100%)
Total I/O pins used:                            32/53     ( 60%)
Total logic cells used:                         20/576    (  3%)
Total embedded cells used:                       0/24     (  0%)
Total EABs used:                                 0/3      (  0%)
Average fan-in:                                 1.95/4    ( 48%)
Total fan-in:                                  39/2304    (  1%)

Total input pins required:                      18
Total input I/O cell registers required:         0
Total output pins required:                      0
Total output I/O cell registers required:        0
Total buried I/O cell registers required:        0
Total bidirectional pins required:              20
Total reserved pins required                     0
Total logic cells required:                     20
Total flipflops required:                        8
Total packed registers required:                 0
Total logic cells in carry chains:               0
Total number of carry chains:                    0
Total logic cells in cascade chains:             0
Total number of cascade chains:                  0
Total single-pin Clock Enables required:         0
Total single-pin Output Enables required:        0

Synthesized logic cells:                         2/ 576   (  0%)

Logic Cell and Embedded Cell Counts

Column:  01  02  03  04  05  06  07  08  09  10  11  12  EA  13  14  15  16  17  18  19  20  21  22  23  24  Total(LC/EC)
 A:      8   0   0   0   0   0   0   0   0   0   0   0   0   0   1   0   0   0   0   0   0   0   0   0   0      9/0  
 B:      0   0   0   0   0   0   0   0   0   0   0   0   0   0   0   0   0   0   0   0   0   0   0   0   0      0/0  
 C:      0   4   4   0   0   0   0   0   0   0   0   0   0   2   0   1   0   0   0   0   0   0   0   0   0     11/0  

Total:   8   4   4   0   0   0   0   0   0   0   0   0   0   2   1   1   0   0   0   0   0   0   0   0   0     20/0  



Device-Specific Information:      k:\polytekh\max+plusii\lab20\vhdl\dff8ds.rpt
dff8ds

** INPUTS **

                                                    Fan-In    Fan-Out
 Pin     LC     EC   Row  Col  Primitive    Code      INP  FBK  OUT  FBK  Name
  28      -     -    C    --      INPUT                0    0    0    2  CLKB
  29      -     -    C    --      INPUT                0    0    0    2  CLKF
  30      -     -    C    --      INPUT                0    0    0    1  DB0
   5      -     -    -    05      INPUT                0    0    0    1  DB1
  36      -     -    -    07      INPUT                0    0    0    1  DB2
  35      -     -    -    06      INPUT                0    0    0    1  DB3
  37      -     -    -    09      INPUT                0    0    0    1  DB4
  38      -     -    -    10      INPUT                0    0    0    1  DB5
  27      -     -    C    --      INPUT                0    0    0    1  DB6
  58      -     -    C    --      INPUT                0    0    0    1  DB7
  59      -     -    C    --      INPUT                0    0    0    1  DF0
  84      -     -    -    --      INPUT                0    0    0    1  DF1
   2      -     -    -    --      INPUT                0    0    0    1  DF2
  44      -     -    -    --      INPUT                0    0    0    1  DF3
  42      -     -    -    --      INPUT                0    0    0    1  DF4
   1      -     -    -    --      INPUT                0    0    0    1  DF5
  43      -     -    -    --      INPUT                0    0    0    1  DF6
  61      -     -    C    --      INPUT                0    0    0    1  DF7
  25      -     -    B    --      BIDIR                0    1    0    0  Q0
  24      -     -    B    --      BIDIR                0    1    0    0  Q1
  23      -     -    B    --      BIDIR                0    1    0    0  Q2
  22      -     -    B    --      BIDIR                0    1    0    0  Q3
  70      -     -    A    --      BIDIR                0    1    0    0  Q4
  16      -     -    A    --      BIDIR                0    1    0    0  Q5
  17      -     -    A    --      BIDIR                0    1    0    0  Q6
  19      -     -    A    --      BIDIR                0    1    0    0  Q7
  73      -     -    A    --      BIDIR                0    1    0    8  TMP_CLK
  60      -     -    C    --      BIDIR                0    1    0    1  TMP_CLK1
  71      -     -    A    --      BIDIR                0    1    0    1  TMP_CLK2
   9      -     -    -    02      BIDIR                0    1    0    1  TMP_MUXQ0
  18      -     -    A    --      BIDIR                0    1    0    1  TMP_MUXQ1
  10      -     -    -    01      BIDIR                0    1    0    1  TMP_MUXQ2
  11      -     -    -    01      BIDIR                0    1    0    1  TMP_MUXQ3
   8      -     -    -    03      BIDIR                0    1    0    1  TMP_MUXQ4
   6      -     -    -    04      BIDIR                0    1    0    1  TMP_MUXQ5
   7      -     -    -    03      BIDIR                0    1    0    1  TMP_MUXQ6
  69      -     -    A    --      BIDIR                0    1    0    1  TMP_MUXQ7
  62      -     -    C    --      BIDIR                0    1    0    8  TMP_T


Code:

s = Synthesized pin or logic cell
+ = Synchronous flipflop
/ = Slow slew-rate output
! = NOT gate push-back
r = Fitter-inserted logic cell
@ = Uses single-pin Clock Enable
& = Uses single-pin Output Enable


Device-Specific Information:      k:\polytekh\max+plusii\lab20\vhdl\dff8ds.rpt
dff8ds

** OUTPUTS **

       Fed By Fed By                                Fan-In    Fan-Out
 Pin     LC     EC   Row  Col  Primitive    Code      INP  FBK  OUT  FBK  Name
  25      -     -    B    --        TRI                0    1    0    0  Q0
  24      -     -    B    --        TRI                0    1    0    0  Q1
  23      -     -    B    --        TRI                0    1    0    0  Q2
  22      -     -    B    --        TRI                0    1    0    0  Q3
  70      -     -    A    --        TRI                0    1    0    0  Q4
  16      -     -    A    --        TRI                0    1    0    0  Q5
  17      -     -    A    --        TRI                0    1    0    0  Q6
  19      -     -    A    --        TRI                0    1    0    0  Q7
  73      -     -    A    --        TRI                0    1    0    8  TMP_CLK
  60      -     -    C    --        TRI                0    1    0    1  TMP_CLK1
  71      -     -    A    --        TRI                0    1    0    1  TMP_CLK2
   9      -     -    -    02        TRI                0    1    0    1  TMP_MUXQ0
  18      -     -    A    --        TRI                0    1    0    1  TMP_MUXQ1
  10      -     -    -    01        TRI                0    1    0    1  TMP_MUXQ2
  11      -     -    -    01        TRI                0    1    0    1  TMP_MUXQ3
   8      -     -    -    03        TRI                0    1    0    1  TMP_MUXQ4
   6      -     -    -    04        TRI                0    1    0    1  TMP_MUXQ5
   7      -     -    -    03        TRI                0    1    0    1  TMP_MUXQ6
  69      -     -    A    --        TRI                0    1    0    1  TMP_MUXQ7
  62      -     -    C    --        TRI                0    1    0    8  TMP_T


Code:

s = Synthesized pin or logic cell
+ = Synchronous flipflop
/ = Slow slew-rate output
! = NOT gate push-back
r = Fitter-inserted logic cell
@ = Uses single-pin Clock Enable
& = Uses single-pin Output Enable


Device-Specific Information:      k:\polytekh\max+plusii\lab20\vhdl\dff8ds.rpt
dff8ds

** BURIED LOGIC **

                                                    Fan-In    Fan-Out
 IOC     LC     EC   Row  Col  Primitive    Code      INP  FBK  OUT  FBK  Name
   -      4     -    C    15      LCELL    s           0    1    1    0  |aa5delay:del1|~13~1
   -      1     -    A    14      LCELL    s           0    1    1    0  |aa5delay:del2|~13~1
   -      8     -    A    01       DFFE                0    2    1    0  |aa5dff:dff0|QS (|aa5dff:dff0|:4)
   -      6     -    A    01       DFFE                0    2    1    0  |aa5dff:dff1|QS (|aa5dff:dff1|:4)
   -      4     -    A    01       DFFE                0    2    1    0  |aa5dff:dff2|QS (|aa5dff:dff2|:4)
   -      2     -    A    01       DFFE                0    2    1    0  |aa5dff:dff3|QS (|aa5dff:dff3|:4)
   -      5     -    A    01       DFFE                0    2    1    0  |aa5dff:dff4|QS (|aa5dff:dff4|:4)
   -      1     -    A    01       DFFE                0    2    1    0  |aa5dff:dff5|QS (|aa5dff:dff5|:4)
   -      3     -    A    01       DFFE                0    2    1    0  |aa5dff:dff6|QS (|aa5dff:dff6|:4)
   -      7     -    A    01       DFFE                0    2    1    0  |aa5dff:dff7|QS (|aa5dff:dff7|:4)
   -      4     -    C    13        OR2                2    0    1    0  |aa5or2:clkor|:10
   -      1     -    C    02        OR2                2    1    1    0  |mux8x2:mx|:127
   -      8     -    C    02        OR2                2    1    1    0  |mux8x2:mx|:133
   -      2     -    C    02        OR2                2    1    1    0  |mux8x2:mx|:139
   -      3     -    C    02        OR2                2    1    1    0  |mux8x2:mx|:145
   -      1     -    C    03        OR2                2    1    1    0  |mux8x2:mx|:151
   -      2     -    C    03        OR2                2    1    1    0  |mux8x2:mx|:157
   -      4     -    C    03        OR2                2    1    1    0  |mux8x2:mx|:163
   -      8     -    C    03        OR2                2    1    1    0  |mux8x2:mx|:169
   -      1     -    C    13        OR2                2    0    1    0  |rstrigger:rstr|:66


Code:

s = Synthesized pin or logic cell
+ = Synchronous flipflop
/ = Slow slew-rate output
! = NOT gate push-back
r = Fitter-inserted logic cell
p = Packed register


Device-Specific Information:      k:\polytekh\max+plusii\lab20\vhdl\dff8ds.rpt
dff8ds

** FASTTRACK INTERCONNECT UTILIZATION **

Row FastTrack Interconnect:

          Global         Left Half-      Right Half-
         FastTrack       FastTrack       FastTrack 
Row     Interconnect    Interconnect    Interconnect    Input Pins     Output Pins     Bidir Pins
A:       6/ 96(  6%)    10/ 48( 20%)     2/ 48(  4%)    0/16(  0%)      0/16(  0%)     8/16( 50%)
B:       0/ 96(  0%)     4/ 48(  8%)     0/ 48(  0%)    0/16(  0%)      0/16(  0%)     4/16( 25%)
C:       9/ 96(  9%)     5/ 48( 10%)     2/ 48(  4%)    7/16( 43%)      0/16(  0%)     2/16( 12%)


Column FastTrack Interconnect:

         FastTrack                                 
Column  Interconnect    Input Pins     Output Pins     Bidir Pins
01:      9/24( 37%)     0/4(  0%)      0/4(  0%)       2/4( 50%)
02:      2/24(  8%)     0/4(  0%)      0/4(  0%)       1/4( 25%)
03:      5/24( 20%)     0/4(  0%)      0/4(  0%)       2/4( 50%)
04:      2/24(  8%)     0/4(  0%)      0/4(  0%)       1/4( 25%)
05:      1/24(  4%)     1/4( 25%)      0/4(  0%)       0/4(  0%)
06:      1/24(  4%)     1/4( 25%)      0/4(  0%)       0/4(  0%)
07:      1/24(  4%)     1/4( 25%)      0/4(  0%)       0/4(  0%)
08:      0/24(  0%)     0/4(  0%)      0/4(  0%)       0/4(  0%)
09:      1/24(  4%)     1/4( 25%)      0/4(  0%)       0/4(  0%)
10:      1/24(  4%)     1/4( 25%)      0/4(  0%)       0/4(  0%)
11:      0/24(  0%)     0/4(  0%)      0/4(  0%)       0/4(  0%)
12:      0/24(  0%)     0/4(  0%)      0/4(  0%)       0/4(  0%)
13:      0/24(  0%)     0/4(  0%)      0/4(  0%)       0/4(  0%)
14:      0/24(  0%)     0/4(  0%)      0/4(  0%)       0/4(  0%)
15:      1/24(  4%)     0/4(  0%)      0/4(  0%)       0/4(  0%)
16:      0/24(  0%)     0/4(  0%)      0/4(  0%)       0/4(  0%)
17:      0/24(  0%)     0/4(  0%)      0/4(  0%)       0/4(  0%)
18:      0/24(  0%)     0/4(  0%)      0/4(  0%)       0/4(  0%)
19:      0/24(  0%)     0/4(  0%)      0/4(  0%)       0/4(  0%)
20:      0/24(  0%)     0/4(  0%)      0/4(  0%)       0/4(  0%)
21:      0/24(  0%)     0/4(  0%)      0/4(  0%)       0/4(  0%)
22:      0/24(  0%)     0/4(  0%)      0/4(  0%)       0/4(  0%)
23:      0/24(  0%)     0/4(  0%)      0/4(  0%)       0/4(  0%)
24:      0/24(  0%)     0/4(  0%)      0/4(  0%)       0/4(  0%)
EA:      0/24(  0%)     0/4(  0%)      0/4(  0%)       0/4(  0%)


Device-Specific Information:      k:\polytekh\max+plusii\lab20\vhdl\dff8ds.rpt
dff8ds

** CLOCK SIGNALS **

Type     Fan-out       Name
INPUT        8         TMP_CLK


Device-Specific Information:      k:\polytekh\max+plusii\lab20\vhdl\dff8ds.rpt
dff8ds

** EQUATIONS **

CLKB     : INPUT;
CLKF     : INPUT;
DB0      : INPUT;
DB1      : INPUT;
DB2      : INPUT;
DB3      : INPUT;
DB4      : INPUT;
DB5      : INPUT;
DB6      : INPUT;
DB7      : INPUT;
DF0      : INPUT;
DF1      : INPUT;
DF2      : INPUT;
DF3      : INPUT;
DF4      : INPUT;
DF5      : INPUT;
DF6      : INPUT;
DF7      : INPUT;

-- Node name is 'Q0' 
-- Equation name is 'Q0', type is bidir 
Q0       = TRI(_LC8_A1,  VCC);

-- Node name is 'Q1' 
-- Equation name is 'Q1', type is bidir 
Q1       = TRI(_LC6_A1,  VCC);

-- Node name is 'Q2' 
-- Equation name is 'Q2', type is bidir 
Q2       = TRI(_LC4_A1,  VCC);

-- Node name is 'Q3' 
-- Equation name is 'Q3', type is bidir 
Q3       = TRI(_LC2_A1,  VCC);

-- Node name is 'Q4' 
-- Equation name is 'Q4', type is bidir 
Q4       = TRI(_LC5_A1,  VCC);

-- Node name is 'Q5' 
-- Equation name is 'Q5', type is bidir 
Q5       = TRI(_LC1_A1,  VCC);

-- Node name is 'Q6' 
-- Equation name is 'Q6', type is bidir 
Q6       = TRI(_LC3_A1,  VCC);

-- Node name is 'Q7' 
-- Equation name is 'Q7', type is bidir 
Q7       = TRI(_LC7_A1,  VCC);

-- Node name is 'TMP_CLK' 
-- Equation name is 'TMP_CLK', type is bidir 
TMP_CLK  = TRI(_LC1_A14,  VCC);

-- Node name is 'TMP_CLK1' 
-- Equation name is 'TMP_CLK1', type is bidir 
TMP_CLK1 = TRI(_LC4_C13,  VCC);

-- Node name is 'TMP_CLK2' 
-- Equation name is 'TMP_CLK2', type is bidir 
TMP_CLK2 = TRI(_LC4_C15,  VCC);

-- Node name is 'TMP_MUXQ0' 
-- Equation name is 'TMP_MUXQ0', type is bidir 
TMP_MUXQ0 = TRI(_LC1_C2,  VCC);

-- Node name is 'TMP_MUXQ1' 
-- Equation name is 'TMP_MUXQ1', type is bidir 
TMP_MUXQ1 = TRI(_LC8_C2,  VCC);

-- Node name is 'TMP_MUXQ2' 
-- Equation name is 'TMP_MUXQ2', type is bidir 
TMP_MUXQ2 = TRI(_LC2_C2,  VCC);

-- Node name is 'TMP_MUXQ3' 
-- Equation name is 'TMP_MUXQ3', type is bidir 
TMP_MUXQ3 = TRI(_LC3_C2,  VCC);

-- Node name is 'TMP_MUXQ4' 
-- Equation name is 'TMP_MUXQ4', type is bidir 
TMP_MUXQ4 = TRI(_LC1_C3,  VCC);

-- Node name is 'TMP_MUXQ5' 
-- Equation name is 'TMP_MUXQ5', type is bidir 
TMP_MUXQ5 = TRI(_LC2_C3,  VCC);

-- Node name is 'TMP_MUXQ6' 
-- Equation name is 'TMP_MUXQ6', type is bidir 
TMP_MUXQ6 = TRI(_LC4_C3,  VCC);

-- Node name is 'TMP_MUXQ7' 
-- Equation name is 'TMP_MUXQ7', type is bidir 
TMP_MUXQ7 = TRI(_LC8_C3,  VCC);

-- Node name is 'TMP_T' 
-- Equation name is 'TMP_T', type is bidir 
TMP_T    = TRI(_LC1_C13,  VCC);

-- Node name is '|aa5delay:del1|~13~1' 
-- Equation name is '_LC4_C15', type is buried 
-- synthesized logic cell 
_LC4_C15 = LCELL( TMP_CLK1);

-- Node name is '|aa5delay:del2|~13~1' 
-- Equation name is '_LC1_A14', type is buried 
-- synthesized logic cell 
_LC1_A14 = LCELL( TMP_CLK2);

-- Node name is '|aa5dff:dff0|:4' = '|aa5dff:dff0|QS' 
-- Equation name is '_LC8_A1', type is buried 
_LC8_A1  = DFFE( TMP_MUXQ0,  TMP_CLK,  VCC,  VCC,  VCC);

-- Node name is '|aa5dff:dff1|:4' = '|aa5dff:dff1|QS' 
-- Equation name is '_LC6_A1', type is buried 
_LC6_A1  = DFFE( TMP_MUXQ1,  TMP_CLK,  VCC,  VCC,  VCC);

-- Node name is '|aa5dff:dff2|:4' = '|aa5dff:dff2|QS' 
-- Equation name is '_LC4_A1', type is buried 
_LC4_A1  = DFFE( TMP_MUXQ2,  TMP_CLK,  VCC,  VCC,  VCC);

-- Node name is '|aa5dff:dff3|:4' = '|aa5dff:dff3|QS' 
-- Equation name is '_LC2_A1', type is buried 
_LC2_A1  = DFFE( TMP_MUXQ3,  TMP_CLK,  VCC,  VCC,  VCC);

-- Node name is '|aa5dff:dff4|:4' = '|aa5dff:dff4|QS' 
-- Equation name is '_LC5_A1', type is buried 
_LC5_A1  = DFFE( TMP_MUXQ4,  TMP_CLK,  VCC,  VCC,  VCC);

-- Node name is '|aa5dff:dff5|:4' = '|aa5dff:dff5|QS' 
-- Equation name is '_LC1_A1', type is buried 
_LC1_A1  = DFFE( TMP_MUXQ5,  TMP_CLK,  VCC,  VCC,  VCC);

-- Node name is '|aa5dff:dff6|:4' = '|aa5dff:dff6|QS' 
-- Equation name is '_LC3_A1', type is buried 
_LC3_A1  = DFFE( TMP_MUXQ6,  TMP_CLK,  VCC,  VCC,  VCC);

-- Node name is '|aa5dff:dff7|:4' = '|aa5dff:dff7|QS' 
-- Equation name is '_LC7_A1', type is buried 
_LC7_A1  = DFFE( TMP_MUXQ7,  TMP_CLK,  VCC,  VCC,  VCC);

-- Node name is '|aa5or2:clkor|:10' 
-- Equation name is '_LC4_C13', type is buried 
_LC4_C13 = LCELL( _EQ001);
  _EQ001 =  CLKB
         #  CLKF;

-- Node name is '|mux8x2:mx|:127' 
-- Equation name is '_LC1_C2', type is buried 
_LC1_C2  = LCELL( _EQ002);
  _EQ002 =  DF0 & !TMP_T
         #  DB0 &  TMP_T;

-- Node name is '|mux8x2:mx|:133' 
-- Equation name is '_LC8_C2', type is buried 
_LC8_C2  = LCELL( _EQ003);
  _EQ003 =  DF1 & !TMP_T
         #  DB1 &  TMP_T;

-- Node name is '|mux8x2:mx|:139' 
-- Equation name is '_LC2_C2', type is buried 
_LC2_C2  = LCELL( _EQ004);
  _EQ004 =  DF2 & !TMP_T
         #  DB2 &  TMP_T;

-- Node name is '|mux8x2:mx|:145' 
-- Equation name is '_LC3_C2', type is buried 
_LC3_C2  = LCELL( _EQ005);
  _EQ005 =  DF3 & !TMP_T
         #  DB3 &  TMP_T;

-- Node name is '|mux8x2:mx|:151' 
-- Equation name is '_LC1_C3', type is buried 
_LC1_C3  = LCELL( _EQ006);
  _EQ006 =  DF4 & !TMP_T
         #  DB4 &  TMP_T;

-- Node name is '|mux8x2:mx|:157' 
-- Equation name is '_LC2_C3', type is buried 
_LC2_C3  = LCELL( _EQ007);
  _EQ007 =  DF5 & !TMP_T
         #  DB5 &  TMP_T;

-- Node name is '|mux8x2:mx|:163' 
-- Equation name is '_LC4_C3', type is buried 
_LC4_C3  = LCELL( _EQ008);
  _EQ008 =  DF6 & !TMP_T
         #  DB6 &  TMP_T;

-- Node name is '|mux8x2:mx|:169' 
-- Equation name is '_LC8_C3', type is buried 
_LC8_C3  = LCELL( _EQ009);
  _EQ009 =  DF7 & !TMP_T
         #  DB7 &  TMP_T;

-- Node name is '|rstrigger:rstr|:66' 
-- Equation name is '_LC1_C13', type is buried 
_LC1_C13 = LCELL( _EQ010);
  _EQ010 =  CLKB
         # !CLKF &  _LC1_C13;



Project Information               k:\polytekh\max+plusii\lab20\vhdl\dff8ds.rpt

** COMPILATION SETTINGS & TIMES **

Processing Menu Commands
------------------------

Design Doctor                             = off

Logic Synthesis:

   Synthesis Type Used                    = Multi-Level

   Default Synthesis Style                = NORMAL

      Logic option settings in 'NORMAL' style for 'FLEX10K' family

      CARRY_CHAIN                         = ignore
      CARRY_CHAIN_LENGTH                  = 32
      CASCADE_CHAIN                       = ignore
      CASCADE_CHAIN_LENGTH                = 2
      DECOMPOSE_GATES                     = on
      DUPLICATE_LOGIC_EXTRACTION          = on
      MINIMIZATION                        = full
      MULTI_LEVEL_FACTORING               = on
      NOT_GATE_PUSH_BACK                  = on
      REDUCE_LOGIC                        = on
      REFACTORIZATION                     = on
      REGISTER_OPTIMIZATION               = on
      RESYNTHESIZE_NETWORK                = on
      SLOW_SLEW_RATE                      = off
      SUBFACTOR_EXTRACTION                = on
      IGNORE_SOFT_BUFFERS                 = on
      USE_LPM_FOR_AHDL_OPERATORS          = off

   Other logic synthesis settings:

      Automatic Global Clock              = on
      Automatic Global Clear              = on
      Automatic Global Preset             = on
      Automatic Global Output Enable      = on
      Automatic Fast I/O                  = off
      Automatic Register Packing          = off
      Automatic Open-Drain Pins           = on
      Automatic Implement in EAB          = off
      Optimize                            = 5

Default Timing Specifications: None

Cut All Bidir Feedback Timing Paths       = on
Cut All Clear & Preset Timing Paths       = on

Ignore Timing Assignments                 = off

Functional SNF Extractor                  = off

Linked SNF Extractor                      = off
Timing SNF Extractor                      = on
Optimize Timing SNF                       = off
Generate AHDL TDO File                    = off
Fitter Settings                           = NORMAL
Smart Recompile                           = off
Total Recompile                           = off

Interfaces Menu Commands
------------------------

EDIF Netlist Writer                       = off
Verilog Netlist Writer                    = off
VHDL Netlist Writer                       = off

Compilation Times
-----------------

   Compiler Netlist Extractor             00:00:04
   Database Builder                       00:00:00
   Logic Synthesizer                      00:00:00
   Partitioner                            00:00:00
   Fitter                                 00:00:01
   Timing SNF Extractor                   00:00:00
   Assembler                              00:00:01
   --------------------------             --------
   Total Time                             00:00:06


Memory Allocated
-----------------

Peak memory allocated during compilation  = 14,309K
