Project Informationc:\program files\max2work\20\fifolifokesh\fifolifokesh\vhdl\fifo.rpt

MAX+plus II Compiler Report File
Version 9.01 07/30/98
Compiled: 09/30/15 11:34:51

Copyright (C) 1988-1998 Altera Corporation
Any megafunction design, and related net list (encrypted or decrypted),
support information, device programming or simulation file, and any other
associated documentation or information provided by Altera or a partner
under Altera's Megafunction Partnership Program may be used only to
program PLD devices (but not masked PLD devices) from Altera.  Any other
use of such megafunction design, net list, support information, device
programming or simulation file, or any other related documentation or
information is prohibited for any other purpose, including, but not
limited to modification, reverse engineering, de-compiling, or use with
any other silicon devices, unless such use is explicitly licensed under
a separate agreement with Altera or a megafunction partner.  Title to
the intellectual property, including patents, copyrights, trademarks,
trade secrets, or maskworks, embodied in any such megafunction design,
net list, support information, device programming or simulation file, or
any other related documentation or information provided by Altera or a
megafunction partner, remains with Altera, the megafunction partner, or
their respective licensors.  No other licenses, including any licenses
needed under any third party's intellectual property, are provided herein.



***** Project compilation was successful


FIFO


** DEVICE SUMMARY **

Chip/                     Input Output Bidir  Memory  Memory  			 LCs
POF       Device          Pins  Pins   Pins   Bits % Utilized  LCs  % Utilized

fifo      EPF10K10LC84-3   11     0      19   0         0  %    184      31 %

User Pins:                 11     0      19 



Project Informationc:\program files\max2work\20\fifolifokesh\fifolifokesh\vhdl\fifo.rpt

** FILE HIERARCHY **



|counter:rcntr|
|counter:wcntr|
|rstrigger:rstr|
|comp3:cmp|
|aa5and2:fand|
|aa5and2:eand|
|fbuffer:buf|
|fbuffer:buf|demux8:dm8|
|fbuffer:buf|mem8:mem8_0|
|fbuffer:buf|mem8:mem8_0|aa5dff:dff0|
|fbuffer:buf|mem8:mem8_0|aa5dff:dff1|
|fbuffer:buf|mem8:mem8_0|aa5dff:dff2|
|fbuffer:buf|mem8:mem8_0|aa5dff:dff3|
|fbuffer:buf|mem8:mem8_0|aa5dff:dff4|
|fbuffer:buf|mem8:mem8_0|aa5dff:dff5|
|fbuffer:buf|mem8:mem8_0|aa5dff:dff6|
|fbuffer:buf|mem8:mem8_0|aa5dff:dff7|
|fbuffer:buf|mem8:mem8_1|
|fbuffer:buf|mem8:mem8_1|aa5dff:dff0|
|fbuffer:buf|mem8:mem8_1|aa5dff:dff1|
|fbuffer:buf|mem8:mem8_1|aa5dff:dff2|
|fbuffer:buf|mem8:mem8_1|aa5dff:dff3|
|fbuffer:buf|mem8:mem8_1|aa5dff:dff4|
|fbuffer:buf|mem8:mem8_1|aa5dff:dff5|
|fbuffer:buf|mem8:mem8_1|aa5dff:dff6|
|fbuffer:buf|mem8:mem8_1|aa5dff:dff7|
|fbuffer:buf|mem8:mem8_2|
|fbuffer:buf|mem8:mem8_2|aa5dff:dff0|
|fbuffer:buf|mem8:mem8_2|aa5dff:dff1|
|fbuffer:buf|mem8:mem8_2|aa5dff:dff2|
|fbuffer:buf|mem8:mem8_2|aa5dff:dff3|
|fbuffer:buf|mem8:mem8_2|aa5dff:dff4|
|fbuffer:buf|mem8:mem8_2|aa5dff:dff5|
|fbuffer:buf|mem8:mem8_2|aa5dff:dff6|
|fbuffer:buf|mem8:mem8_2|aa5dff:dff7|
|fbuffer:buf|mem8:mem8_3|
|fbuffer:buf|mem8:mem8_3|aa5dff:dff0|
|fbuffer:buf|mem8:mem8_3|aa5dff:dff1|
|fbuffer:buf|mem8:mem8_3|aa5dff:dff2|
|fbuffer:buf|mem8:mem8_3|aa5dff:dff3|
|fbuffer:buf|mem8:mem8_3|aa5dff:dff4|
|fbuffer:buf|mem8:mem8_3|aa5dff:dff5|
|fbuffer:buf|mem8:mem8_3|aa5dff:dff6|
|fbuffer:buf|mem8:mem8_3|aa5dff:dff7|
|fbuffer:buf|mem8:mem8_4|
|fbuffer:buf|mem8:mem8_4|aa5dff:dff0|
|fbuffer:buf|mem8:mem8_4|aa5dff:dff1|
|fbuffer:buf|mem8:mem8_4|aa5dff:dff2|
|fbuffer:buf|mem8:mem8_4|aa5dff:dff3|
|fbuffer:buf|mem8:mem8_4|aa5dff:dff4|
|fbuffer:buf|mem8:mem8_4|aa5dff:dff5|
|fbuffer:buf|mem8:mem8_4|aa5dff:dff6|
|fbuffer:buf|mem8:mem8_4|aa5dff:dff7|
|fbuffer:buf|mem8:mem8_5|
|fbuffer:buf|mem8:mem8_5|aa5dff:dff0|
|fbuffer:buf|mem8:mem8_5|aa5dff:dff1|
|fbuffer:buf|mem8:mem8_5|aa5dff:dff2|
|fbuffer:buf|mem8:mem8_5|aa5dff:dff3|
|fbuffer:buf|mem8:mem8_5|aa5dff:dff4|
|fbuffer:buf|mem8:mem8_5|aa5dff:dff5|
|fbuffer:buf|mem8:mem8_5|aa5dff:dff6|
|fbuffer:buf|mem8:mem8_5|aa5dff:dff7|
|fbuffer:buf|mem8:mem8_6|
|fbuffer:buf|mem8:mem8_6|aa5dff:dff0|
|fbuffer:buf|mem8:mem8_6|aa5dff:dff1|
|fbuffer:buf|mem8:mem8_6|aa5dff:dff2|
|fbuffer:buf|mem8:mem8_6|aa5dff:dff3|
|fbuffer:buf|mem8:mem8_6|aa5dff:dff4|
|fbuffer:buf|mem8:mem8_6|aa5dff:dff5|
|fbuffer:buf|mem8:mem8_6|aa5dff:dff6|
|fbuffer:buf|mem8:mem8_6|aa5dff:dff7|
|fbuffer:buf|mem8:mem8_7|
|fbuffer:buf|mem8:mem8_7|aa5dff:dff0|
|fbuffer:buf|mem8:mem8_7|aa5dff:dff1|
|fbuffer:buf|mem8:mem8_7|aa5dff:dff2|
|fbuffer:buf|mem8:mem8_7|aa5dff:dff3|
|fbuffer:buf|mem8:mem8_7|aa5dff:dff4|
|fbuffer:buf|mem8:mem8_7|aa5dff:dff5|
|fbuffer:buf|mem8:mem8_7|aa5dff:dff6|
|fbuffer:buf|mem8:mem8_7|aa5dff:dff7|
|fbuffer:buf|mux8x8:mx8x8|
|fbuffer:buf|mem8:mem8_out|
|fbuffer:buf|mem8:mem8_out|aa5dff:dff0|
|fbuffer:buf|mem8:mem8_out|aa5dff:dff1|
|fbuffer:buf|mem8:mem8_out|aa5dff:dff2|
|fbuffer:buf|mem8:mem8_out|aa5dff:dff3|
|fbuffer:buf|mem8:mem8_out|aa5dff:dff4|
|fbuffer:buf|mem8:mem8_out|aa5dff:dff5|
|fbuffer:buf|mem8:mem8_out|aa5dff:dff6|
|fbuffer:buf|mem8:mem8_out|aa5dff:dff7|


Device-Specific Information:c:\program files\max2work\20\fifolifokesh\fifolifokesh\vhdl\fifo.rpt
fifo

***** Logic for device 'fifo' compiled without errors.




Device: EPF10K10LC84-3

FLEX 10K Configuration Scheme: Passive Serial

Device Options:
    User-Supplied Start-Up Clock               = OFF
    Auto-Restart Configuration on Frame Error  = OFF
    Release Clears Before Tri-States           = OFF
    Enable Chip_Wide Reset                     = OFF
    Enable Chip-Wide Output Enable             = OFF
    Enable INIT_DONE Output                    = OFF
    JTAG User Code                             = 7f

                                                                         ^     
                                                                         C     
                         R     R  R     R                 R     R  R     O     
                         E     E  E     E                 E     E  E     N     
                         S     S  S  V  S              G  S     S  S     F     
                D  D  D  E  D  E  E  C  E  D     D  D  N  E     E  E     _  ^  
                A  A  A  R  A  R  R  C  R  A     A  A  D  R     R  R  #  D  n  
                T  T  T  V  T  V  V  I  V  T     T  T  I  V     V  V  T  O  C  
                A  A  A  E  A  E  E  N  E  A  W  A  A  N  E  Q  E  E  C  N  E  
                1  5  4  D  0  D  D  T  D  2  R  7  3  T  D  6  D  D  K  E  O  
              -----------------------------------------------------------------_ 
            /  11 10  9  8  7  6  5  4  3  2  1 84 83 82 81 80 79 78 77 76 75   | 
    ^DATA0 | 12                                                              74 | #TDO 
     ^DCLK | 13                                                              73 | TMP_AWR0 
      ^nCE | 14                                                              72 | RESERVED 
      #TDI | 15                                                              71 | Q2 
  TMP_ARD0 | 16                                                              70 | Q1 
        Q7 | 17                                                              69 | RESERVED 
  TMP_ARD1 | 18                                                              68 | GNDINT 
  TMP_ARD2 | 19                                                              67 | FULL 
    VCCINT | 20                                                              66 | Q0 
  TMP_REQW | 21                                                              65 | EMPTY 
     TMP_T | 22                        EPF10K10LC84-3                        64 | Q3 
        Q4 | 23                                                              63 | VCCINT 
    TMP_TI | 24                                                              62 | RESERVED 
        Q5 | 25                                                              61 | RESERVED 
    GNDINT | 26                                                              60 | RESERVED 
  RESERVED | 27                                                              59 | RESERVED 
  RESERVED | 28                                                              58 | RESERVED 
  RESERVED | 29                                                              57 | #TMS 
  RESERVED | 30                                                              56 | #nTRST 
    ^MSEL0 | 31                                                              55 | ^nSTATUS 
    ^MSEL1 | 32                                                              54 | RESERVED 
           |_  33 34 35 36 37 38 39 40 41 42 43 44 45 46 47 48 49 50 51 52 53  _| 
             ------------------------------------------------------------------ 
                V  ^  R  R  R  R  R  V  G  R  R  D  V  G  R  R  R  T  T  R  R  
                C  n  E  E  E  E  E  C  N  E  D  A  C  N  E  E  E  M  M  E  E  
                C  C  S  S  S  S  S  C  D  S     T  C  D  S  S  S  P  P  S  S  
                I  O  E  E  E  E  E  I  I  E     A  I  I  E  E  E  _  _  E  E  
                N  N  R  R  R  R  R  N  N  T     6  N  N  R  R  R  A  A  R  R  
                T  F  V  V  V  V  V  T  T           T  T  V  V  V  W  W  V  V  
                   I  E  E  E  E  E                       E  E  E  R  R  E  E  
                   G  D  D  D  D  D                       D  D  D  2  1  D  D  
                                                                               
                                                                               


N.C. = Not Connected.
VCCINT = Dedicated power pin, which MUST be connected to VCC (5.0 volts).
VCCIO = Dedicated power pin, which MUST be connected to VCC (5.0 volts).
GNDINT = Dedicated ground pin or unused dedicated input, which MUST be connected to GND.
GNDIO = Dedicated ground pin, which MUST be connected to GND.
RESERVED = Unused I/O pin, which MUST be left unconnected.

^ = Dedicated configuration pin.
+ = Reserved configuration pin, which is tri-stated during user mode.
* = Reserved configuration pin, which drives out in user mode.
PDn = Power Down pin. 
@ = Special-purpose pin. 
# = JTAG Boundary-Scan Testing/In-System Programming or Configuration Pin. The JTAG inputs (TMS, TCK, TDI) should be tied to VCC when not in use.
& = JTAG pin used for I/O. When used as user I/O, JTAG pins must be kept stable before and during configuration.  JTAG pin stability prevents accidental loading of JTAG instructions.


Device-Specific Information:c:\program files\max2work\20\fifolifokesh\fifolifokesh\vhdl\fifo.rpt
fifo

** RESOURCE USAGE **

Logic                Column       Row                                   
Array                Interconnect Interconnect         Clears/     External  
Block   Logic Cells  Driven       Driven       Clocks  Presets   Interconnect
A1       2/ 8( 25%)   2/ 8( 25%)   0/ 8(  0%)    0/2    0/2       2/22(  9%)   
A2       8/ 8(100%)   5/ 8( 62%)   5/ 8( 62%)    1/2    1/2       3/22( 13%)   
A3       1/ 8( 12%)   0/ 8(  0%)   1/ 8( 12%)    1/2    0/2       1/22(  4%)   
A4       7/ 8( 87%)   0/ 8(  0%)   2/ 8( 25%)    2/2    0/2       9/22( 40%)   
A5       1/ 8( 12%)   0/ 8(  0%)   1/ 8( 12%)    1/2    0/2       2/22(  9%)   
A6       7/ 8( 87%)   3/ 8( 37%)   2/ 8( 25%)    0/2    0/2       7/22( 31%)   
A7       1/ 8( 12%)   0/ 8(  0%)   1/ 8( 12%)    1/2    0/2       1/22(  4%)   
A8       1/ 8( 12%)   0/ 8(  0%)   1/ 8( 12%)    1/2    0/2       1/22(  4%)   
A11      1/ 8( 12%)   0/ 8(  0%)   1/ 8( 12%)    1/2    0/2       2/22(  9%)   
A12      3/ 8( 37%)   0/ 8(  0%)   1/ 8( 12%)    1/2    0/2       6/22( 27%)   
A13      1/ 8( 12%)   1/ 8( 12%)   1/ 8( 12%)    1/2    1/2       1/22(  4%)   
A14      6/ 8( 75%)   0/ 8(  0%)   3/ 8( 37%)    1/2    0/2       8/22( 36%)   
A16      7/ 8( 87%)   4/ 8( 50%)   3/ 8( 37%)    2/2    0/2       7/22( 31%)   
A17      1/ 8( 12%)   1/ 8( 12%)   0/ 8(  0%)    1/2    1/2       3/22( 13%)   
A18      1/ 8( 12%)   1/ 8( 12%)   0/ 8(  0%)    1/2    1/2       2/22(  9%)   
A19      8/ 8(100%)   2/ 8( 25%)   0/ 8(  0%)    2/2    0/2       8/22( 36%)   
A21      5/ 8( 62%)   2/ 8( 25%)   2/ 8( 25%)    0/2    0/2       6/22( 27%)   
A22      3/ 8( 37%)   1/ 8( 12%)   1/ 8( 12%)    0/2    0/2       5/22( 22%)   
B1       1/ 8( 12%)   0/ 8(  0%)   1/ 8( 12%)    1/2    0/2       2/22(  9%)   
B2       3/ 8( 37%)   0/ 8(  0%)   1/ 8( 12%)    1/2    0/2       6/22( 27%)   
B3       8/ 8(100%)   0/ 8(  0%)   2/ 8( 25%)    2/2    0/2       8/22( 36%)   
B4       8/ 8(100%)   0/ 8(  0%)   2/ 8( 25%)    2/2    0/2       8/22( 36%)   
B9       1/ 8( 12%)   0/ 8(  0%)   1/ 8( 12%)    1/2    0/2       1/22(  4%)   
B10      1/ 8( 12%)   0/ 8(  0%)   1/ 8( 12%)    1/2    0/2       1/22(  4%)   
B11      1/ 8( 12%)   0/ 8(  0%)   1/ 8( 12%)    1/2    0/2       1/22(  4%)   
B12      1/ 8( 12%)   0/ 8(  0%)   1/ 8( 12%)    1/2    0/2       1/22(  4%)   
B13      1/ 8( 12%)   0/ 8(  0%)   1/ 8( 12%)    1/2    0/2       2/22(  9%)   
B14      2/ 8( 25%)   0/ 8(  0%)   2/ 8( 25%)    0/2    0/2       3/22( 13%)   
B15      1/ 8( 12%)   0/ 8(  0%)   1/ 8( 12%)    1/2    0/2       2/22(  9%)   
B18      8/ 8(100%)   0/ 8(  0%)   2/ 8( 25%)    2/2    0/2       8/22( 36%)   
B20      6/ 8( 75%)   3/ 8( 37%)   0/ 8(  0%)    1/2    0/2       8/22( 36%)   
B21      4/ 8( 50%)   0/ 8(  0%)   1/ 8( 12%)    2/2    0/2       6/22( 27%)   
B22      5/ 8( 62%)   1/ 8( 12%)   0/ 8(  0%)    2/2    0/2       8/22( 36%)   
B23      1/ 8( 12%)   1/ 8( 12%)   0/ 8(  0%)    1/2    0/2       1/22(  4%)   
B24      5/ 8( 62%)   1/ 8( 12%)   0/ 8(  0%)    2/2    0/2       8/22( 36%)   
C4       8/ 8(100%)   3/ 8( 37%)   0/ 8(  0%)    2/2    0/2      10/22( 45%)   
C5       8/ 8(100%)   2/ 8( 25%)   0/ 8(  0%)    2/2    0/2       8/22( 36%)   
C6       6/ 8( 75%)   0/ 8(  0%)   3/ 8( 37%)    1/2    0/2       8/22( 36%)   
C10      8/ 8(100%)   0/ 8(  0%)   2/ 8( 25%)    2/2    0/2       8/22( 36%)   
C15      6/ 8( 75%)   3/ 8( 37%)   0/ 8(  0%)    1/2    0/2       8/22( 36%)   
C16      1/ 8( 12%)   0/ 8(  0%)   1/ 8( 12%)    0/2    0/2       3/22( 13%)   
C17      4/ 8( 50%)   0/ 8(  0%)   1/ 8( 12%)    2/2    0/2       6/22( 27%)   
C18      1/ 8( 12%)   0/ 8(  0%)   1/ 8( 12%)    0/2    0/2       3/22( 13%)   
C19      1/ 8( 12%)   0/ 8(  0%)   1/ 8( 12%)    0/2    0/2       2/22(  9%)   
C20      8/ 8(100%)   0/ 8(  0%)   2/ 8( 25%)    2/2    0/2       8/22( 36%)   
C22      6/ 8( 75%)   0/ 8(  0%)   2/ 8( 25%)    0/2    0/2       8/22( 36%)   
C23      5/ 8( 62%)   1/ 8( 12%)   1/ 8( 12%)    0/2    0/2       7/22( 31%)   
C24      1/ 8( 12%)   1/ 8( 12%)   1/ 8( 12%)    0/2    0/2       2/22(  9%)   


Embedded             Column       Row                                   
Array     Embedded   Interconnect Interconnect         Read/      External  
Block     Cells      Driven       Driven       Clocks  Write    Interconnect


Total dedicated input pins used:                 6/6      (100%)
Total I/O pins used:                            24/53     ( 45%)
Total logic cells used:                        184/576    ( 31%)
Total embedded cells used:                       0/24     (  0%)
Total EABs used:                                 0/3      (  0%)
Average fan-in:                                 2.22/4    ( 55%)
Total fan-in:                                 410/2304    ( 17%)

Total input pins required:                      11
Total input I/O cell registers required:         0
Total output pins required:                      0
Total output I/O cell registers required:        0
Total buried I/O cell registers required:        0
Total bidirectional pins required:              19
Total reserved pins required                     0
Total logic cells required:                    184
Total flipflops required:                       78
Total packed registers required:                 0
Total logic cells in carry chains:               0
Total number of carry chains:                    0
Total logic cells in cascade chains:             0
Total number of cascade chains:                  0
Total single-pin Clock Enables required:         0
Total single-pin Output Enables required:        0

Synthesized logic cells:                         9/ 576   (  1%)

Logic Cell and Embedded Cell Counts

Column:  01  02  03  04  05  06  07  08  09  10  11  12  EA  13  14  15  16  17  18  19  20  21  22  23  24  Total(LC/EC)
 A:      2   8   1   7   1   7   1   1   0   0   1   3   0   1   6   0   7   1   1   8   0   5   3   0   0     64/0  
 B:      1   3   8   8   0   0   0   0   1   1   1   1   0   1   2   1   0   0   8   0   6   4   5   1   5     57/0  
 C:      0   0   0   8   8   6   0   0   0   8   0   0   0   0   0   6   1   4   1   1   8   0   6   5   1     63/0  

Total:   3  11   9  23   9  13   1   1   1   9   2   4   0   2   8   7   8   5  10   9  14   9  14   6   6    184/0  



Device-Specific Information:c:\program files\max2work\20\fifolifokesh\fifolifokesh\vhdl\fifo.rpt
fifo

** INPUTS **

                                                    Fan-In    Fan-Out
 Pin     LC     EC   Row  Col  Primitive    Code      INP  FBK  OUT  FBK  Name
   7      -     -    -    03      INPUT                0    0    0    8  DATA0
  11      -     -    -    01      INPUT                0    0    0    8  DATA1
   2      -     -    -    --      INPUT                0    0    0    8  DATA2
  83      -     -    -    13      INPUT                0    0    0    8  DATA3
   9      -     -    -    02      INPUT                0    0    0    8  DATA4
  10      -     -    -    01      INPUT                0    0    0    8  DATA5
  44      -     -    -    --      INPUT                0    0    0    8  DATA6
  84      -     -    -    --      INPUT                0    0    0    8  DATA7
  65      -     -    B    --      BIDIR                0    1    0    0  EMPTY
  67      -     -    B    --      BIDIR                0    1    0    0  FULL
  66      -     -    B    --      BIDIR                0    1    0    0  Q0
  70      -     -    A    --      BIDIR                0    1    0    0  Q1
  71      -     -    A    --      BIDIR                0    1    0    0  Q2
  64      -     -    B    --      BIDIR                0    1    0    0  Q3
  23      -     -    B    --      BIDIR                0    1    0    0  Q4
  25      -     -    B    --      BIDIR                0    1    0    0  Q5
  80      -     -    -    23      BIDIR                0    1    0    0  Q6
  17      -     -    A    --      BIDIR                0    1    0    0  Q7
  43      -     -    -    --      INPUT  G             0    0    0    2  RD
  42      -     -    -    --      INPUT  G             0    0    0    0  RESET
  16      -     -    A    --      BIDIR                0    1    0   12  TMP_ARD0
  18      -     -    A    --      BIDIR                0    1    0   11  TMP_ARD1
  19      -     -    A    --      BIDIR                0    1    0   10  TMP_ARD2
  73      -     -    A    --      BIDIR                0    1    0   15  TMP_AWR0
  51      -     -    -    18      BIDIR                0    1    0   18  TMP_AWR1
  50      -     -    -    17      BIDIR                0    1    0   17  TMP_AWR2
  21      -     -    B    --      BIDIR                0    1    0    2  TMP_REQW
  22      -     -    B    --      BIDIR                0    1    0    1  TMP_T
  24      -     -    B    --      BIDIR                0    1    0    1  TMP_TI
   1      -     -    -    --      INPUT  G             0    0    0   10  WR


Code:

s = Synthesized pin or logic cell
+ = Synchronous flipflop
/ = Slow slew-rate output
! = NOT gate push-back
r = Fitter-inserted logic cell
@ = Uses single-pin Clock Enable
& = Uses single-pin Output Enable
G = Global Source. Fan-out destinations counted here do not include destinations
that are driven using global routing resources. Refer to the Auto Global Signals,
Clock Signals, Clear Signals, Synchronous Load Signals, and Synchronous Clear Signals
Sections of this Report File for information on which signals' fan-outs are used as
Clock, Clear, Preset, Output Enable, and synchronous Load signals.


Device-Specific Information:c:\program files\max2work\20\fifolifokesh\fifolifokesh\vhdl\fifo.rpt
fifo

** OUTPUTS **

       Fed By Fed By                                Fan-In    Fan-Out
 Pin     LC     EC   Row  Col  Primitive    Code      INP  FBK  OUT  FBK  Name
  65      -     -    B    --        TRI                0    1    0    0  EMPTY
  67      -     -    B    --        TRI                0    1    0    0  FULL
  66      -     -    B    --        TRI                0    1    0    0  Q0
  70      -     -    A    --        TRI                0    1    0    0  Q1
  71      -     -    A    --        TRI                0    1    0    0  Q2
  64      -     -    B    --        TRI                0    1    0    0  Q3
  23      -     -    B    --        TRI                0    1    0    0  Q4
  25      -     -    B    --        TRI                0    1    0    0  Q5
  80      -     -    -    23        TRI                0    1    0    0  Q6
  17      -     -    A    --        TRI                0    1    0    0  Q7
  16      -     -    A    --        TRI                0    1    0   12  TMP_ARD0
  18      -     -    A    --        TRI                0    1    0   11  TMP_ARD1
  19      -     -    A    --        TRI                0    1    0   10  TMP_ARD2
  73      -     -    A    --        TRI                0    1    0   15  TMP_AWR0
  51      -     -    -    18        TRI                0    1    0   18  TMP_AWR1
  50      -     -    -    17        TRI                0    1    0   17  TMP_AWR2
  21      -     -    B    --        TRI                0    1    0    2  TMP_REQW
  22      -     -    B    --        TRI                0    1    0    1  TMP_T
  24      -     -    B    --        TRI                0    1    0    1  TMP_TI


Code:

s = Synthesized pin or logic cell
+ = Synchronous flipflop
/ = Slow slew-rate output
! = NOT gate push-back
r = Fitter-inserted logic cell
@ = Uses single-pin Clock Enable
& = Uses single-pin Output Enable


Device-Specific Information:c:\program files\max2work\20\fifolifokesh\fifolifokesh\vhdl\fifo.rpt
fifo

** BURIED LOGIC **

                                                    Fan-In    Fan-Out
 IOC     LC     EC   Row  Col  Primitive    Code      INP  FBK  OUT  FBK  Name
   -      5     -    B    14       AND2                0    2    1    0  |aa5and2:eand|:10
   -      1     -    B    14       AND2                0    2    1    0  |aa5and2:fand|:10
   -      3     -    A    06        OR2    s           0    4    0    1  |comp3:cmp|~38~1
   -      1     -    A    06        OR2                0    3    1    0  |comp3:cmp|:38
   -      1     -    A    02       DFFE   +            0    1    1    0  |counter:rcntr|Q1S (|counter:rcntr|:6)
   -      5     -    A    02       DFFE   +            0    2    1    0  |counter:rcntr|Q2S (|counter:rcntr|:7)
   -      7     -    A    02       DFFE   +            0    3    1    0  |counter:rcntr|Q3S (|counter:rcntr|:8)
   -      1     -    A    13       DFFE   +            0    1    1    0  |counter:wcntr|Q1S (|counter:wcntr|:6)
   -      1     -    A    18       DFFE   +            0    2    1    0  |counter:wcntr|Q2S (|counter:wcntr|:7)
   -      1     -    A    17       DFFE   +            0    3    1    0  |counter:wcntr|Q3S (|counter:wcntr|:8)
   -      2     -    A    06        OR2        !       0    3    0    2  |fbuffer:buf|demux8:dm8|:156
   -      1     -    C    18        OR2        !       0    3    0    4  |fbuffer:buf|demux8:dm8|:170
   -      1     -    C    16        OR2        !       0    3    0    3  |fbuffer:buf|demux8:dm8|:176
   -      5     -    C    22       AND2                0    3    0    1  |fbuffer:buf|demux8:dm8|:183
   -      3     -    A    22       AND2                0    3    0    1  |fbuffer:buf|demux8:dm8|:189
   -      4     -    A    21       AND2                0    3    0    1  |fbuffer:buf|demux8:dm8|:200
   -      6     -    A    06        OR2                1    2    0    8  |fbuffer:buf|demux8:dm8|:396
   -      5     -    C    23       AND2    s           0    3    0    2  |fbuffer:buf|demux8:dm8|~398~1
   -      1     -    C    24        OR2    s           0    2    0    4  |fbuffer:buf|demux8:dm8|~398~2
   -      7     -    A    06       AND2    s           0    3    0    2  |fbuffer:buf|demux8:dm8|~398~3
   -      5     -    A    06       AND2                1    3    0    1  |fbuffer:buf|demux8:dm8|:421
   -      4     -    A    06        OR2                0    3    0    8  |fbuffer:buf|demux8:dm8|:423
   -      3     -    C    23       AND2                0    3    0    1  |fbuffer:buf|demux8:dm8|:446
   -      4     -    C    23        OR2                1    3    0    9  |fbuffer:buf|demux8:dm8|:450
   -      6     -    C    22        OR2                1    3    0    1  |fbuffer:buf|demux8:dm8|:468
   -      4     -    C    22        OR2    s           0    3    0    2  |fbuffer:buf|demux8:dm8|~470~1
   -      1     -    C    22       AND2                0    3    0    9  |fbuffer:buf|demux8:dm8|:477
   -      2     -    C    19        OR2    s           0    2    0    4  |fbuffer:buf|demux8:dm8|~479~1
   -      3     -    C    22        OR2                1    3    0    1  |fbuffer:buf|demux8:dm8|:492
   -      2     -    C    22       AND2                0    4    0    9  |fbuffer:buf|demux8:dm8|:504
   -      2     -    A    22        OR2                1    3    0    1  |fbuffer:buf|demux8:dm8|:516
   -      1     -    A    22        OR2                0    4    0    9  |fbuffer:buf|demux8:dm8|:531
   -      2     -    A    21       AND2                1    3    0    1  |fbuffer:buf|demux8:dm8|:541
   -      1     -    A    21        OR2                0    3    0    8  |fbuffer:buf|demux8:dm8|:558
   -      1     -    C    23        OR2    s           0    2    0    1  |fbuffer:buf|demux8:dm8|~560~1
   -      2     -    C    23       AND2    s           0    2    0    2  |fbuffer:buf|demux8:dm8|~560~2
   -      8     -    A    21        OR2                1    2    0    8  |fbuffer:buf|demux8:dm8|:585
   -      3     -    A    21        OR2    s           0    4    0    1  |fbuffer:buf|demux8:dm8|~587~1
   -      2     -    B    10       DFFE   +            0    1    1    0  |fbuffer:buf|mem8:mem8_out|aa5dff:dff0|QS (|fbuffer:buf|mem8:mem8_out|aa5dff:dff0|:4)
   -      5     -    A    03       DFFE   +            0    1    1    0  |fbuffer:buf|mem8:mem8_out|aa5dff:dff1|QS (|fbuffer:buf|mem8:mem8_out|aa5dff:dff1|:4)
   -      3     -    A    08       DFFE   +            0    1    1    0  |fbuffer:buf|mem8:mem8_out|aa5dff:dff2|QS (|fbuffer:buf|mem8:mem8_out|aa5dff:dff2|:4)
   -      7     -    B    09       DFFE   +            0    1    1    0  |fbuffer:buf|mem8:mem8_out|aa5dff:dff3|QS (|fbuffer:buf|mem8:mem8_out|aa5dff:dff3|:4)
   -      4     -    B    11       DFFE   +            0    1    1    0  |fbuffer:buf|mem8:mem8_out|aa5dff:dff4|QS (|fbuffer:buf|mem8:mem8_out|aa5dff:dff4|:4)
   -      7     -    B    12       DFFE   +            0    1    1    0  |fbuffer:buf|mem8:mem8_out|aa5dff:dff5|QS (|fbuffer:buf|mem8:mem8_out|aa5dff:dff5|:4)
   -      1     -    B    23       DFFE   +            0    1    1    0  |fbuffer:buf|mem8:mem8_out|aa5dff:dff6|QS (|fbuffer:buf|mem8:mem8_out|aa5dff:dff6|:4)
   -      3     -    A    07       DFFE   +            0    1    1    0  |fbuffer:buf|mem8:mem8_out|aa5dff:dff7|QS (|fbuffer:buf|mem8:mem8_out|aa5dff:dff7|:4)
   -      4     -    B    04       DFFE                1    1    0    1  |fbuffer:buf|mem8:mem8_0|aa5dff:dff0|QS (|fbuffer:buf|mem8:mem8_0|aa5dff:dff0|:4)
   -      6     -    A    04       DFFE                1    1    0    1  |fbuffer:buf|mem8:mem8_0|aa5dff:dff1|QS (|fbuffer:buf|mem8:mem8_0|aa5dff:dff1|:4)
   -      4     -    A    11       DFFE                1    1    0    1  |fbuffer:buf|mem8:mem8_0|aa5dff:dff2|QS (|fbuffer:buf|mem8:mem8_0|aa5dff:dff2|:4)
   -      6     -    B    03       DFFE                1    1    0    1  |fbuffer:buf|mem8:mem8_0|aa5dff:dff3|QS (|fbuffer:buf|mem8:mem8_0|aa5dff:dff3|:4)
   -      5     -    B    03       DFFE                1    1    0    1  |fbuffer:buf|mem8:mem8_0|aa5dff:dff4|QS (|fbuffer:buf|mem8:mem8_0|aa5dff:dff4|:4)
   -      5     -    B    04       DFFE                1    1    0    1  |fbuffer:buf|mem8:mem8_0|aa5dff:dff5|QS (|fbuffer:buf|mem8:mem8_0|aa5dff:dff5|:4)
   -      3     -    B    02       DFFE                1    1    0    1  |fbuffer:buf|mem8:mem8_0|aa5dff:dff6|QS (|fbuffer:buf|mem8:mem8_0|aa5dff:dff6|:4)
   -      4     -    A    04       DFFE                1    1    0    1  |fbuffer:buf|mem8:mem8_0|aa5dff:dff7|QS (|fbuffer:buf|mem8:mem8_0|aa5dff:dff7|:4)
   -      6     -    B    04       DFFE                1    1    0    1  |fbuffer:buf|mem8:mem8_1|aa5dff:dff0|QS (|fbuffer:buf|mem8:mem8_1|aa5dff:dff0|:4)
   -      7     -    A    04       DFFE                1    1    0    1  |fbuffer:buf|mem8:mem8_1|aa5dff:dff1|QS (|fbuffer:buf|mem8:mem8_1|aa5dff:dff1|:4)
   -      2     -    A    12       DFFE                1    1    0    1  |fbuffer:buf|mem8:mem8_1|aa5dff:dff2|QS (|fbuffer:buf|mem8:mem8_1|aa5dff:dff2|:4)
   -      8     -    B    03       DFFE                1    1    0    1  |fbuffer:buf|mem8:mem8_1|aa5dff:dff3|QS (|fbuffer:buf|mem8:mem8_1|aa5dff:dff3|:4)
   -      7     -    B    03       DFFE                1    1    0    1  |fbuffer:buf|mem8:mem8_1|aa5dff:dff4|QS (|fbuffer:buf|mem8:mem8_1|aa5dff:dff4|:4)
   -      7     -    B    04       DFFE                1    1    0    1  |fbuffer:buf|mem8:mem8_1|aa5dff:dff5|QS (|fbuffer:buf|mem8:mem8_1|aa5dff:dff5|:4)
   -      1     -    B    01       DFFE                1    1    0    1  |fbuffer:buf|mem8:mem8_1|aa5dff:dff6|QS (|fbuffer:buf|mem8:mem8_1|aa5dff:dff6|:4)
   -      2     -    A    05       DFFE                1    1    0    1  |fbuffer:buf|mem8:mem8_1|aa5dff:dff7|QS (|fbuffer:buf|mem8:mem8_1|aa5dff:dff7|:4)
   -      8     -    C    04       DFFE                1    1    0    1  |fbuffer:buf|mem8:mem8_2|aa5dff:dff0|QS (|fbuffer:buf|mem8:mem8_2|aa5dff:dff0|:4)
   -      7     -    C    04       DFFE                1    1    0    1  |fbuffer:buf|mem8:mem8_2|aa5dff:dff1|QS (|fbuffer:buf|mem8:mem8_2|aa5dff:dff1|:4)
   -      6     -    C    04       DFFE                1    1    0    1  |fbuffer:buf|mem8:mem8_2|aa5dff:dff2|QS (|fbuffer:buf|mem8:mem8_2|aa5dff:dff2|:4)
   -      5     -    C    15       DFFE                1    1    0    1  |fbuffer:buf|mem8:mem8_2|aa5dff:dff3|QS (|fbuffer:buf|mem8:mem8_2|aa5dff:dff3|:4)
   -      8     -    C    05       DFFE                1    1    0    1  |fbuffer:buf|mem8:mem8_2|aa5dff:dff4|QS (|fbuffer:buf|mem8:mem8_2|aa5dff:dff4|:4)
   -      6     -    C    05       DFFE                1    1    0    1  |fbuffer:buf|mem8:mem8_2|aa5dff:dff5|QS (|fbuffer:buf|mem8:mem8_2|aa5dff:dff5|:4)
   -      4     -    C    15       DFFE                1    1    0    1  |fbuffer:buf|mem8:mem8_2|aa5dff:dff6|QS (|fbuffer:buf|mem8:mem8_2|aa5dff:dff6|:4)
   -      3     -    C    15       DFFE                1    1    0    1  |fbuffer:buf|mem8:mem8_2|aa5dff:dff7|QS (|fbuffer:buf|mem8:mem8_2|aa5dff:dff7|:4)
   -      2     -    C    10       DFFE                1    1    0    1  |fbuffer:buf|mem8:mem8_3|aa5dff:dff0|QS (|fbuffer:buf|mem8:mem8_3|aa5dff:dff0|:4)
   -      6     -    C    10       DFFE                1    1    0    1  |fbuffer:buf|mem8:mem8_3|aa5dff:dff1|QS (|fbuffer:buf|mem8:mem8_3|aa5dff:dff1|:4)
   -      4     -    C    04       DFFE                1    1    0    1  |fbuffer:buf|mem8:mem8_3|aa5dff:dff2|QS (|fbuffer:buf|mem8:mem8_3|aa5dff:dff2|:4)
   -      8     -    C    20       DFFE                1    1    0    1  |fbuffer:buf|mem8:mem8_3|aa5dff:dff3|QS (|fbuffer:buf|mem8:mem8_3|aa5dff:dff3|:4)
   -      5     -    C    05       DFFE                1    1    0    1  |fbuffer:buf|mem8:mem8_3|aa5dff:dff4|QS (|fbuffer:buf|mem8:mem8_3|aa5dff:dff4|:4)
   -      4     -    C    05       DFFE                1    1    0    1  |fbuffer:buf|mem8:mem8_3|aa5dff:dff5|QS (|fbuffer:buf|mem8:mem8_3|aa5dff:dff5|:4)
   -      4     -    C    17       DFFE                1    1    0    1  |fbuffer:buf|mem8:mem8_3|aa5dff:dff6|QS (|fbuffer:buf|mem8:mem8_3|aa5dff:dff6|:4)
   -      7     -    C    20       DFFE                1    1    0    1  |fbuffer:buf|mem8:mem8_3|aa5dff:dff7|QS (|fbuffer:buf|mem8:mem8_3|aa5dff:dff7|:4)
   -      5     -    C    10       DFFE                1    1    0    1  |fbuffer:buf|mem8:mem8_4|aa5dff:dff0|QS (|fbuffer:buf|mem8:mem8_4|aa5dff:dff0|:4)
   -      4     -    C    10       DFFE                1    1    0    1  |fbuffer:buf|mem8:mem8_4|aa5dff:dff1|QS (|fbuffer:buf|mem8:mem8_4|aa5dff:dff1|:4)
   -      6     -    C    06       DFFE                1    1    0    1  |fbuffer:buf|mem8:mem8_4|aa5dff:dff2|QS (|fbuffer:buf|mem8:mem8_4|aa5dff:dff2|:4)
   -      6     -    C    20       DFFE                1    1    0    1  |fbuffer:buf|mem8:mem8_4|aa5dff:dff3|QS (|fbuffer:buf|mem8:mem8_4|aa5dff:dff3|:4)
   -      5     -    C    06       DFFE                1    1    0    1  |fbuffer:buf|mem8:mem8_4|aa5dff:dff4|QS (|fbuffer:buf|mem8:mem8_4|aa5dff:dff4|:4)
   -      4     -    C    06       DFFE                1    1    0    1  |fbuffer:buf|mem8:mem8_4|aa5dff:dff5|QS (|fbuffer:buf|mem8:mem8_4|aa5dff:dff5|:4)
   -      2     -    C    17       DFFE                1    1    0    1  |fbuffer:buf|mem8:mem8_4|aa5dff:dff6|QS (|fbuffer:buf|mem8:mem8_4|aa5dff:dff6|:4)
   -      2     -    C    20       DFFE                1    1    0    1  |fbuffer:buf|mem8:mem8_4|aa5dff:dff7|QS (|fbuffer:buf|mem8:mem8_4|aa5dff:dff7|:4)
   -      4     -    B    20       DFFE                1    1    0    1  |fbuffer:buf|mem8:mem8_5|aa5dff:dff0|QS (|fbuffer:buf|mem8:mem8_5|aa5dff:dff0|:4)
   -      2     -    A    19       DFFE                1    1    0    1  |fbuffer:buf|mem8:mem8_5|aa5dff:dff1|QS (|fbuffer:buf|mem8:mem8_5|aa5dff:dff1|:4)
   -      3     -    A    19       DFFE                1    1    0    1  |fbuffer:buf|mem8:mem8_5|aa5dff:dff2|QS (|fbuffer:buf|mem8:mem8_5|aa5dff:dff2|:4)
   -      1     -    B    13       DFFE                1    1    0    1  |fbuffer:buf|mem8:mem8_5|aa5dff:dff3|QS (|fbuffer:buf|mem8:mem8_5|aa5dff:dff3|:4)
   -      3     -    B    15       DFFE                1    1    0    1  |fbuffer:buf|mem8:mem8_5|aa5dff:dff4|QS (|fbuffer:buf|mem8:mem8_5|aa5dff:dff4|:4)
   -      5     -    B    20       DFFE                1    1    0    1  |fbuffer:buf|mem8:mem8_5|aa5dff:dff5|QS (|fbuffer:buf|mem8:mem8_5|aa5dff:dff5|:4)
   -      6     -    B    20       DFFE                1    1    0    1  |fbuffer:buf|mem8:mem8_5|aa5dff:dff6|QS (|fbuffer:buf|mem8:mem8_5|aa5dff:dff6|:4)
   -      5     -    A    16       DFFE                1    1    0    1  |fbuffer:buf|mem8:mem8_5|aa5dff:dff7|QS (|fbuffer:buf|mem8:mem8_5|aa5dff:dff7|:4)
   -      1     -    B    21       DFFE                1    1    0    1  |fbuffer:buf|mem8:mem8_6|aa5dff:dff0|QS (|fbuffer:buf|mem8:mem8_6|aa5dff:dff0|:4)
   -      5     -    A    19       DFFE                1    1    0    1  |fbuffer:buf|mem8:mem8_6|aa5dff:dff1|QS (|fbuffer:buf|mem8:mem8_6|aa5dff:dff1|:4)
   -      6     -    A    19       DFFE                1    1    0    1  |fbuffer:buf|mem8:mem8_6|aa5dff:dff2|QS (|fbuffer:buf|mem8:mem8_6|aa5dff:dff2|:4)
   -      5     -    B    22       DFFE                1    1    0    1  |fbuffer:buf|mem8:mem8_6|aa5dff:dff3|QS (|fbuffer:buf|mem8:mem8_6|aa5dff:dff3|:4)
   -      5     -    B    24       DFFE                1    1    0    1  |fbuffer:buf|mem8:mem8_6|aa5dff:dff4|QS (|fbuffer:buf|mem8:mem8_6|aa5dff:dff4|:4)
   -      8     -    B    18       DFFE                1    1    0    1  |fbuffer:buf|mem8:mem8_6|aa5dff:dff5|QS (|fbuffer:buf|mem8:mem8_6|aa5dff:dff5|:4)
   -      7     -    B    18       DFFE                1    1    0    1  |fbuffer:buf|mem8:mem8_6|aa5dff:dff6|QS (|fbuffer:buf|mem8:mem8_6|aa5dff:dff6|:4)
   -      7     -    A    16       DFFE                1    1    0    1  |fbuffer:buf|mem8:mem8_6|aa5dff:dff7|QS (|fbuffer:buf|mem8:mem8_6|aa5dff:dff7|:4)
   -      2     -    B    21       DFFE                1    1    0    1  |fbuffer:buf|mem8:mem8_7|aa5dff:dff0|QS (|fbuffer:buf|mem8:mem8_7|aa5dff:dff0|:4)
   -      4     -    A    14       DFFE                1    1    0    1  |fbuffer:buf|mem8:mem8_7|aa5dff:dff1|QS (|fbuffer:buf|mem8:mem8_7|aa5dff:dff1|:4)
   -      5     -    A    14       DFFE                1    1    0    1  |fbuffer:buf|mem8:mem8_7|aa5dff:dff2|QS (|fbuffer:buf|mem8:mem8_7|aa5dff:dff2|:4)
   -      1     -    B    22       DFFE                1    1    0    1  |fbuffer:buf|mem8:mem8_7|aa5dff:dff3|QS (|fbuffer:buf|mem8:mem8_7|aa5dff:dff3|:4)
   -      4     -    B    24       DFFE                1    1    0    1  |fbuffer:buf|mem8:mem8_7|aa5dff:dff4|QS (|fbuffer:buf|mem8:mem8_7|aa5dff:dff4|:4)
   -      5     -    B    18       DFFE                1    1    0    1  |fbuffer:buf|mem8:mem8_7|aa5dff:dff5|QS (|fbuffer:buf|mem8:mem8_7|aa5dff:dff5|:4)
   -      6     -    B    18       DFFE                1    1    0    1  |fbuffer:buf|mem8:mem8_7|aa5dff:dff6|QS (|fbuffer:buf|mem8:mem8_7|aa5dff:dff6|:4)
   -      6     -    A    14       DFFE                1    1    0    1  |fbuffer:buf|mem8:mem8_7|aa5dff:dff7|QS (|fbuffer:buf|mem8:mem8_7|aa5dff:dff7|:4)
   -      6     -    A    02       AND2                0    3    0    8  |fbuffer:buf|mux8x8:mx8x8|:219
   -      2     -    A    02       AND2                0    3    0    8  |fbuffer:buf|mux8x8:mx8x8|:226
   -      8     -    A    02       AND2                0    3    0    8  |fbuffer:buf|mux8x8:mx8x8|:233
   -      4     -    A    02       AND2                0    3    0    8  |fbuffer:buf|mux8x8:mx8x8|:239
   -      3     -    A    02       AND2                0    3    0    8  |fbuffer:buf|mux8x8:mx8x8|:246
   -      4     -    A    16       AND2                0    3    0    8  |fbuffer:buf|mux8x8:mx8x8|:252
   -      3     -    A    16       AND2                0    3    0    8  |fbuffer:buf|mux8x8:mx8x8|:258
   -      1     -    A    16       AND2                0    3    0    8  |fbuffer:buf|mux8x8:mx8x8|:263
   -      3     -    B    21        OR2                0    3    0    1  |fbuffer:buf|mux8x8:mx8x8|:529
   -      4     -    B    21        OR2                0    3    0    1  |fbuffer:buf|mux8x8:mx8x8|:535
   -      1     -    B    20        OR2                0    3    0    1  |fbuffer:buf|mux8x8:mx8x8|:541
   -      8     -    C    10        OR2                0    3    0    1  |fbuffer:buf|mux8x8:mx8x8|:547
   -      1     -    C    10        OR2                0    3    0    1  |fbuffer:buf|mux8x8:mx8x8|:553
   -      1     -    C    04        OR2                0    3    0    1  |fbuffer:buf|mux8x8:mx8x8|:559
   -      8     -    B    04        OR2                0    3    0    1  |fbuffer:buf|mux8x8:mx8x8|:565
   -      2     -    B    04        OR2                0    3    0    2  |fbuffer:buf|mux8x8:mx8x8|:571
   -      1     -    A    14        OR2                0    3    0    1  |fbuffer:buf|mux8x8:mx8x8|:577
   -      8     -    A    19        OR2                0    3    0    1  |fbuffer:buf|mux8x8:mx8x8|:580
   -      4     -    A    19        OR2                0    3    0    1  |fbuffer:buf|mux8x8:mx8x8|:583
   -      7     -    C    10        OR2                0    3    0    1  |fbuffer:buf|mux8x8:mx8x8|:586
   -      3     -    C    10        OR2                0    3    0    1  |fbuffer:buf|mux8x8:mx8x8|:589
   -      2     -    C    04        OR2                0    3    0    1  |fbuffer:buf|mux8x8:mx8x8|:592
   -      3     -    A    04        OR2                0    3    0    1  |fbuffer:buf|mux8x8:mx8x8|:595
   -      1     -    A    04        OR2                0    3    0    2  |fbuffer:buf|mux8x8:mx8x8|:598
   -      2     -    A    14        OR2                0    3    0    1  |fbuffer:buf|mux8x8:mx8x8|:604
   -      7     -    A    19        OR2                0    3    0    1  |fbuffer:buf|mux8x8:mx8x8|:607
   -      1     -    A    19        OR2                0    3    0    1  |fbuffer:buf|mux8x8:mx8x8|:610
   -      1     -    C    06        OR2                0    3    0    1  |fbuffer:buf|mux8x8:mx8x8|:613
   -      5     -    C    04        OR2                0    3    0    1  |fbuffer:buf|mux8x8:mx8x8|:616
   -      3     -    C    04        OR2                0    3    0    1  |fbuffer:buf|mux8x8:mx8x8|:619
   -      1     -    A    12        OR2                0    3    0    1  |fbuffer:buf|mux8x8:mx8x8|:622
   -      7     -    A    12        OR2                0    3    0    2  |fbuffer:buf|mux8x8:mx8x8|:625
   -      2     -    B    22        OR2                0    3    0    1  |fbuffer:buf|mux8x8:mx8x8|:631
   -      3     -    B    22        OR2                0    3    0    1  |fbuffer:buf|mux8x8:mx8x8|:634
   -      4     -    B    22        OR2                0    3    0    1  |fbuffer:buf|mux8x8:mx8x8|:637
   -      4     -    C    20        OR2                0    3    0    1  |fbuffer:buf|mux8x8:mx8x8|:640
   -      5     -    C    20        OR2                0    3    0    1  |fbuffer:buf|mux8x8:mx8x8|:643
   -      6     -    C    15        OR2                0    3    0    1  |fbuffer:buf|mux8x8:mx8x8|:646
   -      2     -    B    03        OR2                0    3    0    1  |fbuffer:buf|mux8x8:mx8x8|:649
   -      1     -    B    03        OR2                0    3    0    2  |fbuffer:buf|mux8x8:mx8x8|:652
   -      2     -    B    24        OR2                0    3    0    1  |fbuffer:buf|mux8x8:mx8x8|:658
   -      3     -    B    24        OR2                0    3    0    1  |fbuffer:buf|mux8x8:mx8x8|:661
   -      1     -    B    24        OR2                0    3    0    1  |fbuffer:buf|mux8x8:mx8x8|:664
   -      3     -    C    06        OR2                0    3    0    1  |fbuffer:buf|mux8x8:mx8x8|:667
   -      2     -    C    05        OR2                0    3    0    1  |fbuffer:buf|mux8x8:mx8x8|:670
   -      7     -    C    05        OR2                0    3    0    1  |fbuffer:buf|mux8x8:mx8x8|:673
   -      3     -    B    03        OR2                0    3    0    1  |fbuffer:buf|mux8x8:mx8x8|:676
   -      4     -    B    03        OR2                0    3    0    2  |fbuffer:buf|mux8x8:mx8x8|:679
   -      4     -    B    18        OR2                0    3    0    1  |fbuffer:buf|mux8x8:mx8x8|:685
   -      2     -    B    18        OR2                0    3    0    1  |fbuffer:buf|mux8x8:mx8x8|:688
   -      2     -    B    20        OR2                0    3    0    1  |fbuffer:buf|mux8x8:mx8x8|:691
   -      2     -    C    06        OR2                0    3    0    1  |fbuffer:buf|mux8x8:mx8x8|:694
   -      1     -    C    05        OR2                0    3    0    1  |fbuffer:buf|mux8x8:mx8x8|:697
   -      3     -    C    05        OR2                0    3    0    1  |fbuffer:buf|mux8x8:mx8x8|:700
   -      1     -    B    04        OR2                0    3    0    1  |fbuffer:buf|mux8x8:mx8x8|:703
   -      3     -    B    04        OR2                0    3    0    2  |fbuffer:buf|mux8x8:mx8x8|:706
   -      3     -    B    18        OR2                0    3    0    1  |fbuffer:buf|mux8x8:mx8x8|:712
   -      1     -    B    18        OR2                0    3    0    1  |fbuffer:buf|mux8x8:mx8x8|:715
   -      3     -    B    20        OR2                0    3    0    1  |fbuffer:buf|mux8x8:mx8x8|:718
   -      3     -    C    17        OR2                0    3    0    1  |fbuffer:buf|mux8x8:mx8x8|:721
   -      1     -    C    17        OR2                0    3    0    1  |fbuffer:buf|mux8x8:mx8x8|:724
   -      1     -    C    15        OR2                0    3    0    1  |fbuffer:buf|mux8x8:mx8x8|:727
   -      2     -    B    02        OR2                0    3    0    1  |fbuffer:buf|mux8x8:mx8x8|:730
   -      1     -    B    02        OR2                0    3    0    2  |fbuffer:buf|mux8x8:mx8x8|:733
   -      3     -    A    14        OR2                0    3    0    1  |fbuffer:buf|mux8x8:mx8x8|:739
   -      6     -    A    16        OR2                0    3    0    1  |fbuffer:buf|mux8x8:mx8x8|:742
   -      2     -    A    16        OR2                0    3    0    1  |fbuffer:buf|mux8x8:mx8x8|:745
   -      3     -    C    20        OR2                0    3    0    1  |fbuffer:buf|mux8x8:mx8x8|:748
   -      1     -    C    20        OR2                0    3    0    1  |fbuffer:buf|mux8x8:mx8x8|:751
   -      2     -    C    15        OR2                0    3    0    1  |fbuffer:buf|mux8x8:mx8x8|:754
   -      2     -    A    04        OR2                0    3    0    1  |fbuffer:buf|mux8x8:mx8x8|:757
   -      5     -    A    04        OR2                0    3    0    2  |fbuffer:buf|mux8x8:mx8x8|:760
   -      2     -    A    01        OR2                2    0    1    0  |rstrigger:rstr|:66
   -      6     -    A    01        OR2                2    0    1    0  |rstrigger:rstr|:72


Code:

s = Synthesized pin or logic cell
+ = Synchronous flipflop
/ = Slow slew-rate output
! = NOT gate push-back
r = Fitter-inserted logic cell
p = Packed register


Device-Specific Information:c:\program files\max2work\20\fifolifokesh\fifolifokesh\vhdl\fifo.rpt
fifo

** FASTTRACK INTERCONNECT UTILIZATION **

Row FastTrack Interconnect:

          Global         Left Half-      Right Half-
         FastTrack       FastTrack       FastTrack 
Row     Interconnect    Interconnect    Interconnect    Input Pins     Output Pins     Bidir Pins
A:      13/ 96( 13%)    12/ 48( 25%)    12/ 48( 25%)    0/16(  0%)      0/16(  0%)     7/16( 43%)
B:      16/ 96( 16%)    13/ 48( 27%)    13/ 48( 27%)    0/16(  0%)      0/16(  0%)     9/16( 56%)
C:      11/ 96( 11%)     9/ 48( 18%)    14/ 48( 29%)    0/16(  0%)      0/16(  0%)     0/16(  0%)


Column FastTrack Interconnect:

         FastTrack                                 
Column  Interconnect    Input Pins     Output Pins     Bidir Pins
01:      5/24( 20%)     2/4( 50%)      0/4(  0%)       0/4(  0%)
02:      5/24( 20%)     1/4( 25%)      0/4(  0%)       0/4(  0%)
03:      2/24(  8%)     1/4( 25%)      0/4(  0%)       0/4(  0%)
04:      2/24(  8%)     0/4(  0%)      0/4(  0%)       0/4(  0%)
05:      1/24(  4%)     0/4(  0%)      0/4(  0%)       0/4(  0%)
06:      4/24( 16%)     0/4(  0%)      0/4(  0%)       0/4(  0%)
07:      0/24(  0%)     0/4(  0%)      0/4(  0%)       0/4(  0%)
08:      0/24(  0%)     0/4(  0%)      0/4(  0%)       0/4(  0%)
09:      0/24(  0%)     0/4(  0%)      0/4(  0%)       0/4(  0%)
10:      0/24(  0%)     0/4(  0%)      0/4(  0%)       0/4(  0%)
11:      0/24(  0%)     0/4(  0%)      0/4(  0%)       0/4(  0%)
12:      0/24(  0%)     0/4(  0%)      0/4(  0%)       0/4(  0%)
13:      1/24(  4%)     1/4( 25%)      0/4(  0%)       0/4(  0%)
14:      0/24(  0%)     0/4(  0%)      0/4(  0%)       0/4(  0%)
15:      2/24(  8%)     0/4(  0%)      0/4(  0%)       0/4(  0%)
16:      5/24( 20%)     0/4(  0%)      0/4(  0%)       0/4(  0%)
17:      2/24(  8%)     0/4(  0%)      0/4(  0%)       1/4( 25%)
18:      2/24(  8%)     0/4(  0%)      0/4(  0%)       1/4( 25%)
19:      3/24( 12%)     0/4(  0%)      0/4(  0%)       0/4(  0%)
20:      2/24(  8%)     0/4(  0%)      0/4(  0%)       0/4(  0%)
21:      4/24( 16%)     0/4(  0%)      0/4(  0%)       0/4(  0%)
22:      0/24(  0%)     0/4(  0%)      0/4(  0%)       0/4(  0%)
23:      2/24(  8%)     0/4(  0%)      0/4(  0%)       1/4( 25%)
24:      3/24( 12%)     0/4(  0%)      0/4(  0%)       0/4(  0%)
EA:      0/24(  0%)     0/4(  0%)      0/4(  0%)       0/4(  0%)


Device-Specific Information:c:\program files\max2work\20\fifolifokesh\fifolifokesh\vhdl\fifo.rpt
fifo

** CLOCK SIGNALS **

Type     Fan-out       Name
INPUT       13         RD
INPUT       13         WR
LCELL        9         |fbuffer:buf|demux8:dm8|:396
LCELL        9         |fbuffer:buf|demux8:dm8|:423
LCELL        9         |fbuffer:buf|demux8:dm8|:450
LCELL        9         |fbuffer:buf|demux8:dm8|:477
LCELL        9         |fbuffer:buf|demux8:dm8|:504
LCELL        9         |fbuffer:buf|demux8:dm8|:531
LCELL        9         |fbuffer:buf|demux8:dm8|:558
LCELL        9         |fbuffer:buf|demux8:dm8|:585


Device-Specific Information:c:\program files\max2work\20\fifolifokesh\fifolifokesh\vhdl\fifo.rpt
fifo

** CLEAR SIGNALS **

Type     Fan-out       Name
INPUT        6         RESET


Device-Specific Information:c:\program files\max2work\20\fifolifokesh\fifolifokesh\vhdl\fifo.rpt
fifo

** EQUATIONS **

DATA0    : INPUT;
DATA1    : INPUT;
DATA2    : INPUT;
DATA3    : INPUT;
DATA4    : INPUT;
DATA5    : INPUT;
DATA6    : INPUT;
DATA7    : INPUT;
RD       : INPUT;
RESET    : INPUT;
WR       : INPUT;

-- Node name is 'EMPTY' 
-- Equation name is 'EMPTY', type is bidir 
EMPTY    = TRI(_LC5_B14,  VCC);

-- Node name is 'FULL' 
-- Equation name is 'FULL', type is bidir 
FULL     = TRI(_LC1_B14,  VCC);

-- Node name is 'Q0' 
-- Equation name is 'Q0', type is bidir 
Q0       = TRI(_LC2_B10,  VCC);

-- Node name is 'Q1' 
-- Equation name is 'Q1', type is bidir 
Q1       = TRI(_LC5_A3,  VCC);

-- Node name is 'Q2' 
-- Equation name is 'Q2', type is bidir 
Q2       = TRI(_LC3_A8,  VCC);

-- Node name is 'Q3' 
-- Equation name is 'Q3', type is bidir 
Q3       = TRI(_LC7_B9,  VCC);

-- Node name is 'Q4' 
-- Equation name is 'Q4', type is bidir 
Q4       = TRI(_LC4_B11,  VCC);

-- Node name is 'Q5' 
-- Equation name is 'Q5', type is bidir 
Q5       = TRI(_LC7_B12,  VCC);

-- Node name is 'Q6' 
-- Equation name is 'Q6', type is bidir 
Q6       = TRI(_LC1_B23,  VCC);

-- Node name is 'Q7' 
-- Equation name is 'Q7', type is bidir 
Q7       = TRI(_LC3_A7,  VCC);

-- Node name is 'TMP_ARD0' 
-- Equation name is 'TMP_ARD0', type is bidir 
TMP_ARD0 = TRI(_LC1_A2,  VCC);

-- Node name is 'TMP_ARD1' 
-- Equation name is 'TMP_ARD1', type is bidir 
TMP_ARD1 = TRI(_LC5_A2,  VCC);

-- Node name is 'TMP_ARD2' 
-- Equation name is 'TMP_ARD2', type is bidir 
TMP_ARD2 = TRI(_LC7_A2,  VCC);

-- Node name is 'TMP_AWR0' 
-- Equation name is 'TMP_AWR0', type is bidir 
TMP_AWR0 = TRI(_LC1_A13,  VCC);

-- Node name is 'TMP_AWR1' 
-- Equation name is 'TMP_AWR1', type is bidir 
TMP_AWR1 = TRI(_LC1_A18,  VCC);

-- Node name is 'TMP_AWR2' 
-- Equation name is 'TMP_AWR2', type is bidir 
TMP_AWR2 = TRI(_LC1_A17,  VCC);

-- Node name is 'TMP_REQW' 
-- Equation name is 'TMP_REQW', type is bidir 
TMP_REQW = TRI(_LC1_A6,  VCC);

-- Node name is 'TMP_T' 
-- Equation name is 'TMP_T', type is bidir 
TMP_T    = TRI(_LC2_A1,  VCC);

-- Node name is 'TMP_TI' 
-- Equation name is 'TMP_TI', type is bidir 
TMP_TI   = TRI(_LC6_A1,  VCC);

-- Node name is '|aa5and2:eand|:10' 
-- Equation name is '_LC5_B14', type is buried 
_LC5_B14 = LCELL( _EQ001);
  _EQ001 =  TMP_REQW &  TMP_TI;

-- Node name is '|aa5and2:fand|:10' 
-- Equation name is '_LC1_B14', type is buried 
_LC1_B14 = LCELL( _EQ002);
  _EQ002 =  TMP_REQW &  TMP_T;

-- Node name is '|comp3:cmp|~38~1' 
-- Equation name is '_LC3_A6', type is buried 
-- synthesized logic cell 
_LC3_A6  = LCELL( _EQ003);
  _EQ003 =  TMP_ARD0 &  TMP_ARD1 &  TMP_AWR0 &  TMP_AWR1
         # !TMP_ARD0 &  TMP_ARD1 & !TMP_AWR0 &  TMP_AWR1
         #  TMP_ARD0 & !TMP_ARD1 &  TMP_AWR0 & !TMP_AWR1
         # !TMP_ARD0 & !TMP_ARD1 & !TMP_AWR0 & !TMP_AWR1;

-- Node name is '|comp3:cmp|:38' 
-- Equation name is '_LC1_A6', type is buried 
_LC1_A6  = LCELL( _EQ004);
  _EQ004 =  _LC3_A6 &  TMP_ARD2 &  TMP_AWR2
         #  _LC3_A6 & !TMP_ARD2 & !TMP_AWR2;

-- Node name is '|counter:rcntr|:6' = '|counter:rcntr|Q1S' 
-- Equation name is '_LC1_A2', type is buried 
_LC1_A2  = DFFE(!TMP_ARD0, GLOBAL( RD), GLOBAL(!RESET),  VCC,  VCC);

-- Node name is '|counter:rcntr|:7' = '|counter:rcntr|Q2S' 
-- Equation name is '_LC5_A2', type is buried 
_LC5_A2  = DFFE( _EQ005, GLOBAL( RD), GLOBAL(!RESET),  VCC,  VCC);
  _EQ005 =  TMP_ARD0 & !TMP_ARD1
         # !TMP_ARD0 &  TMP_ARD1;

-- Node name is '|counter:rcntr|:8' = '|counter:rcntr|Q3S' 
-- Equation name is '_LC7_A2', type is buried 
_LC7_A2  = DFFE( _EQ006, GLOBAL( RD), GLOBAL(!RESET),  VCC,  VCC);
  _EQ006 =  TMP_ARD0 &  TMP_ARD1 & !TMP_ARD2
         # !TMP_ARD0 &  TMP_ARD2
         # !TMP_ARD1 &  TMP_ARD2;

-- Node name is '|counter:wcntr|:6' = '|counter:wcntr|Q1S' 
-- Equation name is '_LC1_A13', type is buried 
_LC1_A13 = DFFE(!TMP_AWR0, GLOBAL( WR), GLOBAL(!RESET),  VCC,  VCC);

-- Node name is '|counter:wcntr|:7' = '|counter:wcntr|Q2S' 
-- Equation name is '_LC1_A18', type is buried 
_LC1_A18 = DFFE( _EQ007, GLOBAL( WR), GLOBAL(!RESET),  VCC,  VCC);
  _EQ007 =  TMP_AWR0 & !TMP_AWR1
         # !TMP_AWR0 &  TMP_AWR1;

-- Node name is '|counter:wcntr|:8' = '|counter:wcntr|Q3S' 
-- Equation name is '_LC1_A17', type is buried 
_LC1_A17 = DFFE( _EQ008, GLOBAL( WR), GLOBAL(!RESET),  VCC,  VCC);
  _EQ008 =  TMP_AWR0 &  TMP_AWR1 & !TMP_AWR2
         # !TMP_AWR0 &  TMP_AWR2
         # !TMP_AWR1 &  TMP_AWR2;

-- Node name is '|fbuffer:buf|demux8:dm8|:156' 
-- Equation name is '_LC2_A6', type is buried 
!_LC2_A6 = _LC2_A6~NOT;
_LC2_A6~NOT = LCELL( _EQ009);
  _EQ009 =  TMP_AWR0
         #  TMP_AWR1
         #  TMP_AWR2;

-- Node name is '|fbuffer:buf|demux8:dm8|:170' 
-- Equation name is '_LC1_C18', type is buried 
!_LC1_C18 = _LC1_C18~NOT;
_LC1_C18~NOT = LCELL( _EQ010);
  _EQ010 =  TMP_AWR0
         # !TMP_AWR1
         #  TMP_AWR2;

-- Node name is '|fbuffer:buf|demux8:dm8|:176' 
-- Equation name is '_LC1_C16', type is buried 
!_LC1_C16 = _LC1_C16~NOT;
_LC1_C16~NOT = LCELL( _EQ011);
  _EQ011 =  TMP_AWR2
         # !TMP_AWR0
         # !TMP_AWR1;

-- Node name is '|fbuffer:buf|demux8:dm8|:183' 
-- Equation name is '_LC5_C22', type is buried 
_LC5_C22 = LCELL( _EQ012);
  _EQ012 = !TMP_AWR0 & !TMP_AWR1 &  TMP_AWR2;

-- Node name is '|fbuffer:buf|demux8:dm8|:189' 
-- Equation name is '_LC3_A22', type is buried 
_LC3_A22 = LCELL( _EQ013);
  _EQ013 =  TMP_AWR0 & !TMP_AWR1 &  TMP_AWR2;

-- Node name is '|fbuffer:buf|demux8:dm8|:200' 
-- Equation name is '_LC4_A21', type is buried 
_LC4_A21 = LCELL( _EQ014);
  _EQ014 =  TMP_AWR0 &  TMP_AWR1 &  TMP_AWR2;

-- Node name is '|fbuffer:buf|demux8:dm8|:396' 
-- Equation name is '_LC6_A6', type is buried 
_LC6_A6  = LCELL( _EQ015);
  _EQ015 = !_LC2_A6 &  _LC6_A6 &  _LC7_A6
         #  _LC2_A6 &  WR;

-- Node name is '|fbuffer:buf|demux8:dm8|~398~1' 
-- Equation name is '_LC5_C23', type is buried 
-- synthesized logic cell 
_LC5_C23 = LCELL( _EQ016);
  _EQ016 = !_LC1_C16 & !_LC1_C18 &  _LC1_C23;

-- Node name is '|fbuffer:buf|demux8:dm8|~398~2' 
-- Equation name is '_LC1_C24', type is buried 
-- synthesized logic cell 
_LC1_C24 = LCELL( _EQ017);
  _EQ017 = !TMP_AWR1
         # !TMP_AWR2;

-- Node name is '|fbuffer:buf|demux8:dm8|~398~3' 
-- Equation name is '_LC7_A6', type is buried 
-- synthesized logic cell 
_LC7_A6  = LCELL( _EQ018);
  _EQ018 = !TMP_AWR0 & !TMP_AWR1 & !TMP_AWR2;

-- Node name is '|fbuffer:buf|demux8:dm8|:421' 
-- Equation name is '_LC5_A6', type is buried 
_LC5_A6  = LCELL( _EQ019);
  _EQ019 =  TMP_AWR0 & !TMP_AWR1 & !TMP_AWR2 &  WR;

-- Node name is '|fbuffer:buf|demux8:dm8|:423' 
-- Equation name is '_LC4_A6', type is buried 
_LC4_A6  = LCELL( _EQ020);
  _EQ020 = !_LC2_A6 &  _LC4_A6 &  _LC7_A6
         # !_LC2_A6 &  _LC5_A6;

-- Node name is '|fbuffer:buf|demux8:dm8|:446' 
-- Equation name is '_LC3_C23', type is buried 
_LC3_C23 = LCELL( _EQ021);
  _EQ021 =  _LC1_C24 &  _LC4_C23 &  _LC5_C23;

-- Node name is '|fbuffer:buf|demux8:dm8|:450' 
-- Equation name is '_LC4_C23', type is buried 
_LC4_C23 = LCELL( _EQ022);
  _EQ022 =  _LC2_C19 &  _LC3_C23
         #  _LC1_C18 &  _LC2_C19 &  WR;

-- Node name is '|fbuffer:buf|demux8:dm8|:468' 
-- Equation name is '_LC6_C22', type is buried 
_LC6_C22 = LCELL( _EQ023);
  _EQ023 = !_LC1_C16 &  _LC1_C22 &  _LC4_C22
         #  _LC1_C16 &  WR;

-- Node name is '|fbuffer:buf|demux8:dm8|~470~1' 
-- Equation name is '_LC4_C22', type is buried 
-- synthesized logic cell 
_LC4_C22 = LCELL( _EQ024);
  _EQ024 =  _LC1_C24 &  TMP_AWR1
         #  _LC1_C24 & !TMP_AWR2;

-- Node name is '|fbuffer:buf|demux8:dm8|:477' 
-- Equation name is '_LC1_C22', type is buried 
_LC1_C22 = LCELL( _EQ025);
  _EQ025 = !_LC1_C18 &  _LC2_C19 &  _LC6_C22;

-- Node name is '|fbuffer:buf|demux8:dm8|~479~1' 
-- Equation name is '_LC2_C19', type is buried 
-- synthesized logic cell 
_LC2_C19 = LCELL( _EQ026);
  _EQ026 =  TMP_AWR1
         #  TMP_AWR2;

-- Node name is '|fbuffer:buf|demux8:dm8|:492' 
-- Equation name is '_LC3_C22', type is buried 
_LC3_C22 = LCELL( _EQ027);
  _EQ027 =  _LC2_C22 &  _LC4_C22
         #  _LC5_C22 &  WR;

-- Node name is '|fbuffer:buf|demux8:dm8|:504' 
-- Equation name is '_LC2_C22', type is buried 
_LC2_C22 = LCELL( _EQ028);
  _EQ028 = !_LC1_C16 & !_LC1_C18 &  _LC2_C19 &  _LC3_C22;

-- Node name is '|fbuffer:buf|demux8:dm8|:516' 
-- Equation name is '_LC2_A22', type is buried 
_LC2_A22 = LCELL( _EQ029);
  _EQ029 =  _LC1_A22 &  _LC1_C24 & !_LC3_A22
         #  _LC3_A22 &  WR;

-- Node name is '|fbuffer:buf|demux8:dm8|:531' 
-- Equation name is '_LC1_A22', type is buried 
_LC1_A22 = LCELL( _EQ030);
  _EQ030 =  _LC2_A22 &  TMP_AWR0 &  TMP_AWR2
         #  _LC2_A22 &  TMP_AWR1 &  TMP_AWR2;

-- Node name is '|fbuffer:buf|demux8:dm8|:541' 
-- Equation name is '_LC2_A21', type is buried 
_LC2_A21 = LCELL( _EQ031);
  _EQ031 = !TMP_AWR0 &  TMP_AWR1 &  TMP_AWR2 &  WR;

-- Node name is '|fbuffer:buf|demux8:dm8|:558' 
-- Equation name is '_LC1_A21', type is buried 
_LC1_A21 = LCELL( _EQ032);
  _EQ032 =  _LC1_A21 &  _LC1_C24 &  _LC2_C23
         #  _LC2_A21 &  _LC2_C23;

-- Node name is '|fbuffer:buf|demux8:dm8|~560~1' 
-- Equation name is '_LC1_C23', type is buried 
-- synthesized logic cell 
_LC1_C23 = LCELL( _EQ033);
  _EQ033 =  TMP_AWR1
         # !TMP_AWR2;

-- Node name is '|fbuffer:buf|demux8:dm8|~560~2' 
-- Equation name is '_LC2_C23', type is buried 
-- synthesized logic cell 
_LC2_C23 = LCELL( _EQ034);
  _EQ034 =  _LC2_C19 &  _LC5_C23;

-- Node name is '|fbuffer:buf|demux8:dm8|:585' 
-- Equation name is '_LC8_A21', type is buried 
_LC8_A21 = LCELL( _EQ035);
  _EQ035 =  _LC3_A21 & !_LC4_A21 &  _LC8_A21
         #  _LC3_A21 &  _LC4_A21 &  WR;

-- Node name is '|fbuffer:buf|demux8:dm8|~587~1' 
-- Equation name is '_LC3_A21', type is buried 
-- synthesized logic cell 
_LC3_A21 = LCELL( _EQ036);
  _EQ036 =  _LC2_C23 &  TMP_AWR0
         #  _LC2_C23 & !TMP_AWR1
         #  _LC2_C23 & !TMP_AWR2;

-- Node name is '|fbuffer:buf|mem8:mem8_out|aa5dff:dff0|:4' = '|fbuffer:buf|mem8:mem8_out|aa5dff:dff0|QS' 
-- Equation name is '_LC2_B10', type is buried 
_LC2_B10 = DFFE( _LC2_B4, GLOBAL( RD),  VCC,  VCC,  VCC);

-- Node name is '|fbuffer:buf|mem8:mem8_out|aa5dff:dff1|:4' = '|fbuffer:buf|mem8:mem8_out|aa5dff:dff1|QS' 
-- Equation name is '_LC5_A3', type is buried 
_LC5_A3  = DFFE( _LC1_A4, GLOBAL( RD),  VCC,  VCC,  VCC);

-- Node name is '|fbuffer:buf|mem8:mem8_out|aa5dff:dff2|:4' = '|fbuffer:buf|mem8:mem8_out|aa5dff:dff2|QS' 
-- Equation name is '_LC3_A8', type is buried 
_LC3_A8  = DFFE( _LC7_A12, GLOBAL( RD),  VCC,  VCC,  VCC);

-- Node name is '|fbuffer:buf|mem8:mem8_out|aa5dff:dff3|:4' = '|fbuffer:buf|mem8:mem8_out|aa5dff:dff3|QS' 
-- Equation name is '_LC7_B9', type is buried 
_LC7_B9  = DFFE( _LC1_B3, GLOBAL( RD),  VCC,  VCC,  VCC);

-- Node name is '|fbuffer:buf|mem8:mem8_out|aa5dff:dff4|:4' = '|fbuffer:buf|mem8:mem8_out|aa5dff:dff4|QS' 
-- Equation name is '_LC4_B11', type is buried 
_LC4_B11 = DFFE( _LC4_B3, GLOBAL( RD),  VCC,  VCC,  VCC);

-- Node name is '|fbuffer:buf|mem8:mem8_out|aa5dff:dff5|:4' = '|fbuffer:buf|mem8:mem8_out|aa5dff:dff5|QS' 
-- Equation name is '_LC7_B12', type is buried 
_LC7_B12 = DFFE( _LC3_B4, GLOBAL( RD),  VCC,  VCC,  VCC);

-- Node name is '|fbuffer:buf|mem8:mem8_out|aa5dff:dff6|:4' = '|fbuffer:buf|mem8:mem8_out|aa5dff:dff6|QS' 
-- Equation name is '_LC1_B23', type is buried 
_LC1_B23 = DFFE( _LC1_B2, GLOBAL( RD),  VCC,  VCC,  VCC);

-- Node name is '|fbuffer:buf|mem8:mem8_out|aa5dff:dff7|:4' = '|fbuffer:buf|mem8:mem8_out|aa5dff:dff7|QS' 
-- Equation name is '_LC3_A7', type is buried 
_LC3_A7  = DFFE( _LC5_A4, GLOBAL( RD),  VCC,  VCC,  VCC);

-- Node name is '|fbuffer:buf|mem8:mem8_0|aa5dff:dff0|:4' = '|fbuffer:buf|mem8:mem8_0|aa5dff:dff0|QS' 
-- Equation name is '_LC4_B4', type is buried 
_LC4_B4  = DFFE( DATA0,  _LC6_A6,  VCC,  VCC,  VCC);

-- Node name is '|fbuffer:buf|mem8:mem8_0|aa5dff:dff1|:4' = '|fbuffer:buf|mem8:mem8_0|aa5dff:dff1|QS' 
-- Equation name is '_LC6_A4', type is buried 
_LC6_A4  = DFFE( DATA1,  _LC6_A6,  VCC,  VCC,  VCC);

-- Node name is '|fbuffer:buf|mem8:mem8_0|aa5dff:dff2|:4' = '|fbuffer:buf|mem8:mem8_0|aa5dff:dff2|QS' 
-- Equation name is '_LC4_A11', type is buried 
_LC4_A11 = DFFE( DATA2,  _LC6_A6,  VCC,  VCC,  VCC);

-- Node name is '|fbuffer:buf|mem8:mem8_0|aa5dff:dff3|:4' = '|fbuffer:buf|mem8:mem8_0|aa5dff:dff3|QS' 
-- Equation name is '_LC6_B3', type is buried 
_LC6_B3  = DFFE( DATA3,  _LC6_A6,  VCC,  VCC,  VCC);

-- Node name is '|fbuffer:buf|mem8:mem8_0|aa5dff:dff4|:4' = '|fbuffer:buf|mem8:mem8_0|aa5dff:dff4|QS' 
-- Equation name is '_LC5_B3', type is buried 
_LC5_B3  = DFFE( DATA4,  _LC6_A6,  VCC,  VCC,  VCC);

-- Node name is '|fbuffer:buf|mem8:mem8_0|aa5dff:dff5|:4' = '|fbuffer:buf|mem8:mem8_0|aa5dff:dff5|QS' 
-- Equation name is '_LC5_B4', type is buried 
_LC5_B4  = DFFE( DATA5,  _LC6_A6,  VCC,  VCC,  VCC);

-- Node name is '|fbuffer:buf|mem8:mem8_0|aa5dff:dff6|:4' = '|fbuffer:buf|mem8:mem8_0|aa5dff:dff6|QS' 
-- Equation name is '_LC3_B2', type is buried 
_LC3_B2  = DFFE( DATA6,  _LC6_A6,  VCC,  VCC,  VCC);

-- Node name is '|fbuffer:buf|mem8:mem8_0|aa5dff:dff7|:4' = '|fbuffer:buf|mem8:mem8_0|aa5dff:dff7|QS' 
-- Equation name is '_LC4_A4', type is buried 
_LC4_A4  = DFFE( DATA7,  _LC6_A6,  VCC,  VCC,  VCC);

-- Node name is '|fbuffer:buf|mem8:mem8_1|aa5dff:dff0|:4' = '|fbuffer:buf|mem8:mem8_1|aa5dff:dff0|QS' 
-- Equation name is '_LC6_B4', type is buried 
_LC6_B4  = DFFE( DATA0,  _LC4_A6,  VCC,  VCC,  VCC);

-- Node name is '|fbuffer:buf|mem8:mem8_1|aa5dff:dff1|:4' = '|fbuffer:buf|mem8:mem8_1|aa5dff:dff1|QS' 
-- Equation name is '_LC7_A4', type is buried 
_LC7_A4  = DFFE( DATA1,  _LC4_A6,  VCC,  VCC,  VCC);

-- Node name is '|fbuffer:buf|mem8:mem8_1|aa5dff:dff2|:4' = '|fbuffer:buf|mem8:mem8_1|aa5dff:dff2|QS' 
-- Equation name is '_LC2_A12', type is buried 
_LC2_A12 = DFFE( DATA2,  _LC4_A6,  VCC,  VCC,  VCC);

-- Node name is '|fbuffer:buf|mem8:mem8_1|aa5dff:dff3|:4' = '|fbuffer:buf|mem8:mem8_1|aa5dff:dff3|QS' 
-- Equation name is '_LC8_B3', type is buried 
_LC8_B3  = DFFE( DATA3,  _LC4_A6,  VCC,  VCC,  VCC);

-- Node name is '|fbuffer:buf|mem8:mem8_1|aa5dff:dff4|:4' = '|fbuffer:buf|mem8:mem8_1|aa5dff:dff4|QS' 
-- Equation name is '_LC7_B3', type is buried 
_LC7_B3  = DFFE( DATA4,  _LC4_A6,  VCC,  VCC,  VCC);

-- Node name is '|fbuffer:buf|mem8:mem8_1|aa5dff:dff5|:4' = '|fbuffer:buf|mem8:mem8_1|aa5dff:dff5|QS' 
-- Equation name is '_LC7_B4', type is buried 
_LC7_B4  = DFFE( DATA5,  _LC4_A6,  VCC,  VCC,  VCC);

-- Node name is '|fbuffer:buf|mem8:mem8_1|aa5dff:dff6|:4' = '|fbuffer:buf|mem8:mem8_1|aa5dff:dff6|QS' 
-- Equation name is '_LC1_B1', type is buried 
_LC1_B1  = DFFE( DATA6,  _LC4_A6,  VCC,  VCC,  VCC);

-- Node name is '|fbuffer:buf|mem8:mem8_1|aa5dff:dff7|:4' = '|fbuffer:buf|mem8:mem8_1|aa5dff:dff7|QS' 
-- Equation name is '_LC2_A5', type is buried 
_LC2_A5  = DFFE( DATA7,  _LC4_A6,  VCC,  VCC,  VCC);

-- Node name is '|fbuffer:buf|mem8:mem8_2|aa5dff:dff0|:4' = '|fbuffer:buf|mem8:mem8_2|aa5dff:dff0|QS' 
-- Equation name is '_LC8_C4', type is buried 
_LC8_C4  = DFFE( DATA0,  _LC4_C23,  VCC,  VCC,  VCC);

-- Node name is '|fbuffer:buf|mem8:mem8_2|aa5dff:dff1|:4' = '|fbuffer:buf|mem8:mem8_2|aa5dff:dff1|QS' 
-- Equation name is '_LC7_C4', type is buried 
_LC7_C4  = DFFE( DATA1,  _LC4_C23,  VCC,  VCC,  VCC);

-- Node name is '|fbuffer:buf|mem8:mem8_2|aa5dff:dff2|:4' = '|fbuffer:buf|mem8:mem8_2|aa5dff:dff2|QS' 
-- Equation name is '_LC6_C4', type is buried 
_LC6_C4  = DFFE( DATA2,  _LC4_C23,  VCC,  VCC,  VCC);

-- Node name is '|fbuffer:buf|mem8:mem8_2|aa5dff:dff3|:4' = '|fbuffer:buf|mem8:mem8_2|aa5dff:dff3|QS' 
-- Equation name is '_LC5_C15', type is buried 
_LC5_C15 = DFFE( DATA3,  _LC4_C23,  VCC,  VCC,  VCC);

-- Node name is '|fbuffer:buf|mem8:mem8_2|aa5dff:dff4|:4' = '|fbuffer:buf|mem8:mem8_2|aa5dff:dff4|QS' 
-- Equation name is '_LC8_C5', type is buried 
_LC8_C5  = DFFE( DATA4,  _LC4_C23,  VCC,  VCC,  VCC);

-- Node name is '|fbuffer:buf|mem8:mem8_2|aa5dff:dff5|:4' = '|fbuffer:buf|mem8:mem8_2|aa5dff:dff5|QS' 
-- Equation name is '_LC6_C5', type is buried 
_LC6_C5  = DFFE( DATA5,  _LC4_C23,  VCC,  VCC,  VCC);

-- Node name is '|fbuffer:buf|mem8:mem8_2|aa5dff:dff6|:4' = '|fbuffer:buf|mem8:mem8_2|aa5dff:dff6|QS' 
-- Equation name is '_LC4_C15', type is buried 
_LC4_C15 = DFFE( DATA6,  _LC4_C23,  VCC,  VCC,  VCC);

-- Node name is '|fbuffer:buf|mem8:mem8_2|aa5dff:dff7|:4' = '|fbuffer:buf|mem8:mem8_2|aa5dff:dff7|QS' 
-- Equation name is '_LC3_C15', type is buried 
_LC3_C15 = DFFE( DATA7,  _LC4_C23,  VCC,  VCC,  VCC);

-- Node name is '|fbuffer:buf|mem8:mem8_3|aa5dff:dff0|:4' = '|fbuffer:buf|mem8:mem8_3|aa5dff:dff0|QS' 
-- Equation name is '_LC2_C10', type is buried 
_LC2_C10 = DFFE( DATA0,  _LC1_C22,  VCC,  VCC,  VCC);

-- Node name is '|fbuffer:buf|mem8:mem8_3|aa5dff:dff1|:4' = '|fbuffer:buf|mem8:mem8_3|aa5dff:dff1|QS' 
-- Equation name is '_LC6_C10', type is buried 
_LC6_C10 = DFFE( DATA1,  _LC1_C22,  VCC,  VCC,  VCC);

-- Node name is '|fbuffer:buf|mem8:mem8_3|aa5dff:dff2|:4' = '|fbuffer:buf|mem8:mem8_3|aa5dff:dff2|QS' 
-- Equation name is '_LC4_C4', type is buried 
_LC4_C4  = DFFE( DATA2,  _LC1_C22,  VCC,  VCC,  VCC);

-- Node name is '|fbuffer:buf|mem8:mem8_3|aa5dff:dff3|:4' = '|fbuffer:buf|mem8:mem8_3|aa5dff:dff3|QS' 
-- Equation name is '_LC8_C20', type is buried 
_LC8_C20 = DFFE( DATA3,  _LC1_C22,  VCC,  VCC,  VCC);

-- Node name is '|fbuffer:buf|mem8:mem8_3|aa5dff:dff4|:4' = '|fbuffer:buf|mem8:mem8_3|aa5dff:dff4|QS' 
-- Equation name is '_LC5_C5', type is buried 
_LC5_C5  = DFFE( DATA4,  _LC1_C22,  VCC,  VCC,  VCC);

-- Node name is '|fbuffer:buf|mem8:mem8_3|aa5dff:dff5|:4' = '|fbuffer:buf|mem8:mem8_3|aa5dff:dff5|QS' 
-- Equation name is '_LC4_C5', type is buried 
_LC4_C5  = DFFE( DATA5,  _LC1_C22,  VCC,  VCC,  VCC);

-- Node name is '|fbuffer:buf|mem8:mem8_3|aa5dff:dff6|:4' = '|fbuffer:buf|mem8:mem8_3|aa5dff:dff6|QS' 
-- Equation name is '_LC4_C17', type is buried 
_LC4_C17 = DFFE( DATA6,  _LC1_C22,  VCC,  VCC,  VCC);

-- Node name is '|fbuffer:buf|mem8:mem8_3|aa5dff:dff7|:4' = '|fbuffer:buf|mem8:mem8_3|aa5dff:dff7|QS' 
-- Equation name is '_LC7_C20', type is buried 
_LC7_C20 = DFFE( DATA7,  _LC1_C22,  VCC,  VCC,  VCC);

-- Node name is '|fbuffer:buf|mem8:mem8_4|aa5dff:dff0|:4' = '|fbuffer:buf|mem8:mem8_4|aa5dff:dff0|QS' 
-- Equation name is '_LC5_C10', type is buried 
_LC5_C10 = DFFE( DATA0,  _LC2_C22,  VCC,  VCC,  VCC);

-- Node name is '|fbuffer:buf|mem8:mem8_4|aa5dff:dff1|:4' = '|fbuffer:buf|mem8:mem8_4|aa5dff:dff1|QS' 
-- Equation name is '_LC4_C10', type is buried 
_LC4_C10 = DFFE( DATA1,  _LC2_C22,  VCC,  VCC,  VCC);

-- Node name is '|fbuffer:buf|mem8:mem8_4|aa5dff:dff2|:4' = '|fbuffer:buf|mem8:mem8_4|aa5dff:dff2|QS' 
-- Equation name is '_LC6_C6', type is buried 
_LC6_C6  = DFFE( DATA2,  _LC2_C22,  VCC,  VCC,  VCC);

-- Node name is '|fbuffer:buf|mem8:mem8_4|aa5dff:dff3|:4' = '|fbuffer:buf|mem8:mem8_4|aa5dff:dff3|QS' 
-- Equation name is '_LC6_C20', type is buried 
_LC6_C20 = DFFE( DATA3,  _LC2_C22,  VCC,  VCC,  VCC);

-- Node name is '|fbuffer:buf|mem8:mem8_4|aa5dff:dff4|:4' = '|fbuffer:buf|mem8:mem8_4|aa5dff:dff4|QS' 
-- Equation name is '_LC5_C6', type is buried 
_LC5_C6  = DFFE( DATA4,  _LC2_C22,  VCC,  VCC,  VCC);

-- Node name is '|fbuffer:buf|mem8:mem8_4|aa5dff:dff5|:4' = '|fbuffer:buf|mem8:mem8_4|aa5dff:dff5|QS' 
-- Equation name is '_LC4_C6', type is buried 
_LC4_C6  = DFFE( DATA5,  _LC2_C22,  VCC,  VCC,  VCC);

-- Node name is '|fbuffer:buf|mem8:mem8_4|aa5dff:dff6|:4' = '|fbuffer:buf|mem8:mem8_4|aa5dff:dff6|QS' 
-- Equation name is '_LC2_C17', type is buried 
_LC2_C17 = DFFE( DATA6,  _LC2_C22,  VCC,  VCC,  VCC);

-- Node name is '|fbuffer:buf|mem8:mem8_4|aa5dff:dff7|:4' = '|fbuffer:buf|mem8:mem8_4|aa5dff:dff7|QS' 
-- Equation name is '_LC2_C20', type is buried 
_LC2_C20 = DFFE( DATA7,  _LC2_C22,  VCC,  VCC,  VCC);

-- Node name is '|fbuffer:buf|mem8:mem8_5|aa5dff:dff0|:4' = '|fbuffer:buf|mem8:mem8_5|aa5dff:dff0|QS' 
-- Equation name is '_LC4_B20', type is buried 
_LC4_B20 = DFFE( DATA0,  _LC1_A22,  VCC,  VCC,  VCC);

-- Node name is '|fbuffer:buf|mem8:mem8_5|aa5dff:dff1|:4' = '|fbuffer:buf|mem8:mem8_5|aa5dff:dff1|QS' 
-- Equation name is '_LC2_A19', type is buried 
_LC2_A19 = DFFE( DATA1,  _LC1_A22,  VCC,  VCC,  VCC);

-- Node name is '|fbuffer:buf|mem8:mem8_5|aa5dff:dff2|:4' = '|fbuffer:buf|mem8:mem8_5|aa5dff:dff2|QS' 
-- Equation name is '_LC3_A19', type is buried 
_LC3_A19 = DFFE( DATA2,  _LC1_A22,  VCC,  VCC,  VCC);

-- Node name is '|fbuffer:buf|mem8:mem8_5|aa5dff:dff3|:4' = '|fbuffer:buf|mem8:mem8_5|aa5dff:dff3|QS' 
-- Equation name is '_LC1_B13', type is buried 
_LC1_B13 = DFFE( DATA3,  _LC1_A22,  VCC,  VCC,  VCC);

-- Node name is '|fbuffer:buf|mem8:mem8_5|aa5dff:dff4|:4' = '|fbuffer:buf|mem8:mem8_5|aa5dff:dff4|QS' 
-- Equation name is '_LC3_B15', type is buried 
_LC3_B15 = DFFE( DATA4,  _LC1_A22,  VCC,  VCC,  VCC);

-- Node name is '|fbuffer:buf|mem8:mem8_5|aa5dff:dff5|:4' = '|fbuffer:buf|mem8:mem8_5|aa5dff:dff5|QS' 
-- Equation name is '_LC5_B20', type is buried 
_LC5_B20 = DFFE( DATA5,  _LC1_A22,  VCC,  VCC,  VCC);

-- Node name is '|fbuffer:buf|mem8:mem8_5|aa5dff:dff6|:4' = '|fbuffer:buf|mem8:mem8_5|aa5dff:dff6|QS' 
-- Equation name is '_LC6_B20', type is buried 
_LC6_B20 = DFFE( DATA6,  _LC1_A22,  VCC,  VCC,  VCC);

-- Node name is '|fbuffer:buf|mem8:mem8_5|aa5dff:dff7|:4' = '|fbuffer:buf|mem8:mem8_5|aa5dff:dff7|QS' 
-- Equation name is '_LC5_A16', type is buried 
_LC5_A16 = DFFE( DATA7,  _LC1_A22,  VCC,  VCC,  VCC);

-- Node name is '|fbuffer:buf|mem8:mem8_6|aa5dff:dff0|:4' = '|fbuffer:buf|mem8:mem8_6|aa5dff:dff0|QS' 
-- Equation name is '_LC1_B21', type is buried 
_LC1_B21 = DFFE( DATA0,  _LC1_A21,  VCC,  VCC,  VCC);

-- Node name is '|fbuffer:buf|mem8:mem8_6|aa5dff:dff1|:4' = '|fbuffer:buf|mem8:mem8_6|aa5dff:dff1|QS' 
-- Equation name is '_LC5_A19', type is buried 
_LC5_A19 = DFFE( DATA1,  _LC1_A21,  VCC,  VCC,  VCC);

-- Node name is '|fbuffer:buf|mem8:mem8_6|aa5dff:dff2|:4' = '|fbuffer:buf|mem8:mem8_6|aa5dff:dff2|QS' 
-- Equation name is '_LC6_A19', type is buried 
_LC6_A19 = DFFE( DATA2,  _LC1_A21,  VCC,  VCC,  VCC);

-- Node name is '|fbuffer:buf|mem8:mem8_6|aa5dff:dff3|:4' = '|fbuffer:buf|mem8:mem8_6|aa5dff:dff3|QS' 
-- Equation name is '_LC5_B22', type is buried 
_LC5_B22 = DFFE( DATA3,  _LC1_A21,  VCC,  VCC,  VCC);

-- Node name is '|fbuffer:buf|mem8:mem8_6|aa5dff:dff4|:4' = '|fbuffer:buf|mem8:mem8_6|aa5dff:dff4|QS' 
-- Equation name is '_LC5_B24', type is buried 
_LC5_B24 = DFFE( DATA4,  _LC1_A21,  VCC,  VCC,  VCC);

-- Node name is '|fbuffer:buf|mem8:mem8_6|aa5dff:dff5|:4' = '|fbuffer:buf|mem8:mem8_6|aa5dff:dff5|QS' 
-- Equation name is '_LC8_B18', type is buried 
_LC8_B18 = DFFE( DATA5,  _LC1_A21,  VCC,  VCC,  VCC);

-- Node name is '|fbuffer:buf|mem8:mem8_6|aa5dff:dff6|:4' = '|fbuffer:buf|mem8:mem8_6|aa5dff:dff6|QS' 
-- Equation name is '_LC7_B18', type is buried 
_LC7_B18 = DFFE( DATA6,  _LC1_A21,  VCC,  VCC,  VCC);

-- Node name is '|fbuffer:buf|mem8:mem8_6|aa5dff:dff7|:4' = '|fbuffer:buf|mem8:mem8_6|aa5dff:dff7|QS' 
-- Equation name is '_LC7_A16', type is buried 
_LC7_A16 = DFFE( DATA7,  _LC1_A21,  VCC,  VCC,  VCC);

-- Node name is '|fbuffer:buf|mem8:mem8_7|aa5dff:dff0|:4' = '|fbuffer:buf|mem8:mem8_7|aa5dff:dff0|QS' 
-- Equation name is '_LC2_B21', type is buried 
_LC2_B21 = DFFE( DATA0,  _LC8_A21,  VCC,  VCC,  VCC);

-- Node name is '|fbuffer:buf|mem8:mem8_7|aa5dff:dff1|:4' = '|fbuffer:buf|mem8:mem8_7|aa5dff:dff1|QS' 
-- Equation name is '_LC4_A14', type is buried 
_LC4_A14 = DFFE( DATA1,  _LC8_A21,  VCC,  VCC,  VCC);

-- Node name is '|fbuffer:buf|mem8:mem8_7|aa5dff:dff2|:4' = '|fbuffer:buf|mem8:mem8_7|aa5dff:dff2|QS' 
-- Equation name is '_LC5_A14', type is buried 
_LC5_A14 = DFFE( DATA2,  _LC8_A21,  VCC,  VCC,  VCC);

-- Node name is '|fbuffer:buf|mem8:mem8_7|aa5dff:dff3|:4' = '|fbuffer:buf|mem8:mem8_7|aa5dff:dff3|QS' 
-- Equation name is '_LC1_B22', type is buried 
_LC1_B22 = DFFE( DATA3,  _LC8_A21,  VCC,  VCC,  VCC);

-- Node name is '|fbuffer:buf|mem8:mem8_7|aa5dff:dff4|:4' = '|fbuffer:buf|mem8:mem8_7|aa5dff:dff4|QS' 
-- Equation name is '_LC4_B24', type is buried 
_LC4_B24 = DFFE( DATA4,  _LC8_A21,  VCC,  VCC,  VCC);

-- Node name is '|fbuffer:buf|mem8:mem8_7|aa5dff:dff5|:4' = '|fbuffer:buf|mem8:mem8_7|aa5dff:dff5|QS' 
-- Equation name is '_LC5_B18', type is buried 
_LC5_B18 = DFFE( DATA5,  _LC8_A21,  VCC,  VCC,  VCC);

-- Node name is '|fbuffer:buf|mem8:mem8_7|aa5dff:dff6|:4' = '|fbuffer:buf|mem8:mem8_7|aa5dff:dff6|QS' 
-- Equation name is '_LC6_B18', type is buried 
_LC6_B18 = DFFE( DATA6,  _LC8_A21,  VCC,  VCC,  VCC);

-- Node name is '|fbuffer:buf|mem8:mem8_7|aa5dff:dff7|:4' = '|fbuffer:buf|mem8:mem8_7|aa5dff:dff7|QS' 
-- Equation name is '_LC6_A14', type is buried 
_LC6_A14 = DFFE( DATA7,  _LC8_A21,  VCC,  VCC,  VCC);

-- Node name is '|fbuffer:buf|mux8x8:mx8x8|:219' 
-- Equation name is '_LC6_A2', type is buried 
_LC6_A2  = LCELL( _EQ037);
  _EQ037 = !TMP_ARD0 & !TMP_ARD1 & !TMP_ARD2;

-- Node name is '|fbuffer:buf|mux8x8:mx8x8|:226' 
-- Equation name is '_LC2_A2', type is buried 
_LC2_A2  = LCELL( _EQ038);
  _EQ038 =  TMP_ARD0 & !TMP_ARD1 & !TMP_ARD2;

-- Node name is '|fbuffer:buf|mux8x8:mx8x8|:233' 
-- Equation name is '_LC8_A2', type is buried 
_LC8_A2  = LCELL( _EQ039);
  _EQ039 = !TMP_ARD0 &  TMP_ARD1 & !TMP_ARD2;

-- Node name is '|fbuffer:buf|mux8x8:mx8x8|:239' 
-- Equation name is '_LC4_A2', type is buried 
_LC4_A2  = LCELL( _EQ040);
  _EQ040 =  TMP_ARD0 &  TMP_ARD1 & !TMP_ARD2;

-- Node name is '|fbuffer:buf|mux8x8:mx8x8|:246' 
-- Equation name is '_LC3_A2', type is buried 
_LC3_A2  = LCELL( _EQ041);
  _EQ041 = !TMP_ARD0 & !TMP_ARD1 &  TMP_ARD2;

-- Node name is '|fbuffer:buf|mux8x8:mx8x8|:252' 
-- Equation name is '_LC4_A16', type is buried 
_LC4_A16 = LCELL( _EQ042);
  _EQ042 =  TMP_ARD0 & !TMP_ARD1 &  TMP_ARD2;

-- Node name is '|fbuffer:buf|mux8x8:mx8x8|:258' 
-- Equation name is '_LC3_A16', type is buried 
_LC3_A16 = LCELL( _EQ043);
  _EQ043 = !TMP_ARD0 &  TMP_ARD1 &  TMP_ARD2;

-- Node name is '|fbuffer:buf|mux8x8:mx8x8|:263' 
-- Equation name is '_LC1_A16', type is buried 
_LC1_A16 = LCELL( _EQ044);
  _EQ044 =  TMP_ARD0 &  TMP_ARD1 &  TMP_ARD2;

-- Node name is '|fbuffer:buf|mux8x8:mx8x8|:529' 
-- Equation name is '_LC3_B21', type is buried 
_LC3_B21 = LCELL( _EQ045);
  _EQ045 = !_LC1_A16 &  _LC2_B4
         #  _LC1_A16 &  _LC2_B21;

-- Node name is '|fbuffer:buf|mux8x8:mx8x8|:535' 
-- Equation name is '_LC4_B21', type is buried 
_LC4_B21 = LCELL( _EQ046);
  _EQ046 = !_LC3_A16 &  _LC3_B21
         #  _LC1_B21 &  _LC3_A16;

-- Node name is '|fbuffer:buf|mux8x8:mx8x8|:541' 
-- Equation name is '_LC1_B20', type is buried 
_LC1_B20 = LCELL( _EQ047);
  _EQ047 = !_LC4_A16 &  _LC4_B21
         #  _LC4_A16 &  _LC4_B20;

-- Node name is '|fbuffer:buf|mux8x8:mx8x8|:547' 
-- Equation name is '_LC8_C10', type is buried 
_LC8_C10 = LCELL( _EQ048);
  _EQ048 =  _LC1_B20 & !_LC3_A2
         #  _LC3_A2 &  _LC5_C10;

-- Node name is '|fbuffer:buf|mux8x8:mx8x8|:553' 
-- Equation name is '_LC1_C10', type is buried 
_LC1_C10 = LCELL( _EQ049);
  _EQ049 = !_LC4_A2 &  _LC8_C10
         #  _LC2_C10 &  _LC4_A2;

-- Node name is '|fbuffer:buf|mux8x8:mx8x8|:559' 
-- Equation name is '_LC1_C4', type is buried 
_LC1_C4  = LCELL( _EQ050);
  _EQ050 =  _LC1_C10 & !_LC8_A2
         #  _LC8_A2 &  _LC8_C4;

-- Node name is '|fbuffer:buf|mux8x8:mx8x8|:565' 
-- Equation name is '_LC8_B4', type is buried 
_LC8_B4  = LCELL( _EQ051);
  _EQ051 =  _LC1_C4 & !_LC2_A2
         #  _LC2_A2 &  _LC6_B4;

-- Node name is '|fbuffer:buf|mux8x8:mx8x8|:571' 
-- Equation name is '_LC2_B4', type is buried 
_LC2_B4  = LCELL( _EQ052);
  _EQ052 = !_LC6_A2 &  _LC8_B4
         #  _LC4_B4 &  _LC6_A2;

-- Node name is '|fbuffer:buf|mux8x8:mx8x8|:577' 
-- Equation name is '_LC1_A14', type is buried 
_LC1_A14 = LCELL( _EQ053);
  _EQ053 =  _LC1_A4 & !_LC1_A16
         #  _LC1_A16 &  _LC4_A14;

-- Node name is '|fbuffer:buf|mux8x8:mx8x8|:580' 
-- Equation name is '_LC8_A19', type is buried 
_LC8_A19 = LCELL( _EQ054);
  _EQ054 =  _LC1_A14 & !_LC3_A16
         #  _LC3_A16 &  _LC5_A19;

-- Node name is '|fbuffer:buf|mux8x8:mx8x8|:583' 
-- Equation name is '_LC4_A19', type is buried 
_LC4_A19 = LCELL( _EQ055);
  _EQ055 = !_LC4_A16 &  _LC8_A19
         #  _LC2_A19 &  _LC4_A16;

-- Node name is '|fbuffer:buf|mux8x8:mx8x8|:586' 
-- Equation name is '_LC7_C10', type is buried 
_LC7_C10 = LCELL( _EQ056);
  _EQ056 = !_LC3_A2 &  _LC4_A19
         #  _LC3_A2 &  _LC4_C10;

-- Node name is '|fbuffer:buf|mux8x8:mx8x8|:589' 
-- Equation name is '_LC3_C10', type is buried 
_LC3_C10 = LCELL( _EQ057);
  _EQ057 = !_LC4_A2 &  _LC7_C10
         #  _LC4_A2 &  _LC6_C10;

-- Node name is '|fbuffer:buf|mux8x8:mx8x8|:592' 
-- Equation name is '_LC2_C4', type is buried 
_LC2_C4  = LCELL( _EQ058);
  _EQ058 =  _LC3_C10 & !_LC8_A2
         #  _LC7_C4 &  _LC8_A2;

-- Node name is '|fbuffer:buf|mux8x8:mx8x8|:595' 
-- Equation name is '_LC3_A4', type is buried 
_LC3_A4  = LCELL( _EQ059);
  _EQ059 = !_LC2_A2 &  _LC2_C4
         #  _LC2_A2 &  _LC7_A4;

-- Node name is '|fbuffer:buf|mux8x8:mx8x8|:598' 
-- Equation name is '_LC1_A4', type is buried 
_LC1_A4  = LCELL( _EQ060);
  _EQ060 =  _LC3_A4 & !_LC6_A2
         #  _LC6_A2 &  _LC6_A4;

-- Node name is '|fbuffer:buf|mux8x8:mx8x8|:604' 
-- Equation name is '_LC2_A14', type is buried 
_LC2_A14 = LCELL( _EQ061);
  _EQ061 = !_LC1_A16 &  _LC7_A12
         #  _LC1_A16 &  _LC5_A14;

-- Node name is '|fbuffer:buf|mux8x8:mx8x8|:607' 
-- Equation name is '_LC7_A19', type is buried 
_LC7_A19 = LCELL( _EQ062);
  _EQ062 =  _LC2_A14 & !_LC3_A16
         #  _LC3_A16 &  _LC6_A19;

-- Node name is '|fbuffer:buf|mux8x8:mx8x8|:610' 
-- Equation name is '_LC1_A19', type is buried 
_LC1_A19 = LCELL( _EQ063);
  _EQ063 = !_LC4_A16 &  _LC7_A19
         #  _LC3_A19 &  _LC4_A16;

-- Node name is '|fbuffer:buf|mux8x8:mx8x8|:613' 
-- Equation name is '_LC1_C6', type is buried 
_LC1_C6  = LCELL( _EQ064);
  _EQ064 =  _LC1_A19 & !_LC3_A2
         #  _LC3_A2 &  _LC6_C6;

-- Node name is '|fbuffer:buf|mux8x8:mx8x8|:616' 
-- Equation name is '_LC5_C4', type is buried 
_LC5_C4  = LCELL( _EQ065);
  _EQ065 =  _LC1_C6 & !_LC4_A2
         #  _LC4_A2 &  _LC4_C4;

-- Node name is '|fbuffer:buf|mux8x8:mx8x8|:619' 
-- Equation name is '_LC3_C4', type is buried 
_LC3_C4  = LCELL( _EQ066);
  _EQ066 =  _LC5_C4 & !_LC8_A2
         #  _LC6_C4 &  _LC8_A2;

-- Node name is '|fbuffer:buf|mux8x8:mx8x8|:622' 
-- Equation name is '_LC1_A12', type is buried 
_LC1_A12 = LCELL( _EQ067);
  _EQ067 = !_LC2_A2 &  _LC3_C4
         #  _LC2_A2 &  _LC2_A12;

-- Node name is '|fbuffer:buf|mux8x8:mx8x8|:625' 
-- Equation name is '_LC7_A12', type is buried 
_LC7_A12 = LCELL( _EQ068);
  _EQ068 =  _LC1_A12 & !_LC6_A2
         #  _LC4_A11 &  _LC6_A2;

-- Node name is '|fbuffer:buf|mux8x8:mx8x8|:631' 
-- Equation name is '_LC2_B22', type is buried 
_LC2_B22 = LCELL( _EQ069);
  _EQ069 = !_LC1_A16 &  _LC1_B3
         #  _LC1_A16 &  _LC1_B22;

-- Node name is '|fbuffer:buf|mux8x8:mx8x8|:634' 
-- Equation name is '_LC3_B22', type is buried 
_LC3_B22 = LCELL( _EQ070);
  _EQ070 =  _LC2_B22 & !_LC3_A16
         #  _LC3_A16 &  _LC5_B22;

-- Node name is '|fbuffer:buf|mux8x8:mx8x8|:637' 
-- Equation name is '_LC4_B22', type is buried 
_LC4_B22 = LCELL( _EQ071);
  _EQ071 =  _LC3_B22 & !_LC4_A16
         #  _LC1_B13 &  _LC4_A16;

-- Node name is '|fbuffer:buf|mux8x8:mx8x8|:640' 
-- Equation name is '_LC4_C20', type is buried 
_LC4_C20 = LCELL( _EQ072);
  _EQ072 = !_LC3_A2 &  _LC4_B22
         #  _LC3_A2 &  _LC6_C20;

-- Node name is '|fbuffer:buf|mux8x8:mx8x8|:643' 
-- Equation name is '_LC5_C20', type is buried 
_LC5_C20 = LCELL( _EQ073);
  _EQ073 = !_LC4_A2 &  _LC4_C20
         #  _LC4_A2 &  _LC8_C20;

-- Node name is '|fbuffer:buf|mux8x8:mx8x8|:646' 
-- Equation name is '_LC6_C15', type is buried 
_LC6_C15 = LCELL( _EQ074);
  _EQ074 =  _LC5_C20 & !_LC8_A2
         #  _LC5_C15 &  _LC8_A2;

-- Node name is '|fbuffer:buf|mux8x8:mx8x8|:649' 
-- Equation name is '_LC2_B3', type is buried 
_LC2_B3  = LCELL( _EQ075);
  _EQ075 = !_LC2_A2 &  _LC6_C15
         #  _LC2_A2 &  _LC8_B3;

-- Node name is '|fbuffer:buf|mux8x8:mx8x8|:652' 
-- Equation name is '_LC1_B3', type is buried 
_LC1_B3  = LCELL( _EQ076);
  _EQ076 =  _LC2_B3 & !_LC6_A2
         #  _LC6_A2 &  _LC6_B3;

-- Node name is '|fbuffer:buf|mux8x8:mx8x8|:658' 
-- Equation name is '_LC2_B24', type is buried 
_LC2_B24 = LCELL( _EQ077);
  _EQ077 = !_LC1_A16 &  _LC4_B3
         #  _LC1_A16 &  _LC4_B24;

-- Node name is '|fbuffer:buf|mux8x8:mx8x8|:661' 
-- Equation name is '_LC3_B24', type is buried 
_LC3_B24 = LCELL( _EQ078);
  _EQ078 =  _LC2_B24 & !_LC3_A16
         #  _LC3_A16 &  _LC5_B24;

-- Node name is '|fbuffer:buf|mux8x8:mx8x8|:664' 
-- Equation name is '_LC1_B24', type is buried 
_LC1_B24 = LCELL( _EQ079);
  _EQ079 =  _LC3_B24 & !_LC4_A16
         #  _LC3_B15 &  _LC4_A16;

-- Node name is '|fbuffer:buf|mux8x8:mx8x8|:667' 
-- Equation name is '_LC3_C6', type is buried 
_LC3_C6  = LCELL( _EQ080);
  _EQ080 =  _LC1_B24 & !_LC3_A2
         #  _LC3_A2 &  _LC5_C6;

-- Node name is '|fbuffer:buf|mux8x8:mx8x8|:670' 
-- Equation name is '_LC2_C5', type is buried 
_LC2_C5  = LCELL( _EQ081);
  _EQ081 =  _LC3_C6 & !_LC4_A2
         #  _LC4_A2 &  _LC5_C5;

-- Node name is '|fbuffer:buf|mux8x8:mx8x8|:673' 
-- Equation name is '_LC7_C5', type is buried 
_LC7_C5  = LCELL( _EQ082);
  _EQ082 =  _LC2_C5 & !_LC8_A2
         #  _LC8_A2 &  _LC8_C5;

-- Node name is '|fbuffer:buf|mux8x8:mx8x8|:676' 
-- Equation name is '_LC3_B3', type is buried 
_LC3_B3  = LCELL( _EQ083);
  _EQ083 = !_LC2_A2 &  _LC7_C5
         #  _LC2_A2 &  _LC7_B3;

-- Node name is '|fbuffer:buf|mux8x8:mx8x8|:679' 
-- Equation name is '_LC4_B3', type is buried 
_LC4_B3  = LCELL( _EQ084);
  _EQ084 =  _LC3_B3 & !_LC6_A2
         #  _LC5_B3 &  _LC6_A2;

-- Node name is '|fbuffer:buf|mux8x8:mx8x8|:685' 
-- Equation name is '_LC4_B18', type is buried 
_LC4_B18 = LCELL( _EQ085);
  _EQ085 = !_LC1_A16 &  _LC3_B4
         #  _LC1_A16 &  _LC5_B18;

-- Node name is '|fbuffer:buf|mux8x8:mx8x8|:688' 
-- Equation name is '_LC2_B18', type is buried 
_LC2_B18 = LCELL( _EQ086);
  _EQ086 = !_LC3_A16 &  _LC4_B18
         #  _LC3_A16 &  _LC8_B18;

-- Node name is '|fbuffer:buf|mux8x8:mx8x8|:691' 
-- Equation name is '_LC2_B20', type is buried 
_LC2_B20 = LCELL( _EQ087);
  _EQ087 =  _LC2_B18 & !_LC4_A16
         #  _LC4_A16 &  _LC5_B20;

-- Node name is '|fbuffer:buf|mux8x8:mx8x8|:694' 
-- Equation name is '_LC2_C6', type is buried 
_LC2_C6  = LCELL( _EQ088);
  _EQ088 =  _LC2_B20 & !_LC3_A2
         #  _LC3_A2 &  _LC4_C6;

-- Node name is '|fbuffer:buf|mux8x8:mx8x8|:697' 
-- Equation name is '_LC1_C5', type is buried 
_LC1_C5  = LCELL( _EQ089);
  _EQ089 =  _LC2_C6 & !_LC4_A2
         #  _LC4_A2 &  _LC4_C5;

-- Node name is '|fbuffer:buf|mux8x8:mx8x8|:700' 
-- Equation name is '_LC3_C5', type is buried 
_LC3_C5  = LCELL( _EQ090);
  _EQ090 =  _LC1_C5 & !_LC8_A2
         #  _LC6_C5 &  _LC8_A2;

-- Node name is '|fbuffer:buf|mux8x8:mx8x8|:703' 
-- Equation name is '_LC1_B4', type is buried 
_LC1_B4  = LCELL( _EQ091);
  _EQ091 = !_LC2_A2 &  _LC3_C5
         #  _LC2_A2 &  _LC7_B4;

-- Node name is '|fbuffer:buf|mux8x8:mx8x8|:706' 
-- Equation name is '_LC3_B4', type is buried 
_LC3_B4  = LCELL( _EQ092);
  _EQ092 =  _LC1_B4 & !_LC6_A2
         #  _LC5_B4 &  _LC6_A2;

-- Node name is '|fbuffer:buf|mux8x8:mx8x8|:712' 
-- Equation name is '_LC3_B18', type is buried 
_LC3_B18 = LCELL( _EQ093);
  _EQ093 = !_LC1_A16 &  _LC1_B2
         #  _LC1_A16 &  _LC6_B18;

-- Node name is '|fbuffer:buf|mux8x8:mx8x8|:715' 
-- Equation name is '_LC1_B18', type is buried 
_LC1_B18 = LCELL( _EQ094);
  _EQ094 = !_LC3_A16 &  _LC3_B18
         #  _LC3_A16 &  _LC7_B18;

-- Node name is '|fbuffer:buf|mux8x8:mx8x8|:718' 
-- Equation name is '_LC3_B20', type is buried 
_LC3_B20 = LCELL( _EQ095);
  _EQ095 =  _LC1_B18 & !_LC4_A16
         #  _LC4_A16 &  _LC6_B20;

-- Node name is '|fbuffer:buf|mux8x8:mx8x8|:721' 
-- Equation name is '_LC3_C17', type is buried 
_LC3_C17 = LCELL( _EQ096);
  _EQ096 = !_LC3_A2 &  _LC3_B20
         #  _LC2_C17 &  _LC3_A2;

-- Node name is '|fbuffer:buf|mux8x8:mx8x8|:724' 
-- Equation name is '_LC1_C17', type is buried 
_LC1_C17 = LCELL( _EQ097);
  _EQ097 =  _LC3_C17 & !_LC4_A2
         #  _LC4_A2 &  _LC4_C17;

-- Node name is '|fbuffer:buf|mux8x8:mx8x8|:727' 
-- Equation name is '_LC1_C15', type is buried 
_LC1_C15 = LCELL( _EQ098);
  _EQ098 =  _LC1_C17 & !_LC8_A2
         #  _LC4_C15 &  _LC8_A2;

-- Node name is '|fbuffer:buf|mux8x8:mx8x8|:730' 
-- Equation name is '_LC2_B2', type is buried 
_LC2_B2  = LCELL( _EQ099);
  _EQ099 =  _LC1_C15 & !_LC2_A2
         #  _LC1_B1 &  _LC2_A2;

-- Node name is '|fbuffer:buf|mux8x8:mx8x8|:733' 
-- Equation name is '_LC1_B2', type is buried 
_LC1_B2  = LCELL( _EQ100);
  _EQ100 =  _LC2_B2 & !_LC6_A2
         #  _LC3_B2 &  _LC6_A2;

-- Node name is '|fbuffer:buf|mux8x8:mx8x8|:739' 
-- Equation name is '_LC3_A14', type is buried 
_LC3_A14 = LCELL( _EQ101);
  _EQ101 = !_LC1_A16 &  _LC5_A4
         #  _LC1_A16 &  _LC6_A14;

-- Node name is '|fbuffer:buf|mux8x8:mx8x8|:742' 
-- Equation name is '_LC6_A16', type is buried 
_LC6_A16 = LCELL( _EQ102);
  _EQ102 =  _LC3_A14 & !_LC3_A16
         #  _LC3_A16 &  _LC7_A16;

-- Node name is '|fbuffer:buf|mux8x8:mx8x8|:745' 
-- Equation name is '_LC2_A16', type is buried 
_LC2_A16 = LCELL( _EQ103);
  _EQ103 = !_LC4_A16 &  _LC6_A16
         #  _LC4_A16 &  _LC5_A16;

-- Node name is '|fbuffer:buf|mux8x8:mx8x8|:748' 
-- Equation name is '_LC3_C20', type is buried 
_LC3_C20 = LCELL( _EQ104);
  _EQ104 =  _LC2_A16 & !_LC3_A2
         #  _LC2_C20 &  _LC3_A2;

-- Node name is '|fbuffer:buf|mux8x8:mx8x8|:751' 
-- Equation name is '_LC1_C20', type is buried 
_LC1_C20 = LCELL( _EQ105);
  _EQ105 =  _LC3_C20 & !_LC4_A2
         #  _LC4_A2 &  _LC7_C20;

-- Node name is '|fbuffer:buf|mux8x8:mx8x8|:754' 
-- Equation name is '_LC2_C15', type is buried 
_LC2_C15 = LCELL( _EQ106);
  _EQ106 =  _LC1_C20 & !_LC8_A2
         #  _LC3_C15 &  _LC8_A2;

-- Node name is '|fbuffer:buf|mux8x8:mx8x8|:757' 
-- Equation name is '_LC2_A4', type is buried 
_LC2_A4  = LCELL( _EQ107);
  _EQ107 = !_LC2_A2 &  _LC2_C15
         #  _LC2_A2 &  _LC2_A5;

-- Node name is '|fbuffer:buf|mux8x8:mx8x8|:760' 
-- Equation name is '_LC5_A4', type is buried 
_LC5_A4  = LCELL( _EQ108);
  _EQ108 =  _LC2_A4 & !_LC6_A2
         #  _LC4_A4 &  _LC6_A2;

-- Node name is '|rstrigger:rstr|:66' 
-- Equation name is '_LC2_A1', type is buried 
_LC2_A1  = LCELL( _EQ109);
  _EQ109 =  _LC2_A1 & !RD
         #  WR;

-- Node name is '|rstrigger:rstr|:72' 
-- Equation name is '_LC6_A1', type is buried 
_LC6_A1  = LCELL( _EQ110);
  _EQ110 =  _LC6_A1 & !WR
         #  RD & !WR;



Project Informationc:\program files\max2work\20\fifolifokesh\fifolifokesh\vhdl\fifo.rpt

** COMPILATION SETTINGS & TIMES **

Processing Menu Commands
------------------------

Design Doctor                             = off

Logic Synthesis:

   Synthesis Type Used                    = Multi-Level

   Default Synthesis Style                = NORMAL

      Logic option settings in 'NORMAL' style for 'FLEX10K' family

      CARRY_CHAIN                         = ignore
      CARRY_CHAIN_LENGTH                  = 32
      CASCADE_CHAIN                       = ignore
      CASCADE_CHAIN_LENGTH                = 2
      DECOMPOSE_GATES                     = on
      DUPLICATE_LOGIC_EXTRACTION          = on
      MINIMIZATION                        = full
      MULTI_LEVEL_FACTORING               = on
      NOT_GATE_PUSH_BACK                  = on
      REDUCE_LOGIC                        = on
      REFACTORIZATION                     = on
      REGISTER_OPTIMIZATION               = on
      RESYNTHESIZE_NETWORK                = on
      SLOW_SLEW_RATE                      = off
      SUBFACTOR_EXTRACTION                = on
      IGNORE_SOFT_BUFFERS                 = on
      USE_LPM_FOR_AHDL_OPERATORS          = off

   Other logic synthesis settings:

      Automatic Global Clock              = on
      Automatic Global Clear              = on
      Automatic Global Preset             = on
      Automatic Global Output Enable      = on
      Automatic Fast I/O                  = off
      Automatic Register Packing          = off
      Automatic Open-Drain Pins           = on
      Automatic Implement in EAB          = off
      Optimize                            = 5

Default Timing Specifications: None

Cut All Bidir Feedback Timing Paths       = on
Cut All Clear & Preset Timing Paths       = on

Ignore Timing Assignments                 = off

Functional SNF Extractor                  = off

Linked SNF Extractor                      = off
Timing SNF Extractor                      = on
Optimize Timing SNF                       = off
Generate AHDL TDO File                    = off
Fitter Settings                           = NORMAL
Smart Recompile                           = off
Total Recompile                           = off

Interfaces Menu Commands
------------------------

EDIF Netlist Writer                       = off
Verilog Netlist Writer                    = off
VHDL Netlist Writer                       = off

Compilation Times
-----------------

   Compiler Netlist Extractor             00:00:00
   Database Builder                       00:00:00
   Logic Synthesizer                      00:00:00
   Partitioner                            00:00:01
   Fitter                                 00:00:01
   Timing SNF Extractor                   00:00:00
   Assembler                              00:00:00
   --------------------------             --------
   Total Time                             00:00:02


Memory Allocated
-----------------

Peak memory allocated during compilation  = 18,352K
