Project Information              c:\program files\max2work\14_3comparator4.rpt

MAX+plus II Compiler Report File
Version 9.01 07/30/98
Compiled: 11/14/20 18:35:16

Copyright (C) 1988-1998 Altera Corporation
Any megafunction design, and related net list (encrypted or decrypted),
support information, device programming or simulation file, and any other
associated documentation or information provided by Altera or a partner
under Altera's Megafunction Partnership Program may be used only to
program PLD devices (but not masked PLD devices) from Altera.  Any other
use of such megafunction design, net list, support information, device
programming or simulation file, or any other related documentation or
information is prohibited for any other purpose, including, but not
limited to modification, reverse engineering, de-compiling, or use with
any other silicon devices, unless such use is explicitly licensed under
a separate agreement with Altera or a megafunction partner.  Title to
the intellectual property, including patents, copyrights, trademarks,
trade secrets, or maskworks, embodied in any such megafunction design,
net list, support information, device programming or simulation file, or
any other related documentation or information provided by Altera or a
megafunction partner, remains with Altera, the megafunction partner, or
their respective licensors.  No other licenses, including any licenses
needed under any third party's intellectual property, are provided herein.



***** Project compilation was successful




** DEVICE SUMMARY **

Chip/                     Input   Output   Bidir         Shareable
POF       Device          Pins    Pins     Pins     LCs  Expanders  % Utilized

14_3comparator4
      EPM7032LC44-6        11       3        0      3       10          9  %

User Pins:                 11       3        0  



Project Information              c:\program files\max2work\14_3comparator4.rpt

** FILE HIERARCHY **



|14_1comparator2:1|
|14_1comparator2:2|


Device-Specific Information:     c:\program files\max2work\14_3comparator4.rpt
14_3comparator4

***** Logic for device '14_3comparator4' compiled without errors.




Device: EPM7032LC44-6

Device Options:
    Turbo Bit                                    = ON
    Security Bit                                 = OFF

                                               
                                               
                                               
                                               
                                               
                       V  G  G  G  G  G  X  X  
              Y  Y  Y  C  N  N  N  N  N  M  L  
              1  2  3  C  D  D  D  D  D  Y  Y  
            -----------------------------------_ 
          /   6  5  4  3  2  1 44 43 42 41 40   | 
      Y0 |  7                                39 | XEY 
      X3 |  8                                38 | RESERVED 
      X2 |  9                                37 | RESERVED 
     GND | 10                                36 | RESERVED 
      X1 | 11                                35 | VCC 
      X0 | 12         EPM7032LC44-6          34 | RESERVED 
    XMY0 | 13                                33 | RESERVED 
    XLY0 | 14                                32 | RESERVED 
     VCC | 15                                31 | RESERVED 
    XEY0 | 16                                30 | GND 
RESERVED | 17                                29 | RESERVED 
         |_  18 19 20 21 22 23 24 25 26 27 28  _| 
           ------------------------------------ 
              R  R  R  R  G  V  R  R  R  R  R  
              E  E  E  E  N  C  E  E  E  E  E  
              S  S  S  S  D  C  S  S  S  S  S  
              E  E  E  E        E  E  E  E  E  
              R  R  R  R        R  R  R  R  R  
              V  V  V  V        V  V  V  V  V  
              E  E  E  E        E  E  E  E  E  
              D  D  D  D        D  D  D  D  D  


N.C. = Not Connected.
VCC = Dedicated power pin, which MUST be connected to VCC.
GND = Dedicated ground pin or unused dedicated input, which MUST be connected to GND.
RESERVED = Unused I/O pin, which MUST be left unconnected.



Device-Specific Information:     c:\program files\max2work\14_3comparator4.rpt
14_3comparator4

** RESOURCE USAGE **

                                                Shareable     External
Logic Array Block     Logic Cells   I/O Pins    Expanders   Interconnect

A:     LC1 - LC16     0/16(  0%)  11/16( 68%)   0/16(  0%)   0/36(  0%) 
B:    LC17 - LC32     3/16( 18%)   3/16( 18%)  13/16( 81%)  11/36( 30%) 


Total dedicated input pins used:                 0/4      (  0%)
Total I/O pins used:                            14/32     ( 43%)
Total logic cells used:                          3/32     (  9%)
Total shareable expanders used:                 10/32     ( 31%)
Total Turbo logic cells used:                    3/32     (  9%)
Total shareable expanders not available (n/a):   3/32     (  9%)
Average fan-in:                                  9.00
Total fan-in:                                    27

Total input pins required:                      11
Total output pins required:                      3
Total bidirectional pins required:               0
Total logic cells required:                      3
Total flipflops required:                        0
Total product terms required:                   25
Total logic cells lending parallel expanders:    0
Total shareable expanders in database:          10

Synthesized logic cells:                         0/  32   (  0%)



Device-Specific Information:     c:\program files\max2work\14_3comparator4.rpt
14_3comparator4

** INPUTS **

                                         Shareable
                                         Expanders     Fan-In    Fan-Out
 Pin     LC  LAB  Primitive    Code   Total Shared n/a INP  FBK  OUT  FBK  Name
  16   (11)  (A)      INPUT               0      0   0    0    0    1    0  XEY0
  14   (10)  (A)      INPUT               0      0   0    0    0    1    0  XLY0
  13    (9)  (A)      INPUT               0      0   0    0    0    1    0  XMY0
  12    (8)  (A)      INPUT               0      0   0    0    0    3    0  X0
  11    (7)  (A)      INPUT               0      0   0    0    0    3    0  X1
   9    (6)  (A)      INPUT               0      0   0    0    0    3    0  X2
   8    (5)  (A)      INPUT               0      0   0    0    0    3    0  X3
   7    (4)  (A)      INPUT               0      0   0    0    0    3    0  Y0
   6    (3)  (A)      INPUT               0      0   0    0    0    3    0  Y1
   5    (2)  (A)      INPUT               0      0   0    0    0    3    0  Y2
   4    (1)  (A)      INPUT               0      0   0    0    0    3    0  Y3


Code:

s = Synthesized pin or logic cell
t = Turbo logic cell
+ = Synchronous flipflop
! = NOT gate push-back
r = Fitter-inserted logic cell


Device-Specific Information:     c:\program files\max2work\14_3comparator4.rpt
14_3comparator4

** OUTPUTS **

                                         Shareable
                                         Expanders     Fan-In    Fan-Out
 Pin     LC  LAB  Primitive    Code   Total Shared n/a INP  FBK  OUT  FBK  Name
  39     19    B     OUTPUT      t        5      2   1    9    0    0    0  XEY
  40     18    B     OUTPUT      t        5      1   1    9    0    0    0  XLY
  41     17    B     OUTPUT      t        5      1   1    9    0    0    0  XMY


Code:

s = Synthesized pin or logic cell
t = Turbo logic cell
+ = Synchronous flipflop
! = NOT gate push-back
r = Fitter-inserted logic cell


Device-Specific Information:     c:\program files\max2work\14_3comparator4.rpt
14_3comparator4

** LOGIC CELL INTERCONNECTIONS **

Logic Array Block 'B':

               Logic cells placed in LAB 'B'
        +----- LC19 XEY
        | +--- LC18 XLY
        | | +- LC17 XMY
        | | | 
        | | |   Other LABs fed by signals
        | | |   that feed LAB 'B'
LC      | | | | A B |     Logic cells that feed LAB 'B':

Pin
16   -> * - - | - * | <-- XEY0
14   -> - * - | - * | <-- XLY0
13   -> - - * | - * | <-- XMY0
12   -> * * * | - * | <-- X0
11   -> * * * | - * | <-- X1
9    -> * * * | - * | <-- X2
8    -> * * * | - * | <-- X3
7    -> * * * | - * | <-- Y0
6    -> * * * | - * | <-- Y1
5    -> * * * | - * | <-- Y2
4    -> * * * | - * | <-- Y3


* = The logic cell or pin is an input to the logic cell (or LAB) through the PIA.
- = The logic cell or pin is not an input to the logic cell (or LAB).


Device-Specific Information:     c:\program files\max2work\14_3comparator4.rpt
14_3comparator4

** EQUATIONS **

XEY0     : INPUT;
XLY0     : INPUT;
XMY0     : INPUT;
X0       : INPUT;
X1       : INPUT;
X2       : INPUT;
X3       : INPUT;
Y0       : INPUT;
Y1       : INPUT;
Y2       : INPUT;
Y3       : INPUT;

-- Node name is 'XEY' 
-- Equation name is 'XEY', location is LC019, type is output.
 XEY     = LCELL( _EQ001 $  _EQ002);
  _EQ001 =  XEY0 &  X0 &  _X001 &  _X002 &  _X003 &  _X004 & !Y0
         #  XEY0 & !X0 &  _X001 &  _X002 &  _X003 &  _X004 &  Y0
         #  XEY0 &  X1 &  _X001 &  _X002 &  _X003 &  _X004 & !Y1
         #  XEY0 & !X1 &  _X001 &  _X002 &  _X003 &  _X004 &  Y1;
  _X001  = EXP( X2 & !Y2);
  _X002  = EXP( X3 & !Y3);
  _X003  = EXP(!X2 &  Y2);
  _X004  = EXP(!X3 &  Y3);
  _EQ002 =  XEY0 &  _X001 &  _X002 &  _X003 &  _X004;
  _X001  = EXP( X2 & !Y2);
  _X002  = EXP( X3 & !Y3);
  _X003  = EXP(!X2 &  Y2);
  _X004  = EXP(!X3 &  Y3);

-- Node name is 'XLY' 
-- Equation name is 'XLY', location is LC018, type is output.
 XLY     = LCELL( _EQ003 $  VCC);
  _EQ003 =  X2 &  _X004 &  _X005 &  _X006 &  _X007
         # !XLY0 &  _X004 &  _X005 &  _X007 & !Y2
         #  X3 &  _X005 &  _X007 & !Y3
         #  X0 &  _X005 & !Y0
         #  X1 & !Y1;
  _X004  = EXP(!X3 &  Y3);
  _X005  = EXP(!X1 &  Y1);
  _X006  = EXP( XLY0 &  Y2);
  _X007  = EXP(!X0 &  Y0);

-- Node name is 'XMY' 
-- Equation name is 'XMY', location is LC017, type is output.
 XMY     = LCELL( _EQ004 $  VCC);
  _EQ004 =  _X002 &  _X008 &  _X009 &  _X010 &  Y2
         # !XMY0 & !X2 &  _X002 &  _X008 &  _X010
         # !X3 &  _X008 &  _X010 &  Y3
         # !X0 &  _X008 &  Y0
         # !X1 &  Y1;
  _X002  = EXP( X3 & !Y3);
  _X008  = EXP( X1 & !Y1);
  _X009  = EXP( XMY0 &  X2);
  _X010  = EXP( X0 & !Y0);



--     Shareable expanders that are duplicated in multiple LABs:
--     (none)




Project Information              c:\program files\max2work\14_3comparator4.rpt

** COMPILATION SETTINGS & TIMES **

Processing Menu Commands
------------------------

Design Doctor                             = off

Logic Synthesis:

   Synthesis Type Used                    = Standard

   Default Synthesis Style                = NORMAL

      Logic option settings in 'NORMAL' style for 'MAX7000' family

      DECOMPOSE_GATES                     = on
      DUPLICATE_LOGIC_EXTRACTION          = on
      MINIMIZATION                        = full
      MULTI_LEVEL_FACTORING               = on
      NOT_GATE_PUSH_BACK                  = on
      PARALLEL_EXPANDERS                  = off
      REDUCE_LOGIC                        = on
      REFACTORIZATION                     = on
      REGISTER_OPTIMIZATION               = on
      RESYNTHESIZE_NETWORK                = on
      SLOW_SLEW_RATE                      = off
      SOFT_BUFFER_INSERTION               = on
      SUBFACTOR_EXTRACTION                = on
      TURBO_BIT                           = on
      XOR_SYNTHESIS                       = on
      IGNORE_SOFT_BUFFERS                 = off
      USE_LPM_FOR_AHDL_OPERATORS          = off

   Other logic synthesis settings:

      Automatic Global Clock              = on
      Automatic Global Clear              = on
      Automatic Global Preset             = on
      Automatic Global Output Enable      = on
      Automatic Fast I/O                  = off
      Automatic Register Packing          = off
      Automatic Open-Drain Pins           = on
      Automatic Implement in EAB          = off
      One-Hot State Machine Encoding      = off
      Optimize                            = 5

Default Timing Specifications: None

Cut All Bidir Feedback Timing Paths       = on
Cut All Clear & Preset Timing Paths       = on

Ignore Timing Assignments                 = off

Functional SNF Extractor                  = off

Linked SNF Extractor                      = off
Timing SNF Extractor                      = on
Optimize Timing SNF                       = off
Generate AHDL TDO File                    = off
Fitter Settings                           = NORMAL
Smart Recompile                           = off
Total Recompile                           = off

Interfaces Menu Commands
------------------------

EDIF Netlist Writer                       = off
Verilog Netlist Writer                    = off
VHDL Netlist Writer                       = off

Compilation Times
-----------------

   Compiler Netlist Extractor             00:00:00
   Database Builder                       00:00:00
   Logic Synthesizer                      00:00:00
   Partitioner                            00:00:00
   Fitter                                 00:00:00
   Timing SNF Extractor                   00:00:00
   Assembler                              00:00:00
   --------------------------             --------
   Total Time                             00:00:00


Memory Allocated
-----------------

Peak memory allocated during compilation  = 3,007K
