Project Information                                       z:\lab14\lab14_5.rpt

MAX+plus II Compiler Report File
Version 9.01 07/30/98
Compiled: 11/18/20 01:31:42

Copyright (C) 1988-1998 Altera Corporation
Any megafunction design, and related net list (encrypted or decrypted),
support information, device programming or simulation file, and any other
associated documentation or information provided by Altera or a partner
under Altera's Megafunction Partnership Program may be used only to
program PLD devices (but not masked PLD devices) from Altera.  Any other
use of such megafunction design, net list, support information, device
programming or simulation file, or any other related documentation or
information is prohibited for any other purpose, including, but not
limited to modification, reverse engineering, de-compiling, or use with
any other silicon devices, unless such use is explicitly licensed under
a separate agreement with Altera or a megafunction partner.  Title to
the intellectual property, including patents, copyrights, trademarks,
trade secrets, or maskworks, embodied in any such megafunction design,
net list, support information, device programming or simulation file, or
any other related documentation or information provided by Altera or a
megafunction partner, remains with Altera, the megafunction partner, or
their respective licensors.  No other licenses, including any licenses
needed under any third party's intellectual property, are provided herein.



***** Project compilation was successful


LAB14_5


** DEVICE SUMMARY **

Chip/                     Input   Output   Bidir         Shareable
POF       Device          Pins    Pins     Pins     LCs  Expanders  % Utilized

lab14_5   EPM7032LC44-6    11       0        3      6       4           18 %

User Pins:                 11       0        3  



Project Information                                       z:\lab14\lab14_5.rpt

** FILE HIERARCHY **



|lab14_4:m1|
|lab14_4:m2|


Device-Specific Information:                              z:\lab14\lab14_5.rpt
lab14_5

***** Logic for device 'lab14_5' compiled without errors.




Device: EPM7032LC44-6

Device Options:
    Turbo Bit                                    = ON
    Security Bit                                 = OFF

                                               
                                               
                                               
                    i                          
                    n                          
                    X  V  G  G  G  G  G  X  X  
              Y  Y  E  C  N  N  N  N  N  L  E  
              1  2  Y  C  D  D  D  D  D  Y  Y  
            -----------------------------------_ 
          /   6  5  4  3  2  1 44 43 42 41 40   | 
      Y0 |  7                                39 | RESERVED 
      X3 |  8                                38 | RESERVED 
      X2 |  9                                37 | RESERVED 
     GND | 10                                36 | XMY 
      X1 | 11                                35 | VCC 
      X0 | 12         EPM7032LC44-6          34 | RESERVED 
      Y3 | 13                                33 | RESERVED 
   inXLY | 14                                32 | RESERVED 
     VCC | 15                                31 | RESERVED 
   inXMY | 16                                30 | GND 
RESERVED | 17                                29 | RESERVED 
         |_  18 19 20 21 22 23 24 25 26 27 28  _| 
           ------------------------------------ 
              R  R  R  R  G  V  R  R  R  R  R  
              E  E  E  E  N  C  E  E  E  E  E  
              S  S  S  S  D  C  S  S  S  S  S  
              E  E  E  E        E  E  E  E  E  
              R  R  R  R        R  R  R  R  R  
              V  V  V  V        V  V  V  V  V  
              E  E  E  E        E  E  E  E  E  
              D  D  D  D        D  D  D  D  D  


N.C. = Not Connected.
VCC = Dedicated power pin, which MUST be connected to VCC.
GND = Dedicated ground pin or unused dedicated input, which MUST be connected to GND.
RESERVED = Unused I/O pin, which MUST be left unconnected.



Device-Specific Information:                              z:\lab14\lab14_5.rpt
lab14_5

** RESOURCE USAGE **

                                                Shareable     External
Logic Array Block     Logic Cells   I/O Pins    Expanders   Interconnect

A:     LC1 - LC16     0/16(  0%)  11/16( 68%)   0/16(  0%)   0/36(  0%) 
B:    LC17 - LC32     6/16( 37%)   3/16( 18%)   4/16( 25%)  14/36( 38%) 


Total dedicated input pins used:                 0/4      (  0%)
Total I/O pins used:                            14/32     ( 43%)
Total logic cells used:                          6/32     ( 18%)
Total shareable expanders used:                  4/32     ( 12%)
Total Turbo logic cells used:                    6/32     ( 18%)
Total shareable expanders not available (n/a):   0/32     (  0%)
Average fan-in:                                  6.00
Total fan-in:                                    36

Total input pins required:                      11
Total output pins required:                      0
Total bidirectional pins required:               3
Total logic cells required:                      6
Total flipflops required:                        0
Total product terms required:                   28
Total logic cells lending parallel expanders:    0
Total shareable expanders in database:           4

Synthesized logic cells:                         0/  32   (  0%)



Device-Specific Information:                              z:\lab14\lab14_5.rpt
lab14_5

** INPUTS **

                                         Shareable
                                         Expanders     Fan-In    Fan-Out
 Pin     LC  LAB  Primitive    Code   Total Shared n/a INP  FBK  OUT  FBK  Name
   4    (1)  (A)      INPUT               0      0   0    0    0    0    1  inXEY
  14   (10)  (A)      INPUT               0      0   0    0    0    0    2  inXLY
  16   (11)  (A)      INPUT               0      0   0    0    0    0    3  inXMY
  40     18    B      BIDIR               0      0   0    4    3    0    0  XEY
  41     17    B      BIDIR               1      1   0    4    2    0    0  XLY
  36     22    B      BIDIR               2      1   0    4    1    0    0  XMY
  12    (8)  (A)      INPUT               0      0   0    0    0    0    3  X0
  11    (7)  (A)      INPUT               0      0   0    0    0    0    3  X1
   9    (6)  (A)      INPUT               0      0   0    0    0    3    0  X2
   8    (5)  (A)      INPUT               0      0   0    0    0    3    0  X3
   7    (4)  (A)      INPUT               0      0   0    0    0    0    3  Y0
   6    (3)  (A)      INPUT               0      0   0    0    0    0    3  Y1
   5    (2)  (A)      INPUT               0      0   0    0    0    3    0  Y2
  13    (9)  (A)      INPUT               0      0   0    0    0    3    0  Y3


Code:

s = Synthesized pin or logic cell
t = Turbo logic cell
+ = Synchronous flipflop
! = NOT gate push-back
r = Fitter-inserted logic cell


Device-Specific Information:                              z:\lab14\lab14_5.rpt
lab14_5

** OUTPUTS **

                                         Shareable
                                         Expanders     Fan-In    Fan-Out
 Pin     LC  LAB  Primitive    Code   Total Shared n/a INP  FBK  OUT  FBK  Name
  40     18    B        TRI      t        0      0   0    4    3    0    0  XEY
  41     17    B        TRI      t        1      1   0    4    2    0    0  XLY
  36     22    B        TRI      t        2      1   0    4    1    0    0  XMY


Code:

s = Synthesized pin or logic cell
t = Turbo logic cell
+ = Synchronous flipflop
! = NOT gate push-back
r = Fitter-inserted logic cell


Device-Specific Information:                              z:\lab14\lab14_5.rpt
lab14_5

** BURIED LOGIC **

                                         Shareable
                                         Expanders     Fan-In    Fan-Out
 Pin     LC  LAB  Primitive    Code   Total Shared n/a INP  FBK  OUT  FBK  Name
 (39)    19    B       SOFT      t        2      1   0    5    0    3    0  |lab14_4:m2|:258
 (38)    20    B       SOFT      t        0      0   0    7    0    1    0  |lab14_4:m2|:259
 (37)    21    B       SOFT      t        1      1   0    6    0    2    0  |lab14_4:m2|:260


Code:

s = Synthesized pin or logic cell
t = Turbo logic cell
+ = Synchronous flipflop
! = NOT gate push-back
r = Fitter-inserted logic cell


Device-Specific Information:                              z:\lab14\lab14_5.rpt
lab14_5

** LOGIC CELL INTERCONNECTIONS **

Logic Array Block 'B':

                     Logic cells placed in LAB 'B'
        +----------- LC19 |lab14_4:m2|:258
        | +--------- LC20 |lab14_4:m2|:259
        | | +------- LC21 |lab14_4:m2|:260
        | | | +----- LC18 XEY
        | | | | +--- LC17 XLY
        | | | | | +- LC22 XMY
        | | | | | | 
        | | | | | |   Other LABs fed by signals
        | | | | | |   that feed LAB 'B'
LC      | | | | | | | A B |     Logic cells that feed LAB 'B':
LC19 -> - - - * * * | - * | <-- |lab14_4:m2|:258
LC20 -> - - - * - - | - * | <-- |lab14_4:m2|:259
LC21 -> - - - * * - | - * | <-- |lab14_4:m2|:260

Pin
4    -> - * - - - - | - * | <-- inXEY
14   -> - * * - - - | - * | <-- inXLY
16   -> * * * - - - | - * | <-- inXMY
12   -> * * * - - - | - * | <-- X0
11   -> * * * - - - | - * | <-- X1
9    -> - - - * * * | - * | <-- X2
8    -> - - - * * * | - * | <-- X3
7    -> * * * - - - | - * | <-- Y0
6    -> * * * - - - | - * | <-- Y1
5    -> - - - * * * | - * | <-- Y2
13   -> - - - * * * | - * | <-- Y3


* = The logic cell or pin is an input to the logic cell (or LAB) through the PIA.
- = The logic cell or pin is not an input to the logic cell (or LAB).


Device-Specific Information:                              z:\lab14\lab14_5.rpt
lab14_5

** EQUATIONS **

inXEY    : INPUT;
inXLY    : INPUT;
inXMY    : INPUT;
X0       : INPUT;
X1       : INPUT;
X2       : INPUT;
X3       : INPUT;
Y0       : INPUT;
Y1       : INPUT;
Y2       : INPUT;
Y3       : INPUT;

-- Node name is 'XEY' 
-- Equation name is 'XEY', location is LC018, type is bidir.
XEY      = TRI(_LC018,  VCC);
_LC018   = LCELL( _EQ001 $  GND);
  _EQ001 = !_LC019 &  _LC020 & !_LC021 &  X2 &  X3 &  Y2 &  Y3
         # !_LC019 &  _LC020 & !_LC021 &  X2 & !X3 &  Y2 & !Y3
         # !_LC019 &  _LC020 & !_LC021 & !X2 &  X3 & !Y2 &  Y3
         # !_LC019 &  _LC020 & !_LC021 & !X2 & !X3 & !Y2 & !Y3;

-- Node name is 'XLY' 
-- Equation name is 'XLY', location is LC017, type is bidir.
XLY      = TRI(_LC017,  VCC);
_LC017   = LCELL( _EQ002 $  GND);
  _EQ002 = !_LC019 &  _LC021 &  _X001 &  Y2
         # !_LC019 &  _LC021 &  _X001 & !X2
         #  _X001 & !X2 &  Y2
         # !X3 &  Y3;
  _X001  = EXP( X3 & !Y3);

-- Node name is 'XMY' 
-- Equation name is 'XMY', location is LC022, type is bidir.
XMY      = TRI(_LC022,  VCC);
_LC022   = LCELL( _EQ003 $  VCC);
  _EQ003 =  _X002 &  Y2 &  Y3
         #  _X002 & !X3 &  Y2
         # !_LC019 &  _X001 & !X2
         # !X3 &  Y3;
  _X002  = EXP( _LC019 &  X2);
  _X001  = EXP( X3 & !Y3);

-- Node name is '|lab14_4:m2|:258' 
-- Equation name is '_LC019', type is buried 
_LC019   = LCELL( _EQ004 $  VCC);
  _EQ004 =  _X003 &  Y0 &  Y1
         # !X1 &  _X003 &  Y0
         # !inXMY & !X0 &  _X004
         # !X1 &  Y1;
  _X003  = EXP( inXMY &  X0);
  _X004  = EXP( X1 & !Y1);

-- Node name is '|lab14_4:m2|:259' 
-- Equation name is '_LC020', type is buried 
_LC020   = LCELL( _EQ005 $  GND);
  _EQ005 =  inXEY & !inXLY & !inXMY &  X0 &  X1 &  Y0 &  Y1
         #  inXEY & !inXLY & !inXMY &  X0 & !X1 &  Y0 & !Y1
         #  inXEY & !inXLY & !inXMY & !X0 &  X1 & !Y0 &  Y1
         #  inXEY & !inXLY & !inXMY & !X0 & !X1 & !Y0 & !Y1;

-- Node name is '|lab14_4:m2|:260' 
-- Equation name is '_LC021', type is buried 
_LC021   = LCELL( _EQ006 $  GND);
  _EQ006 =  inXLY & !inXMY &  _X004 &  Y0
         #  inXLY & !inXMY & !X0 &  _X004
         # !X0 &  _X004 &  Y0
         # !X1 &  Y1;
  _X004  = EXP( X1 & !Y1);



--     Shareable expanders that are duplicated in multiple LABs:
--     (none)




Project Information                                       z:\lab14\lab14_5.rpt

** COMPILATION SETTINGS & TIMES **

Processing Menu Commands
------------------------

Design Doctor                             = off

Logic Synthesis:

   Synthesis Type Used                    = Standard

   Default Synthesis Style                = NORMAL

      Logic option settings in 'NORMAL' style for 'MAX7000' family

      DECOMPOSE_GATES                     = on
      DUPLICATE_LOGIC_EXTRACTION          = on
      MINIMIZATION                        = full
      MULTI_LEVEL_FACTORING               = on
      NOT_GATE_PUSH_BACK                  = on
      PARALLEL_EXPANDERS                  = off
      REDUCE_LOGIC                        = on
      REFACTORIZATION                     = on
      REGISTER_OPTIMIZATION               = on
      RESYNTHESIZE_NETWORK                = on
      SLOW_SLEW_RATE                      = off
      SOFT_BUFFER_INSERTION               = on
      SUBFACTOR_EXTRACTION                = on
      TURBO_BIT                           = on
      XOR_SYNTHESIS                       = on
      IGNORE_SOFT_BUFFERS                 = off
      USE_LPM_FOR_AHDL_OPERATORS          = off

   Other logic synthesis settings:

      Automatic Global Clock              = on
      Automatic Global Clear              = on
      Automatic Global Preset             = on
      Automatic Global Output Enable      = on
      Automatic Fast I/O                  = off
      Automatic Register Packing          = off
      Automatic Open-Drain Pins           = on
      Automatic Implement in EAB          = off
      One-Hot State Machine Encoding      = off
      Optimize                            = 5

Default Timing Specifications: None

Cut All Bidir Feedback Timing Paths       = on
Cut All Clear & Preset Timing Paths       = on

Ignore Timing Assignments                 = off

Functional SNF Extractor                  = off

Linked SNF Extractor                      = off
Timing SNF Extractor                      = on
Optimize Timing SNF                       = off
Generate AHDL TDO File                    = off
Fitter Settings                           = NORMAL
Smart Recompile                           = off
Total Recompile                           = off

Interfaces Menu Commands
------------------------

EDIF Netlist Writer                       = off
Verilog Netlist Writer                    = off
VHDL Netlist Writer                       = off

Compilation Times
-----------------

   Compiler Netlist Extractor             00:00:00
   Database Builder                       00:00:00
   Logic Synthesizer                      00:00:00
   Partitioner                            00:00:00
   Fitter                                 00:00:00
   Timing SNF Extractor                   00:00:00
   Assembler                              00:00:00
   --------------------------             --------
   Total Time                             00:00:00


Memory Allocated
-----------------

Peak memory allocated during compilation  = 3,769K
