Timing Analyzer report for dff_async
Thu Oct 08 15:43:39 2020
Version 5.0 Build 148 04/26/2005 SJ Full Version


---------------------
; Table of Contents ;
---------------------
  1. Legal Notice
  2. Timing Analyzer Summary
  3. Timing Analyzer Settings
  4. Clock Settings Summary
  5. tsu
  6. tco
  7. th
  8. Timing Analyzer Messages



----------------
; Legal Notice ;
----------------
Copyright (C) 1991-2005 Altera Corporation
Your use of Altera Corporation's design tools, logic functions 
and other software and tools, and its AMPP partner logic       
functions, and any output files any of the foregoing           
(including device programming or simulation files), and any    
associated documentation or information are expressly subject  
to the terms and conditions of the Altera Program License      
Subscription Agreement, Altera MegaCore Function License       
Agreement, or other applicable license agreement, including,   
without limitation, that your use is for the sole purpose of   
programming logic devices manufactured by Altera and sold by   
Altera or its authorized distributors.  Please refer to the    
applicable agreement for further details.



+-----------------------------------------------------------------------------------------------------------------------------+
; Timing Analyzer Summary                                                                                                     ;
+------------------------------+-------+---------------+-------------+--------+--------+------------+----------+--------------+
; Type                         ; Slack ; Required Time ; Actual Time ; From   ; To     ; From Clock ; To Clock ; Failed Paths ;
+------------------------------+-------+---------------+-------------+--------+--------+------------+----------+--------------+
; Worst-case tsu               ; N/A   ; None          ; 2.243 ns    ; data   ; q~reg0 ;            ; clk      ; 0            ;
; Worst-case tco               ; N/A   ; None          ; 6.093 ns    ; q~reg0 ; q      ; clk        ;          ; 0            ;
; Worst-case th                ; N/A   ; None          ; -2.133 ns   ; data   ; q~reg0 ;            ; clk      ; 0            ;
; Total number of failed paths ;       ;               ;             ;        ;        ;            ;          ; 0            ;
+------------------------------+-------+---------------+-------------+--------+--------+------------+----------+--------------+


+------------------------------------------------------------------------------------------------------+
; Timing Analyzer Settings                                                                             ;
+-------------------------------------------------------+--------------------+------+----+-------------+
; Option                                                ; Setting            ; From ; To ; Entity Name ;
+-------------------------------------------------------+--------------------+------+----+-------------+
; Device Name                                           ; EP1S10F484C5       ;      ;    ;             ;
; Timing Models                                         ; Final              ;      ;    ;             ;
; Number of source nodes to report per destination node ; 10                 ;      ;    ;             ;
; Number of destination nodes to report                 ; 10                 ;      ;    ;             ;
; Number of paths to report                             ; 200                ;      ;    ;             ;
; Report Minimum Timing Checks                          ; Off                ;      ;    ;             ;
; Use Fast Timing Models                                ; Off                ;      ;    ;             ;
; Report IO Paths Separately                            ; Off                ;      ;    ;             ;
; Default hold multicycle                               ; Same as Multicycle ;      ;    ;             ;
; Cut paths between unrelated clock domains             ; On                 ;      ;    ;             ;
; Cut off read during write signal paths                ; On                 ;      ;    ;             ;
; Cut off feedback from I/O pins                        ; On                 ;      ;    ;             ;
; Report Combined Fast/Slow Timing                      ; Off                ;      ;    ;             ;
; Ignore Clock Settings                                 ; Off                ;      ;    ;             ;
; Analyze latches as synchronous elements               ; Off                ;      ;    ;             ;
; Enable Recovery/Removal analysis                      ; Off                ;      ;    ;             ;
; Enable Clock Latency                                  ; Off                ;      ;    ;             ;
+-------------------------------------------------------+--------------------+------+----+-------------+


+------------------------------------------------------------------------------------------------------------------------------------------------------------------------------------+
; Clock Settings Summary                                                                                                                                                             ;
+-----------------+--------------------+----------+------------------+---------------+--------------+----------+-----------------------+---------------------+--------+--------------+
; Clock Node Name ; Clock Setting Name ; Type     ; Fmax Requirement ; Early Latency ; Late Latency ; Based on ; Multiply Base Fmax by ; Divide Base Fmax by ; Offset ; Phase offset ;
+-----------------+--------------------+----------+------------------+---------------+--------------+----------+-----------------------+---------------------+--------+--------------+
; clk             ;                    ; User Pin ; NONE             ; 0.000 ns      ; 0.000 ns     ; NONE     ; N/A                   ; N/A                 ; N/A    ;              ;
+-----------------+--------------------+----------+------------------+---------------+--------------+----------+-----------------------+---------------------+--------+--------------+


+--------------------------------------------------------------+
; tsu                                                          ;
+-------+--------------+------------+------+--------+----------+
; Slack ; Required tsu ; Actual tsu ; From ; To     ; To Clock ;
+-------+--------------+------------+------+--------+----------+
; N/A   ; None         ; 2.243 ns   ; data ; q~reg0 ; clk      ;
+-------+--------------+------------+------+--------+----------+


+--------------------------------------------------------------+
; tco                                                          ;
+-------+--------------+------------+--------+----+------------+
; Slack ; Required tco ; Actual tco ; From   ; To ; From Clock ;
+-------+--------------+------------+--------+----+------------+
; N/A   ; None         ; 6.093 ns   ; q~reg0 ; q  ; clk        ;
+-------+--------------+------------+--------+----+------------+


+--------------------------------------------------------------------+
; th                                                                 ;
+---------------+-------------+-----------+------+--------+----------+
; Minimum Slack ; Required th ; Actual th ; From ; To     ; To Clock ;
+---------------+-------------+-----------+------+--------+----------+
; N/A           ; None        ; -2.133 ns ; data ; q~reg0 ; clk      ;
+---------------+-------------+-----------+------+--------+----------+


+--------------------------+
; Timing Analyzer Messages ;
+--------------------------+
Info: *******************************************************************
Info: Running Quartus II Timing Analyzer
    Info: Version 5.0 Build 148 04/26/2005 SJ Full Version
    Info: Processing started: Thu Oct 08 15:43:39 2020
Info: Command: quartus_tan --read_settings_files=off --write_settings_files=off dff_async -c dff_async --timing_analysis_only
Warning: Found pins functioning as undefined clocks and/or memory enables
    Info: Assuming node "clk" is an undefined clock
Info: No valid register-to-register data paths exist for clock "clk"
Info: tsu for register "q~reg0" (data pin = "data", clock pin = "clk") is 2.243 ns
    Info: + Longest pin to register delay is 4.644 ns
        Info: 1: + IC(0.000 ns) + CELL(1.234 ns) = 1.234 ns; Loc. = PIN_W21; Fanout = 1; PIN Node = 'data'
        Info: 2: + IC(3.187 ns) + CELL(0.223 ns) = 4.644 ns; Loc. = LC_X1_Y2_N6; Fanout = 1; REG Node = 'q~reg0'
        Info: Total cell delay = 1.457 ns ( 31.37 % )
        Info: Total interconnect delay = 3.187 ns ( 68.63 % )
    Info: + Micro setup delay of destination is 0.010 ns
    Info: - Shortest clock path from clock "clk" to destination register is 2.411 ns
        Info: 1: + IC(0.000 ns) + CELL(1.234 ns) = 1.234 ns; Loc. = PIN_W22; Fanout = 1; CLK Node = 'clk'
        Info: 2: + IC(0.635 ns) + CELL(0.542 ns) = 2.411 ns; Loc. = LC_X1_Y2_N6; Fanout = 1; REG Node = 'q~reg0'
        Info: Total cell delay = 1.776 ns ( 73.66 % )
        Info: Total interconnect delay = 0.635 ns ( 26.34 % )
Info: tco from clock "clk" to destination pin "q" through register "q~reg0" is 6.093 ns
    Info: + Longest clock path from clock "clk" to source register is 2.411 ns
        Info: 1: + IC(0.000 ns) + CELL(1.234 ns) = 1.234 ns; Loc. = PIN_W22; Fanout = 1; CLK Node = 'clk'
        Info: 2: + IC(0.635 ns) + CELL(0.542 ns) = 2.411 ns; Loc. = LC_X1_Y2_N6; Fanout = 1; REG Node = 'q~reg0'
        Info: Total cell delay = 1.776 ns ( 73.66 % )
        Info: Total interconnect delay = 0.635 ns ( 26.34 % )
    Info: + Micro clock to output delay of source is 0.156 ns
    Info: + Longest register to pin delay is 3.526 ns
        Info: 1: + IC(0.000 ns) + CELL(0.000 ns) = 0.000 ns; Loc. = LC_X1_Y2_N6; Fanout = 1; REG Node = 'q~reg0'
        Info: 2: + IC(1.150 ns) + CELL(2.376 ns) = 3.526 ns; Loc. = PIN_U20; Fanout = 0; PIN Node = 'q'
        Info: Total cell delay = 2.376 ns ( 67.39 % )
        Info: Total interconnect delay = 1.150 ns ( 32.61 % )
Info: th for register "q~reg0" (data pin = "data", clock pin = "clk") is -2.133 ns
    Info: + Longest clock path from clock "clk" to destination register is 2.411 ns
        Info: 1: + IC(0.000 ns) + CELL(1.234 ns) = 1.234 ns; Loc. = PIN_W22; Fanout = 1; CLK Node = 'clk'
        Info: 2: + IC(0.635 ns) + CELL(0.542 ns) = 2.411 ns; Loc. = LC_X1_Y2_N6; Fanout = 1; REG Node = 'q~reg0'
        Info: Total cell delay = 1.776 ns ( 73.66 % )
        Info: Total interconnect delay = 0.635 ns ( 26.34 % )
    Info: + Micro hold delay of destination is 0.100 ns
    Info: - Shortest pin to register delay is 4.644 ns
        Info: 1: + IC(0.000 ns) + CELL(1.234 ns) = 1.234 ns; Loc. = PIN_W21; Fanout = 1; PIN Node = 'data'
        Info: 2: + IC(3.187 ns) + CELL(0.223 ns) = 4.644 ns; Loc. = LC_X1_Y2_N6; Fanout = 1; REG Node = 'q~reg0'
        Info: Total cell delay = 1.457 ns ( 31.37 % )
        Info: Total interconnect delay = 3.187 ns ( 68.63 % )
Info: Quartus II Timing Analyzer was successful. 0 errors, 1 warning
    Info: Processing ended: Thu Oct 08 15:43:39 2020
    Info: Elapsed time: 00:00:00


