Project Information                                            z:\lab9\9_6.rpt

MAX+plus II Compiler Report File
Version 9.01 07/30/98
Compiled: 10/29/20 23:07:37

Copyright (C) 1988-1998 Altera Corporation
Any megafunction design, and related net list (encrypted or decrypted),
support information, device programming or simulation file, and any other
associated documentation or information provided by Altera or a partner
under Altera's Megafunction Partnership Program may be used only to
program PLD devices (but not masked PLD devices) from Altera.  Any other
use of such megafunction design, net list, support information, device
programming or simulation file, or any other related documentation or
information is prohibited for any other purpose, including, but not
limited to modification, reverse engineering, de-compiling, or use with
any other silicon devices, unless such use is explicitly licensed under
a separate agreement with Altera or a megafunction partner.  Title to
the intellectual property, including patents, copyrights, trademarks,
trade secrets, or maskworks, embodied in any such megafunction design,
net list, support information, device programming or simulation file, or
any other related documentation or information provided by Altera or a
megafunction partner, remains with Altera, the megafunction partner, or
their respective licensors.  No other licenses, including any licenses
needed under any third party's intellectual property, are provided herein.



***** Project compilation was successful




** DEVICE SUMMARY **

Chip/                     Input   Output   Bidir         Shareable
POF       Device          Pins    Pins     Pins     LCs  Expanders  % Utilized

9_6       EPM7032LC44-6    9        5        0      5       0           15 %

User Pins:                 9        5        0  



Project Information                                            z:\lab9\9_6.rpt

** AUTO GLOBAL SIGNALS **



INFO: Signal '0_for_RESET' chosen for auto global Clear
INFO: Signal 'TURN_OFF_OUTP' chosen for auto global Output Enable


Project Information                                            z:\lab9\9_6.rpt

** FILE HIERARCHY **



|74395:1|


Device-Specific Information:                                   z:\lab9\9_6.rpt
9_6

***** Logic for device '9_6' compiled without errors.




Device: EPM7032LC44-6

Device Options:
    Turbo Bit                                    = ON
    Security Bit                                 = OFF

                                     T              
                                     U              
                                  0  R              
                      S           _  N              
                   P  E           f  _              
                   A  R           o  O        O  O  
                   R  I           r  F        U  U  
                   R  A           _  F        T  T  
                   _  L           R  _        P  P  
                   I  _  T        E  O        U  U  
                   M  I  A  V  G  S  U  G  G  T  T  
                   P  M  C  C  N  E  T  N  N  _  _  
                   4  P  T  C  D  T  P  D  D  3  2  
                 -----------------------------------_ 
               /   6  5  4  3  2  1 44 43 42 41 40   | 
    PARR_IMP3 |  7                                39 | OUTPUT_1 
    PARR_IMP2 |  8                                38 | OUTPUT_4 
    PARR_IMP1 |  9                                37 | SHOW_RESULT 
          GND | 10                                36 | RESERVED 
  PARRAL_MODE | 11                                35 | VCC 
     RESERVED | 12         EPM7032LC44-6          34 | RESERVED 
     RESERVED | 13                                33 | RESERVED 
     RESERVED | 14                                32 | RESERVED 
          VCC | 15                                31 | RESERVED 
     RESERVED | 16                                30 | GND 
     RESERVED | 17                                29 | RESERVED 
              |_  18 19 20 21 22 23 24 25 26 27 28  _| 
                ------------------------------------ 
                   R  R  R  R  G  V  R  R  R  R  R  
                   E  E  E  E  N  C  E  E  E  E  E  
                   S  S  S  S  D  C  S  S  S  S  S  
                   E  E  E  E        E  E  E  E  E  
                   R  R  R  R        R  R  R  R  R  
                   V  V  V  V        V  V  V  V  V  
                   E  E  E  E        E  E  E  E  E  
                   D  D  D  D        D  D  D  D  D  
                                                    
                                                    
                                                    
                                                    
                                                    


N.C. = Not Connected.
VCC = Dedicated power pin, which MUST be connected to VCC.
GND = Dedicated ground pin or unused dedicated input, which MUST be connected to GND.
RESERVED = Unused I/O pin, which MUST be left unconnected.



Device-Specific Information:                                   z:\lab9\9_6.rpt
9_6

** RESOURCE USAGE **

                                                Shareable     External
Logic Array Block     Logic Cells   I/O Pins    Expanders   Interconnect

A:     LC1 - LC16     0/16(  0%)   7/16( 43%)   0/16(  0%)   0/36(  0%) 
B:    LC17 - LC32     5/16( 31%)   5/16( 31%)   0/16(  0%)  10/36( 27%) 


Total dedicated input pins used:                 2/4      ( 50%)
Total I/O pins used:                            12/32     ( 37%)
Total logic cells used:                          5/32     ( 15%)
Total shareable expanders used:                  0/32     (  0%)
Total Turbo logic cells used:                    5/32     ( 15%)
Total shareable expanders not available (n/a):   0/32     (  0%)
Average fan-in:                                  5.80
Total fan-in:                                    29

Total input pins required:                       9
Total output pins required:                      5
Total bidirectional pins required:               0
Total logic cells required:                      5
Total flipflops required:                        5
Total product terms required:                   15
Total logic cells lending parallel expanders:    0
Total shareable expanders in database:           0

Synthesized logic cells:                         0/  32   (  0%)



Device-Specific Information:                                   z:\lab9\9_6.rpt
9_6

** INPUTS **

                                         Shareable
                                         Expanders     Fan-In    Fan-Out
 Pin     LC  LAB  Primitive    Code   Total Shared n/a INP  FBK  OUT  FBK  Name
  11    (7)  (A)      INPUT               0      0   0    0    0    5    0  PARRAL_MODE
   9    (6)  (A)      INPUT               0      0   0    0    0    1    0  PARR_IMP1
   8    (5)  (A)      INPUT               0      0   0    0    0    1    0  PARR_IMP2
   7    (4)  (A)      INPUT               0      0   0    0    0    1    0  PARR_IMP3
   6    (3)  (A)      INPUT               0      0   0    0    0    2    0  PARR_IMP4
   5    (2)  (A)      INPUT               0      0   0    0    0    1    0  SERIAL_IMP
   4    (1)  (A)      INPUT               0      0   0    0    0    5    0  TACT
  44      -   -       INPUT  G            0      0   0    0    0    0    0  TURN_OFF_OUTP
   1      -   -       INPUT  G            0      0   0    0    0    0    0  0_for_RESET


Code:

s = Synthesized pin or logic cell
t = Turbo logic cell
+ = Synchronous flipflop
! = NOT gate push-back
r = Fitter-inserted logic cell
G = Global Source. Fan-out destinations counted here do not include destinations
that are driven using global routing resources. Refer to the Auto Global Signals,
Clock Signals, Clear Signals, Synchronous Load Signals, and Synchronous Clear Signals
Sections of this Report File for information on which signals' fan-outs are used as
Clock, Clear, Preset, Output Enable, and synchronous Load signals.


Device-Specific Information:                                   z:\lab9\9_6.rpt
9_6

** OUTPUTS **

                                         Shareable
                                         Expanders     Fan-In    Fan-Out
 Pin     LC  LAB  Primitive    Code   Total Shared n/a INP  FBK  OUT  FBK  Name
  39     19    B     TRI/FF      t        0      0   0    4    0    1    0  OUTPUT_1
  40     18    B     TRI/FF      t        0      0   0    3    1    1    0  OUTPUT_2
  41     17    B     TRI/FF      t        0      0   0    3    1    2    0  OUTPUT_3
  38     20    B     TRI/FF      t        0      0   0    3    1    0    0  OUTPUT_4 (|74395:1|~20~1)
  37     21    B         FF      t        0      0   0    3    1    0    0  SHOW_RESULT (|74395:1|:20)


Code:

s = Synthesized pin or logic cell
t = Turbo logic cell
+ = Synchronous flipflop
! = NOT gate push-back
r = Fitter-inserted logic cell


Device-Specific Information:                                   z:\lab9\9_6.rpt
9_6

** LOGIC CELL INTERCONNECTIONS **

Logic Array Block 'B':

                   Logic cells placed in LAB 'B'
        +--------- LC19 OUTPUT_1
        | +------- LC18 OUTPUT_2
        | | +----- LC17 OUTPUT_3
        | | | +--- LC20 OUTPUT_4
        | | | | +- LC21 SHOW_RESULT
        | | | | | 
        | | | | |   Other LABs fed by signals
        | | | | |   that feed LAB 'B'
LC      | | | | | | A B |     Logic cells that feed LAB 'B':
LC19 -> - * - - - | - * | <-- OUTPUT_1
LC18 -> - - * - - | - * | <-- OUTPUT_2
LC17 -> - - - * * | - * | <-- OUTPUT_3

Pin
11   -> * * * * * | - * | <-- PARRAL_MODE
9    -> * - - - - | - * | <-- PARR_IMP1
8    -> - * - - - | - * | <-- PARR_IMP2
7    -> - - * - - | - * | <-- PARR_IMP3
6    -> - - - * * | - * | <-- PARR_IMP4
5    -> * - - - - | - * | <-- SERIAL_IMP
4    -> * * * * * | - * | <-- TACT
44   -> - - - - - | - - | <-- TURN_OFF_OUTP
1    -> - - - - - | - - | <-- 0_for_RESET


* = The logic cell or pin is an input to the logic cell (or LAB) through the PIA.
- = The logic cell or pin is not an input to the logic cell (or LAB).


Device-Specific Information:                                   z:\lab9\9_6.rpt
9_6

** EQUATIONS **

PARRAL_MODE : INPUT;
PARR_IMP1 : INPUT;
PARR_IMP2 : INPUT;
PARR_IMP3 : INPUT;
PARR_IMP4 : INPUT;
SERIAL_IMP : INPUT;
TACT     : INPUT;
TURN_OFF_OUTP : INPUT;
0_for_RESET : INPUT;

-- Node name is 'OUTPUT_1' = '|74395:1|:7' 
-- Equation name is 'OUTPUT_1', type is output 
OUTPUT_1 = TRI(_LC019, GLOBAL(!TURN_OFF_OUTP));
_LC019   = DFFE( _EQ001 $  GND, !TACT, GLOBAL( 0_for_RESET),  VCC,  VCC);
  _EQ001 =  PARRAL_MODE &  PARR_IMP1
         # !PARRAL_MODE &  SERIAL_IMP;

-- Node name is 'OUTPUT_2' = '|74395:1|:10' 
-- Equation name is 'OUTPUT_2', type is output 
OUTPUT_2 = TRI(_LC018, GLOBAL(!TURN_OFF_OUTP));
_LC018   = DFFE( _EQ002 $  GND, !TACT, GLOBAL( 0_for_RESET),  VCC,  VCC);
  _EQ002 =  PARRAL_MODE &  PARR_IMP2
         #  _LC019 & !PARRAL_MODE;

-- Node name is 'OUTPUT_3' = '|74395:1|:15' 
-- Equation name is 'OUTPUT_3', type is output 
OUTPUT_3 = TRI(_LC017, GLOBAL(!TURN_OFF_OUTP));
_LC017   = DFFE( _EQ003 $  GND, !TACT, GLOBAL( 0_for_RESET),  VCC,  VCC);
  _EQ003 =  PARRAL_MODE &  PARR_IMP3
         #  _LC018 & !PARRAL_MODE;

-- Node name is 'OUTPUT_4' = '|74395:1|Q4B~1' 
-- Equation name is 'OUTPUT_4', type is output 
OUTPUT_4 = TRI(_LC020, GLOBAL(!TURN_OFF_OUTP));
_LC020   = DFFE( _EQ004 $  GND, !TACT, GLOBAL( 0_for_RESET),  VCC,  VCC);
  _EQ004 =  PARRAL_MODE &  PARR_IMP4
         #  _LC017 & !PARRAL_MODE;

-- Node name is 'SHOW_RESULT' = '|74395:1|Q4B' 
-- Equation name is 'SHOW_RESULT', type is output 
 SHOW_RESULT = DFFE( _EQ004 $  GND, !TACT, GLOBAL( 0_for_RESET),  VCC,  VCC);



--     Shareable expanders that are duplicated in multiple LABs:
--     (none)




Project Information                                            z:\lab9\9_6.rpt

** COMPILATION SETTINGS & TIMES **

Processing Menu Commands
------------------------

Design Doctor                             = off

Logic Synthesis:

   Synthesis Type Used                    = Standard

   Default Synthesis Style                = NORMAL

      Logic option settings in 'NORMAL' style for 'MAX7000' family

      DECOMPOSE_GATES                     = on
      DUPLICATE_LOGIC_EXTRACTION          = on
      MINIMIZATION                        = full
      MULTI_LEVEL_FACTORING               = on
      NOT_GATE_PUSH_BACK                  = on
      PARALLEL_EXPANDERS                  = off
      REDUCE_LOGIC                        = on
      REFACTORIZATION                     = on
      REGISTER_OPTIMIZATION               = on
      RESYNTHESIZE_NETWORK                = on
      SLOW_SLEW_RATE                      = off
      SOFT_BUFFER_INSERTION               = on
      SUBFACTOR_EXTRACTION                = on
      TURBO_BIT                           = on
      XOR_SYNTHESIS                       = on
      IGNORE_SOFT_BUFFERS                 = off
      USE_LPM_FOR_AHDL_OPERATORS          = off

   Other logic synthesis settings:

      Automatic Global Clock              = on
      Automatic Global Clear              = on
      Automatic Global Preset             = on
      Automatic Global Output Enable      = on
      Automatic Fast I/O                  = off
      Automatic Register Packing          = off
      Automatic Open-Drain Pins           = on
      Automatic Implement in EAB          = off
      One-Hot State Machine Encoding      = off
      Optimize                            = 5

Default Timing Specifications: None

Cut All Bidir Feedback Timing Paths       = on
Cut All Clear & Preset Timing Paths       = on

Ignore Timing Assignments                 = off

Functional SNF Extractor                  = off

Linked SNF Extractor                      = off
Timing SNF Extractor                      = on
Optimize Timing SNF                       = off
Generate AHDL TDO File                    = off
Fitter Settings                           = NORMAL
Smart Recompile                           = off
Total Recompile                           = off

Interfaces Menu Commands
------------------------

EDIF Netlist Writer                       = off
Verilog Netlist Writer                    = off
VHDL Netlist Writer                       = off

Compilation Times
-----------------

   Compiler Netlist Extractor             00:00:00
   Database Builder                       00:00:00
   Logic Synthesizer                      00:00:00
   Partitioner                            00:00:01
   Fitter                                 00:00:00
   Timing SNF Extractor                   00:00:00
   Assembler                              00:00:00
   --------------------------             --------
   Total Time                             00:00:01


Memory Allocated
-----------------

Peak memory allocated during compilation  = 2,847K
