Project Information                                       z:\lab20\lab20_2.rpt

MAX+plus II Compiler Report File
Version 9.01 07/30/98
Compiled: 02/09/21 05:22:06

Copyright (C) 1988-1998 Altera Corporation
Any megafunction design, and related net list (encrypted or decrypted),
support information, device programming or simulation file, and any other
associated documentation or information provided by Altera or a partner
under Altera's Megafunction Partnership Program may be used only to
program PLD devices (but not masked PLD devices) from Altera.  Any other
use of such megafunction design, net list, support information, device
programming or simulation file, or any other related documentation or
information is prohibited for any other purpose, including, but not
limited to modification, reverse engineering, de-compiling, or use with
any other silicon devices, unless such use is explicitly licensed under
a separate agreement with Altera or a megafunction partner.  Title to
the intellectual property, including patents, copyrights, trademarks,
trade secrets, or maskworks, embodied in any such megafunction design,
net list, support information, device programming or simulation file, or
any other related documentation or information provided by Altera or a
megafunction partner, remains with Altera, the megafunction partner, or
their respective licensors.  No other licenses, including any licenses
needed under any third party's intellectual property, are provided herein.



***** Project compilation was successful


LAB20_2


** DEVICE SUMMARY **

Chip/                     Input Output Bidir  Memory  Memory  			 LCs
POF       Device          Pins  Pins   Pins   Bits % Utilized  LCs  % Utilized

lab20_2   EPF10K30ETC144-1 11     0      10   0         0  %    202      11 %

User Pins:                 11     0      10 



Project Information                                       z:\lab20\lab20_2.rpt

** PROJECT TIMING MESSAGES **

Warning: Timing characteristics of device EPF10K30ETC144-1 are preliminary


Project Information                                       z:\lab20\lab20_2.rpt

** FILE HIERARCHY **



|lpm_add_sub:2383|
|lpm_add_sub:2383|addcore:adder|
|lpm_add_sub:2383|altshift:result_ext_latency_ffs|
|lpm_add_sub:2383|altshift:carry_ext_latency_ffs|
|lpm_add_sub:2383|altshift:oflow_ext_latency_ffs|
|lpm_add_sub:3479|
|lpm_add_sub:3479|addcore:adder|
|lpm_add_sub:3479|altshift:result_ext_latency_ffs|
|lpm_add_sub:3479|altshift:carry_ext_latency_ffs|
|lpm_add_sub:3479|altshift:oflow_ext_latency_ffs|


Device-Specific Information:                              z:\lab20\lab20_2.rpt
lab20_2

***** Logic for device 'lab20_2' compiled without errors.




Device: EPF10K30ETC144-1

FLEX 10K Configuration Scheme: Passive Serial

Device Options:
    User-Supplied Start-Up Clock               = OFF
    Auto-Restart Configuration on Frame Error  = OFF
    Release Clears Before Tri-States           = OFF
    Enable Chip_Wide Reset                     = OFF
    Enable Chip-Wide Output Enable             = OFF
    Enable INIT_DONE Output                    = OFF
    JTAG User Code                             = 7f
    MultiVolt I/O                              = OFF




           ---------------------------------------------------------
            Report File contains advance information.    
            Specifications for 'EPF10K30ETC144-1' are subject to change.       
            Contact Altera Marketing for availability.    
           ---------------------------------------------------------
                                                                                         
                                                                                         
                R R R R R   R R R R   R R R R   R           R R R R R R R   R R R R R R  
                E E E E E   E E E E   E E E E   E           E E E E E E E   E E E E E E  
                S S S S S   S S S S   S S S S   S         V S S S S S S S   S S S S S S  
                E E E E E   E E E E V E E E E   E         C E E E E E E E V E E E E E E  
                R R R R R   R R R R C R R R R   R         C R R R R R R R C R R R R R R  
                V V V V V G V V V V C V V V V G V G D   D I V V V V V V V C V V V V V V  
                E E E E E N E E E E I E E E E N E N I R I N E E E E E E E I E E E E E E  
                D D D D D D D D D D O D D D D D D D 5 D 7 T D D D D D D D O D D D D D D  
              --------------------------------------------------------------------------_ 
             / 144 142 140 138 136 134 132 130 128 126 124 122 120 118 116 114 112 110   |_ 
            /    143 141 139 137 135 133 131 129 127 125 123 121 119 117 115 113 111 109    | 
      #TCK |  1                                                                         108 | ^DATA0 
^CONF_DONE |  2                                                                         107 | ^DCLK 
     ^nCEO |  3                                                                         106 | ^nCE 
      #TDO |  4                                                                         105 | #TDI 
     VCCIO |  5                                                                         104 | GND 
    VCCINT |  6                                                                         103 | GND 
       DI0 |  7                                                                         102 | RESERVED 
       DO0 |  8                                                                         101 | DO1 
       DI2 |  9                                                                         100 | RESERVED 
       DI6 | 10                                                                          99 | DO6 
       DI3 | 11                                                                          98 | DO2 
  RESERVED | 12                                                                          97 | RESERVED 
  RESERVED | 13                                                                          96 | RESERVED 
  RESERVED | 14                                                                          95 | DO5 
       GND | 15                                                                          94 | VCCIO 
       GND | 16                                                                          93 | VCCINT 
       DO3 | 17                                                                          92 | RESERVED 
  RESERVED | 18                                                                          91 | FULL 
  RESERVED | 19                            EPF10K30ETC144-1                              90 | EMPTY 
  RESERVED | 20                                                                          89 | RESERVED 
  RESERVED | 21                                                                          88 | RESERVED 
  RESERVED | 22                                                                          87 | RESERVED 
  RESERVED | 23                                                                          86 | RESERVED 
     VCCIO | 24                                                                          85 | GND 
    VCCINT | 25                                                                          84 | GND 
       DI4 | 26                                                                          83 | DO4 
  RESERVED | 27                                                                          82 | RESERVED 
       DO7 | 28                                                                          81 | RESERVED 
  RESERVED | 29                                                                          80 | RESERVED 
  RESERVED | 30                                                                          79 | RESERVED 
  RESERVED | 31                                                                          78 | RESERVED 
  RESERVED | 32                                                                          77 | ^MSEL0 
  RESERVED | 33                                                                          76 | ^MSEL1 
      #TMS | 34                                                                          75 | VCCINT 
  ^nSTATUS | 35                                                                          74 | ^nCONFIG 
  RESERVED | 36                                                                          73 | RESERVED 
           |      38  40  42  44  46  48  50  52  54  56  58  60  62  64  66  68  70  72  _| 
            \   37  39  41  43  45  47  49  51  53  55  57  59  61  63  65  67  69  71   | 
             \--------------------------------------------------------------------------- 
                R R R G R R R R V R R R R G R V V D W R G G R R V R R R R G R R R R V R  
                E E E N E E E E C E E E E N E C C I R e N N E E C E E E E N E E E E C E  
                S S S D S S S S C S S S S D S C C 1   s D D S S C S S S S D S S S S C S  
                E E E   E E E E I E E E E   E I I     e     E E I E E E E   E E E E I E  
                R R R   R R R R O R R R R   R N N     t     R R O R R R R   R R R R O R  
                V V V   V V V V   V V V V   V T T           V V   V V V V   V V V V   V  
                E E E   E E E E   E E E E   E               E E   E E E E   E E E E   E  
                D D D   D D D D   D D D D   D               D D   D D D D   D D D D   D  
                                                                                         
                                                                                         


N.C. = Not Connected.
VCCINT = Dedicated power pin, which MUST be connected to VCC (2.5 volts).
VCCIO = Dedicated power pin, which MUST be connected to VCC (2.5 volts).
GND = Dedicated ground pin or unused dedicated input, which MUST be connected to GND.
RESERVED = Unused I/O pin, which MUST be left unconnected.

^ = Dedicated configuration pin.
+ = Reserved configuration pin, which is tri-stated during user mode.
* = Reserved configuration pin, which drives out in user mode.
PDn = Power Down pin. 
@ = Special-purpose pin. 
# = JTAG Boundary-Scan Testing/In-System Programming or Configuration Pin. The JTAG inputs (TMS, TCK, TDI) should be tied to VCC when not in use.
& = JTAG pin used for I/O. When used as user I/O, JTAG pins must be kept stable before and during configuration.  JTAG pin stability prevents accidental loading of JTAG instructions.
$ = Pin has PCI I/O option enabled. Pin is neither '5.0 V'- nor '3.3 V'-tolerant. 


Device-Specific Information:                              z:\lab20\lab20_2.rpt
lab20_2

** RESOURCE USAGE **

Logic                Column       Row                                   
Array                Interconnect Interconnect         Clears/     External  
Block   Logic Cells  Driven       Driven       Clocks  Presets   Interconnect
A4       1/ 8( 12%)   1/ 8( 12%)   1/ 8( 12%)    0/2    0/2       3/22( 13%)   
A5       1/ 8( 12%)   1/ 8( 12%)   1/ 8( 12%)    1/2    1/2       3/22( 13%)   
A12      7/ 8( 87%)   0/ 8(  0%)   1/ 8( 12%)    2/2    0/2      12/22( 54%)   
A16      5/ 8( 62%)   0/ 8(  0%)   1/ 8( 12%)    1/2    0/2       6/22( 27%)   
A17      6/ 8( 75%)   0/ 8(  0%)   1/ 8( 12%)    1/2    0/2       7/22( 31%)   
A18      5/ 8( 62%)   0/ 8(  0%)   1/ 8( 12%)    1/2    0/2       5/22( 22%)   
A21      8/ 8(100%)   0/ 8(  0%)   1/ 8( 12%)    2/2    0/2      13/22( 59%)   
A26      8/ 8(100%)   0/ 8(  0%)   4/ 8( 50%)    1/2    0/2       5/22( 22%)   
A29      7/ 8( 87%)   0/ 8(  0%)   1/ 8( 12%)    1/2    0/2       8/22( 36%)   
B6       1/ 8( 12%)   1/ 8( 12%)   1/ 8( 12%)    1/2    1/2       2/22(  9%)   
B12      8/ 8(100%)   0/ 8(  0%)   2/ 8( 25%)    1/2    0/2       8/22( 36%)   
B13      7/ 8( 87%)   0/ 8(  0%)   1/ 8( 12%)    2/2    0/2      12/22( 54%)   
B18      8/ 8(100%)   0/ 8(  0%)   2/ 8( 25%)    1/2    0/2       8/22( 36%)   
B22      8/ 8(100%)   0/ 8(  0%)   1/ 8( 12%)    2/2    0/2      13/22( 59%)   
B27      8/ 8(100%)   0/ 8(  0%)   4/ 8( 50%)    1/2    0/2       5/22( 22%)   
B30      7/ 8( 87%)   0/ 8(  0%)   1/ 8( 12%)    1/2    0/2       8/22( 36%)   
C2       1/ 8( 12%)   1/ 8( 12%)   1/ 8( 12%)    0/2    0/2       3/22( 13%)   
C7       1/ 8( 12%)   1/ 8( 12%)   1/ 8( 12%)    0/2    0/2       3/22( 13%)   
C8       1/ 8( 12%)   1/ 8( 12%)   1/ 8( 12%)    0/2    0/2       3/22( 13%)   
C13      4/ 8( 50%)   0/ 8(  0%)   2/ 8( 25%)    1/2    0/2       6/22( 27%)   
C14      7/ 8( 87%)   0/ 8(  0%)   1/ 8( 12%)    2/2    0/2      13/22( 59%)   
C15      7/ 8( 87%)   0/ 8(  0%)   2/ 8( 25%)    1/2    0/2       7/22( 31%)   
C23      8/ 8(100%)   0/ 8(  0%)   1/ 8( 12%)    2/2    0/2      13/22( 59%)   
C28      8/ 8(100%)   0/ 8(  0%)   4/ 8( 50%)    1/2    0/2       5/22( 22%)   
C31      7/ 8( 87%)   0/ 8(  0%)   1/ 8( 12%)    1/2    0/2       8/22( 36%)   
D1       8/ 8(100%)   1/ 8( 12%)   2/ 8( 25%)    1/2    0/2      10/22( 45%)   
D3       1/ 8( 12%)   1/ 8( 12%)   1/ 8( 12%)    0/2    0/2       1/22(  4%)   
D19      1/ 8( 12%)   1/ 8( 12%)   1/ 8( 12%)    1/2    1/2       0/22(  0%)   
D20      1/ 8( 12%)   1/ 8( 12%)   1/ 8( 12%)    1/2    1/2       0/22(  0%)   
D25      5/ 8( 62%)   1/ 8( 12%)   0/ 8(  0%)    1/2    0/2       5/22( 22%)   
E4       7/ 8( 87%)   0/ 8(  0%)   2/ 8( 25%)    1/2    0/2       6/22( 27%)   
E5       5/ 8( 62%)   0/ 8(  0%)   1/ 8( 12%)    1/2    0/2       6/22( 27%)   
E9       1/ 8( 12%)   1/ 8( 12%)   1/ 8( 12%)    0/2    0/2       3/22( 13%)   
E10      1/ 8( 12%)   1/ 8( 12%)   1/ 8( 12%)    0/2    0/2       2/22(  9%)   
E11      1/ 8( 12%)   1/ 8( 12%)   1/ 8( 12%)    0/2    0/2       3/22( 13%)   
E14      4/ 8( 50%)   0/ 8(  0%)   2/ 8( 25%)    1/2    0/2       6/22( 27%)   
E15      7/ 8( 87%)   0/ 8(  0%)   1/ 8( 12%)    2/2    0/2      13/22( 59%)   
E16      1/ 8( 12%)   1/ 8( 12%)   1/ 8( 12%)    1/2    1/2       3/22( 13%)   
E17      1/ 8( 12%)   1/ 8( 12%)   1/ 8( 12%)    1/2    1/2       2/22(  9%)   
E18      1/ 8( 12%)   1/ 8( 12%)   0/ 8(  0%)    0/2    0/2       4/22( 18%)   
E24      8/ 8(100%)   0/ 8(  0%)   1/ 8( 12%)    2/2    0/2      13/22( 59%)   
E32      5/ 8( 62%)   0/ 8(  0%)   1/ 8( 12%)    1/2    0/2       6/22( 27%)   
E33      5/ 8( 62%)   0/ 8(  0%)   1/ 8( 12%)    1/2    0/2       5/22( 22%)   


Embedded             Column       Row                                   
Array     Embedded   Interconnect Interconnect         Read/      External  
Block     Cells      Driven       Driven       Clocks  Write    Interconnect


Total dedicated input pins used:                 6/6      (100%)
Total I/O pins used:                            15/96     ( 15%)
Total logic cells used:                        202/1728   ( 11%)
Total embedded cells used:                       0/96     (  0%)
Total EABs used:                                 0/6      (  0%)
Average fan-in:                                 3.22/4    ( 80%)
Total fan-in:                                 652/6912    (  9%)

Total input pins required:                      11
Total input I/O cell registers required:         0
Total output pins required:                      0
Total output I/O cell registers required:        0
Total buried I/O cell registers required:        0
Total bidirectional pins required:              10
Total reserved pins required                     0
Total logic cells required:                    202
Total flipflops required:                       78
Total packed registers required:                 0
Total logic cells in carry chains:               0
Total number of carry chains:                    0
Total logic cells in cascade chains:             0
Total number of cascade chains:                  0
Total single-pin Clock Enables required:         0
Total single-pin Output Enables required:        0

Synthesized logic cells:                        15/1728   (  0%)

Logic Cell and Embedded Cell Counts

Column:  01  02  03  04  05  06  07  08  09  10  11  12  13  14  15  16  17  18  EA  19  20  21  22  23  24  25  26  27  28  29  30  31  32  33  34  35  36  Total(LC/EC)
 A:      0   0   0   1   1   0   0   0   0   0   0   7   0   0   0   5   6   5   0   0   0   8   0   0   0   0   8   0   0   7   0   0   0   0   0   0   0     48/0  
 B:      0   0   0   0   0   1   0   0   0   0   0   8   7   0   0   0   0   8   0   0   0   0   8   0   0   0   0   8   0   0   7   0   0   0   0   0   0     47/0  
 C:      0   1   0   0   0   0   1   1   0   0   0   0   4   7   7   0   0   0   0   0   0   0   0   8   0   0   0   0   8   0   0   7   0   0   0   0   0     44/0  
 D:      8   0   1   0   0   0   0   0   0   0   0   0   0   0   0   0   0   0   0   1   1   0   0   0   0   5   0   0   0   0   0   0   0   0   0   0   0     16/0  
 E:      0   0   0   7   5   0   0   0   1   1   1   0   0   4   7   1   1   1   0   0   0   0   0   0   8   0   0   0   0   0   0   0   5   5   0   0   0     47/0  
 F:      0   0   0   0   0   0   0   0   0   0   0   0   0   0   0   0   0   0   0   0   0   0   0   0   0   0   0   0   0   0   0   0   0   0   0   0   0      0/0  

Total:   8   1   1   8   6   1   1   1   1   1   1  15  11  11  14   6   7  14   0   1   1   8   8   8   8   5   8   8   8   7   7   7   5   5   0   0   0    202/0  



Device-Specific Information:                              z:\lab20\lab20_2.rpt
lab20_2

** INPUTS **

                                                    Fan-In    Fan-Out
 Pin     LC     EC   Row  Col  Primitive    Code      INP  FBK  OUT  FBK  Name
   7      -     -    A    --      INPUT                 0    0    0    9  DI0
  54      -     -    -    --      INPUT                 0    0    0    9  DI1
   9      -     -    B    --      INPUT                 0    0    0    9  DI2
  11      -     -    C    --      INPUT                 0    0    0    9  DI3
  26      -     -    E    --      INPUT                 0    0    0    9  DI4
 126      -     -    -    --      INPUT                 0    0    0    9  DI5
  10      -     -    B    --      INPUT                 0    0    0    9  DI6
 124      -     -    -    --      INPUT                 0    0    0    9  DI7
   8      -     -    A    --      BIDIR                 0    1    0    0  DO0
 101      -     -    A    --      BIDIR                 0    1    0    0  DO1
  98      -     -    B    --      BIDIR                 0    1    0    0  DO2
  17      -     -    C    --      BIDIR                 0    1    0    0  DO3
  83      -     -    E    --      BIDIR                 0    1    0    0  DO4
  95      -     -    C    --      BIDIR                 0    1    0    0  DO5
  99      -     -    B    --      BIDIR                 0    1    0    0  DO6
  28      -     -    E    --      BIDIR                 0    1    0    0  DO7
  90      -     -    D    --      BIDIR                 0    1    0    1  EMPTY
  91      -     -    D    --      BIDIR                 0    1    0    1  FULL
 125      -     -    -    --      INPUT  G              0    0    0    2  RD
  56      -     -    -    --      INPUT  G              0    0    0    1  Reset
  55      -     -    -    --      INPUT  G              0    0    0    2  WR


Code:

s = Synthesized pin or logic cell
+ = Synchronous flipflop
/ = Slow slew-rate output
! = NOT gate push-back
r = Fitter-inserted logic cell
* = PCI I/O is enabled
@ = Uses single-pin Clock Enable
& = Uses single-pin Output Enable
G = Global Source. Fan-out destinations counted here do not include destinations
that are driven using global routing resources. Refer to the Auto Global Signals,
Clock Signals, Clear Signals, Synchronous Load Signals, and Synchronous Clear Signals
Sections of this Report File for information on which signals' fan-outs are used as
Clock, Clear, Preset, Output Enable, and synchronous Load signals.


Device-Specific Information:                              z:\lab20\lab20_2.rpt
lab20_2

** OUTPUTS **

       Fed By Fed By                                Fan-In    Fan-Out
 Pin     LC     EC   Row  Col  Primitive    Code      INP  FBK  OUT  FBK  Name
   8      -     -    A    --        TRI                 0    1    0    0  DO0
 101      -     -    A    --        TRI                 0    1    0    0  DO1
  98      -     -    B    --        TRI                 0    1    0    0  DO2
  17      -     -    C    --        TRI                 0    1    0    0  DO3
  83      -     -    E    --        TRI                 0    1    0    0  DO4
  95      -     -    C    --        TRI                 0    1    0    0  DO5
  99      -     -    B    --        TRI                 0    1    0    0  DO6
  28      -     -    E    --        TRI                 0    1    0    0  DO7
  90      -     -    D    --        TRI                 0    1    0    1  EMPTY
  91      -     -    D    --        TRI                 0    1    0    1  FULL


Code:

s = Synthesized pin or logic cell
+ = Synchronous flipflop
/ = Slow slew-rate output
! = NOT gate push-back
r = Fitter-inserted logic cell
* = PCI I/O is enabled
@ = Uses single-pin Clock Enable
& = Uses single-pin Output Enable


Device-Specific Information:                              z:\lab20\lab20_2.rpt
lab20_2

** BURIED LOGIC **

                                                    Fan-In    Fan-Out
 IOC     LC     EC   Row  Col  Primitive    Code      INP  FBK  OUT  FBK  Name
   -      1     -    D    03       SOFT    s   !       1    0    0   72  Reset~1
   -      5     -    E    24       DFFE   +            0    4    1    0  :14
   -      2     -    B    22       DFFE   +            0    4    1    0  :16
   -      7     -    C    14       DFFE   +            0    4    1    0  :18
   -      8     -    E    15       DFFE   +            0    4    1    0  :20
   -      6     -    C    23       DFFE   +            0    4    1    0  :22
   -      6     -    B    13       DFFE   +            0    4    1    0  :24
   -      5     -    A    12       DFFE   +            0    4    1    0  :26
   -      7     -    A    21       DFFE   +            0    4    1    0  :28
   -      4     -    E    24       DFFE   +            1    3    0    3  buff7_7 (:30)
   -      5     -    B    22       DFFE   +            1    3    0    3  buff7_6 (:31)
   -      2     -    C    13       DFFE   +            1    3    0    3  buff7_5 (:32)
   -      1     -    E    14       DFFE   +            1    3    0    3  buff7_4 (:33)
   -      4     -    C    23       DFFE   +            1    3    0    3  buff7_3 (:34)
   -      3     -    B    13       DFFE   +            1    3    0    3  buff7_2 (:35)
   -      4     -    A    12       DFFE   +            1    3    0    3  buff7_1 (:36)
   -      4     -    A    21       DFFE   +            1    3    0    3  buff7_0 (:37)
   -      6     -    E    24       DFFE   +            0    2    0    2  buff6_7 (:38)
   -      6     -    B    22       DFFE   +            0    2    0    2  buff6_6 (:39)
   -      5     -    C    14       DFFE   +            0    2    0    2  buff6_5 (:40)
   -      2     -    E    14       DFFE   +            0    2    0    2  buff6_4 (:41)
   -      5     -    C    23       DFFE   +            0    2    0    2  buff6_3 (:42)
   -      4     -    B    13       DFFE   +            0    2    0    2  buff6_2 (:43)
   -      3     -    A    12       DFFE   +            0    2    0    2  buff6_1 (:44)
   -      3     -    A    21       DFFE   +            0    2    0    2  buff6_0 (:45)
   -      2     -    E    32       DFFE   +            0    2    0    2  buff5_7 (:46)
   -      4     -    B    27       DFFE   +            0    2    0    2  buff5_6 (:47)
   -      4     -    C    15       DFFE   +            0    2    0    2  buff5_5 (:48)
   -      2     -    E    05       DFFE   +            0    2    0    2  buff5_4 (:49)
   -      3     -    C    28       DFFE   +            0    2    0    2  buff5_3 (:50)
   -      5     -    B    18       DFFE   +            0    2    0    2  buff5_2 (:51)
   -      3     -    A    16       DFFE   +            0    2    0    2  buff5_1 (:52)
   -      1     -    A    26       DFFE   +            0    2    0    2  buff5_0 (:53)
   -      3     -    E    32       DFFE   +            0    2    0    2  buff4_7 (:54)
   -      2     -    B    27       DFFE   +            0    2    0    2  buff4_6 (:55)
   -      5     -    C    15       DFFE   +            0    2    0    2  buff4_5 (:56)
   -      3     -    E    05       DFFE   +            0    2    0    2  buff4_4 (:57)
   -      7     -    C    28       DFFE   +            0    2    0    2  buff4_3 (:58)
   -      1     -    B    12       DFFE   +            0    2    0    2  buff4_2 (:59)
   -      4     -    A    16       DFFE   +            0    2    0    2  buff4_1 (:60)
   -      2     -    A    26       DFFE   +            0    2    0    2  buff4_0 (:61)
   -      3     -    D    25       DFFE   +            0    2    0    2  buff3_7 (:62)
   -      1     -    B    27       DFFE   +            0    2    0    2  buff3_6 (:63)
   -      6     -    D    01       DFFE   +            0    2    0    2  buff3_5 (:64)
   -      1     -    E    04       DFFE   +            0    2    0    2  buff3_4 (:65)
   -      1     -    C    28       DFFE   +            0    2    0    2  buff3_3 (:66)
   -      6     -    B    18       DFFE   +            0    2    0    2  buff3_2 (:67)
   -      5     -    A    17       DFFE   +            0    2    0    2  buff3_1 (:68)
   -      3     -    A    26       DFFE   +            0    2    0    2  buff3_0 (:69)
   -      5     -    D    25       DFFE   +            0    2    0    2  buff2_7 (:70)
   -      3     -    B    27       DFFE   +            0    2    0    2  buff2_6 (:71)
   -      7     -    D    01       DFFE   +            0    2    0    2  buff2_5 (:72)
   -      6     -    E    15       DFFE   +            0    2    0    2  buff2_4 (:73)
   -      2     -    C    28       DFFE   +            0    2    0    2  buff2_3 (:74)
   -      7     -    B    18       DFFE   +            0    2    0    2  buff2_2 (:75)
   -      6     -    A    17       DFFE   +            0    2    0    2  buff2_1 (:76)
   -      4     -    A    26       DFFE   +            0    2    0    2  buff2_0 (:77)
   -      4     -    E    33       DFFE   +            0    2    0    2  buff1_7 (:78)
   -      6     -    B    30       DFFE   +            0    2    0    2  buff1_6 (:79)
   -      1     -    C    13       DFFE   +            0    2    0    2  buff1_5 (:80)
   -      6     -    E    04       DFFE   +            0    2    0    2  buff1_4 (:81)
   -      6     -    C    31       DFFE   +            0    2    0    2  buff1_3 (:82)
   -      7     -    B    12       DFFE   +            0    2    0    2  buff1_2 (:83)
   -      4     -    A    18       DFFE   +            0    2    0    2  buff1_1 (:84)
   -      6     -    A    29       DFFE   +            0    2    0    2  buff1_0 (:85)
   -      5     -    E    33       DFFE   +            0    2    0    2  buff0_7 (:86)
   -      7     -    B    30       DFFE   +            0    2    0    2  buff0_6 (:87)
   -      2     -    C    15       DFFE   +            0    2    0    2  buff0_5 (:88)
   -      7     -    E    04       DFFE   +            0    2    0    2  buff0_4 (:89)
   -      7     -    C    31       DFFE   +            0    2    0    2  buff0_3 (:90)
   -      8     -    B    12       DFFE   +            0    2    0    2  buff0_2 (:91)
   -      5     -    A    18       DFFE   +            0    2    0    2  buff0_1 (:92)
   -      7     -    A    29       DFFE   +            0    2    0    2  buff0_0 (:93)
   -      2     -    E    16       DFFE   +            0    3    0    7  countWR2 (:98)
   -      4     -    E    17       DFFE   +            0    2    0    8  countWR1 (:99)
   -      2     -    D    19       DFFE   +            0    0    0   68  countWR0 (:100)
   -      2     -    A    05       DFFE   +            0    3    0   10  countRD2 (:103)
   -      1     -    B    06       DFFE   +            0    2    0   27  countRD1 (:104)
   -      3     -    D    20       DFFE   +            0    0    0   36  countRD0 (:105)
   -      1     -    E    18        OR2    s           0    4    0    1  ~258~1
   -      8     -    D    01        OR2                0    3    0    2  :258
   -      3     -    D    01        OR2                2    2    1    0  :343
   -      5     -    D    01        OR2                2    2    1    0  :349
   -      3     -    C    02        OR2    s   !       0    3    0   16  ~355~1
   -      1     -    E    10        OR2    s   !       0    2    0    8  ~355~2
   -      3     -    E    11       AND2                0    3    0   14  :355
   -      8     -    E    24        OR2    s           1    3    0    1  ~2460~1
   -      8     -    B    22        OR2    s           1    3    0    1  ~2466~1
   -      4     -    C    13        OR2    s           1    3    0    1  ~2472~1
   -      4     -    E    14        OR2    s           1    3    0    1  ~2478~1
   -      8     -    C    23        OR2    s           1    3    0    1  ~2484~1
   -      7     -    B    13        OR2    s           1    3    0    1  ~2490~1
   -      7     -    A    12        OR2    s           1    3    0    1  ~2496~1
   -      6     -    A    21        OR2    s           1    3    0    1  ~2502~1
   -      7     -    E    24        OR2                1    3    0    1  :2508
   -      7     -    B    22        OR2                1    3    0    1  :2514
   -      6     -    C    14        OR2                1    3    0    1  :2520
   -      3     -    E    14        OR2                1    3    0    1  :2526
   -      7     -    C    23        OR2                1    3    0    1  :2532
   -      5     -    B    13        OR2                1    3    0    1  :2538
   -      6     -    A    12        OR2                1    3    0    1  :2544
   -      3     -    E    09        OR2    s           0    3    0    8  ~2550~1
   -      5     -    A    21        OR2                1    3    0    1  :2550
   -      4     -    E    32        OR2                1    3    0    1  :2556
   -      7     -    B    27        OR2                1    3    0    1  :2562
   -      6     -    C    15        OR2                1    3    0    1  :2568
   -      4     -    E    05        OR2                1    3    0    1  :2574
   -      8     -    C    28        OR2                1    3    0    1  :2580
   -      8     -    B    18        OR2                1    3    0    1  :2586
   -      5     -    A    16        OR2                1    3    0    1  :2592
   -      2     -    C    08        OR2    s           0    3    0   16  ~2598~1
   -      8     -    A    26        OR2                1    3    0    1  :2598
   -      5     -    E    32        OR2                1    3    0    1  :2604
   -      8     -    B    27        OR2                1    3    0    1  :2610
   -      7     -    C    15        OR2                1    3    0    1  :2616
   -      5     -    E    05        OR2                1    3    0    1  :2622
   -      6     -    C    28        OR2                1    3    0    1  :2628
   -      6     -    B    12        OR2                1    3    0    1  :2634
   -      2     -    A    16        OR2                1    3    0    1  :2640
   -      5     -    A    26        OR2                1    3    0    1  :2646
   -      1     -    D    25        OR2                1    3    0    1  :2652
   -      5     -    B    27        OR2                1    3    0    1  :2658
   -      2     -    D    01        OR2                1    3    0    1  :2664
   -      4     -    E    04        OR2                1    3    0    1  :2670
   -      5     -    C    28        OR2                1    3    0    1  :2676
   -      3     -    B    18        OR2                1    3    0    1  :2682
   -      3     -    A    17        OR2                1    3    0    1  :2688
   -      7     -    A    26        OR2                1    3    0    1  :2694
   -      2     -    D    25        OR2                1    3    0    1  :2700
   -      6     -    B    27        OR2                1    3    0    1  :2706
   -      4     -    D    01        OR2                1    3    0    1  :2712
   -      1     -    E    15        OR2                1    3    0    1  :2718
   -      4     -    C    28        OR2                1    3    0    1  :2724
   -      4     -    B    18        OR2                1    3    0    1  :2730
   -      2     -    A    17        OR2                1    3    0    1  :2736
   -      6     -    A    26        OR2                1    3    0    1  :2742
   -      2     -    E    33        OR2                1    3    0    1  :2748
   -      2     -    B    30        OR2                1    3    0    1  :2754
   -      3     -    C    13        OR2                1    3    0    1  :2760
   -      3     -    E    04        OR2                1    3    0    1  :2766
   -      2     -    C    31        OR2                1    3    0    1  :2772
   -      2     -    B    12        OR2                1    3    0    1  :2778
   -      2     -    A    18        OR2                1    3    0    1  :2784
   -      4     -    C    07        OR2    s           0    3    0   16  ~2790~1
   -      2     -    A    29        OR2                1    3    0    1  :2790
   -      1     -    E    33        OR2                1    3    0    1  :2796
   -      3     -    B    30        OR2                1    3    0    1  :2802
   -      3     -    C    15        OR2                1    3    0    1  :2808
   -      5     -    E    04        OR2                1    3    0    1  :2814
   -      5     -    C    31        OR2                1    3    0    1  :2820
   -      5     -    B    12        OR2                1    3    0    1  :2826
   -      3     -    A    18        OR2                1    3    0    1  :2832
   -      5     -    A    29        OR2                1    3    0    1  :2838
   -      4     -    A    04        OR2        !       0    3    0   10  :2995
   -      1     -    E    24        OR2                0    4    0    1  :3303
   -      2     -    E    24        OR2                0    3    0    1  :3306
   -      3     -    E    33        OR2                0    3    0    1  :3309
   -      4     -    D    25        OR2                0    3    0    1  :3312
   -      1     -    E    32        OR2                0    4    0    1  :3316
   -      3     -    E    24        OR2                0    4    0    1  :3317
   -      1     -    B    22        OR2                0    4    0    1  :3324
   -      1     -    B    30        OR2                0    3    0    1  :3327
   -      4     -    B    30        OR2                0    3    0    1  :3330
   -      5     -    B    30        OR2                0    3    0    1  :3333
   -      3     -    B    22        OR2                0    4    0    1  :3337
   -      4     -    B    22        OR2                0    4    0    1  :3338
   -      1     -    C    14        OR2                0    4    0    1  :3345
   -      2     -    C    14        OR2                0    3    0    1  :3348
   -      3     -    C    14        OR2                0    3    0    1  :3351
   -      1     -    D    01        OR2                0    3    0    1  :3354
   -      1     -    C    15        OR2                0    4    0    1  :3358
   -      4     -    C    14        OR2                0    4    0    1  :3359
   -      5     -    E    15        OR2                0    4    0    1  :3366
   -      4     -    E    15        OR2                0    3    0    1  :3369
   -      2     -    E    04        OR2                0    3    0    1  :3372
   -      3     -    E    15        OR2                0    3    0    1  :3375
   -      1     -    E    05        OR2                0    4    0    1  :3379
   -      2     -    E    15        OR2                0    4    0    1  :3380
   -      1     -    C    23        OR2                0    4    0    1  :3387
   -      1     -    C    31        OR2                0    3    0    1  :3390
   -      3     -    C    31        OR2                0    3    0    1  :3393
   -      4     -    C    31        OR2                0    3    0    1  :3396
   -      2     -    C    23        OR2                0    4    0    1  :3400
   -      3     -    C    23        OR2                0    4    0    1  :3401
   -      1     -    B    13        OR2                0    4    0    1  :3408
   -      3     -    B    12        OR2                0    3    0    1  :3411
   -      4     -    B    12        OR2                0    3    0    1  :3414
   -      1     -    B    18        OR2                0    3    0    1  :3417
   -      2     -    B    18        OR2                0    4    0    1  :3421
   -      2     -    B    13        OR2                0    4    0    1  :3422
   -      1     -    A    12        OR2                0    4    0    1  :3429
   -      1     -    A    17        OR2                0    3    0    1  :3432
   -      1     -    A    18        OR2                0    3    0    1  :3435
   -      4     -    A    17        OR2                0    3    0    1  :3438
   -      1     -    A    16        OR2                0    4    0    1  :3442
   -      2     -    A    12        OR2                0    4    0    1  :3443
   -      1     -    A    21        OR2                0    4    0    1  :3450
   -      1     -    A    29        OR2                0    3    0    1  :3453
   -      3     -    A    29        OR2                0    3    0    1  :3456
   -      4     -    A    29        OR2                0    3    0    1  :3459
   -      2     -    A    21        OR2                0    4    0    1  :3463
   -      8     -    A    21        OR2                0    4    0    1  :3464


Code:

s = Synthesized pin or logic cell
+ = Synchronous flipflop
/ = Slow slew-rate output
! = NOT gate push-back
r = Fitter-inserted logic cell
* = PCI I/O is enabled
p = Packed register


Device-Specific Information:                              z:\lab20\lab20_2.rpt
lab20_2

** FASTTRACK INTERCONNECT UTILIZATION **

Row FastTrack Interconnect:

          Global         Left Half-      Right Half-
         FastTrack       FastTrack       FastTrack 
Row     Interconnect    Interconnect    Interconnect    Input Pins     Output Pins     Bidir Pins
A:      13/144(  9%)     4/ 72(  5%)     6/ 72(  8%)    1/16(  6%)      0/16(  0%)     2/16( 12%)
B:      15/144( 10%)     5/ 72(  6%)     5/ 72(  6%)    2/16( 12%)      0/16(  0%)     2/16( 12%)
C:      13/144(  9%)     8/ 72( 11%)     6/ 72(  8%)    1/16(  6%)      0/16(  0%)     2/16( 12%)
D:       6/144(  4%)     3/ 72(  4%)     0/ 72(  0%)    0/16(  0%)      0/16(  0%)     2/16( 12%)
E:      12/144(  8%)     9/ 72( 12%)     4/ 72(  5%)    1/16(  6%)      0/16(  0%)     2/16( 12%)
F:       0/144(  0%)     0/ 72(  0%)     0/ 72(  0%)    0/16(  0%)      0/16(  0%)     0/16(  0%)


Column FastTrack Interconnect:

         FastTrack                                 
Column  Interconnect    Input Pins     Output Pins     Bidir Pins
01:      2/24(  8%)     0/4(  0%)      0/4(  0%)       0/4(  0%)
02:      0/24(  0%)     0/4(  0%)      0/4(  0%)       0/4(  0%)
03:      1/24(  4%)     0/4(  0%)      0/4(  0%)       0/4(  0%)
04:      1/24(  4%)     0/4(  0%)      0/4(  0%)       0/4(  0%)
05:      1/24(  4%)     0/4(  0%)      0/4(  0%)       0/4(  0%)
06:      1/24(  4%)     0/4(  0%)      0/4(  0%)       0/4(  0%)
07:      1/24(  4%)     0/4(  0%)      0/4(  0%)       0/4(  0%)
08:      1/24(  4%)     0/4(  0%)      0/4(  0%)       0/4(  0%)
09:      1/24(  4%)     0/4(  0%)      0/4(  0%)       0/4(  0%)
10:      1/24(  4%)     0/4(  0%)      0/4(  0%)       0/4(  0%)
11:      1/24(  4%)     0/4(  0%)      0/4(  0%)       0/4(  0%)
12:      0/24(  0%)     0/4(  0%)      0/4(  0%)       0/4(  0%)
13:      0/24(  0%)     0/4(  0%)      0/4(  0%)       0/4(  0%)
14:      0/24(  0%)     0/4(  0%)      0/4(  0%)       0/4(  0%)
15:      1/24(  4%)     0/4(  0%)      0/4(  0%)       0/4(  0%)
16:      0/24(  0%)     0/4(  0%)      0/4(  0%)       0/4(  0%)
17:      0/24(  0%)     0/4(  0%)      0/4(  0%)       0/4(  0%)
18:      2/24(  8%)     0/4(  0%)      0/4(  0%)       0/4(  0%)
19:      1/24(  4%)     0/4(  0%)      0/4(  0%)       0/4(  0%)
20:      1/24(  4%)     0/4(  0%)      0/4(  0%)       0/4(  0%)
21:      0/24(  0%)     0/4(  0%)      0/4(  0%)       0/4(  0%)
22:      0/24(  0%)     0/4(  0%)      0/4(  0%)       0/4(  0%)
23:      0/24(  0%)     0/4(  0%)      0/4(  0%)       0/4(  0%)
24:      0/24(  0%)     0/4(  0%)      0/4(  0%)       0/4(  0%)
25:      0/24(  0%)     0/4(  0%)      0/4(  0%)       0/4(  0%)
26:      1/24(  4%)     0/4(  0%)      0/4(  0%)       0/4(  0%)
27:      0/24(  0%)     0/4(  0%)      0/4(  0%)       0/4(  0%)
28:      0/24(  0%)     0/4(  0%)      0/4(  0%)       0/4(  0%)
29:      0/24(  0%)     0/4(  0%)      0/4(  0%)       0/4(  0%)
30:      0/24(  0%)     0/4(  0%)      0/4(  0%)       0/4(  0%)
31:      0/24(  0%)     0/4(  0%)      0/4(  0%)       0/4(  0%)
32:      0/24(  0%)     0/4(  0%)      0/4(  0%)       0/4(  0%)
33:      0/24(  0%)     0/4(  0%)      0/4(  0%)       0/4(  0%)
34:      0/24(  0%)     0/4(  0%)      0/4(  0%)       0/4(  0%)
35:      0/24(  0%)     0/4(  0%)      0/4(  0%)       0/4(  0%)
36:      0/24(  0%)     0/4(  0%)      0/4(  0%)       0/4(  0%)
EA:      0/24(  0%)     0/4(  0%)      0/4(  0%)       0/4(  0%)


Device-Specific Information:                              z:\lab20\lab20_2.rpt
lab20_2

** CLOCK SIGNALS **

Type     Fan-out       Name
INPUT       69         WR
INPUT       13         RD


Device-Specific Information:                              z:\lab20\lab20_2.rpt
lab20_2

** CLEAR SIGNALS **

Type     Fan-out       Name
INPUT        7         Reset


Device-Specific Information:                              z:\lab20\lab20_2.rpt
lab20_2

** EQUATIONS **

DI0      : INPUT;
DI1      : INPUT;
DI2      : INPUT;
DI3      : INPUT;
DI4      : INPUT;
DI5      : INPUT;
DI6      : INPUT;
DI7      : INPUT;
RD       : INPUT;
Reset    : INPUT;
WR       : INPUT;

-- Node name is ':93' = 'buff0_0' 
-- Equation name is 'buff0_0', location is LC7_A29, type is buried.
buff0_0  = DFFE( _LC5_A29, GLOBAL( WR),  VCC,  VCC, !_LC1_D3);

-- Node name is ':92' = 'buff0_1' 
-- Equation name is 'buff0_1', location is LC5_A18, type is buried.
buff0_1  = DFFE( _LC3_A18, GLOBAL( WR),  VCC,  VCC, !_LC1_D3);

-- Node name is ':91' = 'buff0_2' 
-- Equation name is 'buff0_2', location is LC8_B12, type is buried.
buff0_2  = DFFE( _LC5_B12, GLOBAL( WR),  VCC,  VCC, !_LC1_D3);

-- Node name is ':90' = 'buff0_3' 
-- Equation name is 'buff0_3', location is LC7_C31, type is buried.
buff0_3  = DFFE( _LC5_C31, GLOBAL( WR),  VCC,  VCC, !_LC1_D3);

-- Node name is ':89' = 'buff0_4' 
-- Equation name is 'buff0_4', location is LC7_E4, type is buried.
buff0_4  = DFFE( _LC5_E4, GLOBAL( WR),  VCC,  VCC, !_LC1_D3);

-- Node name is ':88' = 'buff0_5' 
-- Equation name is 'buff0_5', location is LC2_C15, type is buried.
buff0_5  = DFFE( _LC3_C15, GLOBAL( WR),  VCC,  VCC, !_LC1_D3);

-- Node name is ':87' = 'buff0_6' 
-- Equation name is 'buff0_6', location is LC7_B30, type is buried.
buff0_6  = DFFE( _LC3_B30, GLOBAL( WR),  VCC,  VCC, !_LC1_D3);

-- Node name is ':86' = 'buff0_7' 
-- Equation name is 'buff0_7', location is LC5_E33, type is buried.
buff0_7  = DFFE( _LC1_E33, GLOBAL( WR),  VCC,  VCC, !_LC1_D3);

-- Node name is ':85' = 'buff1_0' 
-- Equation name is 'buff1_0', location is LC6_A29, type is buried.
buff1_0  = DFFE( _LC2_A29, GLOBAL( WR),  VCC,  VCC, !_LC1_D3);

-- Node name is ':84' = 'buff1_1' 
-- Equation name is 'buff1_1', location is LC4_A18, type is buried.
buff1_1  = DFFE( _LC2_A18, GLOBAL( WR),  VCC,  VCC, !_LC1_D3);

-- Node name is ':83' = 'buff1_2' 
-- Equation name is 'buff1_2', location is LC7_B12, type is buried.
buff1_2  = DFFE( _LC2_B12, GLOBAL( WR),  VCC,  VCC, !_LC1_D3);

-- Node name is ':82' = 'buff1_3' 
-- Equation name is 'buff1_3', location is LC6_C31, type is buried.
buff1_3  = DFFE( _LC2_C31, GLOBAL( WR),  VCC,  VCC, !_LC1_D3);

-- Node name is ':81' = 'buff1_4' 
-- Equation name is 'buff1_4', location is LC6_E4, type is buried.
buff1_4  = DFFE( _LC3_E4, GLOBAL( WR),  VCC,  VCC, !_LC1_D3);

-- Node name is ':80' = 'buff1_5' 
-- Equation name is 'buff1_5', location is LC1_C13, type is buried.
buff1_5  = DFFE( _LC3_C13, GLOBAL( WR),  VCC,  VCC, !_LC1_D3);

-- Node name is ':79' = 'buff1_6' 
-- Equation name is 'buff1_6', location is LC6_B30, type is buried.
buff1_6  = DFFE( _LC2_B30, GLOBAL( WR),  VCC,  VCC, !_LC1_D3);

-- Node name is ':78' = 'buff1_7' 
-- Equation name is 'buff1_7', location is LC4_E33, type is buried.
buff1_7  = DFFE( _LC2_E33, GLOBAL( WR),  VCC,  VCC, !_LC1_D3);

-- Node name is ':77' = 'buff2_0' 
-- Equation name is 'buff2_0', location is LC4_A26, type is buried.
buff2_0  = DFFE( _LC6_A26, GLOBAL( WR),  VCC,  VCC, !_LC1_D3);

-- Node name is ':76' = 'buff2_1' 
-- Equation name is 'buff2_1', location is LC6_A17, type is buried.
buff2_1  = DFFE( _LC2_A17, GLOBAL( WR),  VCC,  VCC, !_LC1_D3);

-- Node name is ':75' = 'buff2_2' 
-- Equation name is 'buff2_2', location is LC7_B18, type is buried.
buff2_2  = DFFE( _LC4_B18, GLOBAL( WR),  VCC,  VCC, !_LC1_D3);

-- Node name is ':74' = 'buff2_3' 
-- Equation name is 'buff2_3', location is LC2_C28, type is buried.
buff2_3  = DFFE( _LC4_C28, GLOBAL( WR),  VCC,  VCC, !_LC1_D3);

-- Node name is ':73' = 'buff2_4' 
-- Equation name is 'buff2_4', location is LC6_E15, type is buried.
buff2_4  = DFFE( _LC1_E15, GLOBAL( WR),  VCC,  VCC, !_LC1_D3);

-- Node name is ':72' = 'buff2_5' 
-- Equation name is 'buff2_5', location is LC7_D1, type is buried.
buff2_5  = DFFE( _LC4_D1, GLOBAL( WR),  VCC,  VCC, !_LC1_D3);

-- Node name is ':71' = 'buff2_6' 
-- Equation name is 'buff2_6', location is LC3_B27, type is buried.
buff2_6  = DFFE( _LC6_B27, GLOBAL( WR),  VCC,  VCC, !_LC1_D3);

-- Node name is ':70' = 'buff2_7' 
-- Equation name is 'buff2_7', location is LC5_D25, type is buried.
buff2_7  = DFFE( _LC2_D25, GLOBAL( WR),  VCC,  VCC, !_LC1_D3);

-- Node name is ':69' = 'buff3_0' 
-- Equation name is 'buff3_0', location is LC3_A26, type is buried.
buff3_0  = DFFE( _LC7_A26, GLOBAL( WR),  VCC,  VCC, !_LC1_D3);

-- Node name is ':68' = 'buff3_1' 
-- Equation name is 'buff3_1', location is LC5_A17, type is buried.
buff3_1  = DFFE( _LC3_A17, GLOBAL( WR),  VCC,  VCC, !_LC1_D3);

-- Node name is ':67' = 'buff3_2' 
-- Equation name is 'buff3_2', location is LC6_B18, type is buried.
buff3_2  = DFFE( _LC3_B18, GLOBAL( WR),  VCC,  VCC, !_LC1_D3);

-- Node name is ':66' = 'buff3_3' 
-- Equation name is 'buff3_3', location is LC1_C28, type is buried.
buff3_3  = DFFE( _LC5_C28, GLOBAL( WR),  VCC,  VCC, !_LC1_D3);

-- Node name is ':65' = 'buff3_4' 
-- Equation name is 'buff3_4', location is LC1_E4, type is buried.
buff3_4  = DFFE( _LC4_E4, GLOBAL( WR),  VCC,  VCC, !_LC1_D3);

-- Node name is ':64' = 'buff3_5' 
-- Equation name is 'buff3_5', location is LC6_D1, type is buried.
buff3_5  = DFFE( _LC2_D1, GLOBAL( WR),  VCC,  VCC, !_LC1_D3);

-- Node name is ':63' = 'buff3_6' 
-- Equation name is 'buff3_6', location is LC1_B27, type is buried.
buff3_6  = DFFE( _LC5_B27, GLOBAL( WR),  VCC,  VCC, !_LC1_D3);

-- Node name is ':62' = 'buff3_7' 
-- Equation name is 'buff3_7', location is LC3_D25, type is buried.
buff3_7  = DFFE( _LC1_D25, GLOBAL( WR),  VCC,  VCC, !_LC1_D3);

-- Node name is ':61' = 'buff4_0' 
-- Equation name is 'buff4_0', location is LC2_A26, type is buried.
buff4_0  = DFFE( _LC5_A26, GLOBAL( WR),  VCC,  VCC, !_LC1_D3);

-- Node name is ':60' = 'buff4_1' 
-- Equation name is 'buff4_1', location is LC4_A16, type is buried.
buff4_1  = DFFE( _LC2_A16, GLOBAL( WR),  VCC,  VCC, !_LC1_D3);

-- Node name is ':59' = 'buff4_2' 
-- Equation name is 'buff4_2', location is LC1_B12, type is buried.
buff4_2  = DFFE( _LC6_B12, GLOBAL( WR),  VCC,  VCC, !_LC1_D3);

-- Node name is ':58' = 'buff4_3' 
-- Equation name is 'buff4_3', location is LC7_C28, type is buried.
buff4_3  = DFFE( _LC6_C28, GLOBAL( WR),  VCC,  VCC, !_LC1_D3);

-- Node name is ':57' = 'buff4_4' 
-- Equation name is 'buff4_4', location is LC3_E5, type is buried.
buff4_4  = DFFE( _LC5_E5, GLOBAL( WR),  VCC,  VCC, !_LC1_D3);

-- Node name is ':56' = 'buff4_5' 
-- Equation name is 'buff4_5', location is LC5_C15, type is buried.
buff4_5  = DFFE( _LC7_C15, GLOBAL( WR),  VCC,  VCC, !_LC1_D3);

-- Node name is ':55' = 'buff4_6' 
-- Equation name is 'buff4_6', location is LC2_B27, type is buried.
buff4_6  = DFFE( _LC8_B27, GLOBAL( WR),  VCC,  VCC, !_LC1_D3);

-- Node name is ':54' = 'buff4_7' 
-- Equation name is 'buff4_7', location is LC3_E32, type is buried.
buff4_7  = DFFE( _LC5_E32, GLOBAL( WR),  VCC,  VCC, !_LC1_D3);

-- Node name is ':53' = 'buff5_0' 
-- Equation name is 'buff5_0', location is LC1_A26, type is buried.
buff5_0  = DFFE( _LC8_A26, GLOBAL( WR),  VCC,  VCC, !_LC1_D3);

-- Node name is ':52' = 'buff5_1' 
-- Equation name is 'buff5_1', location is LC3_A16, type is buried.
buff5_1  = DFFE( _LC5_A16, GLOBAL( WR),  VCC,  VCC, !_LC1_D3);

-- Node name is ':51' = 'buff5_2' 
-- Equation name is 'buff5_2', location is LC5_B18, type is buried.
buff5_2  = DFFE( _LC8_B18, GLOBAL( WR),  VCC,  VCC, !_LC1_D3);

-- Node name is ':50' = 'buff5_3' 
-- Equation name is 'buff5_3', location is LC3_C28, type is buried.
buff5_3  = DFFE( _LC8_C28, GLOBAL( WR),  VCC,  VCC, !_LC1_D3);

-- Node name is ':49' = 'buff5_4' 
-- Equation name is 'buff5_4', location is LC2_E5, type is buried.
buff5_4  = DFFE( _LC4_E5, GLOBAL( WR),  VCC,  VCC, !_LC1_D3);

-- Node name is ':48' = 'buff5_5' 
-- Equation name is 'buff5_5', location is LC4_C15, type is buried.
buff5_5  = DFFE( _LC6_C15, GLOBAL( WR),  VCC,  VCC, !_LC1_D3);

-- Node name is ':47' = 'buff5_6' 
-- Equation name is 'buff5_6', location is LC4_B27, type is buried.
buff5_6  = DFFE( _LC7_B27, GLOBAL( WR),  VCC,  VCC, !_LC1_D3);

-- Node name is ':46' = 'buff5_7' 
-- Equation name is 'buff5_7', location is LC2_E32, type is buried.
buff5_7  = DFFE( _LC4_E32, GLOBAL( WR),  VCC,  VCC, !_LC1_D3);

-- Node name is ':45' = 'buff6_0' 
-- Equation name is 'buff6_0', location is LC3_A21, type is buried.
buff6_0  = DFFE( _LC5_A21, GLOBAL( WR),  VCC,  VCC, !_LC1_D3);

-- Node name is ':44' = 'buff6_1' 
-- Equation name is 'buff6_1', location is LC3_A12, type is buried.
buff6_1  = DFFE( _LC6_A12, GLOBAL( WR),  VCC,  VCC, !_LC1_D3);

-- Node name is ':43' = 'buff6_2' 
-- Equation name is 'buff6_2', location is LC4_B13, type is buried.
buff6_2  = DFFE( _LC5_B13, GLOBAL( WR),  VCC,  VCC, !_LC1_D3);

-- Node name is ':42' = 'buff6_3' 
-- Equation name is 'buff6_3', location is LC5_C23, type is buried.
buff6_3  = DFFE( _LC7_C23, GLOBAL( WR),  VCC,  VCC, !_LC1_D3);

-- Node name is ':41' = 'buff6_4' 
-- Equation name is 'buff6_4', location is LC2_E14, type is buried.
buff6_4  = DFFE( _LC3_E14, GLOBAL( WR),  VCC,  VCC, !_LC1_D3);

-- Node name is ':40' = 'buff6_5' 
-- Equation name is 'buff6_5', location is LC5_C14, type is buried.
buff6_5  = DFFE( _LC6_C14, GLOBAL( WR),  VCC,  VCC, !_LC1_D3);

-- Node name is ':39' = 'buff6_6' 
-- Equation name is 'buff6_6', location is LC6_B22, type is buried.
buff6_6  = DFFE( _LC7_B22, GLOBAL( WR),  VCC,  VCC, !_LC1_D3);

-- Node name is ':38' = 'buff6_7' 
-- Equation name is 'buff6_7', location is LC6_E24, type is buried.
buff6_7  = DFFE( _LC7_E24, GLOBAL( WR),  VCC,  VCC, !_LC1_D3);

-- Node name is ':37' = 'buff7_0' 
-- Equation name is 'buff7_0', location is LC4_A21, type is buried.
buff7_0  = DFFE( _EQ001, GLOBAL( WR),  VCC,  VCC, !_LC1_D3);
  _EQ001 = !_LC3_E11 &  _LC6_A21
         #  DI0 &  _LC3_E11;

-- Node name is ':36' = 'buff7_1' 
-- Equation name is 'buff7_1', location is LC4_A12, type is buried.
buff7_1  = DFFE( _EQ002, GLOBAL( WR),  VCC,  VCC, !_LC1_D3);
  _EQ002 = !_LC3_E11 &  _LC7_A12
         #  DI1 &  _LC3_E11;

-- Node name is ':35' = 'buff7_2' 
-- Equation name is 'buff7_2', location is LC3_B13, type is buried.
buff7_2  = DFFE( _EQ003, GLOBAL( WR),  VCC,  VCC, !_LC1_D3);
  _EQ003 = !_LC3_E11 &  _LC7_B13
         #  DI2 &  _LC3_E11;

-- Node name is ':34' = 'buff7_3' 
-- Equation name is 'buff7_3', location is LC4_C23, type is buried.
buff7_3  = DFFE( _EQ004, GLOBAL( WR),  VCC,  VCC, !_LC1_D3);
  _EQ004 = !_LC3_E11 &  _LC8_C23
         #  DI3 &  _LC3_E11;

-- Node name is ':33' = 'buff7_4' 
-- Equation name is 'buff7_4', location is LC1_E14, type is buried.
buff7_4  = DFFE( _EQ005, GLOBAL( WR),  VCC,  VCC, !_LC1_D3);
  _EQ005 = !_LC3_E11 &  _LC4_E14
         #  DI4 &  _LC3_E11;

-- Node name is ':32' = 'buff7_5' 
-- Equation name is 'buff7_5', location is LC2_C13, type is buried.
buff7_5  = DFFE( _EQ006, GLOBAL( WR),  VCC,  VCC, !_LC1_D3);
  _EQ006 = !_LC3_E11 &  _LC4_C13
         #  DI5 &  _LC3_E11;

-- Node name is ':31' = 'buff7_6' 
-- Equation name is 'buff7_6', location is LC5_B22, type is buried.
buff7_6  = DFFE( _EQ007, GLOBAL( WR),  VCC,  VCC, !_LC1_D3);
  _EQ007 = !_LC3_E11 &  _LC8_B22
         #  DI6 &  _LC3_E11;

-- Node name is ':30' = 'buff7_7' 
-- Equation name is 'buff7_7', location is LC4_E24, type is buried.
buff7_7  = DFFE( _EQ008, GLOBAL( WR),  VCC,  VCC, !_LC1_D3);
  _EQ008 = !_LC3_E11 &  _LC8_E24
         #  DI7 &  _LC3_E11;

-- Node name is ':105' = 'countRD0' 
-- Equation name is 'countRD0', location is LC3_D20, type is buried.
countRD0 = DFFE(!countRD0, GLOBAL( RD), GLOBAL(!Reset),  VCC,  VCC);

-- Node name is ':104' = 'countRD1' 
-- Equation name is 'countRD1', location is LC1_B6, type is buried.
countRD1 = DFFE( _EQ009, GLOBAL( RD), GLOBAL(!Reset),  VCC,  VCC);
  _EQ009 =  countRD0 & !countRD1 & !_LC4_A4
         # !countRD0 &  countRD1 & !_LC4_A4;

-- Node name is ':103' = 'countRD2' 
-- Equation name is 'countRD2', location is LC2_A5, type is buried.
countRD2 = DFFE( _EQ010, GLOBAL( RD), GLOBAL(!Reset),  VCC,  VCC);
  _EQ010 = !countRD0 &  countRD2 & !_LC4_A4
         # !countRD1 &  countRD2 & !_LC4_A4
         #  countRD0 &  countRD1 & !countRD2 & !_LC4_A4;

-- Node name is ':100' = 'countWR0' 
-- Equation name is 'countWR0', location is LC2_D19, type is buried.
countWR0 = DFFE(!countWR0, GLOBAL( WR), GLOBAL(!Reset),  VCC,  VCC);

-- Node name is ':99' = 'countWR1' 
-- Equation name is 'countWR1', location is LC4_E17, type is buried.
countWR1 = DFFE( _EQ011, GLOBAL( WR), GLOBAL(!Reset),  VCC,  VCC);
  _EQ011 =  countWR0 & !countWR1 & !_LC3_E11
         # !countWR0 &  countWR1 & !_LC3_E11;

-- Node name is ':98' = 'countWR2' 
-- Equation name is 'countWR2', location is LC2_E16, type is buried.
countWR2 = DFFE( _EQ012, GLOBAL( WR), GLOBAL(!Reset),  VCC,  VCC);
  _EQ012 = !countWR0 &  countWR2 & !_LC3_E11
         # !countWR1 &  countWR2 & !_LC3_E11
         #  countWR0 &  countWR1 & !countWR2 & !_LC3_E11;

-- Node name is 'DO0' 
-- Equation name is 'DO0', type is bidir 
DO0      = TRI(_LC7_A21,  VCC);

-- Node name is 'DO1' 
-- Equation name is 'DO1', type is bidir 
DO1      = TRI(_LC5_A12,  VCC);

-- Node name is 'DO2' 
-- Equation name is 'DO2', type is bidir 
DO2      = TRI(_LC6_B13,  VCC);

-- Node name is 'DO3' 
-- Equation name is 'DO3', type is bidir 
DO3      = TRI(_LC6_C23,  VCC);

-- Node name is 'DO4' 
-- Equation name is 'DO4', type is bidir 
DO4      = TRI(_LC8_E15,  VCC);

-- Node name is 'DO5' 
-- Equation name is 'DO5', type is bidir 
DO5      = TRI(_LC7_C14,  VCC);

-- Node name is 'DO6' 
-- Equation name is 'DO6', type is bidir 
DO6      = TRI(_LC2_B22,  VCC);

-- Node name is 'DO7' 
-- Equation name is 'DO7', type is bidir 
DO7      = TRI(_LC5_E24,  VCC);

-- Node name is 'EMPTY' 
-- Equation name is 'EMPTY', type is bidir 
EMPTY    = TRI(_LC5_D1,  VCC);

-- Node name is 'FULL' 
-- Equation name is 'FULL', type is bidir 
FULL     = TRI(_LC3_D1,  VCC);

-- Node name is 'Reset~1' 
-- Equation name is 'Reset~1', location is LC1_D3, type is buried.
-- synthesized logic cell 
!_LC1_D3 = _LC1_D3~NOT;
_LC1_D3~NOT = LCELL(!Reset);

-- Node name is ':14' 
-- Equation name is '_LC5_E24', type is buried 
_LC5_E24 = DFFE( _EQ013, GLOBAL( RD),  VCC,  VCC, !_LC1_D3);
  _EQ013 =  _LC1_E24 & !_LC4_A4
         #  buff7_7 &  _LC4_A4;

-- Node name is ':16' 
-- Equation name is '_LC2_B22', type is buried 
_LC2_B22 = DFFE( _EQ014, GLOBAL( RD),  VCC,  VCC, !_LC1_D3);
  _EQ014 =  _LC1_B22 & !_LC4_A4
         #  buff7_6 &  _LC4_A4;

-- Node name is ':18' 
-- Equation name is '_LC7_C14', type is buried 
_LC7_C14 = DFFE( _EQ015, GLOBAL( RD),  VCC,  VCC, !_LC1_D3);
  _EQ015 =  _LC1_C14 & !_LC4_A4
         #  buff7_5 &  _LC4_A4;

-- Node name is ':20' 
-- Equation name is '_LC8_E15', type is buried 
_LC8_E15 = DFFE( _EQ016, GLOBAL( RD),  VCC,  VCC, !_LC1_D3);
  _EQ016 = !_LC4_A4 &  _LC5_E15
         #  buff7_4 &  _LC4_A4;

-- Node name is ':22' 
-- Equation name is '_LC6_C23', type is buried 
_LC6_C23 = DFFE( _EQ017, GLOBAL( RD),  VCC,  VCC, !_LC1_D3);
  _EQ017 =  _LC1_C23 & !_LC4_A4
         #  buff7_3 &  _LC4_A4;

-- Node name is ':24' 
-- Equation name is '_LC6_B13', type is buried 
_LC6_B13 = DFFE( _EQ018, GLOBAL( RD),  VCC,  VCC, !_LC1_D3);
  _EQ018 =  _LC1_B13 & !_LC4_A4
         #  buff7_2 &  _LC4_A4;

-- Node name is ':26' 
-- Equation name is '_LC5_A12', type is buried 
_LC5_A12 = DFFE( _EQ019, GLOBAL( RD),  VCC,  VCC, !_LC1_D3);
  _EQ019 =  _LC1_A12 & !_LC4_A4
         #  buff7_1 &  _LC4_A4;

-- Node name is ':28' 
-- Equation name is '_LC7_A21', type is buried 
_LC7_A21 = DFFE( _EQ020, GLOBAL( RD),  VCC,  VCC, !_LC1_D3);
  _EQ020 =  _LC1_A21 & !_LC4_A4
         #  buff7_0 &  _LC4_A4;

-- Node name is '~258~1' 
-- Equation name is '~258~1', location is LC1_E18, type is buried.
-- synthesized logic cell 
_LC1_E18 = LCELL( _EQ021);
  _EQ021 =  countRD1 &  countRD2 &  countWR1 &  countWR2
         # !countRD1 &  countRD2 & !countWR1 &  countWR2
         #  countRD1 & !countRD2 &  countWR1 & !countWR2
         # !countRD1 & !countRD2 & !countWR1 & !countWR2;

-- Node name is ':258' 
-- Equation name is '_LC8_D1', type is buried 
_LC8_D1  = LCELL( _EQ022);
  _EQ022 =  countRD0 &  countWR0 &  _LC1_E18
         # !countRD0 & !countWR0 &  _LC1_E18;

-- Node name is ':343' 
-- Equation name is '_LC3_D1', type is buried 
_LC3_D1  = LCELL( _EQ023);
  _EQ023 =  FULL &  _LC8_D1 & !RD
         #  _LC8_D1 & !RD &  WR;

-- Node name is ':349' 
-- Equation name is '_LC5_D1', type is buried 
_LC5_D1  = LCELL( _EQ024);
  _EQ024 =  EMPTY &  _LC8_D1 & !WR
         #  _LC8_D1 &  RD;

-- Node name is '~355~1' 
-- Equation name is '~355~1', location is LC3_C2, type is buried.
-- synthesized logic cell 
!_LC3_C2 = _LC3_C2~NOT;
_LC3_C2~NOT = LCELL( _EQ025);
  _EQ025 = !countWR1
         #  countWR2
         #  _LC3_E11;

-- Node name is '~355~2' 
-- Equation name is '~355~2', location is LC1_E10, type is buried.
-- synthesized logic cell 
!_LC1_E10 = _LC1_E10~NOT;
_LC1_E10~NOT = LCELL( _EQ026);
  _EQ026 = !countWR1
         # !countWR2;

-- Node name is ':355' 
-- Equation name is '_LC3_E11', type is buried 
_LC3_E11 = LCELL( _EQ027);
  _EQ027 =  countWR0 &  countWR1 &  countWR2;

-- Node name is '~2460~1' 
-- Equation name is '~2460~1', location is LC8_E24, type is buried.
-- synthesized logic cell 
_LC8_E24 = LCELL( _EQ028);
  _EQ028 =  countWR0 &  DI7 &  _LC1_E10
         #  buff7_7 & !countWR0
         #  buff7_7 & !_LC1_E10;

-- Node name is '~2466~1' 
-- Equation name is '~2466~1', location is LC8_B22, type is buried.
-- synthesized logic cell 
_LC8_B22 = LCELL( _EQ029);
  _EQ029 =  countWR0 &  DI6 &  _LC1_E10
         #  buff7_6 & !countWR0
         #  buff7_6 & !_LC1_E10;

-- Node name is '~2472~1' 
-- Equation name is '~2472~1', location is LC4_C13, type is buried.
-- synthesized logic cell 
_LC4_C13 = LCELL( _EQ030);
  _EQ030 =  countWR0 &  DI5 &  _LC1_E10
         #  buff7_5 & !countWR0
         #  buff7_5 & !_LC1_E10;

-- Node name is '~2478~1' 
-- Equation name is '~2478~1', location is LC4_E14, type is buried.
-- synthesized logic cell 
_LC4_E14 = LCELL( _EQ031);
  _EQ031 =  countWR0 &  DI4 &  _LC1_E10
         #  buff7_4 & !countWR0
         #  buff7_4 & !_LC1_E10;

-- Node name is '~2484~1' 
-- Equation name is '~2484~1', location is LC8_C23, type is buried.
-- synthesized logic cell 
_LC8_C23 = LCELL( _EQ032);
  _EQ032 =  countWR0 &  DI3 &  _LC1_E10
         #  buff7_3 & !countWR0
         #  buff7_3 & !_LC1_E10;

-- Node name is '~2490~1' 
-- Equation name is '~2490~1', location is LC7_B13, type is buried.
-- synthesized logic cell 
_LC7_B13 = LCELL( _EQ033);
  _EQ033 =  countWR0 &  DI2 &  _LC1_E10
         #  buff7_2 & !countWR0
         #  buff7_2 & !_LC1_E10;

-- Node name is '~2496~1' 
-- Equation name is '~2496~1', location is LC7_A12, type is buried.
-- synthesized logic cell 
_LC7_A12 = LCELL( _EQ034);
  _EQ034 =  countWR0 &  DI1 &  _LC1_E10
         #  buff7_1 & !countWR0
         #  buff7_1 & !_LC1_E10;

-- Node name is '~2502~1' 
-- Equation name is '~2502~1', location is LC6_A21, type is buried.
-- synthesized logic cell 
_LC6_A21 = LCELL( _EQ035);
  _EQ035 =  countWR0 &  DI0 &  _LC1_E10
         #  buff7_0 & !countWR0
         #  buff7_0 & !_LC1_E10;

-- Node name is ':2508' 
-- Equation name is '_LC7_E24', type is buried 
_LC7_E24 = LCELL( _EQ036);
  _EQ036 = !countWR0 &  DI7 & !_LC3_E9
         #  buff6_7 &  countWR0
         #  buff6_7 &  _LC3_E9;

-- Node name is ':2514' 
-- Equation name is '_LC7_B22', type is buried 
_LC7_B22 = LCELL( _EQ037);
  _EQ037 = !countWR0 &  DI6 & !_LC3_E9
         #  buff6_6 &  countWR0
         #  buff6_6 &  _LC3_E9;

-- Node name is ':2520' 
-- Equation name is '_LC6_C14', type is buried 
_LC6_C14 = LCELL( _EQ038);
  _EQ038 = !countWR0 &  DI5 & !_LC3_E9
         #  buff6_5 &  countWR0
         #  buff6_5 &  _LC3_E9;

-- Node name is ':2526' 
-- Equation name is '_LC3_E14', type is buried 
_LC3_E14 = LCELL( _EQ039);
  _EQ039 = !countWR0 &  DI4 & !_LC3_E9
         #  buff6_4 &  countWR0
         #  buff6_4 &  _LC3_E9;

-- Node name is ':2532' 
-- Equation name is '_LC7_C23', type is buried 
_LC7_C23 = LCELL( _EQ040);
  _EQ040 = !countWR0 &  DI3 & !_LC3_E9
         #  buff6_3 &  countWR0
         #  buff6_3 &  _LC3_E9;

-- Node name is ':2538' 
-- Equation name is '_LC5_B13', type is buried 
_LC5_B13 = LCELL( _EQ041);
  _EQ041 = !countWR0 &  DI2 & !_LC3_E9
         #  buff6_2 &  countWR0
         #  buff6_2 &  _LC3_E9;

-- Node name is ':2544' 
-- Equation name is '_LC6_A12', type is buried 
_LC6_A12 = LCELL( _EQ042);
  _EQ042 = !countWR0 &  DI1 & !_LC3_E9
         #  buff6_1 &  countWR0
         #  buff6_1 &  _LC3_E9;

-- Node name is '~2550~1' 
-- Equation name is '~2550~1', location is LC3_E9, type is buried.
-- synthesized logic cell 
_LC3_E9  = LCELL( _EQ043);
  _EQ043 = !countWR1
         # !countWR2
         #  _LC3_E11;

-- Node name is ':2550' 
-- Equation name is '_LC5_A21', type is buried 
_LC5_A21 = LCELL( _EQ044);
  _EQ044 = !countWR0 &  DI0 & !_LC3_E9
         #  buff6_0 &  countWR0
         #  buff6_0 &  _LC3_E9;

-- Node name is ':2556' 
-- Equation name is '_LC4_E32', type is buried 
_LC4_E32 = LCELL( _EQ045);
  _EQ045 =  countWR0 &  DI7 & !_LC2_C8
         #  buff5_7 & !countWR0
         #  buff5_7 &  _LC2_C8;

-- Node name is ':2562' 
-- Equation name is '_LC7_B27', type is buried 
_LC7_B27 = LCELL( _EQ046);
  _EQ046 =  countWR0 &  DI6 & !_LC2_C8
         #  buff5_6 & !countWR0
         #  buff5_6 &  _LC2_C8;

-- Node name is ':2568' 
-- Equation name is '_LC6_C15', type is buried 
_LC6_C15 = LCELL( _EQ047);
  _EQ047 =  countWR0 &  DI5 & !_LC2_C8
         #  buff5_5 & !countWR0
         #  buff5_5 &  _LC2_C8;

-- Node name is ':2574' 
-- Equation name is '_LC4_E5', type is buried 
_LC4_E5  = LCELL( _EQ048);
  _EQ048 =  countWR0 &  DI4 & !_LC2_C8
         #  buff5_4 & !countWR0
         #  buff5_4 &  _LC2_C8;

-- Node name is ':2580' 
-- Equation name is '_LC8_C28', type is buried 
_LC8_C28 = LCELL( _EQ049);
  _EQ049 =  countWR0 &  DI3 & !_LC2_C8
         #  buff5_3 & !countWR0
         #  buff5_3 &  _LC2_C8;

-- Node name is ':2586' 
-- Equation name is '_LC8_B18', type is buried 
_LC8_B18 = LCELL( _EQ050);
  _EQ050 =  countWR0 &  DI2 & !_LC2_C8
         #  buff5_2 & !countWR0
         #  buff5_2 &  _LC2_C8;

-- Node name is ':2592' 
-- Equation name is '_LC5_A16', type is buried 
_LC5_A16 = LCELL( _EQ051);
  _EQ051 =  countWR0 &  DI1 & !_LC2_C8
         #  buff5_1 & !countWR0
         #  buff5_1 &  _LC2_C8;

-- Node name is '~2598~1' 
-- Equation name is '~2598~1', location is LC2_C8, type is buried.
-- synthesized logic cell 
_LC2_C8  = LCELL( _EQ052);
  _EQ052 =  countWR1
         # !countWR2
         #  _LC3_E11;

-- Node name is ':2598' 
-- Equation name is '_LC8_A26', type is buried 
_LC8_A26 = LCELL( _EQ053);
  _EQ053 =  countWR0 &  DI0 & !_LC2_C8
         #  buff5_0 & !countWR0
         #  buff5_0 &  _LC2_C8;

-- Node name is ':2604' 
-- Equation name is '_LC5_E32', type is buried 
_LC5_E32 = LCELL( _EQ054);
  _EQ054 = !countWR0 &  DI7 & !_LC2_C8
         #  buff4_7 &  countWR0
         #  buff4_7 &  _LC2_C8;

-- Node name is ':2610' 
-- Equation name is '_LC8_B27', type is buried 
_LC8_B27 = LCELL( _EQ055);
  _EQ055 = !countWR0 &  DI6 & !_LC2_C8
         #  buff4_6 &  countWR0
         #  buff4_6 &  _LC2_C8;

-- Node name is ':2616' 
-- Equation name is '_LC7_C15', type is buried 
_LC7_C15 = LCELL( _EQ056);
  _EQ056 = !countWR0 &  DI5 & !_LC2_C8
         #  buff4_5 &  countWR0
         #  buff4_5 &  _LC2_C8;

-- Node name is ':2622' 
-- Equation name is '_LC5_E5', type is buried 
_LC5_E5  = LCELL( _EQ057);
  _EQ057 = !countWR0 &  DI4 & !_LC2_C8
         #  buff4_4 &  countWR0
         #  buff4_4 &  _LC2_C8;

-- Node name is ':2628' 
-- Equation name is '_LC6_C28', type is buried 
_LC6_C28 = LCELL( _EQ058);
  _EQ058 = !countWR0 &  DI3 & !_LC2_C8
         #  buff4_3 &  countWR0
         #  buff4_3 &  _LC2_C8;

-- Node name is ':2634' 
-- Equation name is '_LC6_B12', type is buried 
_LC6_B12 = LCELL( _EQ059);
  _EQ059 = !countWR0 &  DI2 & !_LC2_C8
         #  buff4_2 &  countWR0
         #  buff4_2 &  _LC2_C8;

-- Node name is ':2640' 
-- Equation name is '_LC2_A16', type is buried 
_LC2_A16 = LCELL( _EQ060);
  _EQ060 = !countWR0 &  DI1 & !_LC2_C8
         #  buff4_1 &  countWR0
         #  buff4_1 &  _LC2_C8;

-- Node name is ':2646' 
-- Equation name is '_LC5_A26', type is buried 
_LC5_A26 = LCELL( _EQ061);
  _EQ061 = !countWR0 &  DI0 & !_LC2_C8
         #  buff4_0 &  countWR0
         #  buff4_0 &  _LC2_C8;

-- Node name is ':2652' 
-- Equation name is '_LC1_D25', type is buried 
_LC1_D25 = LCELL( _EQ062);
  _EQ062 =  countWR0 &  DI7 &  _LC3_C2
         #  buff3_7 & !countWR0
         #  buff3_7 & !_LC3_C2;

-- Node name is ':2658' 
-- Equation name is '_LC5_B27', type is buried 
_LC5_B27 = LCELL( _EQ063);
  _EQ063 =  countWR0 &  DI6 &  _LC3_C2
         #  buff3_6 & !countWR0
         #  buff3_6 & !_LC3_C2;

-- Node name is ':2664' 
-- Equation name is '_LC2_D1', type is buried 
_LC2_D1  = LCELL( _EQ064);
  _EQ064 =  countWR0 &  DI5 &  _LC3_C2
         #  buff3_5 & !countWR0
         #  buff3_5 & !_LC3_C2;

-- Node name is ':2670' 
-- Equation name is '_LC4_E4', type is buried 
_LC4_E4  = LCELL( _EQ065);
  _EQ065 =  countWR0 &  DI4 &  _LC3_C2
         #  buff3_4 & !countWR0
         #  buff3_4 & !_LC3_C2;

-- Node name is ':2676' 
-- Equation name is '_LC5_C28', type is buried 
_LC5_C28 = LCELL( _EQ066);
  _EQ066 =  countWR0 &  DI3 &  _LC3_C2
         #  buff3_3 & !countWR0
         #  buff3_3 & !_LC3_C2;

-- Node name is ':2682' 
-- Equation name is '_LC3_B18', type is buried 
_LC3_B18 = LCELL( _EQ067);
  _EQ067 =  countWR0 &  DI2 &  _LC3_C2
         #  buff3_2 & !countWR0
         #  buff3_2 & !_LC3_C2;

-- Node name is ':2688' 
-- Equation name is '_LC3_A17', type is buried 
_LC3_A17 = LCELL( _EQ068);
  _EQ068 =  countWR0 &  DI1 &  _LC3_C2
         #  buff3_1 & !countWR0
         #  buff3_1 & !_LC3_C2;

-- Node name is ':2694' 
-- Equation name is '_LC7_A26', type is buried 
_LC7_A26 = LCELL( _EQ069);
  _EQ069 =  countWR0 &  DI0 &  _LC3_C2
         #  buff3_0 & !countWR0
         #  buff3_0 & !_LC3_C2;

-- Node name is ':2700' 
-- Equation name is '_LC2_D25', type is buried 
_LC2_D25 = LCELL( _EQ070);
  _EQ070 = !countWR0 &  DI7 &  _LC3_C2
         #  buff2_7 &  countWR0
         #  buff2_7 & !_LC3_C2;

-- Node name is ':2706' 
-- Equation name is '_LC6_B27', type is buried 
_LC6_B27 = LCELL( _EQ071);
  _EQ071 = !countWR0 &  DI6 &  _LC3_C2
         #  buff2_6 &  countWR0
         #  buff2_6 & !_LC3_C2;

-- Node name is ':2712' 
-- Equation name is '_LC4_D1', type is buried 
_LC4_D1  = LCELL( _EQ072);
  _EQ072 = !countWR0 &  DI5 &  _LC3_C2
         #  buff2_5 &  countWR0
         #  buff2_5 & !_LC3_C2;

-- Node name is ':2718' 
-- Equation name is '_LC1_E15', type is buried 
_LC1_E15 = LCELL( _EQ073);
  _EQ073 = !countWR0 &  DI4 &  _LC3_C2
         #  buff2_4 &  countWR0
         #  buff2_4 & !_LC3_C2;

-- Node name is ':2724' 
-- Equation name is '_LC4_C28', type is buried 
_LC4_C28 = LCELL( _EQ074);
  _EQ074 = !countWR0 &  DI3 &  _LC3_C2
         #  buff2_3 &  countWR0
         #  buff2_3 & !_LC3_C2;

-- Node name is ':2730' 
-- Equation name is '_LC4_B18', type is buried 
_LC4_B18 = LCELL( _EQ075);
  _EQ075 = !countWR0 &  DI2 &  _LC3_C2
         #  buff2_2 &  countWR0
         #  buff2_2 & !_LC3_C2;

-- Node name is ':2736' 
-- Equation name is '_LC2_A17', type is buried 
_LC2_A17 = LCELL( _EQ076);
  _EQ076 = !countWR0 &  DI1 &  _LC3_C2
         #  buff2_1 &  countWR0
         #  buff2_1 & !_LC3_C2;

-- Node name is ':2742' 
-- Equation name is '_LC6_A26', type is buried 
_LC6_A26 = LCELL( _EQ077);
  _EQ077 = !countWR0 &  DI0 &  _LC3_C2
         #  buff2_0 &  countWR0
         #  buff2_0 & !_LC3_C2;

-- Node name is ':2748' 
-- Equation name is '_LC2_E33', type is buried 
_LC2_E33 = LCELL( _EQ078);
  _EQ078 =  countWR0 &  DI7 & !_LC4_C7
         #  buff1_7 & !countWR0
         #  buff1_7 &  _LC4_C7;

-- Node name is ':2754' 
-- Equation name is '_LC2_B30', type is buried 
_LC2_B30 = LCELL( _EQ079);
  _EQ079 =  countWR0 &  DI6 & !_LC4_C7
         #  buff1_6 & !countWR0
         #  buff1_6 &  _LC4_C7;

-- Node name is ':2760' 
-- Equation name is '_LC3_C13', type is buried 
_LC3_C13 = LCELL( _EQ080);
  _EQ080 =  countWR0 &  DI5 & !_LC4_C7
         #  buff1_5 & !countWR0
         #  buff1_5 &  _LC4_C7;

-- Node name is ':2766' 
-- Equation name is '_LC3_E4', type is buried 
_LC3_E4  = LCELL( _EQ081);
  _EQ081 =  countWR0 &  DI4 & !_LC4_C7
         #  buff1_4 & !countWR0
         #  buff1_4 &  _LC4_C7;

-- Node name is ':2772' 
-- Equation name is '_LC2_C31', type is buried 
_LC2_C31 = LCELL( _EQ082);
  _EQ082 =  countWR0 &  DI3 & !_LC4_C7
         #  buff1_3 & !countWR0
         #  buff1_3 &  _LC4_C7;

-- Node name is ':2778' 
-- Equation name is '_LC2_B12', type is buried 
_LC2_B12 = LCELL( _EQ083);
  _EQ083 =  countWR0 &  DI2 & !_LC4_C7
         #  buff1_2 & !countWR0
         #  buff1_2 &  _LC4_C7;

-- Node name is ':2784' 
-- Equation name is '_LC2_A18', type is buried 
_LC2_A18 = LCELL( _EQ084);
  _EQ084 =  countWR0 &  DI1 & !_LC4_C7
         #  buff1_1 & !countWR0
         #  buff1_1 &  _LC4_C7;

-- Node name is '~2790~1' 
-- Equation name is '~2790~1', location is LC4_C7, type is buried.
-- synthesized logic cell 
_LC4_C7  = LCELL( _EQ085);
  _EQ085 =  countWR1
         #  countWR2
         #  _LC3_E11;

-- Node name is ':2790' 
-- Equation name is '_LC2_A29', type is buried 
_LC2_A29 = LCELL( _EQ086);
  _EQ086 =  countWR0 &  DI0 & !_LC4_C7
         #  buff1_0 & !countWR0
         #  buff1_0 &  _LC4_C7;

-- Node name is ':2796' 
-- Equation name is '_LC1_E33', type is buried 
_LC1_E33 = LCELL( _EQ087);
  _EQ087 = !countWR0 &  DI7 & !_LC4_C7
         #  buff0_7 &  countWR0
         #  buff0_7 &  _LC4_C7;

-- Node name is ':2802' 
-- Equation name is '_LC3_B30', type is buried 
_LC3_B30 = LCELL( _EQ088);
  _EQ088 = !countWR0 &  DI6 & !_LC4_C7
         #  buff0_6 &  countWR0
         #  buff0_6 &  _LC4_C7;

-- Node name is ':2808' 
-- Equation name is '_LC3_C15', type is buried 
_LC3_C15 = LCELL( _EQ089);
  _EQ089 = !countWR0 &  DI5 & !_LC4_C7
         #  buff0_5 &  countWR0
         #  buff0_5 &  _LC4_C7;

-- Node name is ':2814' 
-- Equation name is '_LC5_E4', type is buried 
_LC5_E4  = LCELL( _EQ090);
  _EQ090 = !countWR0 &  DI4 & !_LC4_C7
         #  buff0_4 &  countWR0
         #  buff0_4 &  _LC4_C7;

-- Node name is ':2820' 
-- Equation name is '_LC5_C31', type is buried 
_LC5_C31 = LCELL( _EQ091);
  _EQ091 = !countWR0 &  DI3 & !_LC4_C7
         #  buff0_3 &  countWR0
         #  buff0_3 &  _LC4_C7;

-- Node name is ':2826' 
-- Equation name is '_LC5_B12', type is buried 
_LC5_B12 = LCELL( _EQ092);
  _EQ092 = !countWR0 &  DI2 & !_LC4_C7
         #  buff0_2 &  countWR0
         #  buff0_2 &  _LC4_C7;

-- Node name is ':2832' 
-- Equation name is '_LC3_A18', type is buried 
_LC3_A18 = LCELL( _EQ093);
  _EQ093 = !countWR0 &  DI1 & !_LC4_C7
         #  buff0_1 &  countWR0
         #  buff0_1 &  _LC4_C7;

-- Node name is ':2838' 
-- Equation name is '_LC5_A29', type is buried 
_LC5_A29 = LCELL( _EQ094);
  _EQ094 = !countWR0 &  DI0 & !_LC4_C7
         #  buff0_0 &  countWR0
         #  buff0_0 &  _LC4_C7;

-- Node name is ':2995' 
-- Equation name is '_LC4_A4', type is buried 
!_LC4_A4 = _LC4_A4~NOT;
_LC4_A4~NOT = LCELL( _EQ095);
  _EQ095 = !countRD2
         # !countRD0
         # !countRD1;

-- Node name is ':3303' 
-- Equation name is '_LC1_E24', type is buried 
_LC1_E24 = LCELL( _EQ096);
  _EQ096 =  countRD2 &  _LC3_E24
         #  countRD2 &  _LC1_E32
         # !countRD2 &  _LC2_E24;

-- Node name is ':3306' 
-- Equation name is '_LC2_E24', type is buried 
_LC2_E24 = LCELL( _EQ097);
  _EQ097 =  countRD1 &  _LC4_D25
         # !countRD1 &  _LC3_E33;

-- Node name is ':3309' 
-- Equation name is '_LC3_E33', type is buried 
_LC3_E33 = LCELL( _EQ098);
  _EQ098 =  buff0_7 & !countRD0
         #  buff1_7 &  countRD0;

-- Node name is ':3312' 
-- Equation name is '_LC4_D25', type is buried 
_LC4_D25 = LCELL( _EQ099);
  _EQ099 =  buff2_7 & !countRD0
         #  buff3_7 &  countRD0;

-- Node name is ':3316' 
-- Equation name is '_LC1_E32', type is buried 
_LC1_E32 = LCELL( _EQ100);
  _EQ100 =  buff4_7 & !countRD0 & !countRD1
         #  buff5_7 &  countRD0 & !countRD1;

-- Node name is ':3317' 
-- Equation name is '_LC3_E24', type is buried 
_LC3_E24 = LCELL( _EQ101);
  _EQ101 =  buff6_7 & !countRD0 &  countRD1
         #  buff7_7 &  countRD0 &  countRD1;

-- Node name is ':3324' 
-- Equation name is '_LC1_B22', type is buried 
_LC1_B22 = LCELL( _EQ102);
  _EQ102 =  countRD2 &  _LC4_B22
         #  countRD2 &  _LC3_B22
         # !countRD2 &  _LC1_B30;

-- Node name is ':3327' 
-- Equation name is '_LC1_B30', type is buried 
_LC1_B30 = LCELL( _EQ103);
  _EQ103 =  countRD1 &  _LC5_B30
         # !countRD1 &  _LC4_B30;

-- Node name is ':3330' 
-- Equation name is '_LC4_B30', type is buried 
_LC4_B30 = LCELL( _EQ104);
  _EQ104 =  buff0_6 & !countRD0
         #  buff1_6 &  countRD0;

-- Node name is ':3333' 
-- Equation name is '_LC5_B30', type is buried 
_LC5_B30 = LCELL( _EQ105);
  _EQ105 =  buff2_6 & !countRD0
         #  buff3_6 &  countRD0;

-- Node name is ':3337' 
-- Equation name is '_LC3_B22', type is buried 
_LC3_B22 = LCELL( _EQ106);
  _EQ106 =  buff4_6 & !countRD0 & !countRD1
         #  buff5_6 &  countRD0 & !countRD1;

-- Node name is ':3338' 
-- Equation name is '_LC4_B22', type is buried 
_LC4_B22 = LCELL( _EQ107);
  _EQ107 =  buff6_6 & !countRD0 &  countRD1
         #  buff7_6 &  countRD0 &  countRD1;

-- Node name is ':3345' 
-- Equation name is '_LC1_C14', type is buried 
_LC1_C14 = LCELL( _EQ108);
  _EQ108 =  countRD2 &  _LC4_C14
         #  countRD2 &  _LC1_C15
         # !countRD2 &  _LC2_C14;

-- Node name is ':3348' 
-- Equation name is '_LC2_C14', type is buried 
_LC2_C14 = LCELL( _EQ109);
  _EQ109 =  countRD1 &  _LC1_D1
         # !countRD1 &  _LC3_C14;

-- Node name is ':3351' 
-- Equation name is '_LC3_C14', type is buried 
_LC3_C14 = LCELL( _EQ110);
  _EQ110 =  buff0_5 & !countRD0
         #  buff1_5 &  countRD0;

-- Node name is ':3354' 
-- Equation name is '_LC1_D1', type is buried 
_LC1_D1  = LCELL( _EQ111);
  _EQ111 =  buff2_5 & !countRD0
         #  buff3_5 &  countRD0;

-- Node name is ':3358' 
-- Equation name is '_LC1_C15', type is buried 
_LC1_C15 = LCELL( _EQ112);
  _EQ112 =  buff4_5 & !countRD0 & !countRD1
         #  buff5_5 &  countRD0 & !countRD1;

-- Node name is ':3359' 
-- Equation name is '_LC4_C14', type is buried 
_LC4_C14 = LCELL( _EQ113);
  _EQ113 =  buff6_5 & !countRD0 &  countRD1
         #  buff7_5 &  countRD0 &  countRD1;

-- Node name is ':3366' 
-- Equation name is '_LC5_E15', type is buried 
_LC5_E15 = LCELL( _EQ114);
  _EQ114 =  countRD2 &  _LC2_E15
         #  countRD2 &  _LC1_E5
         # !countRD2 &  _LC4_E15;

-- Node name is ':3369' 
-- Equation name is '_LC4_E15', type is buried 
_LC4_E15 = LCELL( _EQ115);
  _EQ115 =  countRD1 &  _LC3_E15
         # !countRD1 &  _LC2_E4;

-- Node name is ':3372' 
-- Equation name is '_LC2_E4', type is buried 
_LC2_E4  = LCELL( _EQ116);
  _EQ116 =  buff0_4 & !countRD0
         #  buff1_4 &  countRD0;

-- Node name is ':3375' 
-- Equation name is '_LC3_E15', type is buried 
_LC3_E15 = LCELL( _EQ117);
  _EQ117 =  buff2_4 & !countRD0
         #  buff3_4 &  countRD0;

-- Node name is ':3379' 
-- Equation name is '_LC1_E5', type is buried 
_LC1_E5  = LCELL( _EQ118);
  _EQ118 =  buff4_4 & !countRD0 & !countRD1
         #  buff5_4 &  countRD0 & !countRD1;

-- Node name is ':3380' 
-- Equation name is '_LC2_E15', type is buried 
_LC2_E15 = LCELL( _EQ119);
  _EQ119 =  buff6_4 & !countRD0 &  countRD1
         #  buff7_4 &  countRD0 &  countRD1;

-- Node name is ':3387' 
-- Equation name is '_LC1_C23', type is buried 
_LC1_C23 = LCELL( _EQ120);
  _EQ120 =  countRD2 &  _LC3_C23
         #  countRD2 &  _LC2_C23
         # !countRD2 &  _LC1_C31;

-- Node name is ':3390' 
-- Equation name is '_LC1_C31', type is buried 
_LC1_C31 = LCELL( _EQ121);
  _EQ121 =  countRD1 &  _LC4_C31
         # !countRD1 &  _LC3_C31;

-- Node name is ':3393' 
-- Equation name is '_LC3_C31', type is buried 
_LC3_C31 = LCELL( _EQ122);
  _EQ122 =  buff0_3 & !countRD0
         #  buff1_3 &  countRD0;

-- Node name is ':3396' 
-- Equation name is '_LC4_C31', type is buried 
_LC4_C31 = LCELL( _EQ123);
  _EQ123 =  buff2_3 & !countRD0
         #  buff3_3 &  countRD0;

-- Node name is ':3400' 
-- Equation name is '_LC2_C23', type is buried 
_LC2_C23 = LCELL( _EQ124);
  _EQ124 =  buff4_3 & !countRD0 & !countRD1
         #  buff5_3 &  countRD0 & !countRD1;

-- Node name is ':3401' 
-- Equation name is '_LC3_C23', type is buried 
_LC3_C23 = LCELL( _EQ125);
  _EQ125 =  buff6_3 & !countRD0 &  countRD1
         #  buff7_3 &  countRD0 &  countRD1;

-- Node name is ':3408' 
-- Equation name is '_LC1_B13', type is buried 
_LC1_B13 = LCELL( _EQ126);
  _EQ126 =  countRD2 &  _LC2_B13
         #  countRD2 &  _LC2_B18
         # !countRD2 &  _LC3_B12;

-- Node name is ':3411' 
-- Equation name is '_LC3_B12', type is buried 
_LC3_B12 = LCELL( _EQ127);
  _EQ127 =  countRD1 &  _LC1_B18
         # !countRD1 &  _LC4_B12;

-- Node name is ':3414' 
-- Equation name is '_LC4_B12', type is buried 
_LC4_B12 = LCELL( _EQ128);
  _EQ128 =  buff0_2 & !countRD0
         #  buff1_2 &  countRD0;

-- Node name is ':3417' 
-- Equation name is '_LC1_B18', type is buried 
_LC1_B18 = LCELL( _EQ129);
  _EQ129 =  buff2_2 & !countRD0
         #  buff3_2 &  countRD0;

-- Node name is ':3421' 
-- Equation name is '_LC2_B18', type is buried 
_LC2_B18 = LCELL( _EQ130);
  _EQ130 =  buff4_2 & !countRD0 & !countRD1
         #  buff5_2 &  countRD0 & !countRD1;

-- Node name is ':3422' 
-- Equation name is '_LC2_B13', type is buried 
_LC2_B13 = LCELL( _EQ131);
  _EQ131 =  buff6_2 & !countRD0 &  countRD1
         #  buff7_2 &  countRD0 &  countRD1;

-- Node name is ':3429' 
-- Equation name is '_LC1_A12', type is buried 
_LC1_A12 = LCELL( _EQ132);
  _EQ132 =  countRD2 &  _LC2_A12
         #  countRD2 &  _LC1_A16
         # !countRD2 &  _LC1_A17;

-- Node name is ':3432' 
-- Equation name is '_LC1_A17', type is buried 
_LC1_A17 = LCELL( _EQ133);
  _EQ133 =  countRD1 &  _LC4_A17
         # !countRD1 &  _LC1_A18;

-- Node name is ':3435' 
-- Equation name is '_LC1_A18', type is buried 
_LC1_A18 = LCELL( _EQ134);
  _EQ134 =  buff0_1 & !countRD0
         #  buff1_1 &  countRD0;

-- Node name is ':3438' 
-- Equation name is '_LC4_A17', type is buried 
_LC4_A17 = LCELL( _EQ135);
  _EQ135 =  buff2_1 & !countRD0
         #  buff3_1 &  countRD0;

-- Node name is ':3442' 
-- Equation name is '_LC1_A16', type is buried 
_LC1_A16 = LCELL( _EQ136);
  _EQ136 =  buff4_1 & !countRD0 & !countRD1
         #  buff5_1 &  countRD0 & !countRD1;

-- Node name is ':3443' 
-- Equation name is '_LC2_A12', type is buried 
_LC2_A12 = LCELL( _EQ137);
  _EQ137 =  buff6_1 & !countRD0 &  countRD1
         #  buff7_1 &  countRD0 &  countRD1;

-- Node name is ':3450' 
-- Equation name is '_LC1_A21', type is buried 
_LC1_A21 = LCELL( _EQ138);
  _EQ138 =  countRD2 &  _LC8_A21
         #  countRD2 &  _LC2_A21
         # !countRD2 &  _LC1_A29;

-- Node name is ':3453' 
-- Equation name is '_LC1_A29', type is buried 
_LC1_A29 = LCELL( _EQ139);
  _EQ139 =  countRD1 &  _LC4_A29
         # !countRD1 &  _LC3_A29;

-- Node name is ':3456' 
-- Equation name is '_LC3_A29', type is buried 
_LC3_A29 = LCELL( _EQ140);
  _EQ140 =  buff0_0 & !countRD0
         #  buff1_0 &  countRD0;

-- Node name is ':3459' 
-- Equation name is '_LC4_A29', type is buried 
_LC4_A29 = LCELL( _EQ141);
  _EQ141 =  buff2_0 & !countRD0
         #  buff3_0 &  countRD0;

-- Node name is ':3463' 
-- Equation name is '_LC2_A21', type is buried 
_LC2_A21 = LCELL( _EQ142);
  _EQ142 =  buff4_0 & !countRD0 & !countRD1
         #  buff5_0 &  countRD0 & !countRD1;

-- Node name is ':3464' 
-- Equation name is '_LC8_A21', type is buried 
_LC8_A21 = LCELL( _EQ143);
  _EQ143 =  buff6_0 & !countRD0 &  countRD1
         #  buff7_0 &  countRD0 &  countRD1;



Project Information                                       z:\lab20\lab20_2.rpt

** COMPILATION SETTINGS & TIMES **

Processing Menu Commands
------------------------

Design Doctor                             = off

Logic Synthesis:

   Synthesis Type Used                    = Multi-Level

   Default Synthesis Style                = NORMAL

      Logic option settings in 'NORMAL' style for 'FLEX10KE' family

      CARRY_CHAIN                         = ignore
      CARRY_CHAIN_LENGTH                  = 32
      CASCADE_CHAIN                       = ignore
      CASCADE_CHAIN_LENGTH                = 2
      DECOMPOSE_GATES                     = on
      DUPLICATE_LOGIC_EXTRACTION          = on
      MINIMIZATION                        = full
      MULTI_LEVEL_FACTORING               = on
      NOT_GATE_PUSH_BACK                  = on
      REDUCE_LOGIC                        = on
      REFACTORIZATION                     = on
      REGISTER_OPTIMIZATION               = on
      RESYNTHESIZE_NETWORK                = on
      SLOW_SLEW_RATE                      = off
      SUBFACTOR_EXTRACTION                = on
      IGNORE_SOFT_BUFFERS                 = on
      USE_LPM_FOR_AHDL_OPERATORS          = off

   Other logic synthesis settings:

      Automatic Global Clock              = on
      Automatic Global Clear              = on
      Automatic Global Preset             = on
      Automatic Global Output Enable      = on
      Automatic Fast I/O                  = off
      Automatic Register Packing          = off
      Automatic Open-Drain Pins           = on
      Automatic Implement in EAB          = off
      Optimize                            = 5

Default Timing Specifications: None

Cut All Bidir Feedback Timing Paths       = on
Cut All Clear & Preset Timing Paths       = on

Ignore Timing Assignments                 = off

Functional SNF Extractor                  = off

Linked SNF Extractor                      = off
Timing SNF Extractor                      = on
Optimize Timing SNF                       = off
Generate AHDL TDO File                    = off
Fitter Settings                           = NORMAL
Smart Recompile                           = off
Total Recompile                           = off

Interfaces Menu Commands
------------------------

EDIF Netlist Writer                       = off
Verilog Netlist Writer                    = off
VHDL Netlist Writer                       = off

Compilation Times
-----------------

   Compiler Netlist Extractor             00:00:00
   Database Builder                       00:00:00
   Logic Synthesizer                      00:00:00
   Partitioner                            00:00:01
   Fitter                                 00:00:01
   Timing SNF Extractor                   00:00:00
   --------------------------             --------
   Total Time                             00:00:02


Memory Allocated
-----------------

Peak memory allocated during compilation  = 22,709K
