Project Information                            z:\lab11\lab11_1-2\dcsimple.rpt

MAX+plus II Compiler Report File
Version 9.01 07/30/98
Compiled: 10/31/20 19:47:24

Copyright (C) 1988-1998 Altera Corporation
Any megafunction design, and related net list (encrypted or decrypted),
support information, device programming or simulation file, and any other
associated documentation or information provided by Altera or a partner
under Altera's Megafunction Partnership Program may be used only to
program PLD devices (but not masked PLD devices) from Altera.  Any other
use of such megafunction design, net list, support information, device
programming or simulation file, or any other related documentation or
information is prohibited for any other purpose, including, but not
limited to modification, reverse engineering, de-compiling, or use with
any other silicon devices, unless such use is explicitly licensed under
a separate agreement with Altera or a megafunction partner.  Title to
the intellectual property, including patents, copyrights, trademarks,
trade secrets, or maskworks, embodied in any such megafunction design,
net list, support information, device programming or simulation file, or
any other related documentation or information provided by Altera or a
megafunction partner, remains with Altera, the megafunction partner, or
their respective licensors.  No other licenses, including any licenses
needed under any third party's intellectual property, are provided herein.



***** Project compilation was successful




** DEVICE SUMMARY **

Chip/                     Input   Output   Bidir         Shareable
POF       Device          Pins    Pins     Pins     LCs  Expanders  % Utilized

dcsimple  EPM7032LC44-6    4        8        0      8       0           25 %

User Pins:                 4        8        0  



Project Information                            z:\lab11\lab11_1-2\dcsimple.rpt

** PROJECT COMPILATION MESSAGES **

Warning: Symbol "NAND4" (ID :33) overlaps another symbol
Warning: Symbol "NAND4" (ID :38) overlaps another symbol


Device-Specific Information:                   z:\lab11\lab11_1-2\dcsimple.rpt
dcsimple

***** Logic for device 'dcsimple' compiled without errors.




Device: EPM7032LC44-6

Device Options:
    Turbo Bit                                    = ON
    Security Bit                                 = OFF

                                               
                                               
                                               
                                               
                                               
                       V  G  G  G  G  G        
              a  a  a  C  N  N  N  N  N  q  q  
              2  1  0  C  D  D  D  D  D  5  6  
            -----------------------------------_ 
          /   6  5  4  3  2  1 44 43 42 41 40   | 
  enable |  7                                39 | q2 
RESERVED |  8                                38 | q1 
RESERVED |  9                                37 | q7 
     GND | 10                                36 | q0 
RESERVED | 11                                35 | VCC 
RESERVED | 12         EPM7032LC44-6          34 | q4 
RESERVED | 13                                33 | q3 
RESERVED | 14                                32 | RESERVED 
     VCC | 15                                31 | RESERVED 
RESERVED | 16                                30 | GND 
RESERVED | 17                                29 | RESERVED 
         |_  18 19 20 21 22 23 24 25 26 27 28  _| 
           ------------------------------------ 
              R  R  R  R  G  V  R  R  R  R  R  
              E  E  E  E  N  C  E  E  E  E  E  
              S  S  S  S  D  C  S  S  S  S  S  
              E  E  E  E        E  E  E  E  E  
              R  R  R  R        R  R  R  R  R  
              V  V  V  V        V  V  V  V  V  
              E  E  E  E        E  E  E  E  E  
              D  D  D  D        D  D  D  D  D  


N.C. = Not Connected.
VCC = Dedicated power pin, which MUST be connected to VCC.
GND = Dedicated ground pin or unused dedicated input, which MUST be connected to GND.
RESERVED = Unused I/O pin, which MUST be left unconnected.



Device-Specific Information:                   z:\lab11\lab11_1-2\dcsimple.rpt
dcsimple

** RESOURCE USAGE **

                                                Shareable     External
Logic Array Block     Logic Cells   I/O Pins    Expanders   Interconnect

A:     LC1 - LC16     0/16(  0%)   4/16( 25%)   0/16(  0%)   0/36(  0%) 
B:    LC17 - LC32     8/16( 50%)   8/16( 50%)   0/16(  0%)   4/36( 11%) 


Total dedicated input pins used:                 0/4      (  0%)
Total I/O pins used:                            12/32     ( 37%)
Total logic cells used:                          8/32     ( 25%)
Total shareable expanders used:                  0/32     (  0%)
Total Turbo logic cells used:                    8/32     ( 25%)
Total shareable expanders not available (n/a):   0/32     (  0%)
Average fan-in:                                  4.00
Total fan-in:                                    32

Total input pins required:                       4
Total output pins required:                      8
Total bidirectional pins required:               0
Total logic cells required:                      8
Total flipflops required:                        0
Total product terms required:                    8
Total logic cells lending parallel expanders:    0
Total shareable expanders in database:           0

Synthesized logic cells:                         0/  32   (  0%)



Device-Specific Information:                   z:\lab11\lab11_1-2\dcsimple.rpt
dcsimple

** INPUTS **

                                         Shareable
                                         Expanders     Fan-In    Fan-Out
 Pin     LC  LAB  Primitive    Code   Total Shared n/a INP  FBK  OUT  FBK  Name
   4    (1)  (A)      INPUT               0      0   0    0    0    8    0  a0
   5    (2)  (A)      INPUT               0      0   0    0    0    8    0  a1
   6    (3)  (A)      INPUT               0      0   0    0    0    8    0  a2
   7    (4)  (A)      INPUT               0      0   0    0    0    8    0  enable


Code:

s = Synthesized pin or logic cell
t = Turbo logic cell
+ = Synchronous flipflop
! = NOT gate push-back
r = Fitter-inserted logic cell


Device-Specific Information:                   z:\lab11\lab11_1-2\dcsimple.rpt
dcsimple

** OUTPUTS **

                                         Shareable
                                         Expanders     Fan-In    Fan-Out
 Pin     LC  LAB  Primitive    Code   Total Shared n/a INP  FBK  OUT  FBK  Name
  36     22    B     OUTPUT      t        0      0   0    4    0    0    0  q0
  38     20    B     OUTPUT      t        0      0   0    4    0    0    0  q1
  39     19    B     OUTPUT      t        0      0   0    4    0    0    0  q2
  33     24    B     OUTPUT      t        0      0   0    4    0    0    0  q3
  34     23    B     OUTPUT      t        0      0   0    4    0    0    0  q4
  41     17    B     OUTPUT      t        0      0   0    4    0    0    0  q5
  40     18    B     OUTPUT      t        0      0   0    4    0    0    0  q6
  37     21    B     OUTPUT      t        0      0   0    4    0    0    0  q7


Code:

s = Synthesized pin or logic cell
t = Turbo logic cell
+ = Synchronous flipflop
! = NOT gate push-back
r = Fitter-inserted logic cell


Device-Specific Information:                   z:\lab11\lab11_1-2\dcsimple.rpt
dcsimple

** LOGIC CELL INTERCONNECTIONS **

Logic Array Block 'B':

                         Logic cells placed in LAB 'B'
        +--------------- LC22 q0
        | +------------- LC20 q1
        | | +----------- LC19 q2
        | | | +--------- LC24 q3
        | | | | +------- LC23 q4
        | | | | | +----- LC17 q5
        | | | | | | +--- LC18 q6
        | | | | | | | +- LC21 q7
        | | | | | | | | 
        | | | | | | | |   Other LABs fed by signals
        | | | | | | | |   that feed LAB 'B'
LC      | | | | | | | | | A B |     Logic cells that feed LAB 'B':

Pin
4    -> * * * * * * * * | - * | <-- a0
5    -> * * * * * * * * | - * | <-- a1
6    -> * * * * * * * * | - * | <-- a2
7    -> * * * * * * * * | - * | <-- enable


* = The logic cell or pin is an input to the logic cell (or LAB) through the PIA.
- = The logic cell or pin is not an input to the logic cell (or LAB).


Device-Specific Information:                   z:\lab11\lab11_1-2\dcsimple.rpt
dcsimple

** EQUATIONS **

a0       : INPUT;
a1       : INPUT;
a2       : INPUT;
enable   : INPUT;

-- Node name is 'q0' 
-- Equation name is 'q0', location is LC022, type is output.
 q0      = LCELL( _EQ001 $  VCC);
  _EQ001 = !a0 & !a1 & !a2 &  enable;

-- Node name is 'q1' 
-- Equation name is 'q1', location is LC020, type is output.
 q1      = LCELL( _EQ002 $  VCC);
  _EQ002 =  a0 & !a1 & !a2 &  enable;

-- Node name is 'q2' 
-- Equation name is 'q2', location is LC019, type is output.
 q2      = LCELL( _EQ003 $  VCC);
  _EQ003 = !a0 &  a1 & !a2 &  enable;

-- Node name is 'q3' 
-- Equation name is 'q3', location is LC024, type is output.
 q3      = LCELL( _EQ004 $  VCC);
  _EQ004 =  a0 &  a1 & !a2 &  enable;

-- Node name is 'q4' 
-- Equation name is 'q4', location is LC023, type is output.
 q4      = LCELL( _EQ005 $  VCC);
  _EQ005 = !a0 & !a1 &  a2 &  enable;

-- Node name is 'q5' 
-- Equation name is 'q5', location is LC017, type is output.
 q5      = LCELL( _EQ006 $  VCC);
  _EQ006 =  a0 & !a1 &  a2 &  enable;

-- Node name is 'q6' 
-- Equation name is 'q6', location is LC018, type is output.
 q6      = LCELL( _EQ007 $  VCC);
  _EQ007 = !a0 &  a1 &  a2 &  enable;

-- Node name is 'q7' 
-- Equation name is 'q7', location is LC021, type is output.
 q7      = LCELL( _EQ008 $  VCC);
  _EQ008 =  a0 &  a1 &  a2 &  enable;



--     Shareable expanders that are duplicated in multiple LABs:
--     (none)




Project Information                            z:\lab11\lab11_1-2\dcsimple.rpt

** COMPILATION SETTINGS & TIMES **

Processing Menu Commands
------------------------

Design Doctor                             = off

Logic Synthesis:

   Synthesis Type Used                    = Standard

   Default Synthesis Style                = NORMAL

      Logic option settings in 'NORMAL' style for 'MAX7000' family

      DECOMPOSE_GATES                     = on
      DUPLICATE_LOGIC_EXTRACTION          = on
      MINIMIZATION                        = full
      MULTI_LEVEL_FACTORING               = on
      NOT_GATE_PUSH_BACK                  = on
      PARALLEL_EXPANDERS                  = off
      REDUCE_LOGIC                        = on
      REFACTORIZATION                     = on
      REGISTER_OPTIMIZATION               = on
      RESYNTHESIZE_NETWORK                = on
      SLOW_SLEW_RATE                      = off
      SOFT_BUFFER_INSERTION               = on
      SUBFACTOR_EXTRACTION                = on
      TURBO_BIT                           = on
      XOR_SYNTHESIS                       = on
      IGNORE_SOFT_BUFFERS                 = off
      USE_LPM_FOR_AHDL_OPERATORS          = off

   Other logic synthesis settings:

      Automatic Global Clock              = on
      Automatic Global Clear              = on
      Automatic Global Preset             = on
      Automatic Global Output Enable      = on
      Automatic Fast I/O                  = off
      Automatic Register Packing          = off
      Automatic Open-Drain Pins           = on
      Automatic Implement in EAB          = off
      One-Hot State Machine Encoding      = off
      Optimize                            = 5

Default Timing Specifications: None

Cut All Bidir Feedback Timing Paths       = on
Cut All Clear & Preset Timing Paths       = on

Ignore Timing Assignments                 = off

Functional SNF Extractor                  = off

Linked SNF Extractor                      = off
Timing SNF Extractor                      = on
Optimize Timing SNF                       = off
Generate AHDL TDO File                    = off
Fitter Settings                           = NORMAL
Smart Recompile                           = off
Total Recompile                           = off

Interfaces Menu Commands
------------------------

EDIF Netlist Writer                       = off
Verilog Netlist Writer                    = off
VHDL Netlist Writer                       = off

Compilation Times
-----------------

   Compiler Netlist Extractor             00:00:00
   Database Builder                       00:00:00
   Logic Synthesizer                      00:00:00
   Partitioner                            00:00:00
   Fitter                                 00:00:00
   Timing SNF Extractor                   00:00:00
   Assembler                              00:00:00
   --------------------------             --------
   Total Time                             00:00:00


Memory Allocated
-----------------

Peak memory allocated during compilation  = 2,786K
