Project Information                                     z:\lab13\lab13_3_1.rpt

MAX+plus II Compiler Report File
Version 9.01 07/30/98
Compiled: 11/10/20 20:11:00

Copyright (C) 1988-1998 Altera Corporation
Any megafunction design, and related net list (encrypted or decrypted),
support information, device programming or simulation file, and any other
associated documentation or information provided by Altera or a partner
under Altera's Megafunction Partnership Program may be used only to
program PLD devices (but not masked PLD devices) from Altera.  Any other
use of such megafunction design, net list, support information, device
programming or simulation file, or any other related documentation or
information is prohibited for any other purpose, including, but not
limited to modification, reverse engineering, de-compiling, or use with
any other silicon devices, unless such use is explicitly licensed under
a separate agreement with Altera or a megafunction partner.  Title to
the intellectual property, including patents, copyrights, trademarks,
trade secrets, or maskworks, embodied in any such megafunction design,
net list, support information, device programming or simulation file, or
any other related documentation or information provided by Altera or a
megafunction partner, remains with Altera, the megafunction partner, or
their respective licensors.  No other licenses, including any licenses
needed under any third party's intellectual property, are provided herein.



***** Project compilation was successful




** DEVICE SUMMARY **

Chip/                     Input   Output   Bidir         Shareable
POF       Device          Pins    Pins     Pins     LCs  Expanders  % Utilized

lab13_3_1
      EPM7032LC44-6        21       1        0      1       16          3  %

User Pins:                 21       1        0  



Project Information                                     z:\lab13\lab13_3_1.rpt

** FILE HIERARCHY **



|lab13_1:33|
|lab13_1:37|
|lab13_1:36|
|lab13_1:35|
|lab13_1:34|


Device-Specific Information:                            z:\lab13\lab13_3_1.rpt
lab13_3_1

***** Logic for device 'lab13_3_1' compiled without errors.




Device: EPM7032LC44-6

Device Options:
    Turbo Bit                                    = ON
    Security Bit                                 = OFF

                                               
                                               
                                         e     
                                         n     
                                         a     
                       V  G  G  G  G  G  b  x  
              x  x  a  C  N  N  N  N  N  l  1  
              7  6  0  C  D  D  D  D  D  e  5  
            -----------------------------------_ 
          /   6  5  4  3  2  1 44 43 42 41 40   | 
      x8 |  7                                39 | output 
      x9 |  8                                38 | RESERVED 
     x10 |  9                                37 | x0 
     GND | 10                                36 | x1 
     x11 | 11                                35 | VCC 
     x12 | 12         EPM7032LC44-6          34 | RESERVED 
     x13 | 13                                33 | RESERVED 
     x14 | 14                                32 | x2 
     VCC | 15                                31 | RESERVED 
      x5 | 16                                30 | GND 
      x4 | 17                                29 | RESERVED 
         |_  18 19 20 21 22 23 24 25 26 27 28  _| 
           ------------------------------------ 
              x  a  a  a  G  V  R  R  R  R  R  
              3  1  2  3  N  C  E  E  E  E  E  
                          D  C  S  S  S  S  S  
                                E  E  E  E  E  
                                R  R  R  R  R  
                                V  V  V  V  V  
                                E  E  E  E  E  
                                D  D  D  D  D  


N.C. = Not Connected.
VCC = Dedicated power pin, which MUST be connected to VCC.
GND = Dedicated ground pin or unused dedicated input, which MUST be connected to GND.
RESERVED = Unused I/O pin, which MUST be left unconnected.



Device-Specific Information:                            z:\lab13\lab13_3_1.rpt
lab13_3_1

** RESOURCE USAGE **

                                                Shareable     External
Logic Array Block     Logic Cells   I/O Pins    Expanders   Interconnect

A:     LC1 - LC16     0/16(  0%)  16/16(100%)   0/16(  0%)   0/36(  0%) 
B:    LC17 - LC32     1/16(  6%)   6/16( 37%)  16/16(100%)  21/36( 58%) 


Total dedicated input pins used:                 0/4      (  0%)
Total I/O pins used:                            22/32     ( 68%)
Total logic cells used:                          1/32     (  3%)
Total shareable expanders used:                 16/32     ( 50%)
Total Turbo logic cells used:                    1/32     (  3%)
Total shareable expanders not available (n/a):   0/32     (  0%)
Average fan-in:                                  21.00
Total fan-in:                                    21

Total input pins required:                      21
Total output pins required:                      1
Total bidirectional pins required:               0
Total logic cells required:                      1
Total flipflops required:                        0
Total product terms required:                   17
Total logic cells lending parallel expanders:    0
Total shareable expanders in database:          16

Synthesized logic cells:                         0/  32   (  0%)



Device-Specific Information:                            z:\lab13\lab13_3_1.rpt
lab13_3_1

** INPUTS **

                                         Shareable
                                         Expanders     Fan-In    Fan-Out
 Pin     LC  LAB  Primitive    Code   Total Shared n/a INP  FBK  OUT  FBK  Name
   4    (1)  (A)      INPUT               0      0   0    0    0    1    0  a0
  19   (14)  (A)      INPUT               0      0   0    0    0    1    0  a1
  20   (15)  (A)      INPUT               0      0   0    0    0    1    0  a2
  21   (16)  (A)      INPUT               0      0   0    0    0    1    0  a3
  41   (17)  (B)      INPUT               0      0   0    0    0    1    0  enable
  37   (21)  (B)      INPUT               0      0   0    0    0    1    0  x0
  36   (22)  (B)      INPUT               0      0   0    0    0    1    0  x1
  32   (25)  (B)      INPUT               0      0   0    0    0    1    0  x2
  18   (13)  (A)      INPUT               0      0   0    0    0    1    0  x3
  17   (12)  (A)      INPUT               0      0   0    0    0    1    0  x4
  16   (11)  (A)      INPUT               0      0   0    0    0    1    0  x5
   5    (2)  (A)      INPUT               0      0   0    0    0    1    0  x6
   6    (3)  (A)      INPUT               0      0   0    0    0    1    0  x7
   7    (4)  (A)      INPUT               0      0   0    0    0    1    0  x8
   8    (5)  (A)      INPUT               0      0   0    0    0    1    0  x9
   9    (6)  (A)      INPUT               0      0   0    0    0    1    0  x10
  11    (7)  (A)      INPUT               0      0   0    0    0    1    0  x11
  12    (8)  (A)      INPUT               0      0   0    0    0    1    0  x12
  13    (9)  (A)      INPUT               0      0   0    0    0    1    0  x13
  14   (10)  (A)      INPUT               0      0   0    0    0    1    0  x14
  40   (18)  (B)      INPUT               0      0   0    0    0    1    0  x15


Code:

s = Synthesized pin or logic cell
t = Turbo logic cell
+ = Synchronous flipflop
! = NOT gate push-back
r = Fitter-inserted logic cell


Device-Specific Information:                            z:\lab13\lab13_3_1.rpt
lab13_3_1

** OUTPUTS **

                                         Shareable
                                         Expanders     Fan-In    Fan-Out
 Pin     LC  LAB  Primitive    Code   Total Shared n/a INP  FBK  OUT  FBK  Name
  39     19    B     OUTPUT      t       16      0   0   21    0    0    0  output


Code:

s = Synthesized pin or logic cell
t = Turbo logic cell
+ = Synchronous flipflop
! = NOT gate push-back
r = Fitter-inserted logic cell


Device-Specific Information:                            z:\lab13\lab13_3_1.rpt
lab13_3_1

** LOGIC CELL INTERCONNECTIONS **

Logic Array Block 'B':

           Logic cells placed in LAB 'B'
        +- LC19 output
        | 
        |   Other LABs fed by signals
        |   that feed LAB 'B'
LC      | | A B |     Logic cells that feed LAB 'B':

Pin
4    -> * | - * | <-- a0
19   -> * | - * | <-- a1
20   -> * | - * | <-- a2
21   -> * | - * | <-- a3
41   -> * | - * | <-- enable
37   -> * | - * | <-- x0
36   -> * | - * | <-- x1
32   -> * | - * | <-- x2
18   -> * | - * | <-- x3
17   -> * | - * | <-- x4
16   -> * | - * | <-- x5
5    -> * | - * | <-- x6
6    -> * | - * | <-- x7
7    -> * | - * | <-- x8
8    -> * | - * | <-- x9
9    -> * | - * | <-- x10
11   -> * | - * | <-- x11
12   -> * | - * | <-- x12
13   -> * | - * | <-- x13
14   -> * | - * | <-- x14
40   -> * | - * | <-- x15


* = The logic cell or pin is an input to the logic cell (or LAB) through the PIA.
- = The logic cell or pin is not an input to the logic cell (or LAB).


Device-Specific Information:                            z:\lab13\lab13_3_1.rpt
lab13_3_1

** EQUATIONS **

a0       : INPUT;
a1       : INPUT;
a2       : INPUT;
a3       : INPUT;
enable   : INPUT;
x0       : INPUT;
x1       : INPUT;
x2       : INPUT;
x3       : INPUT;
x4       : INPUT;
x5       : INPUT;
x6       : INPUT;
x7       : INPUT;
x8       : INPUT;
x9       : INPUT;
x10      : INPUT;
x11      : INPUT;
x12      : INPUT;
x13      : INPUT;
x14      : INPUT;
x15      : INPUT;

-- Node name is 'output' 
-- Equation name is 'output', location is LC019, type is output.
 output  = LCELL( _EQ001 $  VCC);
  _EQ001 =  _X001 &  _X002 &  _X003 &  _X004 &  _X005 &  _X006 &  _X007 & 
              _X008 &  _X009 &  _X010 &  _X011 &  _X012 &  _X013 &  _X014 & 
              _X015 &  _X016;
  _X001  = EXP( a0 &  a1 &  a2 &  a3 &  enable &  x15);
  _X002  = EXP(!a0 & !a1 & !a2 & !a3 &  enable &  x0);
  _X003  = EXP( a0 & !a1 & !a2 &  a3 &  enable &  x9);
  _X004  = EXP(!a0 &  a1 &  a2 &  a3 &  enable &  x14);
  _X005  = EXP( a0 & !a1 & !a2 & !a3 &  enable &  x1);
  _X006  = EXP(!a0 &  a1 & !a2 & !a3 &  enable &  x2);
  _X007  = EXP(!a0 & !a1 &  a2 & !a3 &  enable &  x4);
  _X008  = EXP(!a0 & !a1 & !a2 &  a3 &  enable &  x8);
  _X009  = EXP( a0 &  a1 & !a2 & !a3 &  enable &  x3);
  _X010  = EXP( a0 & !a1 &  a2 & !a3 &  enable &  x5);
  _X011  = EXP(!a0 &  a1 &  a2 & !a3 &  enable &  x6);
  _X012  = EXP( a0 & !a1 &  a2 &  a3 &  enable &  x13);
  _X013  = EXP(!a0 &  a1 & !a2 &  a3 &  enable &  x10);
  _X014  = EXP(!a0 & !a1 &  a2 &  a3 &  enable &  x12);
  _X015  = EXP( a0 &  a1 &  a2 & !a3 &  enable &  x7);
  _X016  = EXP( a0 &  a1 & !a2 &  a3 &  enable &  x11);



--     Shareable expanders that are duplicated in multiple LABs:
--     (none)




Project Information                                     z:\lab13\lab13_3_1.rpt

** COMPILATION SETTINGS & TIMES **

Processing Menu Commands
------------------------

Design Doctor                             = off

Logic Synthesis:

   Synthesis Type Used                    = Standard

   Default Synthesis Style                = NORMAL

      Logic option settings in 'NORMAL' style for 'MAX7000' family

      DECOMPOSE_GATES                     = on
      DUPLICATE_LOGIC_EXTRACTION          = on
      MINIMIZATION                        = full
      MULTI_LEVEL_FACTORING               = on
      NOT_GATE_PUSH_BACK                  = on
      PARALLEL_EXPANDERS                  = off
      REDUCE_LOGIC                        = on
      REFACTORIZATION                     = on
      REGISTER_OPTIMIZATION               = on
      RESYNTHESIZE_NETWORK                = on
      SLOW_SLEW_RATE                      = off
      SOFT_BUFFER_INSERTION               = on
      SUBFACTOR_EXTRACTION                = on
      TURBO_BIT                           = on
      XOR_SYNTHESIS                       = on
      IGNORE_SOFT_BUFFERS                 = off
      USE_LPM_FOR_AHDL_OPERATORS          = off

   Other logic synthesis settings:

      Automatic Global Clock              = on
      Automatic Global Clear              = on
      Automatic Global Preset             = on
      Automatic Global Output Enable      = on
      Automatic Fast I/O                  = off
      Automatic Register Packing          = off
      Automatic Open-Drain Pins           = on
      Automatic Implement in EAB          = off
      One-Hot State Machine Encoding      = off
      Optimize                            = 5

Default Timing Specifications: None

Cut All Bidir Feedback Timing Paths       = on
Cut All Clear & Preset Timing Paths       = on

Ignore Timing Assignments                 = off

Functional SNF Extractor                  = off

Linked SNF Extractor                      = off
Timing SNF Extractor                      = on
Optimize Timing SNF                       = off
Generate AHDL TDO File                    = off
Fitter Settings                           = NORMAL
Smart Recompile                           = off
Total Recompile                           = off

Interfaces Menu Commands
------------------------

EDIF Netlist Writer                       = off
Verilog Netlist Writer                    = off
VHDL Netlist Writer                       = off

Compilation Times
-----------------

   Compiler Netlist Extractor             00:00:00
   Database Builder                       00:00:00
   Logic Synthesizer                      00:00:00
   Partitioner                            00:00:00
   Fitter                                 00:00:00
   Timing SNF Extractor                   00:00:00
   Assembler                              00:00:00
   --------------------------             --------
   Total Time                             00:00:00


Memory Allocated
-----------------

Peak memory allocated during compilation  = 2,624K
