Timing Analyzer report for lab14_4
Wed Nov 18 01:34:41 2020
Version 5.0 Build 148 04/26/2005 SJ Full Version


---------------------
; Table of Contents ;
---------------------
  1. Legal Notice
  2. Timing Analyzer Summary
  3. Timing Analyzer Settings
  4. tpd
  5. Timing Analyzer Messages



----------------
; Legal Notice ;
----------------
Copyright (C) 1991-2005 Altera Corporation
Your use of Altera Corporation's design tools, logic functions 
and other software and tools, and its AMPP partner logic       
functions, and any output files any of the foregoing           
(including device programming or simulation files), and any    
associated documentation or information are expressly subject  
to the terms and conditions of the Altera Program License      
Subscription Agreement, Altera MegaCore Function License       
Agreement, or other applicable license agreement, including,   
without limitation, that your use is for the sole purpose of   
programming logic devices manufactured by Altera and sold by   
Altera or its authorized distributors.  Please refer to the    
applicable agreement for further details.



+------------------------------------------------------------------------------------------------------------------------+
; Timing Analyzer Summary                                                                                                ;
+------------------------------+-------+---------------+-------------+------+-----+------------+----------+--------------+
; Type                         ; Slack ; Required Time ; Actual Time ; From ; To  ; From Clock ; To Clock ; Failed Paths ;
+------------------------------+-------+---------------+-------------+------+-----+------------+----------+--------------+
; Worst-case tpd               ; N/A   ; None          ; 9.766 ns    ; Y[1] ; XMY ;            ;          ; 0            ;
; Total number of failed paths ;       ;               ;             ;      ;     ;            ;          ; 0            ;
+------------------------------+-------+---------------+-------------+------+-----+------------+----------+--------------+


+------------------------------------------------------------------------------------------------------+
; Timing Analyzer Settings                                                                             ;
+-------------------------------------------------------+--------------------+------+----+-------------+
; Option                                                ; Setting            ; From ; To ; Entity Name ;
+-------------------------------------------------------+--------------------+------+----+-------------+
; Device Name                                           ; EP1S10F484C5       ;      ;    ;             ;
; Timing Models                                         ; Final              ;      ;    ;             ;
; Number of source nodes to report per destination node ; 10                 ;      ;    ;             ;
; Number of destination nodes to report                 ; 10                 ;      ;    ;             ;
; Number of paths to report                             ; 200                ;      ;    ;             ;
; Report Minimum Timing Checks                          ; Off                ;      ;    ;             ;
; Use Fast Timing Models                                ; Off                ;      ;    ;             ;
; Report IO Paths Separately                            ; Off                ;      ;    ;             ;
; Default hold multicycle                               ; Same as Multicycle ;      ;    ;             ;
; Cut paths between unrelated clock domains             ; On                 ;      ;    ;             ;
; Cut off read during write signal paths                ; On                 ;      ;    ;             ;
; Cut off feedback from I/O pins                        ; On                 ;      ;    ;             ;
; Report Combined Fast/Slow Timing                      ; Off                ;      ;    ;             ;
; Ignore Clock Settings                                 ; Off                ;      ;    ;             ;
; Analyze latches as synchronous elements               ; Off                ;      ;    ;             ;
; Enable Recovery/Removal analysis                      ; Off                ;      ;    ;             ;
; Enable Clock Latency                                  ; Off                ;      ;    ;             ;
+-------------------------------------------------------+--------------------+------+----+-------------+


+-----------------------------------------------------------+
; tpd                                                       ;
+-------+-------------------+-----------------+-------+-----+
; Slack ; Required P2P Time ; Actual P2P Time ; From  ; To  ;
+-------+-------------------+-----------------+-------+-----+
; N/A   ; None              ; 9.766 ns        ; Y[1]  ; XMY ;
; N/A   ; None              ; 9.649 ns        ; Y[1]  ; XLY ;
; N/A   ; None              ; 9.549 ns        ; Y[1]  ; XEY ;
; N/A   ; None              ; 9.493 ns        ; Y[0]  ; XMY ;
; N/A   ; None              ; 9.421 ns        ; X[0]  ; XMY ;
; N/A   ; None              ; 9.378 ns        ; Y[0]  ; XLY ;
; N/A   ; None              ; 9.306 ns        ; X[0]  ; XLY ;
; N/A   ; None              ; 9.305 ns        ; X[1]  ; XMY ;
; N/A   ; None              ; 9.276 ns        ; Y[0]  ; XEY ;
; N/A   ; None              ; 9.204 ns        ; X[0]  ; XEY ;
; N/A   ; None              ; 9.188 ns        ; X[1]  ; XLY ;
; N/A   ; None              ; 9.088 ns        ; X[1]  ; XEY ;
; N/A   ; None              ; 8.986 ns        ; inXLY ; XLY ;
; N/A   ; None              ; 8.879 ns        ; inXLY ; XEY ;
; N/A   ; None              ; 8.873 ns        ; inXEY ; XEY ;
; N/A   ; None              ; 8.717 ns        ; inXMY ; XMY ;
; N/A   ; None              ; 8.708 ns        ; inXMY ; XLY ;
; N/A   ; None              ; 8.504 ns        ; inXMY ; XEY ;
+-------+-------------------+-----------------+-------+-----+


+--------------------------+
; Timing Analyzer Messages ;
+--------------------------+
Info: *******************************************************************
Info: Running Quartus II Timing Analyzer
    Info: Version 5.0 Build 148 04/26/2005 SJ Full Version
    Info: Processing started: Wed Nov 18 01:34:41 2020
Info: Command: quartus_tan --read_settings_files=off --write_settings_files=off lab14_4 -c lab14_4 --timing_analysis_only
Info: Longest tpd from source pin "Y[1]" to destination pin "XMY" is 9.766 ns
    Info: 1: + IC(0.000 ns) + CELL(1.087 ns) = 1.087 ns; Loc. = PIN_AA19; Fanout = 2; PIN Node = 'Y[1]'
    Info: 2: + IC(3.862 ns) + CELL(0.366 ns) = 5.315 ns; Loc. = LC_X5_Y1_N8; Fanout = 3; COMB Node = 'LessThan~117'
    Info: 3: + IC(0.346 ns) + CELL(0.366 ns) = 6.027 ns; Loc. = LC_X5_Y1_N2; Fanout = 1; COMB Node = 'XMY$latch~83'
    Info: 4: + IC(1.335 ns) + CELL(2.404 ns) = 9.766 ns; Loc. = PIN_AB19; Fanout = 0; PIN Node = 'XMY'
    Info: Total cell delay = 4.223 ns ( 43.24 % )
    Info: Total interconnect delay = 5.543 ns ( 56.76 % )
Info: Quartus II Timing Analyzer was successful. 0 errors, 0 warnings
    Info: Processing ended: Wed Nov 18 01:34:41 2020
    Info: Elapsed time: 00:00:00


